8 47 62 3 18 7 6 66 1 54 24 33 34 65 20 73 80 55 50 95 17 10 69 76 36 94 56 44 51 91 74 87 26 21 59 43 14 64 35 92 31 9 82 84 2 48 42 78 68 57 81 53 30 4 37 90 13 25 88 71 77 98 22 89 0 28 52 86 41 99 46 12 75 32 93 58 60 40 63 15 5 85 16 97 49 23 29 67 39
8 47
8 3
47 62
3 18
3 7
3 37
3 52
7 6
7 44
7 68
6 66
6 33
6 20
6 73
6 69
6 74
66 1
66 55
66 50
1 54
1 24
1 34
1 10
54 76
54 36
54 56
54 60
24 65
33 80
33 57
33 46
34 71
34 77
65 17
65 94
65 2
20 99
73 64
73 82
73 15
80 97
55 87
55 0
50 95
50 78
95 9
95 88
95 32
17 28
10 16
69 51
69 53
69 4
76 93
76 49
36 48
36 75
94 42
56 14
51 91
51 26
91 31
74 81
74 89
87 84
26 21
26 30
26 25
21 59
21 43
21 92
43 35
64 12
82 98
84 86
84 5
84 67
2 90
48 22
68 13
88 41
98 63
22 40
52 23
75 58
93 85
5 29
29 39