57 29 90 37 82 54 69 95 32 72 49 12 34 77 87 5 84 88 86 17 14 28 65 71 16 30 47 13 8 99 42 97 7 61 39 40 80 83 38 70 31 98 75 2 18 76 68 52 81 45 41 62 53 3 26 33 22 36 63 21 92 96 91 60 50 4 51 19 10 20 58 44 23 93 48 15 78 9 89
57 29
57 37
57 34
57 87
57 42
57 98
57 76
29 90
29 28
29 22
37 82
37 95
37 62
82 54
82 17
54 69
54 3
69 14
95 32
95 49
95 12
95 16
32 72
32 53
12 21
34 77
34 65
34 68
77 86
87 5
5 84
5 88
5 71
5 83
5 52
84 40
88 8
88 99
88 97
88 61
88 81
86 18
86 41
17 63
65 30
65 26
65 58
71 47
71 70
71 31
30 75
30 2
47 13
13 38
13 96
13 51
8 93
99 7
99 80
42 45
42 50
7 39
61 23
40 78
80 48
70 92
70 10
31 89
75 60
2 20
2 44
45 33
45 36
62 15
26 4
92 91
92 19
91 9