16 15 17 14 24 13 5 23 12 4 0 6 11 3 1 7 18 22 10 2 8 19 21 9 20 49 48 47 31 46 30 32 25 39 26 33 45 29 38 40 27 34 74 44 73 41 37 28 72 56 35 71 55 57 42 50 64 51 58 70 36 54 63 65 52 59 69 62 66 53 60 68 43 61 67 99 98 97 81 96 80 82 75 89 76 83 95 79 88 90 77 84 94 87
16 15
16 17
15 14
15 24
17 18
14 13
14 5
24 23
13 12
13 4
5 0
5 6
23 22
12 11
4 3
0 1
6 7
11 10
3 2
7 8
18 19
18 49
22 21
10 9
19 20
49 48
48 47
48 31
47 46
31 30
31 32
46 45
30 25
30 39
32 26
32 33
25 29
39 38
39 40
26 27
33 34
45 44
29 28
38 37
40 74
40 41
34 35
74 73
73 72
73 56
41 42
37 36
72 71
56 55
56 57
71 70
55 50
55 64
57 51
57 58
42 43
50 54
64 63
64 65
51 52
58 59
70 69
54 53
63 62
65 66
65 99
59 60
69 68
62 61
62 67
99 98
98 97
98 81
97 96
81 80
81 82
96 95
80 75
80 89
82 76
82 83
75 79
89 88
89 90
76 77
83 84
95 94
88 87