46 49 0 31 21 68 19 79 48 44 77 73 57 54 84 65 52 29 18 91 5 16 83 60 50 33 58 67 56 25 74 61 86 90 66 78 88 87 64 2 23 70 1 9 72 81 11 7 76 62 20 92 63 10 53 15 82 28 71 36 3 39 6 22 41 51 47 4 45 42 80 43 30 32 89 37 55 27 8 12 35 75 69 17 59 24 26 40 85
46 49
46 20
46 8
49 0
49 50
0 31
0 84
31 21
21 68
21 19
21 44
21 43
21 26
68 48
68 73
68 54
19 79
79 33
79 24
48 4
44 77
44 65
77 60
77 61
73 57
73 52
73 29
73 18
54 16
54 23
84 82
65 56
65 25
65 74
65 11
65 45
52 91
18 5
18 58
91 35
5 67
16 83
16 87
16 30
16 37
83 86
83 90
83 78
83 88
83 2
83 89
67 9
56 72
56 51
25 63
25 53
61 92
86 64
86 1
90 66
66 59
78 27
64 70
2 76
2 41
1 40
9 7
72 81
72 15
81 10
76 62
62 22
92 71
92 39
92 42
63 28
63 36
10 3
53 6
15 47
15 32
82 85
51 55
45 80
37 12
12 17
35 75
75 69