1 30 28 29 60 11 58 59 32 2 33 96 47 42 5 45 7 48 76 46 56 17 31 72 66 23 94 10 55 57 95 40 77 78 43 41 6 44 99 84 90 65 13 75 50 8 79 21 51 19 18 64 80 83 82 89 88 24 93 98 49 81 38 16 67 27 22 97 35 73 87 74 91 62 52 0 9 3 68 14 53 20 86 4
1 30
1 28
1 29
30 96
30 47
30 45
30 56
28 60
28 32
29 42
60 11
11 58
11 59
32 2
32 72
2 33
2 31
33 66
96 23
47 7
47 76
42 5
5 40
5 41
45 6
7 48
7 46
48 99
76 17
76 43
46 84
46 90
46 65
46 75
46 79
56 10
56 95
17 77
17 78
23 94
10 55
10 57
77 50
77 51
77 38
78 87
78 62
6 44
99 24
99 93
99 81
84 19
84 89
90 21
90 80
65 13
13 64
75 16
75 67
50 8
8 49
79 18
21 88
19 83
19 82
64 68
83 27
83 35
82 52
24 98
24 97
93 22
38 4
16 73
16 74
67 91
67 14
27 0
35 3
35 53
73 86
87 20
52 9