25 43 6 45 44 99 77 24 97 98 94 17 69 23 58 95 11 96 60 67 86 46 54 79 14 7 48 9 31 68 18 53 87 52 47 81 20 85 65 59 78 42 13 2 92 80 74 30 64 32 51 40 33 55 72 16 63 8 50 89 15 93 5 66 22 28 12 10 73 61 75 84 34 1 88 3 35 21 36 56 27 70
25 43
43 6
6 45
6 44
44 99
44 77
44 94
99 24
77 17
77 56
24 97
24 98
98 69
94 23
94 58
23 95
23 96
58 11
58 65
95 67
95 86
95 46
95 79
11 60
11 59
96 54
60 78
60 42
67 14
67 48
67 31
67 92
86 20
46 7
54 9
54 87
79 18
14 68
7 47
48 30
9 53
9 52
31 2
31 40
68 64
18 81
18 80
53 74
53 55
87 72
87 63
81 28
20 85
85 51
65 13
65 34
59 93
59 84
78 89
42 5
42 36
13 66
2 32
2 33
92 22
80 88
74 16
32 27
51 8
55 10
55 61
72 15
16 73
16 75
63 12
8 50
89 21
15 70
28 1
34 3
3 35