13 66 64 65 90 21 88 76 62 69 44 28 1 6 43 81 30 93 17 89 38 46 4 61 12 7 29 26 14 68 34 95 72 18 77 25 51 8 45 0 27 59 49 22 36 3 11 60 91 15 67 63 47 94 48 80 83 79 74 78 58 23 57 19 87 37 39 70 16 75 71 2 73 97 50 52 56 92 35 98 41 31 54 96 24 9 10 42 84 33
13 66
13 64
13 65
13 2
66 90
66 76
66 44
66 28
64 62
64 69
65 81
90 21
90 46
90 61
21 88
21 89
88 38
76 93
76 17
62 12
62 34
62 36
69 14
69 95
69 72
69 59
69 91
44 6
44 25
44 51
28 1
28 26
1 30
1 29
6 43
6 45
43 57
81 18
81 94
81 83
81 41
93 22
17 77
17 78
38 4
46 7
4 37
4 39
12 63
7 47
7 48
29 54
14 68
14 67
68 74
68 73
34 3
34 58
34 92
95 23
95 87
72 15
18 80
18 79
25 0
25 56
25 31
51 8
8 49
8 50
45 97
0 27
27 42
27 84
59 11
59 98
49 52
3 35
11 60
15 70
67 71
83 19
74 16
23 96
16 75
97 24
97 33
52 9
56 10