99 10 27 50 48 16 28 61 17 29 67 68 18 19 94 76 51 33 7 69 57 75 45 44 52 43 95 5 55 6 35 34 31 88 53 60 42 54 21 1 59 0 41 11 8 2 36 83 74 49 81 70 4 20 58 82 96 26 25 46 93 9 71 12 37 87 13 92 80 56 30 62
99 10
99 27
27 50
27 16
27 28
27 61
27 26
50 48
50 51
50 49
50 92
48 18
48 76
48 69
48 55
48 88
16 17
16 1
16 96
28 29
61 62
17 7
29 67
67 68
67 81
18 19
18 33
19 94
19 8
94 53
94 59
76 57
76 75
76 52
76 74
51 70
51 82
51 13
33 42
69 43
69 95
57 45
57 58
45 44
52 35
95 5
5 6
5 4
5 20
55 21
35 34
35 31
35 60
35 36
31 12
31 30
53 54
53 83
42 41
42 2
1 0
41 11
8 93
8 9
8 71
36 37
4 87
4 80
82 46
26 25
80 56