82 35 7 74 89 41 83 46 8 3 40 29 38 75 22 63 21 37 36 60 4 85 50 26 80 73 11 34 90 52 13 2 69 23 1 33 32 81 94 17 48 59 14 54 6 31 78 61 39 58 87 30 93 98 92 95 77 79 24 62 9 19 96 91 12 71 88 45 57 66 67 51 16 70 99 76 43 27 15 47 53 84 10 65 25 72 0 28 97 64 56 20
82 35
82 7
82 74
82 89
82 41
82 83
74 3
89 46
89 8
41 28
8 56
3 40
3 29
3 36
3 26
40 38
40 75
29 85
29 50
29 11
38 21
38 60
75 22
75 37
22 63
22 52
21 73
36 4
36 80
36 13
36 33
4 23
85 69
85 78
85 61
26 2
26 93
26 62
80 34
80 90
73 81
34 94
90 14
13 1
13 32
2 98
2 92
2 95
2 77
23 45
33 17
94 48
17 66
17 67
48 59
48 6
14 54
54 57
54 51
54 97
6 31
61 39
61 64
39 58
39 87
58 30
87 88
87 25
93 99
93 10
93 65
95 79
95 96
95 27
95 15
77 24
77 12
77 76
24 9
24 19
24 53
19 91
96 43
96 0
91 70
12 71
12 16
15 47
53 84
53 72
10 20