25 10 26 20 21 27 19 3 28 44 45 70 71 12 18 22 16 17 23 24 14 38 47 46 37 48 13 2 15 42 49 34 0 1 40 41 33 36 35 32 29 30 31 43 39 7 98 4 9 5 6 8 11 96 97 88 74 72 64 73 79 80 81 82 85 83 84 99 86 69 53 87 68 66 67 63 89 65 92 90 91 95 94 75 60 76 78 62 57 55 56 58 61 93 77 59 50
25 10
25 26
25 20
25 27
25 28
10 12
10 9
20 21
20 19
20 3
20 63
21 22
27 70
19 44
19 18
44 45
45 42
45 49
70 71
70 69
70 53
71 79
18 16
18 17
18 2
22 23
22 24
16 15
23 14
24 38
14 13
38 47
38 37
47 46
46 48
2 0
2 68
15 7
42 40
42 41
42 43
49 34
34 33
34 36
0 1
0 4
1 98
40 39
33 35
35 32
32 29
32 30
32 31
7 5
7 6
7 8
98 96
8 11
96 97
97 88
88 74
88 89
74 72
74 64
72 73
64 65
79 80
79 81
79 82
79 75
82 85
85 83
83 84
83 78
84 99
84 86
84 92
99 95
86 87
68 66
68 67
63 62
89 57
92 90
92 91
92 93
95 94
75 60
75 76
75 77
60 59
57 55
57 56
57 58
55 50
58 61