0 86 26 55 53 3 25 1 23 18 10 62 47 32 58 28 21 22 44 13 30 51 14 20 68 78 35 56 74 98 72 92 77 99 70 82 94 88 80 63 64 89 83 69 97 73 96 93 66 76 71 85 75 61 91 67 87 90 81 95 84 79 65 49 17 4 54 11 16 29 7 31 2 43 36 42 46 45 40 37 38 9 12 24 60 52 48 5 59 6 33 27 8 50 15 34 41 19 57
0 86
0 26
0 72
0 92
0 77
0 99
0 70
0 82
0 94
0 88
0 80
0 63
0 64
0 89
0 83
0 69
0 97
0 73
0 96
0 93
0 66
0 76
0 71
0 85
0 75
0 61
0 91
0 67
0 87
0 90
0 81
0 95
0 84
0 79
0 65
86 36
26 55
26 53
26 3
26 78
53 98
3 25
3 1
3 23
3 62
25 10
1 47
1 30
23 18
18 32
18 58
18 74
10 20
10 68
47 56
32 28
32 21
32 22
32 44
32 13
22 51
44 14
30 35
20 34
56 19
72 16
99 54
94 46
88 38
63 4
64 5
83 31
69 11
73 17
96 49
93 45
66 7
61 2
91 43
67 9
90 42
95 48
84 33
79 27
65 6
17 60
4 8
16 29
16 37
16 12
16 52
31 40
31 24
2 50
43 15
42 59
15 41
41 57