1 2 3 18 17 71 72 4 0 10 14 8 12 13 15 6 9 5 11 7 16 19 20 21 22 55 23 30 29 25 32 28 24 31 27 57 26 58 56 54 61 59 60 65 74 75 73 62 70 69 68 76 64 66 67 63 33 34 35 36 37 38 40 39 42 45 41 47 48 50 52 51
1 2
1 0
2 3
3 18
3 4
18 17
17 71
17 10
71 72
10 14
10 8
14 15
8 12
8 6
8 9
12 13
12 11
6 5
6 7
11 16
16 19
19 20
20 21
20 55
21 22
22 23
22 30
22 29
55 57
23 25
23 28
30 31
29 32
25 24
32 27
32 33
28 26
57 58
57 56
58 61
58 59
56 54
56 65
61 60
61 70
59 75
60 74
60 73
65 68
65 66
73 62
70 69
70 76
70 67
76 64
76 63
33 34
33 35
33 36
36 37
37 38
38 40
40 39
40 41
40 48
39 42
42 45
45 47
48 50
50 52
52 51