8 10 24 5 15 23 4 12 0 6 11 18 1 16 13 20 19 14 7 9 3 22 17 21
8 10
8 24
10 24
10 11
10 18
10 1
10 23
10 15
10 5
24 5
24 15
24 23
24 4
24 12
24 0
24 6
5 18
5 16
5 13
5 20
5 6
5 19
5 12
15 23
15 0
15 14
15 7
15 9
15 4
15 18
15 20
15 12
23 13
23 1
23 7
23 20
23 3
23 0
23 4
23 19
23 22
4 9
4 0
4 18
4 12
4 17
4 1
4 16
12 9
12 16
12 13
12 21
12 22
12 18
12 14
0 9
0 19
0 7
0 18
0 17
0 6
6 14
6 3
6 21
6 13
6 1
6 17
6 18
6 19
6 22
11 1
11 17
18 20
18 9
1 16
1 13
1 17
1 19
16 17
13 21
20 9
20 19
19 9
9 17