23 0 1 10 11 12 15 16 17 18 19 2 20 22 3 4 5 6 8 9 13 14 7
23 0
23 1
23 10
23 11
23 12
23 15
23 16
23 17
23 18
23 19
23 2
23 20
23 22
23 3
23 4
23 5
23 6
23 8
23 9
0 1
0 10
0 12
0 13
0 14
0 15
0 16
0 17
0 18
0 20
0 22
0 4
0 5
0 6
0 7
1 10
1 13
1 15
1 16
1 17
1 19
1 20
1 22
1 3
1 4
1 8
1 9
10 11
10 12
10 13
10 14
10 15
10 17
10 19
10 20
10 22
10 4
10 5
10 6
11 13
11 14
11 16
11 18
11 19
11 20
11 22
11 3
11 4
11 5
11 6
11 9
12 3
15 3
15 2
16 3
17 3
17 2
18 3
19 3
2 3
2 13
2 20
2 6
20 3
22 3
3 13
3 14
3 5
3 6