3 1 98 97 0 2 5 95 4 7 96 8 6 9 10 12 13 11 14 17 16 18 15 19 20 22 24 25 23 21 26 27 28 93 94 92 29 31 30 33 34 36 32 39 35 38 37 41 42 40 43 45 48 49 46 51 44 50 53 47 52 54 56 59 58 57 55 60 61 62 64 63 66 68 65 67 70 69 71 74 75 72 76 73 77 78 80 82 83 79 81 84 86
3 1
1 98
1 97
1 4
98 0
98 2
98 96
97 95
2 5
5 7
7 8
96 93
8 6
8 9
9 10
9 12
12 13
13 11
13 15
11 14
14 17
17 16
16 18
18 19
18 20
20 22
22 24
22 25
22 23
22 21
23 26
26 27
27 28
27 29
93 94
93 92
29 31
29 32
31 30
31 33
33 34
33 35
34 36
36 39
39 38
39 40
38 37
38 41
41 42
40 43
43 45
43 44
45 48
45 46
48 49
48 51
48 50
46 47
51 53
51 52
53 54
54 56
54 57
54 55
56 59
56 58
59 61
57 60
60 62
62 64
62 63
64 66
64 65
66 68
68 70
68 69
65 67
70 73
69 71
71 74
74 75
74 72
74 76
75 78
76 77
78 80
78 81
80 82
80 79
82 83
82 84
83 86