0 2 3 5 6 8 4 7 1 9 10 12 11 13 14 15 17 18 16 20 19 21 22 23 24 26 25 27 28 30 29 31 32 33 34 35 36 38 37 39 40 42 41 43 44 45 47 48 46 49 50 51 52 54 55 53 57 59 58 56 60 62 61 63 64 65 66 68 67 69 70 71 72 74 75 73 77 78 80 76 79 81 83 84 82 86 85 87 88 90 89 92 91 93 94 95 96 98
0 2
2 3
3 5
3 1
5 6
6 8
6 4
6 7
7 9
9 10
9 11
10 12
12 13
12 14
14 15
15 17
17 18
18 16
18 20
18 19
19 21
21 22
21 23
23 24
24 26
24 25
25 27
27 28
27 29
28 30
30 31
30 32
31 33
33 34
33 35
34 36
36 38
36 37
37 39
39 40
39 41
40 42
42 43
42 44
44 45
45 47
45 46
47 48
48 49
48 50
50 51
51 52
51 53
52 54
54 55
54 56
55 57
57 59
57 58
59 60
60 62
60 61
61 63
63 64
63 65
64 66
66 68
66 67
67 69
69 70
69 71
70 72
72 74
72 73
74 75
75 77
77 78
78 80
78 76
78 79
79 81
81 83
81 82
83 84
84 86
84 85
85 87
87 88
87 89
88 90
90 92
90 91
92 93
93 94
93 95
95 96
96 98