20 80 83 77 6 65 63 70 2 49 40 36 31 47 46 14 68 43 61 73 60 62 75 85 89 51 72 57 71 97 56 87 23 99 95 1 7 11 12 76 4 9 59 39 67 64 27 84 13 42 94 16 30 35 45 92 44 5 82 28 53 8 86 98 0 15 69 41 48 10 90 88 32 26 54 81 34 37 58 93 96 91 33 3 29 19 38 55 18 52 21 78 24 22 79 50 17 25
20 80
20 83
20 49
20 40
20 14
83 77
83 65
83 70
77 6
65 63
70 2
49 79
40 36
40 31
40 46
31 47
31 68
31 61
31 73
47 60
46 84
68 43
68 75
68 67
43 62
61 85
61 89
61 95
73 27
62 13
85 51
85 72
85 23
51 71
51 87
72 57
72 99
72 11
57 7
71 97
71 56
23 1
23 12
23 76
23 42
23 30
95 9
95 28
1 4
1 39
1 45
1 44
11 35
12 92
12 82
9 59
9 8
59 53
39 94
39 5
39 69
67 64
27 16
84 22
42 86
94 41
35 26
92 0
92 10
44 98
44 81
82 15
82 34
8 96
8 91
98 19
0 3
15 58
69 48
48 90
48 78
10 88
10 54
10 33
88 32
88 38
88 18
32 52
32 21
81 37
81 93
96 24
3 29
3 17
38 55
21 50
22 25