6 7 8 12 15 3 10 37 47 9 13 20 21 4 55 0 26 22 33 34 35 11 32 36 1 30 39 44 27 29 28 31 45 46 25 62 72 56 59 54 74 48 23 66 41 2 24 71 65 69 60 43 40 57 70 5 42 64 50 38 52 73 14 16 51 17 18 19 61 58 68 75 77 63 67 49
6 7
6 8
6 12
6 3
6 9
6 13
7 15
8 59
15 20
15 21
15 22
15 23
15 24
3 10
3 37
3 47
3 4
3 0
3 51
37 62
47 55
9 65
20 54
21 48
4 5
55 74
0 26
0 1
26 33
26 11
26 32
26 30
26 31
33 34
33 25
34 35
35 36
11 27
11 29
36 39
1 2
1 49
39 44
39 66
44 45
29 28
29 56
29 57
45 46
45 60
46 72
46 69
25 41
25 40
62 64
56 61
59 71
66 70
41 43
41 42
2 50
60 67
43 52
5 38
5 14
38 73
38 58
14 16
14 17
14 18
14 19
61 75
58 68
75 77
77 63