0 57 21 14 12 50 85 56 79 62 55 61 87 76 88 98 94 93 74 91 70 77 89 83 97 99 71 90 75 82 78 42 73 96 8 95 92 84 80 72 86 81 36 38 9 30 7 26 24 32 49 10 28 1 17 18 25 3 27 67 6 33 41 5 47 2 37 11 20 44 35 15 46 45 65 16 34 31 29 39 19 23 66 59 64 13 68 54 52 63 53 58 4 60 69 40 48 51
0 57
0 55
0 61
0 87
0 76
0 88
0 98
0 94
0 93
0 74
0 91
0 70
0 77
0 89
0 83
0 97
0 99
0 71
0 90
0 75
0 82
0 78
0 73
0 96
0 95
0 92
0 84
0 80
0 72
0 86
0 81
57 21
21 14
21 12
21 50
21 85
14 56
14 79
56 62
55 42
55 8
61 36
87 24
76 9
88 26
98 38
94 33
93 32
74 7
91 30
70 1
89 27
83 18
97 37
99 41
71 3
90 28
82 17
78 11
73 6
8 10
95 35
84 20
80 15
86 23
36 49
38 67
9 25
7 2
7 46
7 31
26 65
26 16
24 45
32 39
28 5
1 29
17 64
3 47
3 66
27 44
27 19
67 34
6 54
41 59
41 13
47 63
46 52
46 4
45 68
65 60
31 58
19 69
19 40
23 53
60 48
69 51