24 99 97 98 81 25 45 94 6 0 27 78 42 90 17 21 5 26 91 89 93 88 22 77 76 60 40 41 11 23 96 43 68 44 95 63 80 56 61 72 48 58 36 59 7 92 10 69 64 46 32 54 3 14 18 66 39 31 2 86 29 35 20 33 75 12 73 30 15 34 84 13 9 62 37 87 47 28 1 16 85 83 52 53 79 19 67 70 4 55 57 74
24 99
24 97
24 98
99 81
97 25
97 45
97 94
25 0
25 78
25 42
25 90
45 6
94 23
94 68
94 63
6 43
6 44
0 27
0 26
27 91
78 17
42 5
42 60
90 21
90 93
17 77
17 76
21 89
21 88
5 40
5 41
26 61
26 72
91 48
89 80
93 22
93 56
93 69
88 64
22 92
77 54
76 32
76 28
60 11
60 36
41 66
41 39
11 58
11 59
23 96
23 95
96 73
43 46
43 86
43 29
43 35
68 30
44 31
63 12
80 18
80 53
80 79
56 10
61 37
72 15
48 7
48 62
36 3
36 84
7 47
10 55
10 57
69 14
46 75
54 9
3 34
66 13
31 2
2 33
86 20
86 87
86 83
86 67
29 1
20 85
75 16
15 70
9 52
37 4
16 74
83 19