0 37 18 7 14 27 26 38 47 20 60 64 57 59 71 45 58 62 63 73 55 70 61 52 72 69 51 66 67 65 48 56 46 53 54 49 50 68 99 16 21 43 42 41 86 88 11 15 35 30 24 1 9 91 8 3 17 44 34 40 82 23 36 84 31 28 25 39 6 22 29 12 10 13 19 87 2
0 37
0 38
0 47
0 20
0 60
0 64
0 57
0 59
0 71
0 45
0 58
0 62
0 63
0 73
0 55
0 70
0 61
0 52
0 72
0 69
0 51
0 66
0 67
0 65
0 48
0 56
0 46
0 53
0 54
0 49
0 50
0 68
37 18
37 7
37 99
18 86
7 14
7 27
7 26
14 82
26 91
20 16
20 21
20 88
64 35
57 24
71 42
45 1
58 25
62 31
63 34
73 44
70 41
61 30
72 43
69 40
51 15
65 36
48 8
56 23
46 3
53 17
49 9
50 12
68 39
16 11
16 84
43 29
41 6
41 22
15 28
30 10
1 87
9 13
44 19
23 2