2 76 3 9 95 20 7 49 10 51 11 8 0 6 92 4 14 79 1 13 75 88 55 48 19 22 45 15 18 93 53 60 61 33 17 47 46 63 5 62 26 98 87 70 99 83 64 27 96 84 34 42 80 72 40 58 94 66 28 52 32 31 77 56 89 41 81 23 90 71 36 38 67 21 24 54 57 97 35 29 37 68 12 69 30 39 25 74 59 50 91 73 78 65 43
2 76
2 0
2 4
76 3
3 9
3 7
3 10
3 92
9 95
9 20
20 21
7 49
7 6
49 8
10 51
10 14
51 11
11 13
8 12
4 1
4 48
14 79
1 88
1 5
13 75
88 55
55 19
55 22
55 60
55 46
55 63
48 89
19 15
22 45
22 53
45 18
15 96
18 93
18 17
18 26
18 27
53 33
60 61
61 47
61 62
33 64
17 28
47 42
46 24
46 43
5 90
62 98
26 40
26 58
26 31
98 87
87 70
87 99
70 83
70 66
64 84
64 34
27 80
96 71
96 67
96 97
84 72
80 94
72 52
94 32
66 56
28 29
28 30
52 41
52 36
31 77
56 38
56 39
41 81
81 23
23 25
36 59
67 54
67 57
54 35
54 37
37 68
37 69
12 50
12 91
30 74
59 78
59 65
50 73