98 38 91 47 52 62 3 92 59 4 83 36 54 75 80 6 64 97 41 69 37 68 96 16 44 82 94 49 76 85 8 35 86 48 63 29 34 65 79 93 24 1 58 81 40 26 43 11 61 23 12 74 77 2 21 42 99 53 90 95 78 87 31 60 10 67 9 46 25 27 72 89 18 71 17 15 39 66
98 38
38 91
38 46
91 47
91 52
91 3
91 92
91 6
91 97
91 58
91 12
91 89
47 62
47 80
52 59
52 83
52 96
52 24
62 81
62 11
62 39
92 37
59 4
4 23
83 36
83 75
83 82
83 94
83 49
83 63
36 54
36 8
36 65
36 31
36 67
54 60
75 16
75 44
75 35
80 43
6 64
6 71
64 69
97 41
97 68
37 90
68 25
96 40
82 76
82 85
94 86
94 2
49 93
85 10
8 29
8 34
86 48
86 77
86 9
48 74
29 79
93 27
24 1
24 66
1 26
1 61
43 95
43 78
43 72
11 53
12 15
2 21
2 42
42 99
95 87
72 18
71 17