23 96 95 94 63 70 55 12 68 15 67 81 62 14 58 71 11 72 59 61 10 56 18 66 60 77 17 76 36 13 64 51 3 8 50 34 78 35 47 27 49 65 85 28 79 42 92 44 25 7 20 30 0 98 48 1 86 45 43 46 80 6 22 91 54 73 93 53 24 5 87 37 41 74 83 16 88 52 9 99 29 26 57 32 19 97 39 40 2
23 96
23 95
23 94
96 68
96 67
96 81
95 63
95 70
95 55
94 62
63 12
70 15
70 58
70 59
55 10
55 52
12 61
68 14
15 71
15 72
81 18
62 97
62 39
58 11
58 66
58 77
71 42
11 60
72 41
72 88
59 74
59 83
61 40
10 56
10 57
66 13
66 79
60 92
77 17
77 36
77 51
17 76
17 78
76 27
36 3
36 28
13 64
13 65
64 85
64 54
51 8
51 47
3 34
3 35
8 50
8 49
50 45
34 98
78 44
78 25
35 30
35 43
47 7
27 0
27 80
49 53
65 73
65 29
85 20
85 99
28 1
42 5
42 32
92 22
44 6
7 48
7 46
20 86
20 87
0 26
98 24
86 37
22 91
22 93
54 9
74 16
83 19
32 2