6 99 34 92 30 15 1 91 47 13 97 56 64 52 33 48 26 63 44 45 70 12 68 89 46 53 62 93 35 90 55 50 66 84 24 39 77 43 20 31 41 10 22 51 11 67 81 18 42 87 82 58 36 4 85 19 25 94 27 79 14 80 8 21 32 9 71 95 5 59 86 3 72 37 57 23 7 98 61 60 96 75 73 38 0 2 83 29 74 40 76 54
6 99
99 34
99 40
34 92
92 30
92 15
92 1
30 91
30 52
1 47
1 74
91 2
47 13
13 97
13 56
56 64
56 62
56 18
64 33
64 26
64 68
64 89
33 48
33 70
33 94
48 19
26 63
26 45
26 12
26 42
26 58
26 83
63 44
63 46
63 87
63 36
63 72
63 57
44 37
45 59
45 75
70 25
70 27
12 53
68 8
89 86
62 93
62 22
62 23
93 35
93 90
93 55
35 24
35 31
90 50
55 66
55 84
55 67
66 39
66 77
24 20
24 0
39 41
39 21
77 43
43 10
43 98
20 51
20 81
20 82
31 79
31 38
41 71
10 11
51 80
67 85
67 7
81 14
18 3
87 4
82 95
58 76
4 32
4 60
25 9
8 5
8 54
59 96
86 61
57 29
75 73