98 1 83 84 38 76 67 21 33 94 77 85 16 56 80 54 23 91 74 57 48 47 66 43 55 60 59 28 27 13 18 58 50 10 12 9 0 6 36 88 26 73 35 89 97 93 86 87 63 82 78 96 71 95 75 53 79 8 52 41 70 2
98 1
98 83
98 84
84 38
84 76
84 67
84 94
38 21
76 77
76 85
76 16
67 56
67 80
67 86
67 95
21 33
56 57
56 89
80 54
80 91
80 74
80 97
80 63
80 82
80 75
54 23
54 48
54 55
54 53
23 70
91 43
74 66
74 28
74 27
48 47
48 13
48 18
48 88
47 60
55 87
60 59
60 50
60 36
59 96
27 26
13 58
13 12
58 10
50 35
50 2
10 9
10 6
12 0
9 93
9 71
36 73
82 78
78 79
95 41
79 8
79 52