1 2 3 6 9 10 14 13 20 8 21 26 27 19 28 15 33 18 34 7 25 12 35 41 42 5 32 36 4 43 24 17 40 51 52 50 49 44 39 31 62 54 30 61 59 53 60 23 58 48 29 67 68 38 66 45 22 75 74 69 76 70 73 57 77 37 47 64 82 83 78 16 81 65 80 11 63 55 72 84 88 71 79 56 90 46 87 89 86 85 92 93 91 94 95 96 97 98 99
1 2
2 3
3 6
6 9
6 10
6 5
9 14
9 8
14 13
14 20
14 15
13 18
13 12
20 21
20 26
20 19
8 7
21 27
21 28
26 33
26 34
28 36
33 25
33 41
33 42
33 32
18 17
34 35
34 43
7 11
25 24
35 44
41 40
41 51
41 50
42 52
5 4
32 31
43 53
24 23
40 49
40 39
51 61
52 62
50 60
49 59
49 58
44 54
44 45
39 30
39 48
39 38
54 64
54 63
54 55
30 29
30 22
61 70
59 67
59 68
58 66
48 57
29 37
68 75
68 69
68 76
38 47
66 74
66 65
22 16
75 82
75 81
74 73
69 77
76 83
73 80
77 78
77 84
47 56
47 46
64 72
82 87
83 88
83 89
78 71
78 79
81 86
84 90
84 85
88 92
88 93
90 94
92 91
92 95
92 96
93 97
95 98
96 99