11 18 34 81 9 32 30 8 59 79 13 80 82 17 10 44 19 23 52 12 76 33 21 35 74 31 70 72 22 29 69 5 42 40 62 58 36 78 7 43 45 1 65 89 20 51 53 24 60 90 16 64 15 77 71 83 6 14 49 3 48 75 54 93 4 73 2 68 84 61 63 56 46 55 39 41 37
11 18
11 34
11 44
11 23
11 52
11 12
18 81
18 17
18 19
34 33
34 35
81 9
81 79
81 80
81 82
9 32
9 13
9 10
32 30
32 31
30 8
30 59
30 29
79 78
13 14
80 77
82 64
82 15
82 83
10 90
44 43
44 45
23 89
23 24
52 51
52 53
12 76
76 75
33 21
33 69
21 74
21 20
35 40
35 62
35 58
74 5
74 73
31 70
31 72
70 22
69 42
69 68
5 1
40 41
62 36
62 61
62 63
36 7
36 37
45 65
45 49
65 2
89 55
20 56
51 60
51 3
53 16
24 48
64 6
15 71
15 39
71 93
75 54
54 4
73 84
73 46