22 11 1 10 0 2 20 12 21 23 33 32 13 31 24 34 43 3 42 30 14 25 52 41 35 44 4 51 5 15 26 53 62 40 50 45 61 6 16 63 54 71 60 27 72 64 81 7 70 17 55 91 80 73 82 90 92 74 83 18 29 36 37 8 19 46 39 28 9 47 49 38 59 57 48 65 56 93 75 84 69 58 67 66 94 76 95 85 79 68 77 89 78 88 99 96 87
22 11
22 12
22 21
22 23
22 33
22 32
11 1
11 10
1 0
1 2
10 20
2 3
20 30
12 13
21 31
23 24
33 34
33 43
32 42
13 14
31 41
24 25
34 35
34 44
3 4
42 52
30 40
25 15
25 26
52 51
52 53
52 62
35 45
4 5
51 61
5 6
15 16
26 27
53 63
53 54
62 72
40 50
45 46
61 71
61 60
6 7
16 17
63 64
54 55
60 70
27 18
27 29
27 36
27 37
72 81
72 73
72 82
64 74
81 91
81 80
55 65
55 56
91 90
91 92
82 83
92 93
74 75
74 84
18 8
18 19
29 39
29 28
37 47
8 9
39 49
39 38
47 57
47 48
49 59
59 69
59 58
57 67
65 66
93 94
75 76
75 85
69 79
69 68
67 77
94 95
95 96
79 89
79 78
77 87
89 88
89 99