57 4 55 75 76 89 30 82 24 74 13 94 31 97 78 12 14 21 33 43 35 3 83 32 36 52 63 17 66 92 99 19 48 44 71 85 96 22 77 10 18 45 50 37 80 95 25 40 62 56 67 49 98 39 69 73 58 5 51 72 87 64 88 79 65 53 91 90 47 15 42 68 0 23 2 6 86 38 8 29 60 20 27 41 1 46 7
57 4
57 55
57 75
57 76
57 89
57 94
57 97
4 17
55 30
55 82
75 24
75 74
89 13
89 31
30 78
82 43
24 12
24 14
24 21
24 23
74 33
74 35
13 3
13 83
31 32
31 36
31 38
78 19
14 52
14 63
14 66
33 92
32 99
36 48
52 44
52 71
63 22
17 77
66 85
66 96
66 15
99 42
48 68
44 45
71 90
85 10
85 18
96 50
96 20
22 37
22 46
77 64
10 80
10 95
18 25
18 40
18 62
45 49
45 98
50 56
50 67
50 53
80 39
80 69
95 73
95 91
40 58
40 2
62 29
49 5
98 51
39 41
69 88
69 0
58 72
58 87
58 60
58 1
5 79
64 65
65 47
42 8
0 6
0 86
23 7
38 27