33 1 2 0 29 8 77 34 80 54 84 53 67 85 89 59 63 56 69 57 83 81 88 73 86 61 71 55 62 66 68 70 72 60 87 82 21 76 90 64 65 79 10 74 75 58 78 7 26 37 42 43 50 44 51 40 46 41 52 35 47 45 49 36 17 39 48 38 6 3 23 18 22 5 9 13 4 24 14 28 19 25 31 12 20 32 15 94 11 27 30
33 1
1 2
1 0
1 54
1 53
1 67
1 59
1 63
1 56
1 69
1 57
1 61
1 71
1 55
1 62
1 66
1 68
1 70
1 60
1 64
1 65
1 58
2 29
2 8
2 77
2 34
2 80
2 84
2 85
2 89
2 83
2 81
2 88
2 73
2 86
2 72
2 87
2 82
2 76
2 90
2 79
2 74
2 75
2 78
0 7
0 37
0 42
0 43
0 50
0 44
0 51
0 40
0 46
0 41
0 52
0 35
0 47
0 45
0 49
0 36
0 39
0 48
0 38
29 10
8 21
8 26
80 13
54 3
84 23
67 24
85 25
63 18
56 5
69 28
57 6
71 31
62 14
21 9
65 22
79 12
10 94
7 17
26 19
44 20
52 32
49 27
17 4
39 11
18 15
4 30