60 61 72 73 71 70 69 62 68 99 98 26 67 63 64 20 21 66 33 34 6 74 25 59 27 77 75 22 76 19 23 24 18 65 58 7 78 5 32 97 35 4 36 28 29 8 3 57 88 9 87 31 84 37 85 79 96 17 80 89 38 83 81 0 1 16 15 86 82 56 95 30 41 2 40 14 55 10 90 92 50 91 93 42 51 39 11 94 54 13 52 45 43 49 53 12 44 46 47
60 61
60 20
60 66
60 34
60 59
61 72
61 62
72 73
72 71
72 99
72 33
73 74
71 70
71 26
70 69
69 68
62 63
68 67
99 98
98 97
26 25
26 27
67 77
67 5
63 64
64 6
20 21
20 19
21 22
66 65
33 32
34 35
6 7
74 75
59 58
27 28
77 76
77 78
22 23
23 24
23 18
18 17
58 57
7 8
78 79
5 4
32 31
32 84
97 96
35 36
4 3
4 88
36 37
28 29
8 9
8 0
3 2
57 56
88 87
88 89
9 10
31 1
31 30
84 85
84 83
37 38
85 86
79 80
96 95
17 16
80 81
89 90
38 39
83 82
16 15
15 14
82 41
56 55
95 94
41 40
41 42
14 13
55 54
10 92
10 11
90 50
90 45
92 91
92 93
50 49
42 51
42 43
51 52
11 12
52 53
45 44
45 46
46 47