0 30 4 40 75 48 29 77 83 84 99 71 91 98 32 97 87 67 88 68 90 69 92 74 86 82 89 79 96 94 56 66 81 70 95 73 76 80 93 63 39 78 20 72 85 12 49 37 57 21 38 44 18 46 34 5 43 23 36 26 61 7 33 35 17 8 19 47 42 3 45 41 9 13 50 27 62 2 55 25 64 24 16 31 60 11 22 65 10 28 58 54 53 15 6 59 14
0 30
0 4
0 40
0 75
0 77
0 83
0 84
0 99
0 71
0 91
0 98
0 97
0 87
0 67
0 88
0 68
0 90
0 69
0 92
0 74
0 86
0 82
0 89
0 79
0 96
0 94
0 66
0 81
0 70
0 95
0 73
0 76
0 80
0 93
0 78
0 72
0 85
30 32
4 48
4 29
75 20
48 56
48 63
77 23
71 12
98 47
97 46
87 34
67 5
88 35
68 7
90 37
69 8
92 39
74 19
86 33
82 28
89 36
79 25
96 44
94 41
66 3
81 27
95 42
76 21
80 26
63 18
63 9
39 49
39 57
78 24
20 38
72 13
12 43
49 45
57 61
57 2
38 11
18 17
46 50
46 22
36 62
61 64
61 31
7 65
33 15
8 16
8 58
42 60
42 10
9 55
2 54
31 6
60 53
11 59
15 14