59 46 47 48 49 50 51 52 53 54 55 56 57 86 58 88 84 38 39 40 41 83 42 90 91 37 36 85 35 43 89 0 87 34 60 44 33 61 32 31 30 45 29 1 62 2 3 4 5 28 6 80 79 63 27 26 25 78 64 7 24 8 9 23 22 75 65 77 21 69 70 71 81 66 82 92 94 93 95 96 97 72 67 76 20 74 19 73 18 68 12 17 11 16 15
59 46
59 47
59 48
59 49
59 50
59 51
59 52
59 53
59 54
59 55
59 56
59 57
59 86
59 58
59 0
57 88
88 84
84 38
84 87
38 39
38 37
39 40
39 83
40 41
40 90
41 42
42 43
90 91
37 36
37 85
36 35
85 89
35 34
35 60
43 44
0 45
0 1
34 33
60 61
33 32
61 62
61 80
32 31
31 30
30 29
29 28
1 2
62 63
2 3
3 4
4 5
5 6
28 27
6 7
80 79
79 78
63 64
27 26
26 25
25 24
25 75
78 77
64 65
64 69
7 8
24 23
8 9
23 22
22 21
75 74
65 66
77 76
21 20
69 70
70 71
70 81
71 72
81 82
66 67
82 92
92 94
94 93
94 95
95 96
95 97
67 68
20 19
74 73
19 18
18 17
68 12
12 11
17 16
16 15