16 13 19 5 2 4 6 14 7 1 0 15 3 8 9 12 10 21 22 26 34 11 25 27 28 29 31 33 30 32 39 35 38 36 44 40 41 37 46 42 47 17 60 53 61 51 50 52 56 58 54 59 55 57 64 63 69 62 67 65 66 49 45 71 72 24 70 20 76 99 75 74 78 77 81 83 79 84 80 85 82 88 89 86 94 91 90 87 92 96 97 43 95 18 68 48 73 93 23
16 13
16 21
16 22
13 19
13 5
13 12
13 18
19 24
5 2
5 14
2 4
2 6
2 1
6 7
14 15
1 0
1 3
0 8
0 9
15 26
15 34
3 10
10 11
26 25
26 27
26 28
11 17
25 33
27 29
27 31
27 30
28 35
31 32
30 39
30 38
39 40
35 36
38 44
38 41
38 37
38 43
36 42
44 49
40 60
40 53
41 46
41 47
42 45
17 20
60 61
53 51
61 62
61 67
51 50
51 52
50 58
50 59
52 56
52 54
52 55
56 57
55 64
55 63
64 65
63 69
63 66
63 68
69 74
67 70
65 76
65 99
66 71
66 72
76 75
76 78
76 77
75 83
75 84
78 85
77 81
77 79
77 80
81 82
80 88
80 89
85 86
88 94
88 91
88 87
88 93
89 90
86 92
91 96
91 97
92 95
43 48
18 23
68 73