0 10 3 72 90 74 81 65 82 69 94 76 83 86 87 71 77 91 93 68 75 66 98 70 79 96 97 80 89 85 88 67 84 78 92 99 73 95 41 13 57 1 31 6 16 34 39 44 26 20 36 27 9 15 28 45 51 25 5 43 32 30 63 12 18 35 11 33 47 7 29 8 40 19 60 62 49 56 54 4 46 42 37 53 2 55 22 48 58 59 14 38 61 24 17 52 50 64 21
0 10
0 72
0 90
0 74
0 81
0 65
0 82
0 69
0 94
0 76
0 83
0 86
0 87
0 71
0 77
0 91
0 93
0 68
0 75
0 66
0 98
0 70
0 79
0 96
0 97
0 80
0 89
0 85
0 88
0 67
0 84
0 78
0 92
0 99
0 73
0 95
10 3
3 13
90 34
74 12
81 25
65 1
69 6
94 41
76 15
83 27
86 30
87 31
71 9
77 16
91 35
93 39
68 5
98 45
70 7
79 19
96 43
97 44
80 20
89 33
85 29
88 32
67 4
84 28
78 18
92 36
99 46
73 11
95 42
41 57
13 63
13 47
57 26
1 51
1 8
1 40
31 62
6 53
44 52
26 56
26 54
20 55
27 2
9 60
9 48
9 58
15 22
45 38
5 37
5 24
12 49
18 59
33 50
29 64
60 14
53 17
58 61
38 21