0 17 57 23 8 60 73 95 13 97 38 21 28 18 44 63 30 22 7 50 56 65 49 89 53 16 12 34 3 37 45 52 70 61 43 85 1 9 24 29 96 41 19 92 62 33 88 10 27 90 40 79 94 83 2 25 58 36 11 99 78 59 14 32 48 91 80 20 47 66 69
0 17
17 57
17 23
23 8
23 60
23 33
23 32
23 48
8 73
60 95
60 9
60 59
95 13
95 97
95 21
95 28
95 65
13 38
13 18
97 44
97 49
97 89
97 52
38 50
28 63
28 56
28 61
28 20
18 22
18 92
44 24
44 99
63 30
63 70
22 7
56 85
56 41
49 16
49 37
49 45
49 88
89 53
53 12
12 34
12 36
34 3
34 91
52 78
61 43
61 19
43 47
85 1
85 90
1 29
1 96
1 83
24 62
29 10
29 27
29 66
29 69
41 79
41 14
10 40
10 94
10 25
10 58
27 11
94 2
78 80