0 61 66 63 74 67 76 97 81 85 99 98 91 84 92 86 88 77 3 69 89 65 96 75 79 68 71 70 95 80 82 87 10 72 73 93 94 78 26 90 25 83 44 2 14 12 42 36 33 27 17 5 20 59 34 19 29 30 22 28 4 6 31 41 11 15 51 40 45 18 35 32 7 13 1 8 23 16 37 54 49 57 21 38 24 48 46 55 62 56 53 50 64 9 60 43 39 47 58
0 61
0 66
0 63
0 74
0 67
0 76
0 97
0 81
0 85
0 99
0 98
0 91
0 84
0 92
0 86
0 88
0 77
0 69
0 89
0 65
0 96
0 75
0 79
0 68
0 71
0 70
0 95
0 80
0 82
0 87
0 72
0 73
0 93
0 94
0 78
0 90
0 83
61 3
61 26
66 2
63 10
63 25
74 12
76 14
97 41
81 19
99 44
98 42
91 32
86 27
88 29
77 15
3 36
69 5
89 30
75 13
71 8
70 6
95 38
80 18
87 28
73 11
78 16
26 40
26 45
25 33
25 59
44 20
2 22
2 51
14 17
14 4
12 35
12 1
42 34
42 23
36 31
27 7
5 57
59 55
19 37
30 21
28 50
6 54
6 62
11 24
15 64
45 48
18 49
7 56
7 53
16 46
21 9
48 43
64 60
64 39
9 47
43 58