21 44 51 91 29 90 11 36 93 87 78 63 35 15 54 2 71 45 7 3 24 28 37 50 30 95 18 46 84 9 33 34 85 0 17 31 14 81 20 55 73 41 70 6 56 22 89 60 19 40 86 5 59 38 82 57 76 4 25 88 80 49 96 1 75 64 10 69 48 98 13 12 23 62 74
21 44
21 51
21 91
21 90
21 36
44 22
51 29
91 6
91 88
29 12
29 23
90 11
90 9
11 93
36 55
93 87
93 33
93 5
93 80
87 78
87 95
87 46
87 59
78 63
78 35
78 15
78 45
78 50
78 41
63 28
63 84
35 54
15 2
15 71
54 81
54 57
45 7
7 3
7 24
24 20
28 37
28 30
37 73
50 38
30 56
30 49
95 18
46 34
46 85
46 89
46 98
84 70
84 96
9 31
34 82
85 0
85 17
85 60
0 14
17 64
14 4
81 40
81 76
41 19
41 1
56 69
56 13
56 62
89 48
40 86
59 10
57 25
76 74
96 75