21 90 84 19 83 33 82 92 2 31 32 28 1 49 89 8 51 87 81 29 50 30 34 64 3 72 13 65 66 35 36 18 15 52 59 38 70 54 9 39 71 46 4 77 37 57 11 40 79 68 85 80 5 76 17 94 53 44 7 60 42 41 48 58 78 14 20 69 97 74 98 10 6 23 16 93 24 86 95 47 43 55 99 56 75 45 61 27 0
21 90
90 84
90 92
84 19
84 33
19 83
19 82
33 2
2 31
2 32
31 49
31 87
32 28
32 89
32 81
28 1
1 29
1 30
49 8
49 80
89 34
89 64
89 72
8 51
8 50
81 18
81 54
29 68
29 85
30 69
34 3
34 52
64 13
64 38
3 35
3 36
72 15
72 39
72 46
13 65
13 66
65 59
66 77
66 40
35 57
18 79
15 70
15 71
52 9
52 94
59 11
38 4
70 76
9 53
39 44
46 7
4 37
77 17
77 74
77 98
57 10
11 60
11 58
40 5
68 14
85 20
85 97
5 42
5 41
17 78
94 23
94 93
53 86
44 6
7 48
7 47
58 55
58 45
78 61
74 16
74 27
98 24
10 56
6 43
23 95
16 75
24 99
27 0