26 0 9 39 20 36 10 29 33 38 41 35 37 34 81 42 48 31 18 27 30 28 40 32 3 98 57 66 89 74 14 49 82 99 17 67 22 44 87 11 91 85 88 80 93 92 2 86 90 55 62 79 83 6 19 84 24 76 8 59 75 63 64 1 7 78 15 70 77 72 16 43 68 65 73 23 4
26 0
0 9
0 39
0 36
0 10
0 29
0 38
0 41
0 35
0 37
0 34
0 42
0 31
0 27
0 30
0 28
0 40
0 32
9 20
9 33
9 81
9 48
9 98
9 66
20 57
20 89
20 74
36 14
10 18
10 3
10 49
10 82
10 99
10 67
38 17
18 55
3 22
3 44
3 87
3 11
3 91
3 85
3 88
3 80
3 93
3 92
3 86
3 90
3 62
3 79
3 83
3 84
22 2
22 6
22 19
22 76
22 59
44 1
91 23
2 24
2 75
2 63
2 64
2 78
2 70
2 77
2 72
2 43
2 68
2 65
2 73
79 4
19 8
19 15
19 16
24 7