0 20 24 11 2 62 75 10 3 66 82 76 79 56 86 71 73 67 90 61 81 58 87 65 85 64 84 70 88 59 63 60 91 72 77 83 89 74 80 57 69 68 78 45 42 17 16 9 5 30 31 44 39 99 14 13 46 35 49 27 54 34 25 50 47 12 33 48 21 43 7 23 52 41 19 6 28 55 4 8 18 51 36 92 37 26 15 29 53 98 38 1 94
0 20
0 62
0 75
0 10
0 66
0 82
0 76
0 79
0 56
0 86
0 71
0 73
0 67
0 90
0 61
0 81
0 58
0 87
0 65
0 85
0 64
0 84
0 70
0 88
0 59
0 63
0 60
0 91
0 72
0 77
0 83
0 89
0 74
0 80
0 57
0 69
0 68
0 78
20 24
20 11
20 3
24 2
2 92
75 34
10 17
10 99
66 16
82 45
76 35
79 42
86 49
71 25
73 30
61 9
81 44
58 5
87 50
65 14
85 48
64 13
84 47
70 23
88 51
60 8
72 27
83 46
89 52
74 31
78 41
42 39
42 54
42 43
17 12
17 33
9 36
9 98
9 1
5 7
5 94
44 55
13 21
46 19
46 6
46 28
46 4
35 26
12 15
48 18
48 37
23 38
41 29
37 53