1 99 98 97 96 0 2 3 4 95 5 6 7 8 9 10 11 94 12 13 14 93 92 15 16 91 90 17 89 18 19 88 20 87 21 86 22 23 24 85 25 84 26 83 27 82 28 29 30 31 32 81 33 80 34 79 35 78 77 36 76 37 75 38 74 39 40 73 41 42 43 44 45 46 47 48 49 50 51 72 71 52 70 53 69 68 67 54 66 55 65 56 64 57 63 62 61 58 60
1 99
1 0
1 2
99 98
98 97
97 96
96 95
2 3
3 4
4 5
95 94
5 6
6 7
7 8
8 9
9 10
10 11
11 12
94 93
12 13
13 14
14 15
93 92
92 91
15 16
16 17
91 90
90 89
17 18
89 88
18 19
19 20
88 87
20 21
87 86
21 22
86 85
22 23
23 24
24 25
85 84
25 26
84 83
26 27
83 82
27 28
82 81
28 29
29 30
30 31
31 32
32 33
81 80
33 34
80 79
34 35
79 78
35 36
78 77
77 76
36 37
76 75
37 38
75 74
38 39
74 73
39 40
40 41
73 72
41 42
42 43
43 44
44 45
45 46
46 47
47 48
48 49
49 50
50 51
51 52
72 71
71 70
52 53
70 69
53 54
69 68
68 67
67 66
54 55
66 65
55 56
65 64
56 57
64 63
57 58
63 62
62 61
61 60