24 97 99 98 81 25 45 94 6 0 27 78 42 90 17 5 21 26 91 93 89 88 22 76 77 60 40 41 11 23 96 68 43 44 95 63 80 61 56 72 48 36 58 59 7 92 10 69 64 32 54 46 3 18 14 39 66 34 35 31 84 13 2 29 86 12 20 73 30 75 33 15 9 37 62 28 47 53 79 87 52 1 16 83 85 55 67 57 70 4 19 74 71
24 97
24 99
24 98
97 25
97 45
97 94
99 81
25 0
25 78
25 42
25 90
45 6
94 23
94 68
94 63
6 43
6 44
0 27
0 26
27 91
78 17
42 5
42 60
90 21
90 93
17 76
17 77
5 40
5 41
21 89
21 88
26 61
26 72
91 48
93 22
93 56
93 69
89 80
88 64
22 92
76 32
76 28
77 54
60 11
60 36
41 39
41 66
11 58
11 59
23 96
23 95
96 73
68 30
43 46
43 29
43 86
44 31
63 12
80 18
80 53
80 79
80 74
61 37
56 10
72 15
48 7
48 62
36 3
36 84
7 47
10 55
10 57
69 14
54 9
46 75
3 34
3 35
14 67
66 13
31 2
2 33
29 1
86 20
86 87
86 83
20 85
75 16
15 70
15 71
9 52
37 4
83 19