1 2 3 98 97 0 96 6 7 4 8 93 92 95 91 99 5 11 12 9 13 10 14 16 17 90 18 88 87 94 86 15 19 21 22 85 23 89 83 82 81 20 24 26 27 80 28 84 78 77 76 25 29 31 32 75 33 79 73 72 71 30 34 36 37 70 38 74 68 67 66 35 39 41 42 65 43 69 63 62 61 40 44 46 47 60 48 64 58 57 56 45 49 51 52
1 2
1 98
1 0
1 4
2 3
3 6
98 97
98 95
98 99
97 96
96 93
6 7
6 5
6 9
7 8
8 11
93 92
93 90
93 94
92 91
91 88
11 12
11 10
11 14
12 13
13 16
16 17
16 15
16 19
17 18
18 21
88 87
88 85
88 89
87 86
86 83
21 22
21 20
21 24
22 23
23 26
83 82
83 80
83 84
82 81
81 78
26 27
26 25
26 29
27 28
28 31
78 77
78 75
78 79
77 76
76 73
31 32
31 30
31 34
32 33
33 36
73 72
73 70
73 74
72 71
71 68
36 37
36 35
36 39
37 38
38 41
68 67
68 65
68 69
67 66
66 63
41 42
41 40
41 44
42 43
43 46
63 62
63 60
63 64
62 61
61 58
46 47
46 45
46 49
47 48
48 51
58 57
57 56
51 52