0 32 36 18 42 6 31 87 51 98 38 92 93 89 91 69 99 94 95 7 64 70 79 72 77 88 90 71 78 34 60 82 65 84 97 74 83 68 75 73 96 85 58 80 86 81 25 76 43 35 16 30 53 39 14 41 3 20 1 40 23 5 13 24 21 10 26 2 44 8 11 33 29 9 46 22 55 17 12 19 63 37 67 48 28 45 4 66 57 47 54 61 52 62 59 56 49 50 15
0 32
0 36
0 87
0 98
0 38
0 92
0 89
0 91
0 69
0 99
0 94
0 95
0 70
0 79
0 72
0 77
0 88
0 90
0 71
0 78
0 34
0 82
0 84
0 97
0 74
0 83
0 68
0 75
0 73
0 96
0 85
0 80
0 86
0 81
0 76
36 18
36 42
36 6
36 31
36 51
36 93
87 30
51 60
51 43
38 7
38 64
38 65
38 25
92 35
95 39
64 58
70 5
77 13
78 14
34 53
60 16
82 20
84 22
97 41
74 9
68 1
75 10
73 8
96 40
85 23
80 17
86 26
81 19
25 24
76 11
43 3
35 21
35 33
30 2
30 44
39 55
20 29
20 46
40 37
23 12
26 63
2 67
44 61
8 48
11 45
9 66
22 57
12 28
12 47
19 4
28 54
4 50
57 52
57 62
57 59
54 56
52 49
59 15