18 80 81 79 77 17 76 55 95 59 64 23 11 83 94 96 19 10 52 56 57 82 84 78 9 63 60 13 58 74 12 66 38 89 65 62 75 33 21 47 7 27 46 50 8 39 49 53 54 2 48 26 32 51 4 43 0 37 31 99 24 6 98 36 73 34 44 68 69 90 45 88 16 61 25 70 14 93 86 40 72 85 5 91 3
18 80
18 81
18 79
80 77
80 55
80 95
81 59
79 89
77 17
17 76
17 78
76 62
76 75
55 10
55 52
55 33
95 23
95 83
59 64
59 11
59 63
64 13
64 74
23 94
23 96
11 60
11 58
83 19
94 34
19 82
19 84
10 56
10 57
52 9
52 47
56 50
56 39
56 26
57 27
57 49
78 91
9 53
9 54
63 12
60 85
13 66
13 65
58 38
58 93
58 40
12 61
38 72
89 21
65 86
33 2
33 68
21 90
21 88
47 7
7 46
7 48
27 43
50 8
8 51
39 4
49 99
53 37
2 32
2 31
48 69
48 70
26 0
26 36
51 73
43 6
0 25
99 24
24 98
6 44
6 45
73 16
34 3
69 14
40 5