29 66 74 6 39 43 63 15 96 20 16 52 36 2 25 37 99 12 21 61 4 67 51 48 8 11 98 40 70 9 31 17 1 35 28 33 41 3 42 62 24 58 7 14 69 27 73 68 92 45 53 18 49 71 56 13 82 78 80 83 0 64 89 22 90 23 84 60 88 50 38 85 54 77 91 10 65 75 93 57 46 76 79 94 95 34 81 5 72 47 19 86 30 32 59 55 87
29 66
29 6
29 39
29 15
29 2
29 78
66 74
66 43
66 20
74 52
74 68
6 63
39 96
43 13
63 16
96 27
96 82
20 36
16 25
16 37
16 67
16 9
25 99
25 48
25 14
25 18
37 51
37 58
37 49
99 12
99 21
99 7
99 45
12 61
12 22
21 4
61 8
61 11
51 50
48 98
48 31
8 35
8 71
8 83
11 80
98 40
40 70
40 17
40 60
70 1
70 33
70 41
9 62
9 69
9 53
31 73
17 28
17 56
35 24
33 3
41 42
3 92
62 76
24 23
58 10
58 65
69 64
27 89
27 85
68 79
92 86
45 84
53 38
53 5
82 0
80 57
64 75
89 54
89 32
89 59
22 90
22 55
84 88
38 77
38 93
85 91
85 94
54 46
54 34
77 95
77 72
75 87
93 47
95 81
34 19
47 30