26 0 25 48 7 59 46 70 47 11 88 69 40 53 33 92 22 63 21 2 31 68 91 5 32 44 15 52 9 90 72 14 89 27 60 58 12 73 66 64 61 54 62 41 99 75 42 71 67 84 80 79 6 97 87 13 16 51 1 35 74 93 39 82 8 4 37 56 38 45 19 57 49 50 83 81 65 96 28 18 30 24 95 85 98 43 20 77 23 86 10
26 0
26 48
0 25
0 27
25 75
25 84
25 51
25 35
48 7
48 59
48 70
48 92
48 63
48 44
7 46
7 47
7 1
59 11
46 88
46 69
46 53
70 15
70 52
47 40
47 33
47 68
11 60
11 58
88 21
69 14
40 5
53 73
53 66
33 2
33 64
92 22
22 91
22 93
63 12
21 90
21 89
2 31
2 32
31 97
31 96
68 79
5 41
5 42
32 99
32 87
44 6
15 72
15 71
52 9
52 80
9 54
90 77
14 67
27 39
27 45
27 57
12 61
12 62
64 13
64 81
54 82
62 86
99 24
99 85
75 16
75 56
42 95
84 19
79 18
6 43
87 20
13 65
16 74
51 8
1 28
1 30
39 4
8 49
8 50
4 37
4 38
56 10
19 83
96 23
24 98