6 99 34 92 30 15 1 91 47 13 97 56 64 33 48 26 63 45 44 70 12 89 68 46 53 62 93 35 90 55 50 84 66 77 39 24 43 31 20 41 10 22 51 67 11 42 81 18 87 58 82 36 85 19 4 94 25 27 79 80 14 8 21 71 32 95 9 59 5 86 3 72 52 37 23 57 7 98 61 60 96 75 73 0 38 2 83 74 29 40 76 54 16
6 99
99 34
99 40
34 92
92 30
92 15
92 1
30 91
1 47
1 74
91 2
47 13
13 97
13 56
56 64
56 62
56 18
64 33
64 26
64 89
64 68
33 48
33 70
33 94
48 19
26 63
26 45
26 12
26 42
26 58
26 83
63 44
63 46
63 87
63 36
63 72
63 57
45 59
45 75
44 37
70 25
70 27
12 53
89 86
68 8
62 93
62 22
62 23
93 35
93 90
93 55
35 24
35 31
90 50
55 84
55 66
55 67
66 77
66 39
77 43
39 41
39 21
24 20
24 0
43 10
43 98
31 79
31 38
20 51
20 81
20 82
41 71
10 11
51 80
67 85
67 7
81 14
81 52
18 3
87 4
58 76
82 95
4 32
4 60
25 9
8 5
8 54
59 96
59 16
86 61
57 29
75 73