0 36 34 30 55 37 70 49 50 46 64 45 66 53 72 58 69 73 17 59 67 48 43 63 71 54 57 44 56 51 62 47 68 74 27 52 60 65 61 97 9 14 7 6 4 35 88 8 18 39 10 96 26 29 40 2 25 11 23 19 1 38 33 15 12 5 81 16 31 21 41 24 76 85 42 79 78 22 20
0 36
0 34
0 30
0 55
0 37
0 70
0 49
0 50
0 46
0 64
0 45
0 66
0 53
0 72
0 58
0 69
0 73
0 59
0 67
0 48
0 63
0 71
0 54
0 57
0 44
0 56
0 51
0 62
0 47
0 68
0 74
0 52
0 60
0 65
0 61
34 17
34 43
30 97
55 14
49 7
50 8
64 29
45 2
72 39
58 18
17 27
17 9
17 6
17 35
17 88
59 19
43 4
71 38
57 16
44 1
56 15
47 5
27 96
60 21
61 24
9 40
9 81
14 10
14 26
14 85
7 33
7 79
6 25
6 78
4 11
4 23
4 76
35 12
8 22
18 41
2 31
25 20
23 42