31 67 58 9 85 64 66 49 75 12 36 99 82 37 54 89 6 40 13 19 10 27 98 46 2 92 94 0 51 7 79 17 80 32 14 21 44 74 28 97 20 90 22 93 77 18 41 88 84 35 57 8 56 11 53 69 47 29 3 68 91 50 45 70 76 63 52 25 72 15 43
31 67
31 58
31 9
31 63
58 25
9 85
85 64
85 52
64 66
64 49
64 29
66 75
66 12
66 37
49 19
75 36
75 99
75 82
12 11
36 27
36 18
99 54
99 98
99 93
82 40
82 90
37 97
54 89
54 77
89 6
89 13
89 41
40 7
13 70
13 72
19 10
19 46
19 92
19 94
19 68
10 0
10 79
27 2
46 91
92 51
94 69
0 20
0 8
0 50
51 47
7 17
17 80
80 32
80 21
32 14
32 44
32 88
14 74
14 28
14 84
44 35
44 57
28 56
97 22
90 53
8 3
11 45
11 76
47 15
63 43