98 1 83 79 8 52 78 53 82 85 94 17 16 63 86 77 93 68 76 74 66 80 54 28 23 27 91 48 47 55 43 67 26 60 59 13 18 56 58 50 10 12 9 36 0 88 6 35 73 97 84 87 57 96 89 75 71 51 70 2 38
98 1
98 83
98 79
79 8
79 52
79 78
79 85
79 17
79 63
8 68
52 53
78 82
78 94
78 77
78 93
82 86
85 16
85 76
85 74
85 51
74 66
74 80
74 28
74 27
80 54
80 91
80 67
80 97
80 75
54 23
54 48
54 55
23 70
27 26
91 43
48 47
48 13
48 18
48 88
47 60
55 87
43 96
67 56
67 84
60 59
60 50
60 36
13 58
13 12
56 57
56 89
58 10
50 35
50 2
10 9
10 6
12 0
9 71
36 73
84 38