8 49 50 81 18 99 79 71 15 70 72 80 24 93 85 47 7 46 48 73 97 51 22 43 92 69 14 56 98 88 21 89 60 91 68 20 86 96 10 62 87 55 6 16 44 61 45 32 74 82 11 90 75 37 35 67 23 84 95 59 57 42 19 25 2 34 58 27 29 36 94 28 0 78 4 26 5 31 40 39 3 41 33 12 77 76 1 30 52 63 17 53 9
8 49
8 50
8 51
49 89
49 61
50 81
50 73
50 60
81 18
81 99
81 71
81 93
81 85
18 79
18 80
99 24
79 69
71 15
71 47
15 70
15 72
70 62
72 96
80 56
80 88
24 97
93 22
93 43
93 98
85 20
85 86
85 55
47 7
7 46
7 48
48 34
73 16
73 44
97 45
97 37
51 35
22 92
22 91
43 6
43 84
43 95
92 32
92 82
69 14
69 42
14 68
14 67
56 10
88 21
88 28
60 11
60 90
91 25
91 27
20 87
86 59
96 23
10 57
62 41
62 12
62 77
62 76
55 78
16 74
16 75
45 36
32 2
32 29
82 26
11 58
37 4
67 30
23 94
84 19
42 5
42 53
25 0
25 39
2 31
2 33
27 52
36 3
28 1
5 40
12 63
77 17
53 9