0 1 11 10 12 13 14 15 16 17 18 19 20 30 57 58 59 51 52 53 54 55 56 9 2 40 70 60 21 22 23 24 25 26 27 28 29 3 31 32 33 34 35 36 37 38 39 72 73 74 75 76 77 78 79 61 62 68 69 63 71 66 67 64 65 50 80 8 4 41 45 42 47 48 49 43 44 7 5
0 1
0 11
0 10
0 12
0 13
0 14
0 15
0 16
0 17
0 18
0 19
0 20
0 30
10 9
12 57
12 58
12 59
12 51
12 52
12 53
12 54
12 55
12 56
20 60
30 40
30 70
59 2
9 8
2 21
2 22
2 23
2 24
2 25
2 26
2 27
2 28
2 29
2 3
40 50
60 80
3 31
3 32
3 33
3 34
3 35
3 36
3 37
3 38
3 39
3 4
33 72
33 73
33 74
33 75
33 76
33 77
33 78
33 79
33 61
33 62
33 68
33 69
33 63
33 71
33 66
33 67
33 64
33 65
80 7
4 41
4 45
4 42
4 47
4 48
4 49
4 43
4 44
4 5