27 0 25 26 29 56 10 77 55 72 57 17 92 50 76 78 82 28 22 42 52 8 9 19 1 45 91 62 5 86 53 54 83 40 41 58 12 34 84 32 51 30 61 66 11 93 6 49 20 3 44 85 36 59 87 94 60 88 35 99 21 63 33 39 2 70 38 15 37 89 13 65 43 46 90 67 14 69 23 31 71 4 96 24 64 47 7 74 75 73 97
27 0
27 56
0 25
0 26
25 89
26 29
26 73
56 10
56 77
56 72
10 55
10 57
77 17
77 92
77 50
77 28
55 66
72 15
17 76
17 78
92 22
92 45
50 8
76 82
76 42
76 52
78 62
78 32
82 19
28 1
22 91
22 93
42 5
42 34
52 9
52 86
52 58
8 51
8 49
9 53
9 54
19 83
19 84
1 30
45 6
91 65
62 12
62 70
5 40
5 41
86 20
86 94
40 39
41 99
58 11
12 61
12 63
34 3
34 88
34 33
84 37
32 2
61 69
66 13
66 46
11 59
11 60
6 44
6 43
20 85
20 87
3 36
3 35
44 74
36 38
36 67
94 23
88 21
99 24
63 31
63 71
39 90
39 47
39 75
38 4
13 64
46 7
67 14
23 96
24 97