0 57 31 40 20 18 43 17 64 25 11 50 3 26 99 91 4 89 97 75 85 74 87 82 94 81 88 76 95 84 90 79 92 93 98 77 96 78 86 80 83 27 2 1 13 14 19 16 9 58 24 23 21 22 10 8 34 70 12 6 62 29 52 7 41 15 56 51 60 32 37 69 71 39 47 46 66 28 48 67 72 35 49 36 61 38 68 45 42 59 30 53 44 54 33 5 55
0 57
0 89
0 97
0 75
0 85
0 74
0 87
0 82
0 94
0 81
0 88
0 76
0 95
0 84
0 90
0 79
0 92
0 93
0 98
0 77
0 96
0 78
0 86
0 80
0 83
57 31
57 26
31 40
31 18
31 99
40 20
40 43
40 17
40 64
40 25
20 91
43 11
43 50
25 3
3 4
4 36
4 61
4 45
97 27
75 2
85 14
74 1
87 16
94 23
81 9
84 13
90 19
79 7
92 21
93 22
98 29
78 6
86 15
80 8
2 58
2 24
1 62
1 52
1 41
13 34
13 70
13 32
19 12
16 51
16 60
16 37
9 46
58 39
58 47
58 28
24 10
23 56
10 42
8 66
8 48
8 35
34 67
70 69
70 71
12 72
29 38
32 59
37 30
71 49
71 68
67 53
72 5
61 44
45 54
30 55
44 33