0 24 54 32 41 35 23 2 15 67 84 25 70 82 92 75 81 89 90 94 96 68 91 93 95 78 87 88 99 72 76 66 79 64 97 74 77 63 85 71 86 62 73 98 43 80 83 65 69 37 36 12 5 53 1 28 10 31 9 7 30 17 27 8 42 19 4 48 52 20 51 45 50 14 11 44 38 39 46 21 33 34 6 13 58 16 59 26 47 22 3
0 24
0 2
0 67
0 84
0 25
0 70
0 82
0 92
0 75
0 81
0 89
0 90
0 94
0 96
0 68
0 91
0 93
0 95
0 78
0 87
0 88
0 99
0 72
0 76
0 66
0 79
0 64
0 97
0 74
0 77
0 63
0 85
0 71
0 86
0 62
0 73
0 98
0 80
0 83
0 65
0 69
24 54
24 32
24 41
24 35
54 23
41 15
41 37
2 43
67 7
84 31
25 9
70 12
82 28
75 17
81 27
89 39
94 45
96 48
68 8
91 42
93 44
95 46
78 21
87 34
88 36
99 52
72 14
76 19
64 4
97 50
74 16
77 20
71 13
86 33
98 51
37 5
37 53
37 30
37 6
36 1
5 10
9 11
9 58
27 38
42 22
20 59
20 26
39 47
33 3