36 34 37 77 76 49 75 35 41 55 17 46 90 38 39 70 40 42 73 71 66 48 47 24 72 11 89 32 33 25 12 99 26 1 98 8 0 59 44 45 58 67 88 23 14 20 13 74 65 2 22 30 31 64 92 97 21 87 15 18 91 86 60 9 83 63 82 68 62 53 57 5 81 3 84 27 85 10 28 80 93 79 43 50 69 54 29 56 61 7 16 52 51 4 96
36 34
36 37
36 77
36 35
36 55
36 46
34 70
37 17
37 38
77 76
76 49
76 75
49 90
49 4
35 41
41 40
41 42
55 54
55 56
38 39
38 73
38 32
38 18
39 11
73 71
73 24
73 89
73 74
71 66
71 72
71 59
71 45
66 48
66 99
66 67
66 65
48 47
48 20
47 88
24 25
24 23
72 1
72 8
72 44
11 12
11 26
11 64
11 10
32 33
32 86
12 92
99 98
26 27
1 0
1 2
98 97
8 9
8 7
0 53
0 57
59 58
59 14
59 60
67 22
67 68
88 87
14 13
14 15
13 30
13 61
2 63
2 50
22 21
30 31
92 91
92 80
92 93
97 96
15 16
9 83
9 82
83 62
83 5
83 3
83 84
82 81
68 69
27 85
27 28
28 29
80 79
93 43
50 52
52 51