8 55 30 29 31 26 12 25 27 11 28 13 32 7 24 9 6 33 23 10 14 5 2 22 20 4 21 19 3 1 18 0 59 52 15 17 51 35 36 37 38 40 39 41 42 16 34 43 44 45 46 48 47 56 53 54 57 49 58
8 55
8 26
55 30
55 56
30 29
30 31
30 12
29 11
29 28
31 13
31 32
26 25
26 27
25 7
25 24
27 9
11 17
28 10
28 52
32 33
32 14
24 6
24 23
33 15
23 5
23 22
5 2
2 20
22 4
22 21
20 19
21 3
19 1
19 18
18 0
0 59
52 51
52 53
17 35
17 16
35 36
35 37
35 38
37 40
38 39
40 41
41 42
42 43
16 34
43 44
43 49
44 45
45 46
45 48
46 47
53 54
54 57
57 58