98 97 99 93 96 95 92 91 94 90 86 89 88 85 84 83 87 79 82 81 78 77 80 76 72 75 74 71 70 69 73 65 68 67 64 63 66 62 58 60 61 57 56 55 59 51 54 53 50 49 52 48 44 46 47 43 42 41 45 37 40 39 36 35 38 34 30 32 33 29 28 27 31 23 26 25 22 21 24 20 16 18 19 15 14 13 17 9 12 11 8 7 10 6 2
98 97
98 99
97 93
93 96
96 95
95 92
92 91
91 94
91 90
90 86
86 89
89 88
88 85
85 84
84 83
84 87
83 79
79 82
82 81
81 78
78 77
77 80
77 76
76 72
72 75
75 74
74 71
71 70
70 69
70 73
70 67
69 65
65 68
67 64
64 63
63 66
63 62
63 60
62 58
58 61
60 57
57 56
56 55
56 59
56 53
55 51
51 54
53 50
50 49
49 52
49 48
49 46
48 44
44 47
46 43
43 42
42 41
42 45
42 39
41 37
37 40
39 36
36 35
35 38
35 34
35 32
34 30
30 33
32 29
29 28
28 27
28 31
28 25
27 23
23 26
25 22
22 21
21 24
21 20
21 18
20 16
16 19
18 15
15 14
14 13
14 17
14 11
13 9
9 12
11 8
8 7
7 10
7 6
6 2