44 17 67 6 18 16 1 7 39 4 5 15 63 32 29 54 10 30 23 89 90 96 24 2 88 3 20 84 85 65 52 92 51 73 34 12 82 13 71 38 8 86 22 9 35 40 0 27 21 64 68 55 72 70 19 94 31 60 33 53 50 57 11 36 56 43 42 74 87 59 98 45 91 37 93 47 41 62 28 14 58 49 48 25 26 61 83 75 97 46 76 79 81 78 77 66 99 69 80
44 17
44 43
44 61
17 67
17 42
67 6
67 57
6 18
18 16
16 1
16 53
1 7
1 39
1 4
1 5
7 32
7 96
39 15
39 63
39 38
39 40
4 2
5 73
5 12
5 0
5 11
15 36
63 54
63 84
63 65
32 29
32 10
32 52
29 30
54 55
54 60
10 92
10 8
30 23
23 89
23 90
23 24
23 51
89 88
24 86
2 3
2 13
2 47
88 85
3 20
3 22
20 82
84 41
52 94
92 34
92 71
92 64
92 70
73 25
34 27
34 68
34 31
12 9
82 59
13 21
13 45
71 72
71 37
38 62
8 35
8 91
22 14
22 79
0 26
21 19
55 56
72 33
70 93
60 98
53 50
57 58
11 74
42 87
74 28
74 75
98 97
93 69
47 81
28 49
58 83
49 48
48 46
83 66
75 76
75 78
97 99
46 77
81 80