49 16 45 88 96 1 85 29 27 56 10 50 90 48 79 11 25 83 58 37 57 41 99 42 17 69 28 33 66 68 74 75 98 20 92 53 89 12 34 36 18 38 3 9 54 97 95 2 13 39 94 15 22 65 7 8 14 0 63 23 30 44 21 5 60 59 32 40 31 51 64 87 70 19 82 55 35 91 73 6 86 43 61 67 46 24 78
49 16
49 45
49 88
49 37
49 9
49 97
49 5
16 2
45 36
45 39
88 96
88 48
88 68
88 20
88 53
96 1
96 79
96 42
96 8
1 85
1 29
1 50
1 83
1 57
1 33
1 75
85 56
85 90
85 87
29 27
29 10
29 69
29 66
29 74
29 6
27 11
27 55
56 28
10 25
10 58
10 59
10 40
50 38
90 67
48 46
79 41
79 99
83 54
37 65
37 32
37 24
57 17
57 35
41 14
99 51
42 19
17 0
69 98
28 63
33 82
98 31
20 92
92 18
92 70
53 89
53 12
12 34
34 3
34 91
36 15
18 22
97 95
97 44
95 13
95 21
95 60
2 94
94 43
22 7
7 78
8 23
8 73
0 86
63 30
51 64
43 61