51 97 64 40 49 58 22 78 30 1 47 2 53 11 39 7 42 91 3 12 99 34 96 14 89 59 24 66 70 43 4 50 92 18 86 35 82 48 20 62 23 88 41 67 52 6 37 38 28 5 73 25 46 85 54 27 68 33 31 98 71 36 15
51 97
51 64
51 2
51 67
97 11
97 62
64 40
64 53
40 49
40 58
40 88
40 5
40 33
49 78
49 35
58 22
22 30
22 1
22 47
22 91
22 12
22 66
78 18
53 38
11 39
11 7
11 99
11 34
11 48
7 42
7 3
42 43
42 86
42 6
42 37
42 25
3 96
3 4
3 27
12 70
12 23
12 73
99 59
34 24
34 50
96 14
96 89
14 82
14 85
59 36
70 20
70 46
43 28
4 92
4 52
18 98
35 71
82 15
20 68
23 41
6 54
28 31