88 11 74 13 25 96 89 6 71 33 97 53 64 4 23 36 93 83 26 91 2 67 84 57 87 99 72 39 28 98 22 56 29 10 63 17 86 41 54 90 80 75 79 61 62 9 1 85 55 68 38 21 66 95 35 48 81 42 46 32 49 94 12 40 60 34 82 24 92 76 5 45 20 73 65
88 11
11 74
11 13
11 96
13 25
13 40
25 89
96 94
89 6
89 71
6 75
71 33
71 36
71 85
71 95
33 97
33 53
33 4
33 67
33 42
97 64
97 93
97 83
97 24
53 23
53 90
64 57
4 41
23 91
23 79
23 45
93 26
93 2
93 84
83 92
26 87
26 17
91 39
91 98
91 61
67 10
67 54
84 63
84 68
57 46
87 99
87 28
87 56
87 29
87 55
99 72
99 62
72 22
98 21
22 86
56 80
56 9
63 35
17 73
86 66
41 1
41 38
9 32
68 48
38 34
38 65
95 49
95 12
95 60
48 81
48 76
49 82
24 5
92 20