41 22 59 56 38 39 1 2 76 17 30 3 23 77 58 73 53 16 61 79 92 19 94 90 97 15 9 64 52 93 67 83 72 13 29 28 32 51 44 60 82 95 31 50 35 62 63 11 81 87 49 99 37 69 7 75 98 48 25 54 5 96 26 21 57 86 8 4 84 68 91 14 74 27 40 20 12
41 22
41 59
59 56
59 38
56 39
39 1
39 76
39 30
39 37
1 2
1 3
1 92
1 9
1 69
2 17
2 77
76 82
17 97
17 87
30 13
3 23
3 72
23 60
23 81
23 75
77 58
77 53
77 79
77 40
58 73
58 94
58 62
53 16
53 61
53 83
61 15
61 52
79 19
19 14
94 90
94 64
94 51
90 31
90 35
9 67
9 28
9 4
64 32
52 93
52 91
93 86
72 44
13 29
13 95
28 54
28 8
44 57
60 84
95 11
95 99
31 50
31 63
50 21
35 98
35 5
63 68
11 48
81 7
87 49
49 74
99 20
37 27
98 96
48 25
96 26
27 12