0 1 55 91 90 39 38 99 89 42 6 87 51 84 76 85 88 5 86 81 24 96 27 18 26 56 79 50 4 60 59 57 23 95 49 94 32 92 53 82 48 13 33 66 78 93 44 98 63 83 58 75 45 67 62 61 68 70 43 80 12 25 72 77 40 46 69 22 19 17
0 1
0 55
55 91
91 90
91 39
90 38
90 99
90 89
90 6
99 42
99 87
99 76
99 79
42 96
87 51
87 84
87 85
87 88
87 5
87 86
87 13
51 50
5 4
86 81
86 95
81 24
24 23
24 80
96 27
96 18
27 26
27 56
79 19
50 60
4 57
60 59
23 49
95 94
95 92
95 66
95 98
95 61
95 70
95 25
95 72
49 48
94 32
94 53
94 93
94 44
32 33
92 82
92 45
92 62
53 58
82 78
66 67
93 63
93 83
93 68
93 12
44 75
63 43
62 46
61 40
70 69
43 77
72 22
69 17