1 0 2 3 4 5 20 6 7 8 9 19 21 10 11 85 12 13 14 18 99 22 57 28 15 90 17 72 23 16 69 78 27 29 24 34 26 30 98 56 93 58 45 25 76 65 96 67 84 89 86 31 60 48 33 35 71 73 68 70 32 77 79 55 44 46 91 80 36 59 54 47 49 61 75 66 64 92 94 43 42 37 53 97 83 74 87 88 50 95 41 38
1 0
1 2
1 99
1 72
2 3
3 4
4 5
4 20
4 57
4 90
5 6
20 19
20 21
6 7
6 78
7 8
8 9
8 98
9 10
9 85
19 18
21 22
10 11
10 28
11 12
85 84
85 86
12 13
13 14
14 15
18 17
22 23
57 56
57 58
28 27
28 29
90 91
17 16
72 69
72 71
72 73
23 24
23 96
69 68
69 70
78 34
78 77
78 79
27 26
29 30
29 76
24 25
34 33
34 35
34 80
30 31
98 97
56 93
56 45
56 55
93 92
93 94
58 59
45 65
45 44
45 46
76 67
76 75
76 42
65 64
96 95
67 66
84 89
84 83
89 88
86 87
31 60
31 48
31 32
60 61
48 47
48 49
35 36
73 74
32 54
44 43
36 37
54 53
49 50
42 41
37 38