57 4 55 75 76 89 30 82 24 74 13 31 94 97 78 43 12 14 21 33 35 3 83 32 36 17 52 63 66 92 99 48 19 44 71 22 85 96 77 45 10 18 50 37 80 95 25 40 62 56 67 49 98 58 39 69 73 5 51 88 72 87 64 79 65 53 91 47 90 15 42 68 0 2 23 6 86 8 38 60 29 27 20 1 41 7 46
57 4
57 55
57 75
57 76
57 89
57 94
57 97
4 17
55 30
55 82
75 24
75 74
89 13
89 31
30 78
82 43
24 12
24 14
24 21
24 23
74 33
74 35
13 3
13 83
31 32
31 36
31 38
78 19
14 52
14 63
14 66
33 92
32 99
36 48
17 77
52 44
52 71
63 22
66 85
66 96
66 15
99 42
48 68
44 45
71 90
22 37
22 46
85 10
85 18
96 50
96 20
77 64
45 49
45 98
10 80
10 95
18 25
18 40
18 62
50 56
50 67
80 39
80 69
95 73
95 91
40 58
40 2
62 29
49 5
98 51
58 72
58 87
58 60
58 1
39 41
69 88
69 0
5 79
64 65
79 53
65 47
42 8
0 6
0 86
23 7
38 27