29 34 35 41 28 52 22 23 17 16 21 50 56 53 63 51 15 54 58 11 10 5 4 49 27 3 9 20 40 46 47 48 39 8 14 57 38 32 44 37 36 42 43 95 30 24 31 25 26 13 12 19 96 33 18 91 92 97 6 0 1 7 45 87 2 84 83 80 88 79 55 75 60 61 62 98 94 64 67 93 90 86 71 68 65 66 89 74 78 82 85 81 77 76 69
29 34
29 35
29 22
29 50
29 51
34 41
35 28
41 52
41 40
41 46
28 27
22 23
22 17
22 21
17 16
16 11
21 15
50 56
56 53
56 63
63 60
51 54
15 20
54 58
54 49
58 57
58 75
11 10
11 4
10 5
4 3
4 9
9 8
9 14
46 47
46 39
46 45
47 48
39 38
38 32
38 44
32 26
44 37
44 95
37 36
37 42
37 43
36 30
95 96
30 24
24 31
24 25
26 13
26 33
13 12
12 19
12 18
12 6
96 91
91 92
91 87
92 97
6 0
6 1
6 7
7 2
87 84
87 55
84 83
83 80
80 88
80 79
60 61
61 62
61 64
62 98
98 94
98 74
94 93
64 67
64 68
67 71
93 90
90 86
90 89
86 82
68 65
68 69
65 66
74 78
82 85
82 81
81 77
77 76