27 0 25 26 29 1 30 28 35 3 36 73 34 38 16 83 67 14 44 6 4 88 69 21 68 42 33 2 45 65 95 37 39 87 89 20 13 43 74 90 5 85 61 71 76 17 40 41 23 96 82 12 97 31 32 78 77 66 64 91 47 84 75 86 59 19 62 94 15 24 63 46 52 9
27 0
0 25
0 26
26 29
26 73
29 1
29 35
29 83
1 30
1 28
35 3
35 44
3 36
3 34
36 38
36 67
73 16
34 88
34 42
34 33
38 4
38 65
38 95
38 87
83 19
67 14
67 61
14 69
14 68
44 6
44 74
6 45
6 43
4 37
4 39
88 21
69 71
69 97
21 89
42 5
42 76
33 2
2 31
2 32
65 13
65 91
95 23
37 84
37 59
37 46
39 90
39 47
39 75
87 20
20 85
20 86
13 66
13 64
5 40
5 41
61 12
71 15
71 63
76 17
76 82
76 52
17 78
17 77
23 96
23 94
12 62
97 24
52 9