40 0 57 27 60 67 63 49 50 51 56 62 48 58 64 59 45 61 65 47 42 53 52 41 44 55 54 68 43 46 66 3 6 13 30 15 11 10 33 38 16 32 89 31 25 2 29 22 36 35 24 5 7 17 28 8 18 26 39 37 4 21 19 1
40 0
40 1
0 57
0 27
0 60
0 67
0 63
0 49
0 50
0 51
0 56
0 62
0 48
0 58
0 64
0 59
0 45
0 61
0 65
0 47
0 42
0 53
0 52
0 41
0 44
0 55
0 54
0 68
0 43
0 46
0 66
27 6
27 89
60 30
67 38
63 33
49 13
50 15
51 16
56 22
62 32
48 11
58 28
64 35
59 29
45 7
61 31
65 36
47 10
42 4
53 18
52 17
41 3
43 5
46 8
66 37
6 25
6 2
30 26
30 39
11 24
10 19
22 21