0 7 8 10 11 12 19 20 22 24 30 37 38 39 40 41 42 48 54 62 63 65 66 73 74 75 76 79 82 84 91 92 93 94 95 98 6 9 18 14 21 29 28 33 34 44 43 36 53 56 59 58 61 60 67 71 72 78 77 83 88 90 96 23 25 46 70 80 87
0 6
7 9
7 6
8 14
8 6
10 6
11 9
12 18
12 6
19 18
20 18
22 23
22 25
24 28
24 29
30 33
37 43
38 36
39 44
39 34
39 36
40 36
41 36
42 43
42 44
42 46
48 58
54 59
54 60
54 56
54 61
62 61
63 60
65 60
66 70
73 71
73 72
73 83
74 72
75 72
75 80
76 77
76 72
76 78
79 78
82 77
84 87
84 90
91 96
92 90
93 90
94 90
95 90
98 96
18 21
21 29
29 23
29 34
28 33
44 53
53 56
59 58
60 67
67 71
77 70
83 88
90 96
80 87