0 1 2 3 5 7 9 10 11 12 14 15 16 17 18 19 20 21 26 28 30 31 33 34 35 39 43 45 47 50 57 64 70 71 72 83 84 99 69 80 87 58 85 40 74 75 24 13 95 98 49 23 66 63 22 46 6 38 27 4 78 96 62 29 32 52 77 65 73 93 8 42 89 79 48 44 55 54 59 56 36 82
0 6
0 69
1 8
2 40
3 13
5 49
5 79
7 23
9 46
10 80
10 85
10 95
11 24
12 24
12 13
14 66
14 63
14 52
14 24
15 66
16 27
17 77
17 4
18 85
18 40
18 62
19 78
20 96
21 24
21 93
26 42
28 29
30 78
30 55
31 32
31 89
31 36
31 38
33 74
33 32
34 59
35 74
39 80
39 23
43 52
43 48
43 82
45 98
45 49
45 44
47 65
47 54
50 96
50 56
57 75
57 4
57 89
57 55
64 77
64 65
70 73
71 52
72 58
72 79
83 52
84 93
99 32
99 42
69 80
87 58
58 40
85 66
75 24
95 73
49 56
63 22
22 46
38 27
62 29
8 42
54 59