0 1 2 4 6 7 8 10 12 15 18 20 34 35 36 40 41 42 52 54 58 59 60 64 66 67 68 69 76 78 88 92 96 98 99 26 77 17 80 81 28 25 48 32 27 73 83 39 44 63 50 16 75 56 71 87 23 95 5 19 84 74 13 14 24 30 3 33 43 49 61 45 29 79 9 65 93 22 38 53 57 46 85 51 82 94 31 97 47 37 62 11 21 89 91 72 90
0 26
0 27
0 25
1 28
1 29
1 30
2 33
2 32
2 31
4 39
4 37
4 38
6 43
6 45
6 44
7 46
7 48
7 47
8 50
8 51
8 49
10 56
10 57
12 62
12 63
15 71
15 72
18 80
18 81
20 87
20 85
34 3
35 3
35 97
35 53
36 3
40 5
40 93
41 5
42 5
52 9
52 43
54 84
54 9
58 87
59 11
60 11
60 74
64 13
64 63
66 13
67 14
67 61
68 14
68 73
69 14
69 71
76 17
78 17
78 89
88 21
88 93
92 22
96 23
96 26
98 24
99 24
26 77
77 17
80 65
81 43
81 28
27 73
73 83
83 19
83 39
39 75
16 75
16 74
75 56
71 46
87 79
23 95
23 94
19 84
19 82
13 65
24 97
29 79
9 53
93 22
22 91
51 82
31 97
21 89
21 90