0 1 3 4 5 7 10 14 15 18 19 20 22 32 34 35 42 43 55 59 60 63 73 76 95 58 88 87 68 54 28 80 85 74 52 89 24 13 86 45 81 71 65 67 61 33 11 47 49 70 79 75 37 2 57 39 27 84 77 8 96 12 83 53 17 91 56 31 94 90 38 9 92 23 99 51 98 6 69 36 48 50 40 72 78
0 87
0 58
0 89
1 88
1 67
3 68
4 17
4 8
5 80
7 52
7 92
10 49
14 24
14 23
15 98
18 13
18 98
18 39
18 90
19 75
20 79
20 6
20 56
22 88
32 54
32 2
32 72
34 45
34 12
35 31
42 71
42 83
43 36
43 33
43 65
43 9
55 9
59 61
60 33
60 40
60 28
63 38
73 71
76 45
95 39
58 88
58 54
88 80
87 85
87 68
28 2
85 74
74 84
74 24
52 12
86 45
86 31
45 37
81 71
71 90
65 38
65 11
67 61
67 78
47 2
47 49
49 99
70 79
70 50
70 96
79 69
79 75
37 8
2 57
27 84
84 94
84 77
77 8
8 53
91 56
56 90
90 36
51 98
69 48