0 1 2 3 4 6 7 9 10 11 13 14 15 16 21 22 23 28 34 37 42 53 55 63 67 71 74 78 83 87 88 92 93 79 18 25 19 91 96 69 54 30 65 26 50 57 80 99 70 33 89 40 76 12 29 82 32 45 66 17 31 98 5 8 60 75 95 73 61 47 86 77 84 44 62 41 58 43 24 48 85 27 72 39 94 46 51 35 36 90 68
0 79
1 25
2 30
2 44
3 54
3 24
4 26
6 57
7 39
7 99
9 91
10 76
10 70
11 89
11 94
13 47
14 69
14 96
14 85
15 62
15 27
16 40
16 95
16 27
21 12
22 94
23 61
28 29
34 77
34 65
34 57
37 82
37 57
37 95
42 45
53 32
55 43
55 73
55 66
63 17
67 98
71 47
71 5
71 31
74 25
78 40
83 41
87 5
88 5
88 8
88 61
92 91
92 19
92 70
93 58
79 91
18 86
18 25
91 96
69 54
54 82
30 65
30 75
65 26
65 58
50 33
50 80
57 29
80 99
80 48
99 8
33 45
33 51
89 31
76 45
76 12
29 90
82 17
32 72
32 95
45 36
45 66
31 98
5 84
60 75
86 77
86 41
41 46
51 35
90 68