2 3 4 5 6 7 9 11 14 15 16 19 22 25 27 28 31 33 37 41 42 44 45 46 48 51 52 60 61 63 66 67 70 72 73 29 10 1 57 0 8 21 39 81 89 30 83 85 24 87 90 99 91 18 35 96 13 95 97 54 68 12 32 55 56 17 40 43 65 47 49 50 71 20 38 26 23 59 69 62
2 1
2 29
2 8
2 89
2 85
2 81
2 73
3 18
3 72
3 96
3 91
3 97
4 17
4 30
4 55
5 91
6 18
6 57
6 12
7 17
7 0
9 13
9 21
9 38
11 24
11 39
11 95
14 21
14 40
14 62
15 18
16 30
16 99
19 26
19 20
19 83
22 23
22 65
22 21
25 23
25 47
25 68
27 24
27 12
28 32
28 87
31 30
31 90
31 71
33 1
37 0
41 0
42 0
44 20
45 21
46 0
48 26
51 0
52 32
60 10
61 1
63 1
66 1
67 1
70 1
29 10
1 0
1 54
1 59
1 56
1 69
0 43
0 50
0 35
0 49
8 21
8 26
18 32
96 13