0 1 3 4 6 7 8 11 12 14 18 19 20 22 23 24 25 32 33 39 43 50 56 57 59 60 61 64 67 68 69 74 76 81 83 84 72 15 10 31 21 48 44 65 53 73 5 9 49 46 54 16 37 13 62 79 77 92 90 66 82 86 58 47 45 51 42 28 2 52 91 35 75 34 85 78 29 71 87 89 70 27
0 31
0 49
1 15
1 62
3 10
4 42
6 53
6 28
6 35
7 9
8 46
11 65
12 37
14 13
18 5
18 58
18 73
19 21
19 79
20 46
22 45
22 62
23 46
24 79
25 65
25 53
32 15
32 27
33 79
39 92
43 51
50 49
50 89
56 72
56 65
56 84
56 51
57 73
59 66
60 77
61 92
61 77
64 70
64 86
64 72
67 9
67 5
68 21
68 48
68 73
68 54
69 75
74 65
76 62
76 2
81 72
81 10
83 16
83 86
83 90
83 78
84 82
72 15
15 47
31 21
44 77
44 65
73 52
73 29
49 46
54 16
37 89
13 45
62 87
92 71
92 42
90 66
28 34
52 91
35 75
75 85