32 33 34 37 38 41 42 45 46 49 50 53 54 57 58 61 62 65 66 69 70 73 74 77 78 81 82 85 86 89 90 93 94 0 2 4 6 9 51 8 11 55 10 12 14 16 19 71 72 20 22 24 26 28 30 18 21 75 40 3 43 5 29 31 95 44 17 67 68 52 76
32 6
32 10
33 0
34 0
37 2
38 2
41 43
42 44
42 4
45 6
46 6
49 51
50 8
50 52
53 55
54 10
57 12
58 12
61 14
62 14
65 67
66 16
69 71
70 72
73 75
74 20
74 76
77 22
78 22
81 24
82 24
85 26
86 26
89 28
90 28
93 30
94 30
0 11
2 16
2 11
4 31
6 28
6 14
9 52
9 51
9 22
8 11
11 55
11 5
11 28
10 19
10 30
12 26
12 14
14 24
19 71
19 20
19 72
20 17
20 18
22 29
28 3
21 75
21 76
40 3
43 5
5 44
31 95
17 68
17 67