1 2 4 5 6 7 8 10 13 15 17 18 20 25 26 27 34 35 36 52 54 59 60 61 62 63 68 74 75 82 83 84 90 91 92 93 95 96 97 98 30 31 29 3 38 28 77 76 42 44 73 16 48 50 56 65 71 14 69 80 85 0 9 37 58 11 12 19 21 22 23 33 70 46 32 78 24 87 88 89 39 99 41 40 47 51 66 55 81 86 67 64 45 43 79 94 72 49
1 30
1 28
1 29
2 33
2 31
2 32
4 38
4 37
4 39
5 40
5 41
5 42
6 44
6 45
6 43
7 48
7 46
7 47
8 51
8 50
8 49
10 56
10 55
13 65
13 66
13 64
15 70
15 71
17 76
17 78
18 80
18 79
18 81
20 85
20 87
20 86
25 0
26 29
26 0
27 0
27 56
34 3
35 3
35 29
36 3
36 38
52 9
52 86
52 76
52 58
54 9
59 11
60 11
60 94
61 12
62 12
62 78
63 31
63 71
63 12
68 14
74 16
75 16
75 39
82 76
82 19
83 19
84 19
90 39
90 21
91 22
92 77
92 22
92 78
93 41
95 23
96 23
97 24
98 24
77 56
77 50
76 42
73 16
56 72
71 69
14 67
14 69
85 43
58 11
21 88
21 89
23 94
46 66
46 81
24 99
39 47
99 41