0 1 2 3 4 5 6 7 9 10 11 14 15 19 20 21 23 26 31 35 37 43 44 45 51 52 54 56 62 66 68 70 71 81 84 93 17 57 29 94 91 34 96 88 49 78 60 27 41 12 36 8 95 30 63 24 61 64 83 33 55 98 50 73 42 85 28 90 76 69 97 79 99 16 22 40 80 32 72 18 53 89 92 67 13 39 82 77 38 65 48
0 17
1 85
1 96
1 29
1 50
2 94
3 34
4 57
5 49
6 77
6 72
7 22
7 78
9 49
10 40
10 94
10 29
11 27
14 41
15 36
19 61
19 42
20 92
21 95
23 8
23 60
23 17
23 33
26 76
26 39
31 98
35 67
35 57
37 49
37 65
43 61
43 94
44 97
44 24
45 49
45 36
45 39
51 64
51 99
51 72
52 78
54 36
54 83
56 85
56 41
62 24
66 29
68 88
70 63
70 92
71 98
81 50
84 98
93 72
17 57
29 27
91 34
91 55
34 12
96 88
88 49
88 48
49 16
78 80
60 95
41 79
12 53
12 36
8 73
95 13
95 97
95 28
30 63
63 28
33 82
98 69
50 69
73 40
85 90
79 99
22 18
32 72
18 92
53 89
13 38