0 1 5 6 9 12 18 20 30 32 34 36 38 40 50 51 52 53 54 63 78 80 82 85 86 87 88 92 95 4 2 7 3 14 13 29 31 33 35 37 39 17 58 55 56 76 79 69 91 89 83 99 94 96 11 10 61 59 98 81 84 93
0 3
1 2
5 7
5 11
6 7
6 4
9 14
9 11
12 13
18 2
18 10
20 29
20 3
30 31
30 29
32 33
32 31
34 35
34 33
36 35
36 37
38 37
38 39
40 39
50 58
50 56
51 61
51 55
52 58
53 55
53 58
53 17
54 56
63 61
78 76
78 79
80 89
80 98
82 83
85 96
85 99
85 69
86 98
86 99
87 81
87 93
88 94
88 83
92 89
92 83
92 91
95 96
95 84
4 13
4 2
3 14
13 17
17 76
56 59
79 69
98 93