0 2 3 4 5 7 8 9 12 20 28 29 30 43 44 45 55 56 57 58 59 60 64 65 66 68 69 70 71 72 76 77 80 81 90 91 93 95 96 97 25 32 52 54 36 40 42 37 26 23 94 48 74 51 62 41 85 24 99 1 27 83 19 82 6 10 11 98 13 14 84 78 53 18 88 21 92 22 35 33 39 46 31 61 47 86 79 16 75 67 15 17 63 89 38 49 50 73
0 25
0 27
0 26
2 32
2 31
2 33
3 35
3 36
4 38
4 37
4 39
5 41
5 40
5 42
7 48
7 47
7 46
8 51
8 50
8 49
9 54
9 52
9 53
12 61
12 62
12 63
20 85
20 86
28 79
28 1
29 82
29 1
30 1
30 99
43 46
43 6
44 6
45 6
45 89
55 10
55 33
56 10
56 78
57 74
58 11
59 11
60 11
60 42
60 94
64 98
64 13
65 13
66 13
68 14
68 40
69 78
69 14
69 35
70 15
71 15
71 38
72 15
76 17
77 17
80 18
81 18
81 88
90 21
90 51
91 22
93 22
95 23
96 23
97 24
25 52
23 94
74 16
74 89
41 85
85 63
24 99
24 98
27 83
83 19
19 84
19 82
14 67
78 17
18 79
88 21
21 89
92 22
92 89
86 50
16 75
16 73
38 49