0 2 5 24 25 29 31 32 35 37 42 44 45 48 52 53 54 56 59 64 65 67 68 69 71 75 76 77 78 86 87 89 93 94 95 98 17 1 15 4 72 27 46 20 12 14 28 3 82 18 13 66 8 36 33 58 11 21 99 70 90 9 41 19 22 47 26 97 73 38 10 92 7 63
0 3
0 28
0 72
2 15
5 58
5 1
5 14
5 19
5 22
24 4
25 26
29 36
31 12
32 14
35 27
37 92
37 27
37 46
42 1
44 27
44 13
45 90
48 3
52 1
53 63
53 3
54 18
56 36
59 3
59 82
64 38
64 9
65 99
67 19
68 66
69 70
69 90
69 9
71 8
75 3
76 12
77 14
77 73
78 14
86 46
87 36
87 26
89 1
93 4
94 28
95 8
98 27
98 72
17 1
15 11
4 21
4 18
4 7
27 41
46 47
20 12
20 21
12 33
14 99
82 18
13 66
8 99
33 58
11 21
21 70
9 97
26 97
10 92