0 1 2 3 4 5 6 7 8 10 11 12 14 16 17 21 22 23 25 26 27 28 33 35 36 42 48 49 53 55 56 59 79 30 66 13 20 24 37 61 50 9 62 57 45 40 18 68 69 71 73 75 76 77 82 52 84 89 92 80 31 58 97 98 34 29 15 54 38 19 44 32 51 39 47
0 20
0 61
0 97
0 37
0 68
0 84
0 66
0 73
0 80
0 62
0 82
0 92
0 76
1 31
1 45
1 59
2 30
3 19
3 13
4 24
4 15
5 37
6 31
6 34
7 9
8 32
8 44
10 20
10 40
10 50
10 57
10 52
11 57
11 47
11 34
11 29
12 45
14 32
14 51
14 18
16 47
17 54
17 69
21 71
21 51
22 40
23 34
25 24
25 20
26 9
26 75
27 38
28 39
28 77
33 44
33 19
35 52
36 38
36 30
42 47
42 89
48 58
49 31
53 58
55 54
55 15
56 29
56 98
79 30
30 58
30 15
50 9
40 18
52 39