1 2 3 4 5 6 12 13 15 18 19 22 24 25 26 27 46 47 48 49 50 52 54 58 59 60 67 68 69 75 85 90 94 95 30 61 32 28 36 20 86 37 40 35 43 29 65 77 70 17 76 80 31 82 91 34 98 78 7 51 8 64 9 73 11 89 14 21 62 63 39 42 93 45 16 71 33 96 81 84 99 0 88 92 83 56 38 66 23 72 41 44 97 10 57 55 53 79 74 87
1 28
1 29
1 30
2 32
2 31
2 33
3 34
3 36
3 35
4 38
4 39
4 37
5 41
5 42
6 44
6 43
6 45
12 63
13 64
13 66
13 65
15 70
15 71
15 72
18 80
18 79
18 81
19 83
19 84
19 82
22 91
22 93
22 92
24 99
24 98
24 97
25 0
25 78
26 0
27 0
46 7
47 51
47 7
48 7
48 98
49 8
50 8
52 57
54 9
58 11
58 66
59 11
60 11
67 14
68 14
68 96
69 33
69 14
75 16
85 20
85 64
90 21
94 23
94 62
95 23
95 63
95 70
95 55
30 35
61 32
61 40
36 77
20 86
20 87
86 37
77 17
77 51
17 76
17 78
31 82
78 44
51 8
9 53
73 16
73 62
89 21
21 88
62 97
62 39
42 71
93 45
93 53
16 74
96 23
96 81
88 38
92 56
56 10
10 57