0 1 2 3 4 5 6 7 10 15 16 17 18 20 21 25 26 27 30 32 35 37 38 39 46 47 48 52 60 23 54 90 44 62 88 42 63 64 68 12 66 70 71 72 73 75 76 77 78 80 29 57 82 94 50 85 89 43 86 92 65 8 93 96 56 19 13 53 9 31 24 58 40 41 11 59 22 34
0 23
0 82
0 68
0 86
0 66
0 80
0 94
0 71
0 93
0 63
0 70
0 72
0 92
0 96
0 73
0 88
1 54
2 44
2 13
3 41
3 8
3 40
3 62
4 9
4 42
5 11
6 41
6 64
7 53
10 22
15 13
15 31
15 19
16 31
17 19
17 53
18 56
20 22
20 34
20 43
20 75
21 50
21 24
21 43
21 76
25 59
25 77
25 50
26 24
26 78
27 29
30 57
32 40
32 9
35 50
37 34
37 85
38 43
39 12
46 58
47 8
48 22
52 19
52 58
60 56
23 54
54 56
54 57
54 19
90 44
68 12
29 59
89 43
65 8
53 9
31 24
11 59