1 4 38 7 8 39 74 71 14 16 17 85 54 59 42 69 56 80 99 21 10 81 55 51 37 23 33 5 97 49 62 26 29 86 58 41 73 75 61 70 9 60 24 12 43 44 27 47 92 50 13 93 66 3 34 68 96 94 18 46 36 84 40
1 42
1 56
1 10
4 58
4 5
4 12
4 44
4 69
38 62
38 56
38 86
7 21
8 34
39 60
74 5
71 97
71 92
14 50
14 49
16 55
16 81
17 43
17 62
85 29
54 86
59 97
59 3
42 81
56 80
99 21
99 49
99 93
10 51
10 97
10 13
81 18
51 37
37 23
23 33
33 5
33 24
49 26
26 29
26 46
86 73
58 41
73 75
75 27
61 24
61 70
70 9
9 60
60 50
47 92
47 84
50 96
66 3
34 68
68 96
96 36
96 40
94 18