0 2 34 37 38 69 8 10 11 13 47 79 19 51 21 83 92 98 96 59 17 1 95 7 72 23 97 53 29 81 46 73 82 99 18 87 67 14 9 58 39 88 6 12 85 36 40 22 32 62 3 71 57 30 80 70 54 50 52 93 60
0 98
2 39
2 17
34 36
34 1
37 97
38 46
38 30
69 32
8 54
8 3
8 57
10 99
10 12
11 81
11 50
13 18
47 87
79 14
19 14
51 70
21 6
83 87
92 58
92 97
98 96
98 53
96 82
96 59
59 17
1 22
1 18
95 7
7 72
7 88
7 18
7 71
7 6
72 23
23 97
53 29
53 9
81 46
81 40
81 67
46 73
82 99
99 88
87 85
67 71
67 14
9 60
58 85
85 93
22 62
22 32
62 3
30 80
80 70
52 93