0 3 6 9 11 13 15 17 19 21 23 24 25 30 33 36 40 41 43 45 46 50 53 56 59 61 63 65 67 69 71 73 74 75 80 83 86 89 91 93 95 96 2 18 20 16 7 4 8 14 44 49 34 35 32 39 42 38 47 1 98 97 88 57 55 27 70 79 60 58 64 68 72 82 85 87 90 92 94 10 12 22 84 54 62 66 99
0 1
0 2
0 4
3 20
6 7
6 8
9 10
11 8
11 12
13 14
13 12
15 16
15 7
17 18
19 44
19 20
21 20
23 14
23 22
24 14
24 38
25 10
25 20
25 27
30 32
33 35
33 34
36 34
40 42
40 39
41 42
43 42
45 44
46 47
50 54
50 55
53 70
56 57
56 55
56 58
59 60
61 58
63 64
63 62
65 57
65 66
67 68
69 70
69 94
71 70
71 79
73 72
73 64
74 88
74 64
75 60
80 79
80 82
83 85
83 84
86 84
86 87
89 57
89 90
91 92
93 92
95 94
96 98
96 97
2 18
18 16
7 39
49 34
34 42
35 32
38 47
1 98
97 88
27 70
60 62
68 66
82 85
90 92
92 84
10 12
84 99