1 3 4 6 8 9 12 13 14 22 23 25 26 27 32 33 40 41 46 48 57 58 59 71 72 73 74 75 76 77 79 80 82 83 88 99 28 66 64 62 34 30 90 21 38 43 44 51 29 54 61 69 93 95 0 53 55 45 97 5 7 52 70 15 18 81 94 68 16 17 19 24 11 98 37 49 92 56 10 35 31 2 47 67 65 84 89 39 42 50 63 20 86 87 78 91 60 96
1 28
1 30
1 29
3 34
3 35
4 38
4 37
4 39
6 43
6 44
6 45
8 51
8 49
8 50
9 53
9 52
9 54
12 61
12 63
12 62
13 66
13 64
13 65
14 68
14 67
14 69
22 91
22 93
22 92
23 96
23 95
23 94
25 0
26 0
26 28
27 0
27 70
32 2
33 2
33 97
33 86
40 5
40 84
41 5
41 47
46 7
48 7
57 10
58 11
58 34
59 11
71 67
71 78
71 15
72 15
73 16
73 94
74 16
74 68
75 16
76 93
76 17
77 17
79 18
80 18
80 29
82 39
82 19
83 19
88 21
88 38
99 24
66 90
62 34
90 21
21 89
61 50
93 63
55 10
45 97
97 24
5 42
7 47
52 49
70 15
18 81
81 65
17 78
19 84
24 98
11 60
98 37
92 56
56 10
31 2
20 86
20 87