0 2 5 7 9 11 14 16 18 20 22 24 26 29 31 33 35 37 38 40 42 45 46 49 53 54 57 58 60 61 62 64 66 69 73 75 77 78 80 81 83 85 87 89 91 93 96 98 1 3 4 6 8 10 30 41 21 15 17 23 25 19 52 43 27 28 36 39 34 47 48 50 51 63 65 59 72 74 76 68 70 71 82 84 86 79 90 92 94 95 97 13 12 56 67 88 99 32 44 55
0 1
0 10
2 1
2 3
5 6
5 4
7 8
7 6
9 8
9 19
11 21
11 12
14 13
14 15
16 17
16 15
18 17
18 28
20 10
20 30
22 23
22 32
24 23
24 25
24 15
26 27
26 25
29 19
29 39
31 21
31 41
33 43
33 34
35 36
35 34
35 44
37 27
37 47
38 28
38 48
40 30
40 50
40 41
42 32
42 52
45 44
46 36
46 56
46 47
49 39
49 59
53 63
53 43
54 55
54 44
57 67
57 47
58 68
58 48
60 70
60 50
61 71
61 51
62 72
62 52
64 63
66 65
66 56
69 79
69 59
73 72
73 74
75 76
77 76
77 67
78 88
78 68
80 90
80 70
81 71
81 82
83 82
83 84
85 86
85 84
87 88
87 86
89 99
89 79
91 90
91 92
93 92
93 94
96 97
96 95
98 99
98 97
3 4
13 12