0 5 12 17 18 20 26 30 36 40 45 46 53 67 70 72 80 83 86 93 95 98 4 9 3 13 10 15 14 22 24 28 23 21 73 78 32 50 51 37 33 90 11 31 48 63 60 34 35 84 16 87 96 8 43 94 39 85 54 52 61 27 2 25 88 82 77 41 62 89 81
0 4
5 3
5 8
12 13
12 96
12 16
17 3
18 14
18 13
20 28
26 22
26 23
26 28
30 32
36 33
40 63
45 82
45 11
46 43
53 11
67 60
70 73
70 10
72 77
72 34
80 34
83 84
83 89
86 87
86 81
93 94
95 96
98 96
4 31
4 22
4 9
9 90
15 14
22 24
23 21
23 2
73 78
78 90
78 32
32 50
50 51
50 25
51 37
37 35
37 52
37 33
90 11
90 94
11 8
11 63
31 48
63 60
34 39
34 96
35 84
84 88
16 87
87 85
87 61
43 27
54 52
54 27
61 27
41 62
62 89