0 1 2 3 4 5 7 8 9 12 13 16 17 19 21 22 28 30 36 43 53 55 62 65 74 79 84 60 81 31 68 54 15 37 6 45 93 46 76 95 33 42 41 61 52 20 18 80 10 34 72 97 78 40 44 58 64 99 71 48 32 49 39 56 91 70 86 25 26 88 66 11 94 73 96 92 90 77 69 82 23
0 60
1 97
1 40
1 31
2 10
2 32
2 6
3 54
3 61
4 68
5 20
7 72
7 37
8 6
9 99
9 45
12 33
13 49
13 45
13 10
16 93
16 61
17 44
19 58
21 37
22 42
22 86
28 61
28 52
30 81
36 91
36 37
36 96
43 52
53 31
55 11
55 31
62 45
62 34
65 45
74 18
79 80
79 72
84 48
60 68
60 81
81 95
81 31
81 15
81 20
31 45
37 64
45 46
46 76
95 69
33 42
33 40
41 26
41 61
61 90
20 18
10 39
10 48
34 25
78 73
78 94
78 44
58 77
99 71
71 94
48 70
49 26
56 91
70 77
26 88
66 11
73 96
96 23
92 90
82 23