0 2 3 7 11 14 16 18 19 20 25 27 28 32 36 38 39 45 46 47 48 50 52 53 57 61 63 64 70 71 72 73 75 77 78 82 86 88 89 95 96 97 98 1 6 10 5 13 17 15 26 31 35 30 42 41 43 40 51 56 60 55 67 66 68 65 76 81 85 80 99 91 93 12 37 62 92 87
0 1
2 6
2 5
2 1
3 10
3 1
7 6
11 10
11 17
11 12
14 5
14 15
16 13
18 13
19 13
20 17
25 26
27 31
27 30
27 26
28 35
28 26
32 31
36 35
36 42
36 37
38 30
38 41
38 43
39 30
39 40
45 42
46 41
47 41
48 43
50 51
52 56
52 55
52 51
53 60
53 51
57 56
61 60
61 67
61 62
63 55
63 66
63 68
64 55
64 65
70 67
71 66
72 66
73 68
75 76
77 81
77 80
77 76
78 85
78 76
82 81
86 85
86 92
86 87
88 80
88 91
88 93
89 80
95 92
96 91
97 91
98 93
5 13
15 26
40 60
65 76
65 99