1 2 4 5 7 9 10 11 12 13 16 22 23 25 26 27 34 35 36 43 44 45 49 51 67 69 70 71 72 76 79 80 81 84 86 88 90 97 28 87 31 39 29 77 61 42 47 53 30 55 20 85 59 64 0 75 32 91 95 3 6 37 56 82 60 17 78 15 46 19 21 62 99 24 40 33 48 57 65 73 68 14 18 83 38 93 96 8 50 41 52 94 98 63 66 54 92 58 74
1 29
1 28
1 30
2 31
2 32
2 33
4 38
4 37
4 39
5 42
5 41
7 46
7 47
7 48
9 52
9 54
9 53
10 56
10 55
10 57
11 59
11 60
11 58
12 61
12 62
12 63
13 66
13 65
13 64
16 74
16 73
16 75
22 92
22 91
22 93
23 96
23 95
23 94
25 0
26 0
27 61
27 0
27 77
34 3
35 3
35 68
36 3
43 47
43 6
44 6
44 83
45 87
45 31
49 8
49 37
49 96
51 8
67 56
69 14
69 41
70 15
71 15
71 92
72 15
76 56
76 17
79 18
79 55
80 18
80 40
81 18
84 19
84 96
86 20
88 59
88 21
90 21
90 57
97 24
28 87
87 20
31 60
77 17
53 55
20 85
32 91
95 78
82 19
17 78
19 83
62 99
62 68
99 24
24 98
57 73
68 14
8 50
52 66