1 2 3 6 7 13 18 19 27 29 32 40 42 52 74 75 78 83 90 98 99 28 5 9 38 76 37 20 71 10 0 73 64 87 43 45 65 17 15 55 67 79 31 86 33 92 14 68 88 23 36 16 66 72 93 89 46 97 50 80 95 34 58 94 48
1 28
2 9
2 5
2 17
3 76
3 67
6 10
7 0
13 0
13 80
18 64
18 95
19 28
19 37
27 28
27 58
29 87
32 66
40 17
42 65
42 87
52 15
74 55
75 5
75 43
75 73
78 9
83 67
90 79
98 86
99 50
28 5
5 15
9 38
9 31
38 76
37 20
20 71
20 36
20 66
71 10
0 92
0 88
73 64
64 89
43 45
45 65
45 72
17 68
15 93
15 94
55 48
55 66
79 23
31 86
86 33
86 14
33 92
92 46
88 23
36 16
46 97
97 50
95 34