2 4 5 6 8 11 12 14 17 18 21 24 26 28 31 33 34 37 38 41 42 44 45 47 48 51 53 54 56 57 58 60 62 63 65 86 87 89 91 92 94 95 97 98 9 68 3 71 74 75 15 79 19 77 78 81 84 1 7 27 0 22 83 23 32 35 39 46 10 25 16 13 20 49 88 90 93 96 99 50 30 52 55 59 61 64
2 1
2 3
2 79
2 68
2 9
2 74
2 77
2 75
4 10
4 9
5 22
5 7
6 50
6 3
8 16
8 32
8 71
8 52
11 35
11 13
11 55
12 25
12 15
14 19
14 90
17 20
18 23
18 22
18 78
18 93
21 0
21 81
21 23
21 96
24 25
24 13
24 99
24 64
24 84
24 46
26 0
28 0
31 7
33 0
34 0
37 0
38 0
41 0
42 0
44 22
45 23
47 0
48 3
51 1
51 7
53 9
54 1
56 13
57 1
58 16
60 19
62 1
63 1
65 1
86 7
87 10
89 3
91 15
92 3
94 3
95 3
97 22
98 3
3 88
15 16
15 19
1 49
1 59
1 61
27 0
0 39
0 30
22 25
83 23
25 20