32 33 34 37 38 41 42 45 46 49 50 53 54 57 58 61 62 65 66 69 70 73 74 77 78 81 82 85 86 89 90 93 94 0 2 4 6 8 10 12 14 16 18 20 22 24 26 28 30 35 1 5 44 7 47 25 84 29 91 17 68 21 75 76 52 9 19 71 72 27 87
32 24
33 35
34 0
37 2
38 2
41 4
42 44
45 47
45 6
46 6
49 8
50 52
50 8
53 10
54 10
57 12
58 12
61 14
62 14
65 16
66 68
66 16
69 18
69 71
70 72
70 18
73 75
74 76
77 22
78 22
81 24
82 84
82 24
85 87
86 26
89 91
89 28
90 28
93 30
94 30
0 30
0 8
0 12
0 5
2 17
2 21
4 30
6 12
8 14
10 17
12 19
14 28
14 27
16 24
20 28
20 24
22 25
26 30
35 1
1 25
5 44
7 47
25 84
29 91
17 68
21 76
21 75
52 9
19 71
27 87