0 35 36 37 38 41 42 45 46 49 50 53 54 57 58 61 62 65 66 69 70 73 74 77 78 81 82 85 86 89 90 93 94 97 98 33 34 2 4 7 47 6 8 10 12 14 16 18 20 22 24 26 28 30 32 1 3 40 13 59 29 91 19 71 51 9 15 63 64 52 21 75 31 95 67 17 68
0 33
0 34
35 1
35 33
36 1
37 2
38 40
38 2
41 4
42 4
45 47
46 6
49 51
50 8
50 52
53 10
54 10
57 59
57 12
58 12
61 63
61 14
62 64
65 16
65 67
66 68
69 71
70 18
73 75
73 20
74 20
77 22
78 22
81 24
82 24
85 26
86 26
89 91
89 28
90 28
93 95
93 30
94 30
97 32
98 32
4 12
7 47
7 18
6 26
10 14
10 3
10 16
12 32
12 26
14 21
16 20
18 31
18 29
22 17
24 1
24 19
24 26
26 29
1 3
3 40
13 59
29 91
19 71
51 9
9 52
9 15
15 64
15 63
31 95
67 17
17 68