0 35 36 37 38 41 42 45 46 49 50 53 54 57 58 61 62 65 66 69 70 73 74 77 78 81 82 85 86 89 90 93 94 97 98 33 34 3 39 2 4 6 8 10 16 12 14 18 20 22 24 26 28 30 32 1 7 47 15 64 9 51 27 88 17 68 21 75 76 48 52 71 19 23 29 91
0 34
0 33
0 28
0 8
35 1
35 33
36 34
37 39
37 2
38 2
41 4
42 4
45 47
46 6
46 48
49 51
50 52
50 8
53 10
54 10
57 12
58 12
61 14
62 64
65 16
66 68
69 18
69 71
70 18
73 75
74 76
77 22
78 22
81 24
82 24
85 26
86 88
89 91
89 28
90 28
93 30
94 30
97 32
98 32
3 39
3 20
2 27
2 18
2 15
4 28
10 7
10 16
16 12
16 32
14 17
14 9
20 23
22 30
24 32
26 23
30 32
32 21
32 1
1 15
7 47
7 48
15 64
9 52
9 51
27 88
17 68
21 75
21 76
71 19
29 91