0 1 2 3 5 8 12 16 17 18 19 20 21 22 27 28 31 33 34 35 43 45 48 49 50 58 59 66 67 81 94 85 64 46 87 78 15 63 93 60 56 69 13 14 41 7 24 44 89 30 62 10 76 74 71 37 29 95 51 9 6 77 42 72 54 38 11 90 84 96 91 23 73 79 40 86 25 57 68 75 99 36 55 70 47 53 65 92
0 85
0 14
1 41
1 64
2 15
3 7
5 93
8 69
8 38
8 79
12 13
12 68
16 78
17 85
17 64
18 95
19 41
20 24
21 51
21 44
21 91
21 36
21 90
22 44
27 99
28 37
28 30
28 63
31 9
33 93
34 46
34 55
35 54
35 78
43 7
45 7
45 78
48 89
48 6
49 30
50 78
58 62
59 10
66 96
67 72
81 40
81 54
81 76
94 63
85 46
87 78
87 93
87 95
78 63
78 15
15 71
63 84
93 11
60 56
56 30
56 69
56 13
56 62
7 24
62 92
10 47
76 74
74 57
74 99
37 73
29 51
9 90
6 91
77 42
42 72
42 75
38 23
11 90
84 70
84 96
96 75
96 53
40 86
25 57
99 65
36 55
47 65