0 2 4 6 8 10 12 15 17 19 21 23 25 27 29 35 36 37 38 39 40 41 42 43 44 45 46 47 48 49 50 51 52 53 54 55 56 57 58 59 60 61 62 63 64 65 66 1 3 5 7 9 11 13 14 16 18 20 22 24 26 28 31 32 33 34
0 1
2 1
2 3
4 3
4 5
6 7
6 5
8 7
8 9
10 11
10 9
12 13
12 11
15 14
15 16
15 32
15 31
15 33
15 34
17 18
17 16
19 20
19 18
21 22
21 20
23 22
23 24
25 26
25 24
27 28
27 26
29 28
35 14
36 14
37 14
38 14
39 16
40 16
41 16
42 16
43 31
44 31
45 31
46 31
47 31
48 32
49 32
50 32
51 32
52 32
53 33
54 33
55 33
56 33
57 33
58 34
59 34
60 34
61 34
62 34
63 13
64 13
65 13
66 13
13 14