0 2 3 4 9 18 31 35 36 40 43 58 59 60 67 69 72 78 79 81 83 84 85 87 88 89 91 93 98 33 26 17 20 77 15 12 27 44 6 25 42 49 5 22 16 64 90 47 28 1 13 75 50 63 51 32 14 71 23 24 68 8 11 99 54 29 52 97 7 62 57 19 82 61 21 53
0 27
0 33
0 47
0 50
2 26
3 77
4 12
4 97
4 75
9 20
9 13
9 23
18 68
18 15
31 12
35 99
35 6
35 12
35 57
36 25
40 42
43 33
43 28
43 82
58 54
59 49
59 54
59 61
60 22
60 21
67 20
67 17
69 16
72 90
72 29
78 71
78 32
79 52
79 25
81 62
81 52
83 26
84 1
85 13
87 75
88 24
89 14
91 20
93 32
98 19
98 6
33 25
33 26
33 44
26 64
26 42
17 63
17 16
20 77
15 12
15 14
44 6
5 22
5 14
90 19
1 7
1 8
1 13
13 61
63 51
32 11
23 24
8 11
11 99
21 53