0 2 3 5 6 7 8 10 12 16 19 20 22 28 29 30 37 38 52 53 54 58 59 60 66 67 68 72 77 79 80 88 90 97 99 26 56 55 33 34 25 40 4 39 45 57 46 71 50 11 63 75 83 41 86 91 48 76 1 9 42 14 27 18 81 17 89 21 24 31 36 87 32 61 73 82 64 13 15 51 78 43 35 95 23 94 96 47 44 98 49 84 92 65 69 74 85 93 62 70
0 26
0 25
0 27
2 31
2 32
2 33
3 34
3 35
5 41
5 40
5 42
6 44
6 43
6 45
7 46
7 47
8 51
8 49
8 50
10 56
10 57
10 55
12 63
12 61
12 62
16 73
16 75
16 74
19 82
19 84
19 83
20 87
20 85
20 86
22 91
22 93
22 92
28 1
28 76
29 1
30 1
37 4
38 4
38 71
52 9
52 73
53 9
53 70
53 64
54 9
58 11
59 11
59 25
60 11
66 13
66 41
67 14
67 69
68 14
72 15
72 81
77 17
79 18
80 18
80 89
88 21
88 43
90 21
97 24
97 49
99 24
26 56
55 34
34 36
4 39
57 48
57 46
71 15
71 50
86 82
91 47
48 76
76 17
18 81
17 78
89 21
24 98
31 36
31 87
61 85
64 13
13 65
15 70
51 78
95 23
23 94
23 96
94 70
98 69