0 2 4 6 8 10 12 14 16 18 20 22 24 27 29 31 33 35 37 39 44 48 50 52 54 57 60 62 65 67 69 71 73 78 81 83 85 90 92 96 1 3 5 21 77 76 11 89 95 13 91 15 19 23 82 28 32 46 47 38 17 56 94 53 93 61 88 79 80 66 87 70 72 86 7 42 43 26 36 59 58 25 74 64 63 55 41 40 75 9 68 49 30 45 84 51 97 34
0 1
0 89
2 3
4 3
4 5
6 11
6 7
8 76
10 11
10 26
10 9
12 11
12 41
12 13
14 43
14 13
16 15
16 91
16 17
18 61
18 19
18 17
20 21
20 19
20 46
22 77
22 23
24 23
24 25
27 26
27 28
29 82
29 30
31 28
33 55
33 32
35 47
35 36
37 38
37 59
39 40
39 64
44 43
48 63
50 49
50 56
50 51
52 53
54 53
54 34
57 56
57 15
57 58
60 59
60 93
62 63
65 80
67 68
67 66
67 58
69 68
69 70
71 70
71 72
73 72
78 79
81 80
83 82
83 19
83 84
85 86
90 89
90 91
92 32
92 93
96 13
96 95
96 97
5 38
77 76
95 94
23 53
46 45
46 47
94 93
88 87
79 80
79 66
87 86
86 30
42 43
26 25
59 58
25 74
74 75
64 63
41 40