0 1 3 5 7 8 9 10 12 16 17 18 20 22 24 28 30 31 32 35 39 45 55 85 88 92 78 97 82 27 14 94 52 64 36 77 68 93 74 79 90 63 4 81 73 56 21 60 84 91 95 54 75 25 53 98 34 86 13 11 37 70 57 51 47 96 87 33 62 43 65 89 66 26 58 83 29 48 71 61 72 76
0 78
1 73
3 25
5 14
7 13
8 52
9 53
10 78
10 33
12 94
12 26
16 56
17 98
17 48
18 65
20 95
22 54
24 79
24 29
28 87
30 63
30 72
31 27
31 87
32 81
32 71
32 25
32 76
35 94
39 60
45 91
55 94
85 75
88 93
92 75
92 34
92 61
97 94
82 27
82 36
82 13
82 79
82 77
27 70
27 63
14 37
14 47
94 90
94 81
94 43
94 52
94 98
94 58
94 95
64 66
64 70
64 89
64 93
68 79
74 75
90 70
63 84
63 33
63 86
63 73
63 96
63 91
63 57
4 81
81 75
73 54
73 56
73 21
60 87
60 11
84 37
91 65
75 62
75 83
53 96
51 65