0 2 3 5 6 7 11 12 13 16 18 25 29 31 32 33 34 35 41 42 46 47 49 50 58 60 62 68 72 76 80 85 86 53 1 51 38 56 93 70 37 40 45 28 59 9 17 65 27 10 61 87 78 21 94 14 96 88 15 23 84 4 36 52 67 30 48 44 57 39 8 98 95 24 64 19 71 22 63 55 54 26 91 99 77 73 75 83 90 89
0 37
0 10
0 87
2 53
3 36
5 22
6 95
6 24
7 70
7 40
11 91
11 40
12 99
12 63
13 53
16 4
16 36
16 73
18 28
25 65
25 53
29 88
29 59
31 17
32 55
32 51
33 51
34 65
34 39
35 26
35 27
41 38
42 93
46 84
47 8
47 24
49 52
49 9
50 54
50 64
58 98
60 44
62 96
68 15
68 63
72 23
76 27
76 28
76 45
76 75
80 84
85 59
86 96
1 51
1 10
1 45
1 59
51 93
51 38
38 56
56 84
56 64
93 70
93 61
28 23
9 17
10 77
87 78
78 21
78 71
21 94
21 14
94 52
14 96
96 44
88 83
88 15
15 22
23 98
84 39
36 95
52 90
67 30
30 39
48 99
44 89
44 57
19 71
77 73