0 1 2 3 5 7 9 10 12 15 17 18 20 21 23 24 26 32 33 37 41 43 44 45 46 50 57 59 61 62 65 68 73 75 81 89 34 93 85 78 91 28 19 42 52 8 67 80 39 16 83 69 64 48 72 70 88 53 11 95 79 60 76 14 13 38 99 47 40 36 96 82 25 56 29 4 86 49 98 87 54 97 90 6 22 58 94 51
0 34
1 82
1 93
1 96
2 8
3 19
5 13
5 70
7 52
7 87
9 8
9 64
10 52
12 4
15 16
17 72
18 58
18 69
20 48
21 98
21 76
21 72
23 91
23 70
23 28
23 96
24 70
26 53
32 42
33 72
37 79
41 48
41 56
43 53
43 4
44 60
45 14
46 38
46 54
50 99
57 95
59 16
61 11
61 25
62 6
62 88
62 87
62 72
65 47
65 56
68 40
68 54
73 36
73 38
75 19
81 42
89 69
34 42
34 85
85 78
78 47
28 19
19 60
42 99
8 90
67 80
80 39
39 51
16 49
16 97
83 69
69 60
69 72
64 48
64 97
64 76
88 53
11 95
95 79
76 14
13 38
82 25
56 29
86 49
87 22
6 51
58 94