0 1 2 5 6 7 8 9 10 11 12 13 14 16 17 21 23 25 29 32 33 34 35 39 40 45 46 50 51 55 57 61 67 69 73 75 77 82 85 87 96 49 91 60 18 31 62 47 22 93 79 59 70 20 64 28 53 86 65 44 84 54 90 72 97 94 19 52 99 48 38 78 80 68 27 41 66 71 37 83 58 89 56 15 88 63 95 92 30 24 98
0 49
1 65
1 18
2 47
2 66
5 22
5 68
6 63
6 27
7 41
7 79
7 92
8 58
8 18
8 30
9 24
9 59
10 79
11 60
11 48
11 31
12 48
12 44
12 70
13 20
14 94
14 90
16 28
17 53
21 27
21 71
21 86
23 65
25 49
29 44
32 15
32 84
33 93
34 18
34 99
34 38
35 54
39 90
39 37
39 15
40 65
45 97
46 94
46 83
50 52
51 72
55 31
57 65
61 99
67 53
67 64
67 56
69 89
73 62
73 47
73 54
75 22
77 94
82 28
82 41
82 44
82 38
85 90
85 95
87 65
96 70
49 91
91 70
60 84
18 19
93 79
20 66
64 86
64 72
28 54
72 97
97 83
97 88
19 52
78 80
80 68
68 71
71 98
58 89
30 24