0 1 2 3 5 6 7 8 10 11 12 13 17 37 38 39 52 53 54 67 68 69 70 71 72 73 74 80 81 83 84 86 87 88 89 93 95 99 26 28 9 32 29 36 25 42 27 44 47 50 40 55 59 22 91 18 79 62 65 48 78 23 94 4 14 41 35 33 15 96 21 90 30 20 63 31 66 46 61 34 51 98 24 56 45 49 75 82 76 16 19 43 97 57 60 92 64 77 85 58
0 26
0 27
0 25
1 29
1 28
2 32
2 31
3 36
3 34
3 35
5 40
5 41
5 42
6 44
6 43
6 45
7 48
7 47
7 46
8 50
8 49
10 55
11 60
11 58
11 59
12 62
12 61
12 63
13 65
13 64
13 66
17 77
17 78
17 76
37 4
37 44
38 4
39 4
39 94
39 85
52 9
52 32
52 75
53 9
54 9
67 14
67 47
68 14
68 97
69 14
69 33
70 15
70 75
71 15
71 57
72 15
73 16
73 36
74 16
80 90
80 18
81 18
81 51
83 98
83 19
83 30
84 19
86 20
86 49
87 20
88 21
88 46
89 21
93 22
93 43
95 23
95 27
99 24
28 50
32 56
29 59
29 36
36 47
25 42
55 66
22 91
22 92
18 79
48 78
23 96
23 94
21 90
20 85
63 97
61 75
98 24
24 97
82 19
57 64