0 2 4 6 8 10 13 15 17 19 21 23 25 27 29 31 34 36 38 42 44 46 48 50 52 55 57 59 66 68 76 78 80 83 86 91 94 49 45 65 64 54 75 12 26 90 16 1 5 74 22 70 24 41 11 61 62 47 37 53 33 32 30 77 85 3 51 60 93 71 14 88 89 63 92 7 39 82 87 56 20 69 81 9 18 72 73 58 79 35 84 28 67 40 43
0 49
0 26
0 1
2 88
2 65
2 93
2 3
4 54
4 61
4 87
4 49
6 64
8 30
8 12
8 7
10 90
13 9
15 71
15 90
15 39
15 82
17 40
19 70
21 33
21 74
23 89
23 11
25 85
27 63
27 26
29 41
31 70
31 72
31 28
34 11
36 62
36 7
36 43
38 37
42 69
42 14
42 40
42 70
44 11
46 73
48 24
50 85
50 84
52 11
55 89
57 90
59 30
66 41
68 75
76 12
78 5
80 77
83 24
86 47
86 60
91 26
94 54
49 45
45 65
45 16
64 82
54 75
26 41
16 53
1 5
5 74
22 70
24 51
11 18
62 35
47 37
33 69
32 30
32 9
77 89
3 51
51 60
93 71
14 67
92 7
87 56
56 20
81 9
81 18
81 79
73 84
73 28
58 35
35 40