0 2 3 4 6 8 10 11 17 18 19 20 22 26 29 30 34 36 37 38 41 42 47 52 53 54 57 59 61 62 64 65 68 70 71 72 73 75 77 78 79 81 85 89 90 91 95 96 7 16 43 9 1 21 15 13 33 51 14 24 5 58 28 27 32 35 40 48 45 56 25 60 74 67 69 97 49 82 84 76 80 87 66 93 12 44 63 23
0 1
0 7
2 9
3 1
3 5
3 14
4 13
6 7
8 7
8 32
10 13
10 15
11 12
11 33
17 21
17 43
17 9
18 51
18 25
19 24
19 23
20 23
20 27
22 28
26 27
29 21
30 58
30 80
34 35
34 40
36 40
37 16
38 35
38 48
41 45
41 40
42 44
42 40
47 48
47 49
47 82
52 45
52 80
53 56
54 25
54 63
57 28
57 56
57 58
59 58
59 60
61 60
62 56
64 66
64 60
65 63
65 67
68 69
70 97
71 67
71 74
72 60
72 76
73 49
75 84
77 76
77 93
78 87
78 80
79 74
81 82
81 84
85 87
89 66
90 97
90 69
91 66
95 87
96 93
16 43
21 15
21 28
15 12
13 51
14 24
32 35
60 69