1 3 5 9 11 13 15 19 21 23 25 29 31 33 35 39 41 43 45 49 51 53 55 59 61 63 65 69 71 73 75 79 81 83 85 89 91 93 95 99 2 0 4 6 7 8 12 10 14 16 17 18 22 20 24 26 27 28 32 30 34 36 37 38 42 40 44 46 47 48 98 97 96 92 88 87 86 82 78 77 76 72 68 67 66 62 58 57 56 90 80 70 60 94 84 74 64 50 54 52
1 2
1 0
1 4
1 98
3 2
3 6
5 6
5 10
9 6
11 12
11 14
11 10
13 12
13 16
15 18
15 20
19 16
21 22
21 24
21 20
23 22
23 26
25 28
25 30
29 26
31 32
31 34
31 30
33 32
33 36
35 38
35 40
39 36
41 42
41 44
41 40
43 42
43 46
45 48
45 50
49 46
51 52
51 54
51 50
53 52
53 56
55 58
55 60
59 56
61 62
61 60
61 64
63 62
63 66
65 66
65 70
69 66
71 72
71 70
71 74
73 72
73 76
75 76
75 80
79 76
81 82
81 80
81 84
83 82
83 86
85 86
85 90
89 86
91 92
91 90
91 94
93 92
95 96
99 96
6 7
7 8
16 17
17 18
26 27
27 28
36 37
37 38
46 47
47 48
98 97
97 96
88 87
87 86
78 77
77 76
68 67
67 66
58 57
57 56