0 1 2 3 4 5 6 7 9 11 12 14 15 16 17 18 19 20 23 25 26 28 29 30 31 34 41 42 43 44 45 63 65 83 27 10 67 68 69 70 71 73 74 60 76 77 53 78 79 80 21 81 94 57 84 85 86 87 90 95 96 97 98 13 40 56 54 33 62 49 24 48 58 61 38 46 47 50 35 39 64
0 10
0 90
0 81
0 74
0 69
0 83
0 76
0 86
0 71
0 77
0 68
0 98
0 70
0 79
0 96
0 85
0 67
1 40
1 65
2 27
2 62
3 10
3 13
4 56
5 24
6 39
6 53
7 33
9 60
9 58
9 48
11 46
11 49
11 73
12 49
14 60
15 35
16 39
16 77
17 53
18 56
18 78
19 21
20 54
20 33
20 13
20 80
23 21
25 53
26 54
26 57
26 56
28 35
28 53
28 84
29 61
29 38
29 64
30 47
31 62
31 60
31 87
34 49
41 57
41 94
42 50
42 95
43 33
44 46
44 97
45 38
63 13
21 38
13 47
40 56
33 50
62 49
49 24
58 61
50 64