1 2 3 4 6 8 11 12 18 21 22 26 28 29 30 32 35 41 53 56 78 80 68 38 23 54 14 93 72 13 15 79 19 42 60 43 48 88 44 17 5 96 73 77 95 92 76 75 86 67 98 24 74 83 81 55 49 97 59 16 94 20 66 63 99 31 10 85 71 9 65 62 91 46 84 25 33 70 34
1 80
2 38
3 24
3 54
4 38
4 68
4 15
4 92
6 19
8 13
11 83
11 65
11 14
11 10
12 72
12 62
12 91
18 13
21 72
21 85
21 46
22 67
26 19
28 42
28 76
28 49
28 84
29 43
30 48
32 15
32 81
35 88
35 71
41 59
53 5
56 73
78 77
80 68
80 23
68 14
68 17
38 75
23 88
54 96
14 93
93 60
93 44
72 13
72 76
13 95
13 74
15 34
15 79
79 19
19 94
19 98
60 43
43 97
48 63
48 77
88 84
17 33
17 5
96 73
73 49
73 59
77 67
77 31
75 86
81 55
49 63
97 16
97 25
97 70
94 20
20 66
99 31
9 91