2 3 5 7 8 9 11 12 13 16 17 18 19 20 21 22 23 24 25 30 32 34 36 42 43 44 46 49 55 56 57 58 60 62 63 66 71 73 75 1 4 6 27 14 15 0 26 31 33 35 41 39 45 47 28 29 38 37 61 77 59 10
2 1
3 37
3 10
3 6
3 47
3 4
3 0
5 38
5 14
5 4
7 6
7 15
8 6
8 59
9 6
11 27
11 26
12 6
13 6
16 14
17 14
18 14
19 14
20 15
21 15
22 15
23 31
24 15
25 41
25 15
30 29
30 31
32 26
34 33
34 35
36 35
36 39
42 41
43 41
44 39
44 45
46 45
49 1
55 47
56 29
56 61
57 29
58 38
60 45
62 37
63 77
66 39
71 59
73 38
75 77
75 61
1 27
27 28
0 26
26 33
28 29