0 35 36 37 38 41 42 45 46 49 50 53 54 57 58 61 62 65 66 69 70 73 74 77 78 81 82 85 86 89 90 93 94 97 98 1 34 2 4 6 8 10 13 59 12 14 16 19 71 72 20 23 79 22 24 25 84 26 27 88 28 31 95 96 32 11 55 56 18 30 39 3 43 5 17 67 68 47 7 21 76 52 9
0 34
0 20
0 31
35 1
36 34
37 39
37 2
38 2
41 43
42 4
45 47
45 6
46 6
49 8
50 8
50 52
53 10
54 10
57 59
58 12
61 14
62 14
65 67
65 16
66 68
66 16
69 71
70 72
70 18
73 20
74 76
77 79
78 22
81 24
82 84
85 26
86 88
89 28
90 28
93 95
94 96
94 30
97 32
98 32
1 11
1 30
4 17
6 5
10 27
13 59
13 9
13 24
12 30
14 7
14 28
16 30
16 18
16 26
16 32
19 71
19 72
23 79
23 26
22 27
22 17
24 17
25 84
25 18
26 3
27 88
27 21
28 3
31 95
31 96
11 55
11 56
39 3
43 5
17 67
47 7
21 76
52 9