0 2 3 5 6 8 9 10 11 17 22 28 29 30 37 38 46 48 61 63 64 65 66 69 70 72 74 75 79 80 81 82 86 87 88 94 95 96 97 99 25 51 50 31 35 27 40 26 53 54 44 55 41 58 78 73 93 1 47 19 83 24 98 7 34 12 13 14 42 15 16 52 77 60 20 21 36 89 33 68 59 57 91 32 4 67 23 56 18 62 92 39 84 85 43 49 45 76 90 71
0 25
0 27
2 31
2 32
2 33
3 34
3 35
3 36
5 42
5 41
5 40
6 44
6 45
6 43
8 51
8 49
8 50
9 54
9 53
9 52
10 57
10 56
10 55
11 58
11 60
11 59
17 77
17 78
17 76
22 93
22 92
22 91
28 1
29 1
29 93
29 73
30 47
30 1
37 4
37 83
38 4
38 52
38 98
46 7
46 78
48 7
61 12
61 34
63 12
64 13
64 85
65 13
65 67
65 43
66 13
69 14
69 33
70 15
70 77
72 15
74 16
75 16
75 53
79 18
80 18
81 18
81 60
82 19
86 20
87 20
88 21
88 77
94 23
95 23
95 58
95 36
96 23
97 24
99 26
99 24
25 35
50 31
31 78
40 47
44 59
73 16
47 7
47 57
19 83
19 84
24 98
12 62
14 67
14 68
15 71
20 85
21 90
21 89
4 39