1 2 3 5 8 9 10 14 15 16 17 18 20 21 23 25 26 30 32 36 37 39 43 47 50 53 56 66 67 71 73 76 77 87 99 22 58 40 64 51 7 12 4 92 29 96 82 85 11 48 49 78 70 42 68 34 94 45 6 54 91 97 88 81 33 59 35 62 52 41 60 46 69 98 57 19 0 61 80 63 44 38 24 65 55
1 22
1 7
2 51
3 7
3 96
5 40
8 12
9 69
10 29
14 96
14 82
15 82
16 81
17 48
18 98
20 70
20 68
20 44
21 45
23 41
23 12
25 65
26 68
26 33
26 80
30 22
32 85
32 0
36 60
36 59
36 57
37 38
39 11
43 24
47 22
50 34
53 64
56 94
66 96
67 51
71 45
71 35
71 19
73 12
76 54
76 57
77 60
77 55
87 98
99 59
99 11
22 58
22 91
22 12
58 40
40 49
40 64
64 51
51 97
7 42
7 11
12 70
4 92
4 52
92 29
29 88
85 69
11 34
11 48
48 81
49 78
49 35
70 46
34 24
94 88
6 54
97 62
33 38
62 63
52 41
46 98
57 65
0 61
61 80