0 1 2 4 5 6 8 9 10 11 19 20 25 26 28 31 32 40 41 44 47 48 50 58 59 64 65 68 69 73 74 78 79 96 95 72 81 99 23 94 42 12 39 3 29 67 87 98 55 17 37 21 43 93 35 34 80 24 86 38 33 77 51 53 97 83 63 75 85 90 89 27 14 45 76 62 66 56
0 81
0 80
1 72
2 99
4 17
4 94
5 83
5 42
6 43
6 95
8 12
8 51
9 81
10 3
11 67
19 98
20 97
20 98
20 94
25 87
26 83
28 63
31 17
32 37
32 97
40 43
41 98
44 75
44 93
47 17
48 35
50 90
50 35
58 34
59 45
59 98
59 62
64 89
64 66
65 66
68 38
69 53
73 33
74 53
74 63
74 72
78 38
78 67
78 29
79 33
96 86
96 56
72 51
81 99
81 39
81 87
99 21
23 94
94 89
42 97
39 3
87 55
98 53
37 76
21 43
21 75
21 33
43 24
43 34
35 85
24 77
86 38
38 97
77 90
77 27
63 90
27 14