0 1 2 3 4 5 6 9 10 11 12 13 14 15 16 17 18 23 28 29 30 31 32 34 37 38 42 43 44 46 50 51 56 69 74 90 99 76 22 24 59 45 27 61 39 96 25 33 36 63 55 87 57 47 77 70 82 68 64 94 91 83 52 78 58 53 84 92 49 86 62 66 75 93 54 81 40 72 89 65 80 88 48 60 73 26 98 41 79 35 95 97
0 33
0 76
1 84
2 24
2 54
2 49
3 45
3 55
4 27
5 61
5 59
6 72
6 61
9 57
9 92
10 92
10 96
11 25
12 36
12 41
12 80
13 91
13 36
13 95
14 57
14 47
15 98
15 63
16 87
17 57
18 24
18 75
18 89
23 47
28 77
29 70
29 48
30 82
30 58
30 94
30 63
31 59
32 40
34 52
37 64
37 93
37 72
38 77
38 93
42 66
43 91
43 81
44 73
46 47
50 96
50 25
50 39
51 78
56 40
56 70
69 53
69 25
74 36
90 91
99 49
99 57
76 82
22 63
59 45
59 68
59 27
61 25
61 86
96 70
36 79
63 26
55 87
87 52
87 60
77 88
94 83
91 66
52 78
78 97
58 53
53 65
84 92
86 62
65 80
65 35
60 73