0 1 2 3 4 5 6 7 9 12 14 15 16 17 20 21 22 23 24 25 26 38 39 42 43 45 47 57 58 61 66 88 89 90 95 99 70 56 83 76 92 96 31 28 49 93 35 19 68 11 67 40 30 34 13 85 18 52 33 80 81 48 74 54 50 69 36 91 41 64 73 98 29 65 27 79 55 8 84 46 77 75 82 59 53 94 37 44 87 97 51 60 63
0 13
0 83
0 81
1 56
2 74
3 92
4 96
5 35
5 8
6 91
6 94
7 84
7 74
7 92
7 96
9 11
12 36
12 50
14 67
14 37
15 40
16 34
17 29
20 52
20 30
20 18
20 98
20 94
21 33
22 49
23 74
24 65
24 48
24 79
25 68
25 81
26 44
26 74
38 85
39 54
42 27
42 81
43 35
43 93
43 54
45 50
47 69
57 36
57 65
58 59
58 55
61 70
66 82
88 91
89 49
89 63
90 74
95 41
95 68
99 31
99 69
70 56
56 64
83 31
83 76
31 28
31 64
28 49
49 93
35 40
19 68
68 11
68 74
11 30
11 82
30 34
30 33
34 51
34 46
85 18
52 73
80 41
48 97
48 51
54 53
98 29
46 77
75 51
82 37
59 60
59 87
94 87