0 1 2 3 4 6 7 8 9 10 11 13 14 16 17 20 27 30 32 35 49 51 54 56 58 59 63 67 74 79 84 86 90 73 43 89 64 87 47 82 95 37 45 77 34 71 68 81 38 41 50 97 29 5 94 42 40 93 88 69 15 92 22 65 21 66 48 57 80 70 44 23 72 55 19 98 12 18 83 62 96 28 85 46 26 52 33 39 76 78 75 61 91
0 73
1 73
1 89
2 43
2 19
3 57
4 22
4 47
6 26
7 23
7 95
8 22
9 65
9 42
10 64
11 71
13 40
14 68
14 93
16 38
17 18
17 98
20 75
20 50
27 5
30 94
30 96
32 42
35 18
49 19
51 45
51 88
54 69
54 48
56 21
56 12
56 78
58 44
58 39
58 29
58 76
59 42
63 87
67 29
67 5
67 91
74 12
74 57
79 89
79 41
79 94
84 88
86 97
86 72
90 73
43 80
89 64
64 47
87 96
87 66
47 82
95 68
37 15
37 45
45 77
77 34
34 22
34 55
34 40
34 71
71 92
71 78
71 42
68 81
81 15
38 33
50 21
97 29
29 80
40 46
88 52
69 18
21 33
80 70
44 23
44 85
72 83
18 61
18 46
83 62
62 28
26 52