0 1 3 4 5 6 7 8 9 11 12 14 17 18 19 20 21 22 25 28 30 32 34 35 37 39 43 44 45 46 47 49 50 51 55 57 59 60 62 64 65 68 69 70 72 76 78 81 83 84 86 88 92 95 98 96 2 48 94 80 36 13 26 93 10 74 82 89 77 24 29 54 33 99 40 38 75 58 87 41 53 23 15 97 61 85 91 73 31 90 63
0 96
1 13
3 40
3 29
3 74
3 36
4 36
4 23
5 10
6 31
6 48
7 82
8 89
9 24
11 29
12 58
12 77
14 54
14 90
17 33
18 99
19 91
19 24
20 10
21 38
21 73
22 75
22 63
25 87
28 41
30 58
32 13
34 80
34 94
35 82
37 75
39 61
39 58
39 87
43 96
44 53
45 23
46 89
47 15
49 97
50 29
51 54
55 99
57 54
59 48
60 38
62 26
64 61
65 93
68 10
69 85
70 91
72 53
76 77
78 85
81 73
83 82
84 53
86 97
88 87
92 2
95 96
95 2
95 15
98 2
2 26
2 77
2 48
48 94
80 90
80 36
36 13
36 33
26 93
93 99
93 10
74 82
82 89
82 41
77 24
24 53
29 85
54 97
40 38
40 75