1 2 3 4 5 33 37 13 48 17 18 20 85 22 54 56 59 63 75 49 57 24 34 31 51 40 68 94 47 43 74 44 12 41 29 46 38 81 73 91 23 72 77 80 36 11 16 19 86 35 65 79 84 90 28 98 8 21 14 99 61 93 52
1 75
1 41
2 31
3 79
3 68
4 47
5 43
5 8
33 16
37 94
37 91
13 24
48 44
17 84
18 23
18 93
18 12
20 41
85 81
22 73
22 65
22 61
54 91
56 68
59 23
59 79
63 80
63 36
75 49
49 57
49 51
57 24
24 34
34 23
34 31
34 19
31 94
40 68
40 29
94 47
94 16
43 77
43 28
74 44
74 61
29 46
29 90
46 38
38 86
38 81
91 36
91 35
72 77
77 80
36 11
35 65
79 84
28 98
8 21
8 14
14 99
93 52