0 35 36 37 38 41 42 45 46 49 50 53 54 57 58 61 62 65 66 69 70 73 74 77 78 81 82 85 86 89 90 93 94 97 98 1 34 2 4 6 8 10 12 13 60 15 63 14 16 18 20 23 79 22 24 27 87 26 28 30 32 29 91 92 25 39 3 11 56 40 43 5 44
0 34
0 10
35 1
36 34
36 1
37 39
37 2
38 40
38 2
41 43
41 4
42 44
45 6
46 6
49 8
50 8
53 10
54 56
57 12
58 60
58 12
61 63
62 14
65 16
66 16
69 18
70 18
73 20
74 20
77 79
78 22
81 24
82 24
85 87
85 26
86 26
89 91
89 28
90 92
93 30
94 30
97 32
98 32
1 29
2 25
4 20
4 26
4 6
6 23
6 24
6 25
8 29
8 3
8 12
8 5
8 22
13 60
15 32
15 63
14 28
16 11
18 20
20 28
23 79
22 11
27 87
30 32
32 3
29 92
11 56
43 5
5 44