0 1 2 68 5 6 7 8 9 71 11 60 92 16 84 59 28 88 83 39 18 4 52 85 24 73 82 14 63 98 42 64 47 34 80 51 50 90 86 13 29 65 38 21 76 69 89 49 91 78 3 22 19 37 43 79 40 23 32 61
0 88
0 18
1 39
2 18
2 29
68 52
68 38
5 14
5 89
6 98
6 69
6 21
6 23
7 42
8 32
9 47
71 18
11 24
60 78
60 80
92 34
92 88
16 50
84 13
59 69
59 65
28 49
28 86
83 40
39 38
4 51
4 64
4 19
4 52
85 24
24 61
24 73
24 63
73 82
82 14
14 22
63 47
63 98
98 79
42 91
42 89
64 80
51 50
90 86
13 23
29 65
38 76
21 40
89 49
3 22
3 19
19 37
37 43
32 61