0 2 4 6 8 13 15 17 19 20 22 24 26 28 31 35 36 37 39 40 42 44 46 48 51 53 55 57 59 60 62 64 66 68 71 73 75 79 80 82 84 86 88 91 93 95 97 99 1 3 5 7 12 9 10 11 23 25 27 29 21 33 34 30 32 45 47 50 52 49 54 65 69 61 70 81 72 74 85 77 90 92 94 96 89 67 87 14 56 18 76 83 16 63 78 98 58 38 41 43
0 1
0 10
2 1
2 12
2 3
4 5
4 3
6 7
6 5
8 9
8 7
8 18
13 12
13 14
15 5
15 25
17 7
17 16
19 9
19 29
20 10
20 30
22 11
22 21
22 23
22 33
22 32
24 25
26 27
28 29
28 38
31 21
31 41
35 25
35 45
36 27
37 27
39 29
39 49
40 50
42 52
42 32
44 43
46 47
48 49
48 47
51 50
51 52
51 61
53 52
53 54
53 63
55 65
57 47
57 67
59 49
60 50
60 70
62 52
64 54
66 77
66 65
66 56
68 69
68 78
68 58
71 61
73 72
75 74
79 89
79 78
80 70
80 81
80 90
82 83
84 74
84 94
84 83
86 87
86 96
86 85
88 89
88 98
88 77
91 90
91 92
93 92
93 94
95 94
97 98
97 87
99 89
1 11
27 18
33 34
33 43
81 72
77 67
77 76