0 1 2 3 4 5 35 7 8 36 10 12 14 19 20 23 25 31 37 38 39 40 52 17 66 43 16 33 67 45 47 49 54 58 63 71 9 77 15 24 11 75 13 90 81 21 70 72 74 76 80 87 26 83 91 92 93 95 97 96 98 99 32 6 28
0 16
0 54
0 52
0 43
0 58
0 37
0 66
0 49
1 24
1 72
1 77
1 90
1 87
1 81
1 76
2 9
2 38
2 92
2 99
2 96
3 6
3 15
3 91
3 39
4 11
4 21
4 40
5 13
5 17
5 93
35 17
7 21
7 9
7 6
8 33
8 95
8 6
8 70
36 24
36 28
36 67
10 15
10 45
12 28
12 47
12 74
12 98
14 21
19 33
19 80
20 33
20 26
23 16
25 32
25 83
31 26
31 63
52 17
16 33
71 9
24 11
11 97
75 13
13 32