0 1 3 4 5 7 10 12 13 16 20 22 25 26 27 30 32 34 38 39 40 41 43 44 49 67 77 79 81 83 88 90 93 99 2 98 29 74 42 23 18 61 84 46 97 65 50 62 24 37 75 53 66 58 52 19 9 72 31 48 21 47 86 55 8 63 68 73 94 28 85 54 33 59 11 60 6 92 82 76 56 78 69 17 14 57 51 35 45 70
0 98
0 18
0 21
1 2
3 23
3 53
4 61
5 28
7 97
7 8
7 94
7 47
10 48
10 56
10 17
12 50
12 57
13 85
16 37
20 53
22 66
25 58
26 74
26 29
26 33
27 9
30 74
32 45
32 60
34 47
38 31
39 48
39 73
40 65
41 47
43 76
44 6
44 24
44 59
49 47
67 86
77 65
79 55
81 8
83 63
88 18
90 58
90 54
93 68
99 23
99 55
2 94
98 66
98 29
29 86
74 84
74 75
42 23
42 24
18 61
46 97
97 37
97 65
65 50
62 56
62 24
37 51
75 52
58 76
52 19
52 63
52 68
19 92
19 59
19 72
19 9
72 82
72 8
31 6
86 70
8 28
63 14
68 85
73 54
59 35
11 60
56 78
56 69
35 45