2 7 11 13 15 17 18 20 21 25 27 29 31 32 34 35 39 41 43 45 46 48 49 53 55 57 59 60 62 63 67 69 71 73 74 76 77 81 83 85 87 88 90 91 95 97 0 9 16 14 23 30 28 37 44 42 51 93 86 79 72 65 58 84 70 56 12 19 26 33 40 47 54 61 68 75 82 89 96
2 9
2 93
2 0
7 0
7 14
11 12
11 9
13 12
15 14
17 14
18 19
18 16
20 19
21 14
21 28
25 26
25 23
27 26
29 28
31 28
32 33
32 30
34 33
35 28
35 42
39 40
39 37
41 40
43 42
45 42
46 47
46 44
48 47
49 42
49 56
53 54
53 51
55 54
57 56
59 56
60 61
60 58
62 61
63 70
63 56
67 68
67 65
69 68
71 70
73 70
74 75
74 72
76 75
77 84
77 70
81 82
81 79
83 82
85 84
87 84
88 89
88 86
90 89
91 0
95 96
95 93
97 96
9 16
16 23
23 30
30 37
37 44
44 51
51 58
93 86
86 79
79 72
72 65