0 1 2 4 5 6 9 10 11 12 13 14 15 17 18 19 21 22 24 28 29 33 34 35 36 37 39 42 52 53 54 55 26 3 61 63 64 65 67 68 69 72 16 70 71 91 43 73 23 96 49 56 76 77 83 31 80 84 75 20 85 86 87 41 57 90 99 47 25 32 44 30 60 40 59 38 48 8 7
0 86
0 26
0 72
0 77
0 99
0 70
0 80
0 63
0 64
0 76
1 47
1 3
1 30
2 43
2 61
4 38
4 8
4 63
5 7
6 38
6 48
6 65
9 49
9 67
10 25
10 20
10 68
11 60
11 31
11 69
12 16
12 7
13 32
14 44
14 71
15 41
15 43
17 60
17 48
17 73
18 23
18 32
19 56
21 32
22 32
24 31
28 32
29 16
29 59
33 8
33 84
34 20
35 30
35 85
36 40
36 59
37 16
37 87
39 57
42 59
42 90
52 16
53 26
54 48
55 26
26 3
3 25
3 23
91 43
43 31
96 49
49 56
56 47
83 31
31 40
75 20
41 57
32 44