0 2 4 6 8 10 12 14 16 18 20 22 24 26 28 30 32 34 36 38 40 42 44 46 60 62 64 66 70 72 74 77 79 82 83 85 87 88 95 1 3 5 7 9 11 13 15 17 91 90 39 37 35 33 31 29 27 25 23 21 41 45 59 61 63 65 69 71 75 80 78 81 84 92 94 19 68 67 73 76 43 89 56 57 58
0 45
0 1
0 59
2 1
2 3
4 3
4 5
6 5
6 7
8 7
8 9
10 9
12 11
12 68
14 13
14 15
16 15
16 17
18 17
18 19
20 21
20 19
22 23
22 21
24 25
24 23
26 27
26 25
28 29
28 27
30 31
30 29
32 31
32 33
34 33
34 35
36 37
36 35
38 39
38 84
38 37
40 39
40 41
40 90
42 41
42 43
44 45
44 43
46 59
46 56
46 57
46 58
60 35
60 61
62 61
62 63
64 63
64 65
64 69
66 65
66 67
70 69
70 71
70 81
72 76
72 73
72 71
74 73
74 75
77 76
77 78
79 80
79 78
82 81
82 92
83 39
85 89
85 37
87 84
88 84
95 94
91 90
92 94
68 67