0 35 36 37 38 41 42 45 46 49 50 53 54 57 58 61 62 65 66 69 70 73 74 77 78 81 82 85 86 89 90 93 94 97 98 33 34 2 4 6 8 10 11 56 12 14 17 67 16 18 20 23 79 80 24 26 28 30 32 1 15 63 19 71 22 27 88 5 43 44 13 60 72
0 34
0 33
0 23
0 18
35 1
36 34
37 2
38 2
41 43
42 44
45 6
46 6
49 8
50 8
53 10
54 56
54 10
57 12
58 60
61 14
62 14
65 67
66 16
69 71
69 18
70 18
73 20
74 20
77 79
78 80
81 24
82 24
85 26
86 88
89 28
90 28
93 30
94 30
97 32
98 32
2 5
4 13
4 22
4 20
4 17
6 30
8 10
10 14
11 56
11 16
12 19
12 15
14 26
14 18
17 67
23 80
23 79
24 19
24 28
26 32
28 30
1 22
1 15
1 27
15 63
19 71
19 72
19 5
27 88
5 44
5 43
13 60