0 2 4 6 7 8 10 11 16 17 19 20 24 28 29 30 34 35 41 42 52 53 54 61 63 64 65 68 69 72 79 81 90 91 92 96 27 49 51 33 37 21 88 43 25 47 56 59 26 83 75 78 87 97 23 95 38 3 62 5 13 66 12 22 93 39 84 18 31 45 46 32 57 50 60 74 48 98 1 55 40 9 73 71 15 80 44 14 70 67 89 76 94 86 99 58 85 77 36 82
0 27
0 25
0 26
2 32
2 31
2 33
4 39
4 37
4 38
6 45
6 44
6 43
7 46
7 48
7 47
8 49
8 51
8 50
10 55
10 57
11 60
11 58
16 75
16 73
16 74
17 77
17 76
17 78
19 83
19 82
20 86
20 85
20 87
24 97
24 99
24 98
28 1
28 95
29 1
30 1
34 3
34 70
35 97
35 3
41 62
42 5
42 80
52 9
52 62
53 66
54 9
61 12
61 55
63 12
64 13
64 49
65 13
65 25
68 14
68 93
69 14
69 76
72 15
79 18
79 59
81 18
81 87
90 21
91 22
91 56
92 22
96 23
51 33
37 59
37 78
21 88
21 89
88 43
88 99
25 47
26 83
83 98
75 60
23 94
23 95
3 36
62 12
5 40
13 66
66 84
22 93
18 80
32 57
74 98
55 40
71 15
15 70
14 67
70 94