0 1 2 4 5 6 7 8 9 10 12 13 15 16 17 18 24 26 29 31 33 40 41 42 43 44 46 49 53 54 55 57 58 65 68 69 81 19 70 36 38 73 74 75 85 23 77 84 22 59 51 60 80 25 86 82 20 92 35 96 97 87 30 52 34 28 95 39 64 45 11 67 21 48 62 66 37 14
0 36
0 87
0 38
0 92
0 69
0 95
0 70
0 77
0 34
0 84
0 74
1 30
1 68
2 30
2 67
4 19
4 37
4 48
5 39
6 36
7 38
8 48
8 20
8 73
9 14
9 66
10 11
10 75
12 28
12 23
13 14
15 59
16 60
17 22
17 80
18 36
24 25
26 23
26 86
29 20
31 36
33 67
33 35
40 37
40 96
41 11
41 97
42 36
43 21
44 30
46 20
49 52
53 34
54 28
55 39
55 11
57 52
57 59
57 62
57 22
58 64
65 38
81 19
36 51
38 64
38 25
85 23
59 66
51 60
82 20
92 35
35 21
28 37
95 39
39 14
45 11
48 62