1 2 5 6 9 10 13 14 17 18 21 22 25 26 29 30 33 34 37 38 41 42 45 46 49 50 53 54 57 58 61 62 65 66 69 70 73 74 77 78 81 82 85 86 89 90 93 94 97 98 0 3 4 7 8 11 12 15 16 19 20 23 24 27 28 31 32 35 36 39 40 43 44 47 48 99 95 91 87 83 79 75 71 67 63 59 55 96 92 88 84 80 76 72 68 64 60 56 52 51
1 3
1 0
1 99
2 4
2 0
5 7
5 3
6 8
6 4
9 11
9 7
10 8
10 12
13 15
13 11
14 12
14 16
17 19
17 15
18 20
18 16
21 23
21 19
22 20
22 24
25 27
25 23
26 28
26 24
29 27
29 31
30 32
33 35
33 31
34 32
34 36
37 35
38 40
38 36
41 43
41 39
42 44
42 40
45 47
45 43
46 44
46 48
49 47
49 51
50 48
50 52
53 51
53 55
54 52
54 56
57 59
57 55
58 56
58 60
61 59
61 63
62 60
62 64
65 67
65 63
66 64
66 68
69 71
69 67
70 68
70 72
73 71
73 75
74 72
74 76
77 75
77 79
78 76
78 80
81 83
81 79
82 84
82 80
85 87
85 83
86 88
86 84
89 91
89 87
90 88
90 92
93 91
93 95
94 96
94 92
97 99
97 95
98 96
98 0