0 2 4 7 9 11 14 16 18 21 23 26 28 30 32 35 39 43 46 50 54 59 63 65 71 75 78 84 86 89 91 93 98 1 6 5 17 20 42 41 53 83 33 55 27 51 70 68 67 25 29 36 95 69 82 94 61 62 8 81 87 80 13 48 40 19 64 90 22 56 15 44 45 34 79 52 99 76 92 85 88 96 97 37 31 12 66 60 38 24 57 77
0 1
2 42
2 1
4 87
4 80
7 17
9 8
9 20
9 36
11 41
14 62
14 15
16 17
16 27
16 96
18 19
18 48
18 33
21 55
23 70
23 85
26 25
28 29
28 27
30 38
30 31
32 29
35 34
35 31
35 52
35 60
35 36
39 40
39 8
43 69
43 44
46 82
46 80
50 48
50 27
54 53
59 94
59 90
63 62
65 66
65 64
71 8
71 80
75 76
78 92
78 79
78 83
84 81
86 85
89 90
91 22
93 8
98 97
98 22
6 5
5 95
42 41
42 33
53 83
53 94
55 48
27 61
27 99
51 52
51 70
68 67
67 29
67 81
25 22
25 24
25 77
36 37
95 69
94 19
80 56
13 64
48 76
48 88
64 12
22 66
56 15
44 45
45 57
45 34
76 57
31 12