3 4 7 8 12 13 15 18 19 21 24 25 27 30 31 33 36 37 39 42 43 45 48 49 51 54 55 57 60 61 63 66 67 69 72 73 75 78 79 81 84 85 87 90 91 93 2 0 6 11 16 14 17 20 22 23 29 26 35 32 40 38 41 47 44 53 50 59 56 64 62 65 71 70 68 76 74 77 82 80 83 89 86 92 94 10 52 58
3 2
4 0
4 6
7 11
7 10
8 6
12 17
12 14
12 11
13 16
15 14
18 17
18 20
19 23
21 20
24 26
24 23
24 29
25 29
27 26
30 35
30 29
30 32
31 35
33 32
36 40
36 38
36 35
37 40
37 41
39 38
42 44
42 47
42 41
43 47
45 44
48 53
48 47
49 52
51 50
54 53
54 56
55 59
57 56
60 62
60 59
60 64
61 65
61 64
63 62
66 71
66 68
66 65
67 70
69 68
72 77
72 71
72 74
72 76
73 76
75 74
78 83
78 82
78 77
79 82
81 80
84 86
84 89
84 83
85 89
87 86
90 92
90 89
91 94
93 92
2 0
6 11
16 17
20 22
22 23
53 52
50 52
59 58
56 58
70 68
82 80
92 94