0 35 36 37 38 41 42 45 46 49 50 53 54 57 58 61 62 65 66 69 70 73 74 77 78 81 82 85 86 89 90 93 94 97 98 33 34 2 4 7 47 6 8 10 12 15 63 14 16 18 20 22 3 24 26 27 88 28 30 32 1 13 59 60 21 76 29 92 19 71 25 84 40 9 51 75 23 79 17 67 48
0 3
0 34
0 8
35 33
35 1
36 1
37 2
38 40
38 2
41 4
42 4
45 47
46 48
46 6
49 8
49 51
50 8
53 10
54 10
57 59
57 12
58 60
61 63
62 14
65 67
65 16
66 16
69 71
70 18
73 75
74 76
77 79
77 22
78 22
81 24
82 24
85 26
86 88
86 26
89 28
90 92
93 30
94 30
97 32
98 32
2 12
4 21
7 17
7 18
7 48
7 47
6 8
8 19
8 15
10 21
10 25
10 16
15 63
14 25
18 1
18 20
20 30
20 29
22 21
24 1
27 88
27 1
28 23
28 13
32 1
1 13
13 59
13 60
21 75
21 76
29 92
19 71
25 84
9 51
23 79