32 33 34 37 38 41 42 45 46 49 50 53 54 57 58 61 62 65 66 69 70 73 74 77 78 81 82 85 86 89 90 93 94 0 2 4 6 8 10 12 13 60 14 16 18 20 22 24 26 28 29 92 30 5 43 31 23 79 36 1 95 96 7 47 55 11 56 68 17 25
32 22
32 26
32 14
32 8
33 0
34 0
34 36
37 2
38 2
41 43
42 4
45 47
45 6
46 6
49 8
50 8
53 55
54 56
54 10
57 12
58 60
61 14
62 14
65 16
66 68
69 18
70 18
73 20
74 20
77 79
77 22
78 22
81 24
82 24
85 26
86 26
89 28
90 92
93 95
94 96
94 30
0 23
0 28
2 14
2 29
2 16
4 31
4 22
4 7
10 28
12 1
13 60
13 30
18 20
20 25
20 28
20 17
24 25
28 29
29 5
29 92
5 43
31 96
31 95
36 1
7 47
55 11
11 56
68 17