0 32 4 36 6 72 9 42 74 45 14 17 49 81 20 24 29 86 84 8 83 52 68 18 96 95 71 13 37 50 79 77 90 56 65 66 47 3 19 31 23 7 33 91 88 64 70 44 40 82 94 2 63 27 69 59 85 62 57
0 86
32 8
32 33
4 68
4 44
36 94
6 71
6 7
72 95
72 71
9 37
42 77
42 37
74 13
74 84
45 2
45 95
14 91
14 69
14 47
14 90
17 66
49 47
81 59
20 19
24 23
29 66
86 84
86 83
8 7
83 82
83 18
83 52
52 68
18 96
96 95
71 70
37 31
50 79
79 77
56 65
56 88
56 59
65 66
65 27
66 63
47 64
47 27
3 19
19 64
31 23
23 70
70 85
70 63
44 40
94 2
69 57
85 62