0 1 2 3 4 5 6 8 9 10 14 16 19 23 24 26 30 31 33 35 41 7 43 44 63 27 46 47 54 15 52 13 53 68 34 55 59 57 21 62 11 32 67 69 73 40 74 92 28 22 75 89 25 76 77 80 81 87 90 93 94 17 38 97 99 37 20 12 39
0 11
0 7
0 54
0 55
0 63
0 67
0 57
0 73
0 52
0 47
0 68
0 53
1 22
1 7
1 17
1 75
1 87
1 90
1 92
1 74
1 99
1 97
1 81
2 25
2 43
3 28
3 13
3 44
4 32
4 27
5 37
5 46
6 20
6 25
6 37
8 15
8 12
8 76
9 12
9 40
9 27
10 77
10 13
14 40
14 80
16 34
16 39
19 27
19 21
23 20
23 59
24 21
26 28
26 40
26 62
30 11
30 93
31 32
31 94
33 38
35 39
35 69
41 40
15 20
34 40
21 22
89 25
17 38