0 1 2 3 4 6 7 9 15 16 17 18 21 22 30 31 32 34 39 42 44 45 56 23 46 72 43 29 70 41 37 49 51 20 53 61 62 50 12 63 68 71 73 40 75 76 78 82 14 13 11 85 86 25 36 95 96 79 8 87 19 35 33
0 37
0 20
0 45
0 62
0 63
0 73
1 87
1 11
1 40
1 82
1 78
1 86
1 75
2 13
2 23
3 12
3 43
3 46
4 19
4 29
4 76
6 41
6 8
7 14
7 37
9 13
9 35
9 49
15 23
15 51
16 20
16 11
17 35
17 33
17 85
17 53
18 37
21 20
22 41
30 25
30 61
31 36
32 12
32 95
34 33
34 96
39 8
39 43
39 68
42 36
42 71
44 19
56 23
23 40
23 12
72 43
43 29
70 41
50 12
40 36
11 25
79 8