0 35 36 37 38 41 42 45 46 49 50 53 54 57 58 61 62 65 66 69 70 73 74 77 78 81 82 85 86 89 90 93 94 97 98 33 34 2 3 40 4 6 8 10 12 14 16 18 20 22 24 26 29 91 28 30 32 1 13 60 19 71 23 80 31 96 59 39 15 63 43 5 9 52
0 34
0 3
0 33
35 1
35 33
36 34
37 39
37 2
38 40
38 2
41 43
41 4
42 4
45 6
46 6
49 8
50 52
53 10
54 10
57 59
57 12
58 60
58 12
61 63
61 14
62 14
65 16
66 16
69 71
69 18
70 18
73 20
74 20
77 22
78 80
78 22
81 24
82 24
85 26
86 26
89 91
89 28
90 28
93 30
94 96
97 32
98 32
3 40
3 23
3 28
3 4
4 15
6 8
8 9
8 31
10 18
12 16
16 30
18 22
18 26
20 19
20 9
24 32
29 91
29 32
30 32
13 60
19 71
23 80
31 96
15 63
43 5
9 52