0 1 3 4 6 8 9 11 12 13 15 17 21 25 27 29 34 38 42 52 53 57 65 78 80 83 91 94 99 28 87 14 5 18 16 43 10 2 72 68 46 76 58 51 36 45 20 70 64 33 49 24 69 67 84 61 26 88 23 31 60 50 54 47 71 44 86 7 41 63 59 35 30 74 81 19 56 98 48 90 62 55 66 82 39 97 73 92 77 32 40 95
0 28
1 5
3 18
3 70
4 23
4 20
6 43
8 46
9 51
9 54
11 5
12 14
13 64
13 31
15 63
15 82
15 16
17 47
17 33
21 28
21 76
21 49
21 61
25 66
25 67
27 35
27 24
27 40
29 71
29 19
34 56
38 67
42 33
52 63
53 87
57 73
65 36
65 58
65 59
65 77
78 76
78 84
80 98
80 43
83 48
83 26
83 81
83 19
91 7
91 88
94 95
94 23
94 98
99 18
28 87
87 18
87 64
14 5
14 92
14 60
5 31
16 23
16 55
16 33
43 7
10 2
2 72
2 73
72 68
68 39
68 46
68 30
58 51
36 45
36 86
45 20
20 70
20 41
64 26
24 62
69 47
69 67
60 50
44 86
41 90
30 74
74 97
74 90
56 92
62 97
55 32