0 35 36 37 38 41 42 45 46 49 50 53 54 57 58 61 62 65 66 69 70 73 74 77 78 81 82 85 86 89 90 93 94 97 98 33 34 2 4 6 8 10 13 59 12 29 14 16 18 20 22 24 26 28 30 32 1 27 87 88 5 44 17 67 19 31 95 15 63 48 7 51 9 21 76 64 71 96 84 25
0 33
0 34
0 20
35 33
36 1
37 2
38 2
41 4
42 44
45 6
46 48
46 6
49 51
49 8
50 8
53 10
54 10
57 59
58 12
61 14
61 63
62 64
65 67
65 16
66 16
69 18
69 71
70 18
73 20
74 20
77 22
78 22
81 24
82 84
85 87
85 26
86 88
89 28
90 28
93 95
93 30
94 96
97 32
98 32
2 5
4 19
6 15
8 1
10 16
10 12
13 59
13 27
29 14
29 20
29 32
14 7
16 24
16 21
16 28
22 17
24 1
24 19
26 31
26 5
28 9
28 31
30 25
32 21
27 87
27 88
5 44
17 67
19 71
31 95
31 96
15 63
15 64
21 76
84 25