0 3 6 9 12 15 18 21 24 27 30 33 36 39 42 45 48 51 54 57 60 63 66 69 72 75 78 81 84 87 90 93 98 2 5 8 11 14 17 20 23 26 29 32 35 38 41 44 47 50 53 56 59 62 65 68 71 74 77 80 83 86 89 92 95 96
0 2
3 2
3 5
6 5
6 8
9 11
9 8
12 14
12 11
15 17
15 14
18 17
18 20
21 20
21 23
24 23
24 26
27 26
27 29
30 29
30 32
33 32
33 35
36 38
36 35
39 41
39 38
42 41
42 44
45 47
45 44
48 47
48 50
51 50
51 53
54 53
54 56
57 56
57 59
60 62
60 59
63 62
63 65
66 65
66 68
69 71
69 68
72 71
72 74
75 77
75 74
78 77
78 80
81 83
81 80
84 83
84 86
87 86
87 89
90 89
90 92
93 92
93 95
98 96
95 96