0 4 7 10 14 17 19 21 26 30 33 34 36 37 39 44 45 46 48 99 1 5 6 9 11 12 16 15 2 91 72 74 61 76 62 18 54 23 20 38 29 43 32 28 31 24 98 55 67 22 52 27 42 13 50 84 25 82 64 63 95
0 2
4 54
4 1
4 5
7 6
10 13
10 12
14 15
17 18
19 20
19 62
21 20
21 22
26 38
30 32
30 31
33 43
33 28
33 32
34 28
36 38
37 38
37 25
39 11
39 38
44 43
44 95
45 43
46 29
46 43
48 31
99 67
99 11
1 16
5 6
9 11
11 12
16 15
2 91
91 72
72 74
74 61
61 76
76 62
62 18
18 84
54 23
23 20
23 24
43 42
24 98
98 55
55 67
22 52
52 27
27 42
50 82
82 63
82 64
63 95