32 33 34 37 38 41 42 45 46 49 50 53 54 57 58 61 62 65 66 69 70 73 74 77 78 81 82 85 86 89 90 93 94 0 3 39 2 4 6 8 10 12 15 63 14 16 18 20 21 76 22 24 26 28 31 95 30 5 43 44 13 7 48 11 55 59 17 67 60 52 9
32 6
33 0
34 0
37 39
37 2
38 2
41 4
42 4
42 44
45 6
46 48
49 8
50 52
50 8
53 55
54 10
57 59
58 60
58 12
61 63
62 14
65 67
66 16
69 18
70 18
73 20
74 76
77 22
78 22
81 24
82 24
85 26
86 26
89 28
90 28
93 95
94 30
0 26
0 13
0 20
3 39
3 12
3 30
3 15
2 5
2 31
4 28
4 17
6 13
6 21
8 24
10 28
12 20
15 63
14 9
14 11
14 24
16 11
18 11
21 76
22 24
24 26
31 95
30 7
5 44
5 43
13 59
7 48
11 55
17 67