0 1 2 3 6 7 8 10 11 13 14 15 17 18 19 23 24 26 33 34 58 61 67 70 5 35 50 20 52 98 65 64 88 32 82 51 43 59 41 44 97 83 46 48 22 87 55 45 72 30 42 68 4 31 36 95 12 54 79 21 40 39 96 29 28 49 91 86 37 71 60 16 47 84 80 81 62 90 57 73 93 25 94 74 63 53 76 38 75
0 88
0 5
0 55
1 50
1 42
2 39
2 91
3 64
3 16
6 32
6 87
6 22
6 96
7 82
8 88
8 32
8 41
8 51
8 29
8 72
10 59
11 54
13 97
13 25
14 46
14 81
14 53
14 80
14 28
15 48
15 62
15 68
17 98
17 21
17 52
18 64
18 48
18 45
19 41
23 88
23 83
23 75
24 22
24 12
24 84
24 46
26 87
33 55
33 93
34 45
34 40
58 71
58 31
61 84
67 30
70 65
70 64
70 60
5 35
5 97
35 20
35 50
20 4
20 52
20 76
82 80
51 43
43 59
41 31
44 81
97 74
46 47
30 93
30 38
36 95
95 12
54 79
79 53
39 28
28 49
91 86
37 71
37 57
84 94
80 62
90 57
73 93
74 63