0 1 6 8 11 20 21 22 23 25 28 29 36 41 42 44 45 48 50 52 54 56 57 62 66 68 69 70 71 75 77 80 85 86 96 97 5 67 9 12 14 2 3 13 7 32 30 26 39 63 84 17 49 16 53 55 38 58 83 33 10 92 93 74 46 47 81 89 88 87 60 98 18 4 73 15 34 24 82 72 37 35 59 27 94 61
0 9
0 67
0 26
0 14
1 16
1 7
1 39
1 4
1 5
6 18
6 67
8 35
8 33
11 74
20 3
20 82
21 13
22 3
23 30
23 89
23 24
25 37
28 49
28 74
29 32
29 30
36 74
36 72
41 47
41 84
42 87
44 17
44 61
45 13
48 49
48 46
50 53
52 32
52 94
54 63
54 55
56 55
57 58
57 67
62 38
66 83
68 34
69 93
70 93
70 92
71 92
71 72
75 74
77 46
80 81
85 88
86 87
86 24
96 7
97 98
5 73
67 17
9 12
2 3
2 4
2 13
7 32
32 10
39 15
39 63
39 38
63 84
16 18
16 53
58 83
58 59
33 72
10 92
92 34
47 81
89 88
60 98
60 61
34 27
37 27