32 33 34 37 38 41 42 45 46 49 50 53 54 57 58 61 62 65 66 69 70 73 74 77 78 81 82 85 86 89 90 93 94 1 0 2 4 5 44 6 8 10 12 14 16 18 20 21 76 22 24 26 28 30 39 3 40 7 47 43 13 59 11 23 80 29 91 31 88 27
32 24
33 0
34 0
37 39
38 40
38 2
41 43
41 4
42 44
45 47
46 6
49 8
50 8
53 10
54 10
57 59
58 12
61 14
62 14
65 16
66 16
69 18
70 18
73 20
74 76
74 20
77 22
78 80
78 22
81 24
82 24
85 26
86 88
86 26
89 91
89 28
90 28
93 30
94 30
1 0
0 20
0 2
4 7
5 44
5 8
5 20
5 43
6 3
6 16
8 24
10 28
12 3
14 13
16 23
18 13
18 30
20 11
21 76
26 3
26 31
28 27
30 7
39 3
3 40
7 47
13 59
23 80
29 91
88 27