0 1 2 6 7 9 13 16 17 22 23 34 35 36 37 39 40 41 42 49 50 51 55 56 58 60 62 63 67 70 72 79 81 83 84 85 86 87 88 89 25 45 30 26 53 48 47 33 21 90 66 76 75 54 92 96 69 3 44 52 98 24 97 5 8 77 10 11 12 99 18 20 29 68 43 28 73 94 32 64 74 14 4 61 46 15 19 95 80 78 31 93 82 91 38 57 59 71
0 26
0 25
1 29
1 28
1 30
2 33
2 32
2 31
6 44
6 43
6 45
7 47
7 48
9 53
9 52
9 54
13 66
13 64
16 74
16 73
16 75
17 76
17 78
22 91
22 92
22 93
23 94
23 96
23 95
34 3
34 59
35 3
35 82
36 3
36 38
36 69
37 4
39 4
39 47
40 5
40 97
41 5
42 5
49 8
50 8
51 8
51 90
51 77
55 10
56 10
56 46
56 61
58 11
60 11
62 12
62 74
63 12
63 68
67 14
70 15
70 96
72 15
79 18
81 18
81 32
83 19
83 99
83 78
84 19
85 20
86 90
86 20
87 20
88 21
88 97
89 21
25 76
25 45
45 30
53 48
47 33
21 90
54 92
69 14
98 24
24 97
24 99
10 57
11 59
12 61
18 80
68 14
73 94
32 64
4 38
15 71
19 82