2 7 11 13 15 17 19 22 24 26 29 31 33 36 38 40 43 45 47 50 52 54 57 59 61 64 66 68 71 73 75 78 80 82 85 87 89 92 94 96 99 6 8 12 9 14 18 21 25 28 32 35 39 42 46 49 53 56 60 63 67 70 74 77 81 84 88 91 95 98 20 27 34 41 48 55 62 69 76 83 90 97
2 6
7 8
7 6
11 8
11 12
13 9
13 14
15 18
15 14
17 14
19 18
19 21
22 25
22 21
24 21
26 25
26 28
29 32
29 28
31 28
33 32
33 35
36 39
36 35
38 35
40 39
40 42
43 46
43 42
45 42
47 46
47 49
50 53
50 49
52 49
54 53
54 56
57 60
57 56
59 56
61 60
61 63
64 67
64 63
66 63
68 67
68 70
71 74
71 70
73 70
75 74
75 77
78 81
78 77
80 77
82 81
82 84
85 88
85 84
87 84
89 88
89 91
92 95
92 91
94 91
96 95
96 98
99 98
12 9
21 20
28 27
35 34
42 41
49 48
56 55
63 62
70 69
77 76
84 83
91 90
98 97