0 2 3 5 6 7 8 9 10 11 14 16 17 19 27 28 41 84 90 91 96 97 98 99 1 82 36 26 85 50 51 52 53 54 92 65 23 59 95 12 68 80 15 35 86 87 88 89 93 94 25 4 43 13 20 21 18 40 42 29 38 32
0 1
0 36
0 65
0 59
0 80
0 50
0 52
2 25
2 15
3 4
3 36
5 26
6 35
6 13
6 15
7 43
8 12
8 18
8 86
8 51
9 42
9 87
10 40
10 18
10 53
11 38
11 20
11 54
14 35
16 23
16 93
17 21
17 20
17 94
19 18
19 95
27 12
27 29
28 32
28 68
41 4
84 1
90 12
91 13
96 1
97 1
98 1
99 25
1 95
1 85
1 92
1 89
1 88
1 82
36 26
26 35
23 42
4 43
40 42
42 32
29 38