0 7 13 17 19 20 21 22 23 24 25 27 28 31 32 33 34 36 37 39 41 43 48 51 52 54 57 59 60 61 64 68 77 2 75 3 72 18 30 4 10 50 49 78 83 66 26 46 74 35 58 70 8 53 14 79 71 11 88 86 73 1 67 55 29 6 40 65 45 44 76 47 16 84 63 62 81 82 80 38 89 85 15
0 6
0 3
0 2
0 11
0 10
7 75
7 58
7 29
13 16
13 30
17 4
19 10
19 73
20 81
20 50
21 78
22 26
22 66
23 63
24 35
25 65
25 58
27 50
28 53
28 85
31 71
32 62
33 49
33 78
34 81
36 4
37 86
39 58
41 80
41 73
41 50
41 4
43 1
43 46
48 67
51 40
51 80
51 67
52 3
54 84
54 79
57 72
59 74
59 55
59 89
60 29
61 16
64 76
68 46
77 40
2 75
3 72
72 18
18 30
18 49
30 71
10 70
50 26
83 66
46 74
74 35
70 47
70 8
70 86
8 76
8 53
14 79
14 88
79 71
86 1
65 45
44 76
47 82
63 62
62 81
62 38
85 15