0 1 3 5 6 8 9 13 16 18 23 24 30 33 40 42 43 46 57 61 66 67 72 80 84 95 34 60 14 73 63 15 35 76 68 10 12 32 93 22 97 65 37 36 29 91 21 89 44 75 83 81 94 82 88 96 74 41 92 79 49 53 86 28 70 26 85 54 45 78 87 27 56 38 39 58 64 31 62 17 20 25 98
0 91
0 10
1 60
3 53
5 68
6 32
8 93
8 62
8 64
9 97
13 12
13 88
16 37
18 76
23 89
24 97
24 54
24 36
30 29
33 44
40 75
40 86
42 53
43 94
43 89
43 49
46 60
57 82
57 85
61 28
61 14
61 39
66 53
67 88
67 82
72 96
80 58
80 70
84 26
84 41
95 79
34 60
34 75
14 73
73 63
63 15
35 10
35 65
35 76
76 68
76 22
12 32
32 87
32 70
22 97
97 74
65 37
36 56
36 29
29 27
29 31
21 89
89 44
75 82
83 96
81 64
81 94
81 78
96 54
74 41
92 79
79 85
79 17
49 20
49 45
49 53
70 78
87 27
56 38
38 39
20 25
25 98