32 33 34 37 38 41 42 45 46 49 50 53 54 57 58 61 62 65 66 69 70 73 74 77 78 81 82 85 86 89 90 93 94 0 2 4 6 8 10 30 12 15 63 14 16 18 21 75 20 22 24 26 28 31 95 36 1 39 3 7 47 23 80 43 5 79 11 55 56 19 71 25 84 96 13
32 30
33 0
34 36
34 0
37 2
37 39
38 2
41 43
41 4
42 4
45 47
45 6
46 6
49 8
50 8
53 10
53 55
54 10
57 12
58 12
61 63
61 14
62 14
65 16
66 16
69 71
69 18
70 18
73 75
74 20
77 79
78 80
81 24
82 84
85 26
86 26
89 28
90 28
93 95
94 30
94 96
0 24
0 6
0 22
4 7
4 21
4 12
8 5
10 15
10 16
30 12
12 25
12 18
15 63
14 5
16 23
21 75
20 26
26 13
26 3
26 23
28 5
31 96
31 95
36 1
39 3
7 47
23 80
23 79
11 56
11 55
19 71
25 84
25 13