0 2 4 5 6 7 8 10 11 13 14 15 16 17 18 19 21 22 23 24 26 28 29 31 34 36 37 38 41 43 44 45 46 48 49 51 52 53 56 60 63 64 66 75 80 83 86 89 93 97 99 92 12 85 61 40 20 70 1 39 77 72 57 95 9 68 62 82 73 27 3 88 98 32 84 96 35 81 94 69 59 71 47 65 67 25 42
0 92
0 3
2 70
4 1
5 39
6 77
7 57
8 96
8 9
10 88
10 92
11 35
11 72
13 62
14 20
15 82
16 27
17 3
18 88
19 98
21 32
22 25
22 84
23 1
23 12
23 85
23 42
24 96
26 35
28 95
29 3
31 47
31 40
31 68
31 61
31 73
34 82
36 40
37 81
38 88
41 94
43 68
43 62
44 98
44 1
44 81
45 1
46 40
46 84
48 69
49 20
51 85
51 71
52 32
53 59
56 71
60 47
63 65
64 67
66 25
75 68
80 20
83 77
83 65
83 20
83 70
86 42
89 61
93 81
97 71
99 72
92 12
12 82
85 72
85 61
61 95
40 20
1 39
39 94
39 69
72 57
95 9
9 59
68 67
73 27
88 32