1 3 5 7 9 12 16 18 21 23 25 32 37 41 43 46 49 55 57 59 63 67 86 99 97 44 91 66 65 64 6 10 36 0 17 20 84 58 72 74 35 39 94 56 14 82 15 81 95 71 90 45 83 42 48 34 38 85 8 11 80 53 54 19 29 22 88 73 52 75 27 87 93 92
1 66
1 58
3 91
3 95
5 64
5 6
7 8
7 6
9 81
12 36
16 72
18 17
18 29
21 20
21 22
23 84
23 73
25 58
25 52
32 74
32 54
37 71
37 44
37 97
37 0
41 10
43 44
46 84
46 10
46 90
49 35
49 80
55 94
57 56
59 14
63 88
63 84
63 64
63 48
67 66
86 27
86 87
86 45
99 0
97 20
44 91
44 82
44 45
66 65
66 92
65 0
65 64
65 85
10 39
36 94
0 17
20 11
58 34
72 71
72 74
35 19
35 48
39 94
39 56
14 38
82 15
81 80
83 42
42 34
38 53
53 54
22 75
93 92