0 1 2 5 6 7 9 10 13 16 17 19 20 21 23 27 30 32 39 46 49 54 55 56 58 61 63 68 70 72 76 83 86 87 89 93 57 3 69 4 84 90 12 31 96 43 40 29 11 78 53 25 44 81 85 28 91 59 15 18 45 77 50 41 37 60 80 52 97 51 42 26 98 34 22 74 66 47 33 73 64 62 88 38 95 65 14 79 35 82 75 67
0 57
0 84
1 26
1 69
2 3
2 11
5 4
5 25
5 97
6 42
7 12
7 81
7 74
7 65
9 34
9 31
10 43
10 82
13 42
13 38
16 40
17 29
17 78
19 11
20 43
21 57
23 78
23 51
27 25
27 47
27 88
27 38
30 44
30 77
32 85
39 77
46 77
49 18
54 64
54 98
55 22
56 77
58 40
58 3
58 31
58 78
61 98
61 59
63 50
68 60
68 26
70 37
72 88
76 50
76 51
83 52
86 62
86 53
86 33
87 69
89 84
93 97
69 59
69 77
84 90
84 28
90 96
90 35
12 73
31 41
96 43
40 81
78 47
78 45
53 25
81 85
28 41
28 91
59 15
18 80
18 73
41 37
37 60
60 52
52 67
22 88
66 79
73 95
95 79
65 14
35 75