1 2 3 4 6 7 9 10 11 18 22 25 26 27 40 41 42 49 50 61 62 63 64 65 67 70 71 72 74 75 76 77 78 83 84 85 87 89 90 95 96 99 30 16 31 29 5 35 81 39 43 47 53 55 59 92 45 69 14 68 8 12 80 28 15 94 17 97 19 79 20 88 21 23 54 98 24 33 37 86 46 32 57 58 60 73 51 13 44 36 93 34 66 48 0 38 52 56 82
1 29
1 28
1 30
2 32
2 31
2 33
3 34
3 36
3 35
4 38
4 39
4 37
6 44
6 43
6 45
7 46
7 47
7 48
9 53
9 54
9 52
10 55
10 57
10 56
11 60
11 59
11 58
18 79
18 80
18 81
22 92
22 93
25 0
26 0
26 47
27 0
27 68
40 5
40 69
41 5
42 5
49 8
49 66
50 8
61 12
61 81
62 12
62 97
63 12
64 13
65 13
65 69
67 14
70 15
71 15
72 15
72 80
74 16
74 30
75 16
75 31
75 92
76 17
77 17
77 94
78 17
83 32
84 19
84 69
85 20
87 20
87 79
89 21
89 55
90 21
95 23
96 54
99 24
99 35
16 73
31 98
35 44
39 48
53 57
45 94
69 14
14 68
8 51
94 23
97 24
97 56
19 82
20 86
88 21
98 24
98 58
86 46
13 66