1 2 3 4 5 6 7 8 9 10 11 12 14 15 17 19 21 23 26 27 29 34 38 40 44 46 49 51 54 55 59 61 62 73 74 64 57 0 18 31 43 22 41 52 72 35 28 69 30 24 32 67 42 68 13 45 39 70 63 20 65 71 37
1 64
2 0
2 13
2 57
3 18
4 18
5 31
6 43
6 32
7 20
7 22
8 65
8 52
8 37
9 72
10 35
11 28
12 30
14 52
15 41
17 24
19 32
21 0
21 31
21 39
21 22
23 42
26 67
26 64
27 52
29 52
34 52
38 69
40 0
44 68
46 13
49 45
51 28
54 39
55 52
59 63
61 64
62 24
73 63
74 24
64 28
64 57
0 18
0 41
0 43
43 68
41 52
41 72
72 24
35 20
28 69
69 30
67 42
68 45
70 63
63 65
65 71