0 1 3 4 5 7 8 9 10 11 12 13 16 17 19 22 23 24 26 28 32 33 35 36 41 44 45 46 47 48 52 56 57 93 38 64 6 86 31 63 65 66 55 68 69 70 71 74 18 73 78 25 80 82 2 51 88 90 91 96 99 92 37 97 42 49 83 27 59 98 43 60 53 58 20 54 50 14 30 34 29 15
0 2
0 55
0 98
0 64
0 80
0 68
0 69
0 83
0 74
0 73
0 71
1 38
1 58
3 6
3 20
4 31
5 42
5 14
5 63
7 59
7 65
8 66
8 37
9 58
9 55
10 43
11 34
11 50
12 29
12 70
13 15
16 18
17 14
19 38
22 53
22 78
22 18
23 25
24 42
24 27
26 30
26 82
28 15
28 2
32 51
32 53
33 27
33 88
35 30
35 27
35 90
36 54
36 59
36 91
41 50
41 96
44 60
44 31
44 99
45 37
46 49
46 37
47 27
48 59
52 60
52 37
56 18
57 50
57 27
57 53
93 38
86 31
55 25
25 51
25 54
25 20
92 37
97 42
42 49
43 60
34 29