32 33 34 37 38 41 42 45 46 49 50 53 54 57 58 61 62 65 66 69 70 73 74 77 78 81 82 85 86 89 90 93 94 1 35 19 0 2 5 43 4 6 8 10 12 14 17 67 16 18 20 22 24 26 28 30 31 96 25 84 7 47 71 72 9 52 48 23 79 27 87 88
32 22
32 31
32 16
33 35
33 0
34 0
37 2
38 2
41 43
42 4
45 47
46 6
46 48
49 8
50 52
50 8
53 10
54 10
57 12
58 12
61 14
62 14
65 67
66 16
69 71
70 72
73 20
74 20
77 79
77 22
78 22
81 24
82 84
82 24
85 87
86 88
89 28
90 28
93 30
94 96
1 35
19 0
19 72
19 6
19 71
0 4
0 8
2 20
5 43
5 7
5 26
4 24
8 27
10 28
12 28
14 22
14 18
17 67
17 27
18 24
20 28
22 30
26 28
31 96
25 84
7 47
7 48
9 52
23 79
27 88
27 87