0 1 3 6 11 12 14 18 19 20 24 25 28 31 32 36 37 40 43 47 48 49 53 56 57 63 64 65 70 71 72 73 74 75 80 81 85 86 90 95 97 98 99 2 4 76 7 10 51 8 88 55 22 45 9 46 33 84 52 41 23 17 26 27 94 15 96 67 54 21 60 61 62 87 66 59 50 30 13 69 5 35 78 34 38 39
0 2
1 4
1 88
3 9
3 76
3 7
3 10
6 8
6 5
11 51
11 4
12 50
12 8
14 10
18 45
18 17
18 26
18 27
19 55
19 15
19 13
20 9
20 21
24 38
25 39
25 35
28 17
28 30
31 26
32 94
36 35
36 52
36 59
37 69
37 54
40 26
43 21
47 61
48 4
49 7
49 8
53 33
53 22
56 66
56 38
57 67
63 55
64 84
64 34
64 33
65 78
70 87
70 66
71 96
72 84
72 52
73 50
74 30
75 13
80 27
80 94
81 41
81 23
85 78
86 67
90 5
95 9
97 96
98 87
98 62
99 87
2 76
10 51
88 55
55 22
55 60
55 46
22 45
52 41
15 96
67 54
54 35
60 61
61 62
59 78