0 1 2 3 4 7 8 9 14 17 19 20 21 31 33 40 45 49 52 55 57 92 77 38 63 18 64 87 51 75 15 70 16 69 89 6 97 12 99 90 47 39 86 65 27 23 95 32 30 98 67 50 35 61 46 91 37 54 34 44 93 5 85 24 76 74 94 73 58 84 83 28 53 22 48 10 13 88 26 60 71 42 41 80 72 56 43 11 62 96 29 79 59 78
0 77
0 38
0 63
0 18
0 64
0 87
0 51
0 70
0 59
1 77
1 16
1 6
1 12
1 90
1 47
1 39
1 27
2 38
2 95
2 30
2 50
2 15
2 61
2 46
2 88
3 77
3 91
3 37
3 54
3 86
3 34
3 93
3 65
4 38
4 69
4 5
4 85
4 74
4 94
4 75
4 58
4 84
4 79
7 63
7 89
7 32
7 83
7 28
7 53
7 22
8 18
8 99
8 24
8 13
8 26
8 11
9 64
9 97
9 98
9 76
9 10
9 71
9 42
14 18
14 41
14 56
17 87
17 48
19 87
19 67
19 43
20 38
20 62
20 23
21 51
21 72
21 29
21 35
31 87
31 73
31 44
33 75
40 15
45 51
45 60
45 78
49 64
49 96
52 87
55 38
55 80
57 70
92 77