2 3 4 5 6 7 8 9 10 11 13 19 22 23 25 27 29 35 38 47 48 49 50 51 52 55 57 58 60 61 62 63 64 66 67 75 76 77 78 81 83 85 87 88 89 90 91 92 93 94 24 32 1 72 95 96 97 98 33 74 30 14 82 84 86 17 99 12 16 0 45 69 31 36 37 73 18 65 40 41 42 44 46 26 54 56 59 15 70 20 34 28 21 79
2 24
2 32
2 98
2 93
2 96
3 16
3 31
3 18
4 14
4 15
4 94
4 70
5 24
6 26
6 41
6 72
7 28
7 37
7 95
8 37
9 12
9 17
9 44
9 97
10 16
10 45
11 33
11 46
13 26
13 34
13 20
13 74
19 30
19 21
19 20
22 14
23 1
23 18
25 26
27 14
27 84
29 30
29 36
29 37
29 59
35 17
35 65
38 0
47 12
48 14
49 16
50 0
51 20
52 21
55 24
57 26
58 0
60 0
61 0
62 0
63 33
64 34
66 0
67 0
75 14
76 1
77 1
78 1
81 24
83 26
85 1
87 1
88 1
89 1
90 33
91 34
92 36
32 1
1 69
1 86
1 82
1 79
1 73
33 36
14 0
99 12
12 28
0 40
0 42
0 45
0 56
0 54
31 36