0 2 4 5 6 7 8 10 11 12 14 18 26 30 34 36 38 41 46 55 89 1 37 49 95 63 31 50 21 35 44 72 92 27 96 98 91 48 80 45 47 13 84 87 39 56 59 33 52 93 42 9 3 90 23 81 28 51 76 82 77 79 19 60 17 69 75 25 71 29 99 20 22
0 37
2 1
2 17
2 77
4 21
5 35
6 92
7 81
7 75
8 28
10 45
11 95
11 48
12 27
12 80
14 19
18 42
26 96
30 13
30 39
34 84
36 47
38 59
41 22
41 59
46 33
55 45
89 42
1 39
1 69
37 49
37 27
49 87
95 82
95 63
95 13
95 99
63 31
31 50
31 35
31 90
50 21
35 98
44 72
72 3
72 92
27 91
96 98
96 47
91 33
91 48
48 25
80 45
47 71
13 29
84 60
39 76
39 56
56 59
52 93
52 29
93 42
9 28
3 23
3 90
23 60
23 81
28 51
51 25
77 79
79 19
99 20