0 3 4 5 6 15 16 17 18 19 20 21 22 23 24 26 27 32 33 34 35 36 37 38 39 56 57 58 59 60 61 62 63 64 65 66 67 68 69 70 71 72 73 74 75 76 77 78 79 80 81 82 83 84 85 86 1 2 7 8 9 10 11 25 28 29 30 31 40 41 42 43 44 45 46 47 48 49 50 51 52 53 54 55
0 1
0 2
3 1
3 7
3 8
4 1
4 9
4 10
5 2
5 11
6 2
15 7
16 7
17 8
18 8
19 9
20 9
21 10
22 10
23 11
24 25
24 11
26 28
26 29
26 25
27 25
27 31
32 40
32 28
32 41
33 42
33 28
33 43
34 45
34 29
34 44
35 46
35 47
35 29
36 49
36 48
36 30
37 30
37 51
37 50
37 25
38 53
38 52
38 31
39 55
39 54
39 31
56 40
57 40
58 41
59 41
60 42
61 42
62 43
63 44
64 44
65 45
66 45
67 46
68 46
69 47
70 47
71 48
72 48
73 49
74 49
75 50
76 50
77 51
78 51
79 52
80 52
81 53
82 53
83 54
84 54
85 55
86 55