0 3 4 5 7 10 12 13 14 15 16 18 20 22 24 28 29 32 33 36 37 39 43 45 46 49 50 53 57 58 59 61 62 65 67 69 70 74 75 82 86 89 94 1 2 90 38 8 11 91 55 92 26 17 6 93 19 52 9 23 88 64 35 34 83 51 79 80 54 31 84 60 78 85 77 71 63 21 42 25 87 27
0 90
3 21
3 2
4 1
4 2
5 1
5 9
7 38
7 8
10 31
10 11
12 2
12 11
12 8
13 91
14 55
15 85
15 92
16 17
16 78
18 17
18 19
20 19
20 35
22 27
22 52
24 25
24 71
24 26
28 9
29 91
29 1
32 63
32 23
33 34
36 64
36 35
36 83
37 83
39 11
43 51
45 79
46 80
49 1
50 93
53 54
57 31
58 84
59 60
61 60
61 19
62 1
62 55
65 78
67 52
69 2
70 77
74 6
74 71
75 77
75 85
82 88
86 93
86 19
89 63
94 92
94 2
94 23
1 80
90 38
11 52
91 26
92 51
6 93
9 54
88 64
64 79
35 34
83 84
21 42
25 87