0 1 2 3 4 6 10 11 15 16 18 19 20 22 24 25 26 32 34 35 41 48 51 57 59 62 80 76 28 13 79 86 40 31 9 61 12 46 91 43 78 14 17 82 49 69 75 65 66 56 74 84 58 29 83 90 67 85 63 64 68 54 81 77 71 73 53 87 30 55 39 7 5 8 23 45 52 47 60 27 36 33 37 21
0 80
0 79
0 84
1 64
1 67
1 28
2 85
2 55
2 13
3 31
3 63
4 9
6 12
6 54
6 30
10 46
11 64
11 14
11 91
15 17
16 49
16 77
18 86
18 40
19 69
20 65
22 56
22 8
24 85
24 29
25 52
25 84
26 58
32 83
32 33
34 75
34 65
34 60
35 49
41 23
41 65
41 71
48 73
48 61
48 83
51 53
51 37
57 71
57 28
57 76
59 55
59 87
62 30
80 75
80 43
79 86
79 90
86 82
40 9
61 12
46 8
46 81
43 74
78 14
78 47
14 17
49 27
69 53
75 58
66 47
66 56
29 83
29 23
67 68
85 7
63 77
54 77
77 53
73 45
55 39
5 8
23 36
47 21