32 33 34 37 38 41 42 45 46 49 50 53 54 57 58 61 62 65 66 69 70 73 74 77 78 81 82 85 86 89 90 93 94 0 2 5 43 4 11 6 8 55 56 12 14 17 67 16 18 20 21 76 22 24 26 28 30 35 1 10 36 31 7 63 15 64 25 84
32 11
32 22
32 21
33 0
34 0
37 2
38 2
41 43
42 4
45 6
46 6
49 8
50 8
53 55
54 56
57 12
58 12
61 63
61 14
62 64
65 67
66 16
69 18
70 18
73 20
74 20
77 22
78 22
81 24
82 84
82 24
85 26
86 26
89 28
90 28
93 30
94 30
0 17
2 4
2 30
5 20
5 18
5 43
4 14
4 10
4 8
11 55
11 6
11 56
6 1
6 10
6 7
6 31
6 26
8 24
12 31
12 20
17 16
17 1
17 67
21 76
26 15
28 7
35 1
1 36
15 64
25 84