98 99 97 96 95 94 93 92 91 90 89 87 88 86 84 85 83 82 81 80 79 78 77 75 76 74 73 72 71 70 69 68 67 66 65 64 63 62 61 60 59 58 57 56 54 55 53 51 50 52 49 48 47 46 45 44 43 42 41 39 40 38 37 36 35 34 33 32 31 30 29 27 28 26 25 24 23 22 21 20 18 17 19 15 16 14 12 13 11 9 10 8 7 6 5 4 3 2
98 99
98 97
97 96
96 95
95 94
95 93
93 92
92 91
92 90
90 89
89 87
89 88
87 86
86 84
86 85
84 83
83 82
83 81
81 80
80 79
80 78
78 77
77 75
77 76
75 74
74 73
74 72
72 71
71 70
71 69
69 68
68 67
68 66
66 65
65 64
64 63
63 62
62 61
62 60
60 59
59 58
59 57
57 56
56 54
56 55
54 53
53 51
53 52
51 50
50 49
50 48
48 47
47 46
47 45
45 44
44 43
44 42
42 41
41 39
41 40
39 38
38 37
38 36
36 35
35 34
35 33
33 32
32 31
32 30
30 29
29 27
29 28
27 26
26 25
26 24
24 23
23 22
23 21
21 20
20 18
20 19
18 17
17 15
17 16
15 14
14 12
14 13
12 11
11 9
11 10
9 8
8 7
8 6
6 5
5 4
5 3
3 2