76 27 35 26 28 23 98 45 1 51 93 10 42 59 0 37 33 87 38 56 77 70 29 69 41 61 78 85 58 32 84 20 66 73 55 3 88 83 15 21 68 12 97 80 7 57 94 75 14 96 46 71 86 44 6 39 16 9 30 89 62 19 47
76 27
76 28
76 45
76 75
27 35
35 26
28 23
23 98
45 1
45 12
45 46
1 51
1 10
1 59
1 0
1 58
1 3
51 93
51 33
51 38
51 32
51 20
93 42
93 70
93 61
10 77
10 97
10 47
59 29
59 85
0 37
0 87
0 9
33 57
87 78
38 56
38 41
38 6
56 84
77 69
77 73
70 7
29 88
78 21
78 71
32 55
84 80
84 39
20 66
73 16
88 83
88 15
15 68
21 94
21 14
14 96
96 86
96 44
96 62
71 19
44 89
39 30