37 84 14 15 35 73 74 75 85 13 83 81 64 65 66 16 39 32 82 40 91 98 96 97 99 92 51 93 31 17 94 95 18 67 68 63 33 53 54 55 56 36 77 41 43 12 76 34 80 72 71 38 50 42 89 49 52 48 90 45 44 46 47 70 69 57 62 79 60 78 11 86 87 58 19 61 59 88 20 10 21 22 23 9 8 7 6 5 24 4 3 25 26 2 1 0 27 28 29
37 84
37 14
37 85
37 83
37 81
37 82
37 89
14 15
14 35
14 13
14 36
14 38
15 16
15 32
15 31
15 33
15 34
35 73
35 74
35 75
35 72
35 71
13 64
13 65
13 66
13 63
13 12
16 39
16 40
16 17
16 41
16 42
39 91
39 92
39 93
39 94
39 95
32 51
32 50
32 49
32 52
32 48
40 98
40 96
40 97
40 99
31 43
31 45
31 44
31 46
31 47
17 18
17 67
17 68
17 70
17 69
18 19
33 53
33 54
33 55
33 56
33 57
36 77
36 76
36 80
36 79
36 78
12 11
34 62
34 60
34 58
34 61
34 59
38 90
38 86
38 87
38 88
11 10
19 20
20 21
10 9
21 22
22 23
23 24
9 8
8 7
7 6
6 5
5 4
24 25
4 3
3 2
25 26
26 27
2 1
1 0
27 28
28 29