11 34 18 81 9 79 32 30 8 59 13 10 80 82 17 19 44 52 23 12 76 33 21 35 74 69 5 42 70 22 31 72 62 40 58 36 7 43 45 65 1 20 89 51 53 60 24 16 78 49 77 48 3 90 29 15 64 71 83 14 6 75 54 4 93 73 2 68 84 55 46 56 61 63 37 39 41
11 34
11 18
11 44
11 52
11 23
11 12
34 33
34 35
18 81
18 17
18 19
81 9
81 79
81 80
81 82
9 32
9 13
9 10
79 78
32 30
30 8
30 59
30 29
13 14
10 90
82 15
82 64
82 83
19 70
44 43
44 45
52 51
52 53
23 89
23 24
12 76
76 75
33 21
33 69
21 74
21 20
35 62
35 40
35 58
74 5
74 73
69 42
69 68
5 1
70 22
70 31
31 72
62 36
62 61
62 63
40 39
40 41
36 7
36 37
45 65
45 49
65 2
20 56
89 77
89 55
51 60
51 3
53 16
24 48
15 71
64 6
71 93
75 54
54 4
73 84
73 46