21 89 25 88 90 35 0 3 36 81 18 34 83 91 80 79 63 97 44 99 39 22 64 26 24 19 93 82 4 12 50 6 41 38 73 16 98 74 47 84 27 52 43 45 28 5 13 9 62 8 7 61 56 92 46 75 57 54 10 55 77 37 66 17 48 72 76 49 65 87 51 70 42 40 53 1 15 32 31 78 30 71 2 20 96 68 85 86 67 14 94 33 29 23 60 95
21 89
21 88
21 90
89 25
89 35
25 0
25 26
90 93
90 76
35 3
35 81
35 83
35 97
0 27
3 36
3 34
36 39
81 18
81 91
81 63
81 44
18 80
18 79
18 15
34 41
83 99
83 19
83 74
91 22
80 50
79 64
79 52
63 12
44 6
99 24
99 47
39 4
39 28
22 92
64 13
24 98
19 82
19 84
82 73
82 61
4 38
4 37
12 62
50 8
6 43
6 45
41 5
73 16
73 57
73 54
73 77
16 75
98 51
98 70
74 87
74 30
47 7
84 72
27 32
52 9
45 56
45 96
28 1
5 42
5 40
13 66
13 65
9 53
8 49
7 46
7 48
57 10
10 55
77 17
77 31
17 78
48 67
87 20
87 68
53 33
1 29
15 71
32 2
32 60
30 94
71 95
20 85
20 86
96 23
67 14