11 10 12 13 14 15 2 22 3 23 16 4 24 17 5 25 18 6 26 19 7 27 1 21 34 8 28 35 33 36 0 20 32 9 29 37 31 38 44 45 43 30 46 39 42 47 41 48 54 55 40 49 53 56 52 57 51 58 50 59 64 65 63 66 62 61 67 68 60 69 74 75 73 76 71 78 72 77 70 79 84 85 83 81 86 88 82 87 80 89
11 10
11 12
11 1
11 21
12 13
12 2
12 22
13 14
13 3
13 23
14 15
14 4
14 24
15 16
15 5
15 25
22 32
23 33
16 17
16 6
16 26
24 34
17 18
17 7
17 27
25 35
18 19
18 8
18 28
26 36
27 37
1 0
21 20
21 31
34 44
8 9
28 29
28 38
35 45
33 43
36 46
32 42
37 47
31 30
31 41
38 39
38 48
44 54
45 55
43 53
46 56
42 52
47 57
41 40
41 51
48 49
48 58
54 64
55 65
53 63
56 66
52 62
57 67
51 50
51 61
58 59
58 68
64 74
65 75
63 73
66 76
62 72
61 60
61 71
67 77
68 69
68 78
74 84
75 85
73 83
76 86
71 70
71 81
78 79
78 88
72 82
77 87
81 80
88 89