0 34 1 20 2 73 11 74 5 13 44 9 3 24 31 23 76 27 7 10 15 19 8 29 17 18 4 12 25 75 39 14 33 30 52 51 81 82 36 6 43 28 16 26 40 22 88 42 21 49 64 50 38 62 55 56 69 60 80 41 35 94 32
0 34
0 1
0 20
0 2
0 17
0 33
0 30
0 16
1 36
1 35
20 73
20 11
20 74
20 5
20 13
20 9
20 3
20 24
20 31
20 23
20 27
20 7
20 10
20 15
20 19
20 8
20 29
20 18
20 4
20 12
20 25
20 6
20 22
20 21
20 32
2 38
73 75
11 55
11 56
74 76
5 44
5 43
5 28
13 14
13 60
44 42
9 52
9 51
3 39
3 26
3 40
24 81
24 82
23 80
27 88
15 64
8 49
8 50
18 69
14 62
30 94
43 41