44 41 68 16 49 65 95 40 35 63 20 59 62 11 67 33 61 56 96 86 25 74 34 93 9 1 88 13 21 60 81 94 79 89 38 99 58 29 90 87 75 42 82 0 27 46 70 32 23 47 39 51 37 31 84 10 50 92 73 71 97 2 28 53 91 15 72 18 26 76 14 4 6 3 22 12 98 57 24 55 66 45 17 64 54
44 41
44 68
44 95
44 61
44 25
44 99
44 70
44 76
41 65
68 16
68 40
68 93
68 58
68 27
68 51
16 49
49 82
65 86
65 74
65 31
65 12
95 42
40 35
40 63
40 79
40 89
35 20
63 62
63 11
20 59
59 67
59 33
59 81
11 60
67 94
61 56
61 38
61 37
56 96
56 34
86 46
74 10
74 14
34 73
93 9
93 1
93 21
93 47
93 97
9 88
9 53
1 13
1 87
1 75
88 3
13 54
21 64
94 92
79 39
58 29
58 90
58 15
90 72
90 18
87 2
87 28
87 4
75 23
82 0
0 32
0 26
27 84
46 91
32 50
23 17
37 57
50 55
73 71
2 6
28 24
28 45
6 22
12 98
55 66