34 30 51 11 75 68 25 19 20 46 16 9 95 48 52 73 18 98 85 24 65 97 33 41 81 80 36 57 54 12 82 74 53 94 79 77 87 66 38 72 29 43 90 0 39 27 2 7 13 26 42 84 76 1 8 35 56 61 55 93 40 49 28 15 44 70 83 45 96 64 71 50 92 4 31 5 58 37
34 30
34 51
34 46
34 16
34 9
34 54
34 87
30 11
30 20
30 33
51 75
51 48
11 68
11 82
11 27
75 45
68 25
68 19
68 95
68 36
68 74
68 84
25 81
20 52
20 18
20 98
20 94
46 77
46 96
16 72
9 55
95 41
48 24
48 97
48 8
52 73
52 76
52 1
52 58
73 44
73 92
18 85
98 29
85 38
24 65
24 79
24 64
65 61
41 80
81 0
81 42
36 57
36 12
54 53
54 43
54 39
12 50
82 66
82 37
74 90
74 2
74 7
74 26
43 35
43 93
0 13
0 83
0 71
1 56
35 40
35 5
56 70
93 49
40 15
49 28
28 31
96 4