3 2 7 8 4 6 12 5 17 13 14 18 0 11 1 21 22 15 9 16 10 20 23 19 24 26 27 25 28 31 30 35 36 34 41 39 40 45 29 47 44 49 37 42 46 43 33 38 32 48 50 51 53 54 57 61 56 65 52 60 58 55 62 66 59 69 70 73 75 63 68 67 64 72 71 78 74 76 82 81 77 79 83 87 92 86 85 88 80 97 96 91 90 94
3 2
3 7
3 0
7 8
7 4
7 6
7 12
7 11
8 5
4 1
12 17
12 13
17 21
17 22
13 14
13 18
11 15
11 16
11 10
22 24
15 9
16 20
20 23
23 19
23 26
24 27
26 25
27 28
27 30
28 31
30 35
30 34
30 29
35 36
35 40
36 41
34 39
34 33
34 38
41 37
39 42
40 45
45 47
45 44
47 49
49 51
42 46
46 43
46 48
33 32
48 50
50 53
51 54
53 57
53 52
54 55
57 61
57 56
57 58
57 62
61 65
61 60
61 66
60 59
62 63
62 67
66 69
66 70
69 73
73 75
75 78
63 68
68 64
67 72
67 71
72 74
78 82
78 77
74 76
76 79
82 81
82 83
82 87
82 86
83 80
87 92
87 88
92 97
92 96
86 85
86 91
86 90
91 94