22 11 1 10 0 2 20 12 21 23 33 32 13 31 24 34 43 42 3 30 14 52 25 41 35 44 4 51 5 53 15 26 62 40 50 61 45 6 16 54 63 27 71 60 72 7 17 18 29 36 37 8 19 39 28 9 47 49 38 59 46 57 48 64 55 81 70 91 80 73 82 90 92 83 69 58 67 56 74 93 65 84 79 68 77 66 75 89 78 94 88 87 76 99 98 97
22 11
22 12
22 21
22 23
22 33
22 32
11 1
11 10
1 0
1 2
10 20
2 3
20 30
12 13
21 31
23 24
33 34
33 43
32 42
13 14
31 41
24 25
34 35
34 44
42 52
3 4
30 40
52 51
52 53
52 62
25 15
25 26
35 45
44 54
4 5
51 61
5 6
53 63
15 16
26 27
62 72
40 50
61 71
61 60
45 46
45 55
6 7
16 17
54 64
27 18
27 29
27 36
27 37
60 70
72 81
72 73
72 82
18 8
18 19
29 39
29 28
37 47
8 9
39 49
39 38
47 57
47 48
49 59
59 69
59 58
57 67
57 56
64 74
55 65
81 91
81 80
91 90
91 92
82 83
92 93
83 84
69 79
69 68
67 77
56 66
74 75
93 94
79 89
79 78
77 88
77 87
77 76
89 99
88 98
87 97