21 17 29 15 10 12 13 11 51 33 18 22 4 28 57 16 43 56 58 59 30 53 60 37 72 9 62 74 80 61 69 79 64 44 68 66 76 42 77 2 90 93 86 71 40 46 88 41 52 89 45 97 98 27 78 26 91 99 96 94 31 38 35 87 8 34 67 7 36 85 32 6 20 92 0 70 1 25 3 23 50 5 48 47 65 49 82 95 73 81 39 63 83 54 14 24 19 84
21 17
21 29
21 15
21 28
21 16
17 9
15 10
15 12
15 22
10 13
12 11
13 51
13 4
11 33
51 18
18 25
28 57
57 56
57 58
16 43
16 37
16 8
43 38
56 53
56 62
58 59
58 30
58 74
59 60
30 80
30 44
60 72
60 61
60 69
60 64
72 76
9 2
74 79
74 71
80 52
80 78
61 27
69 68
69 90
64 66
64 88
44 42
66 89
66 91
76 77
42 40
42 46
77 93
77 86
77 94
2 31
90 97
90 98
90 92
93 96
71 67
40 41
40 36
88 99
41 45
97 70
27 26
27 20
78 87
38 35
38 50
38 48
35 34
87 85
87 95
8 7
8 32
67 65
7 6
7 0
36 39
20 23
0 1
1 3
25 54
3 5
3 14
23 24
48 47
48 49
47 82
65 63
49 73
82 81
81 83
81 84
24 19