97 24 98 99 31 75 2 16 32 33 92 64 58 63 74 83 37 22 73 91 13 11 93 60 30 56 66 62 59 12 85 51 65 35 4 61 80 19 53 9 18 20 54 82 78 36 10 44 8 50 43 49 1 41 88 79 68 86 72 6 84 55 57 52 38 87 81 3 39 28 29 21 5 67 46 15 70 17 69 90 40 14 23 95 89 96 25 34 42 77 27 45 7 76 48 94 71 0
97 24
97 56
97 62
97 54
97 78
97 36
24 98
24 99
24 7
98 31
98 58
98 63
98 37
99 35
99 82
31 75
31 2
31 64
31 85
75 16
75 92
2 32
2 33
2 23
16 74
16 73
32 83
92 22
92 51
64 13
58 11
63 12
74 30
74 43
74 88
83 80
83 19
83 53
37 4
37 68
22 91
22 93
73 41
13 66
13 65
11 60
11 59
60 25
30 1
30 28
56 10
59 42
12 61
85 20
51 8
65 69
35 44
35 3
4 38
4 39
80 18
80 72
80 67
80 70
19 84
53 9
53 57
9 52
18 79
18 81
20 86
20 87
54 96
78 17
10 55
8 50
8 49
43 6
1 29
41 5
88 21
68 14
68 27
68 94
86 46
86 76
72 15
6 45
3 34
39 48
21 90
21 89
5 40
15 71
17 77
23 95
27 0