97 74 7 36 90 0 64 75 21 4 17 82 68 83 1 50 6 47 92 61 20 88 87 93 52 9 41 86 54 49 26 27 37 42 96 38 11 19 89 33 34 60 73 53 39 70 63 51 14 65 62 56 23 13 59 79 8 32 66 22 40 31 48 99 3 80 35 81 10 28
97 74
97 7
97 52
97 9
97 26
74 0
74 6
74 47
7 36
7 90
7 49
36 64
36 75
36 21
36 4
36 87
36 54
90 60
0 56
64 17
64 68
75 82
21 1
4 62
4 22
17 27
82 50
68 83
68 92
83 20
83 33
6 19
47 86
92 61
92 42
92 89
61 88
87 93
87 38
93 96
93 80
52 73
52 53
52 39
9 41
86 51
54 65
54 59
49 63
49 40
26 31
27 37
37 34
38 11
38 79
38 35
11 70
34 14
60 13
73 48
39 99
63 23
63 66
62 81
62 28
23 8
8 32
48 3
81 10