98 64 65 3 12 23 99 47 24 25 81 80 63 48 79 40 87 27 7 78 28 49 67 62 19 91 93 6 74 43 92 50 96 30 75 95 59 70 35 68 33 85 31 2 44 20 1 73 71 21 17 9 34 82 56 8 72 10 84 22 86 77 54 60 41 55
98 64
98 99
64 65
64 12
64 23
65 3
65 47
23 24
24 25
24 81
24 63
24 85
24 56
25 67
81 80
81 34
80 48
80 79
80 87
80 27
63 7
63 62
63 93
63 30
48 40
48 49
79 78
79 60
40 41
27 28
7 6
7 68
7 8
78 77
67 82
62 19
62 91
62 43
19 17
91 92
91 96
93 50
93 31
6 74
6 2
74 75
43 44
92 1
96 95
96 70
96 73
30 59
30 35
75 33
95 20
95 9
70 71
85 84
85 54
20 21
20 86
71 72
21 22
9 10
54 55