78 72 76 74 70 79 67 69 17 66 77 71 13 12 4 6 7 1 53 55 2 18 15 58 61 50 51 64 56 59 60 63 52 57 19 16 8 65 5 68 62 54 73 75 10 85 0 11 3 14 96 99 9 91 95 97 20 92 89 86 27 29 26 23 21 25 28 24 22 84 90 80 94 83 82 88 98 87 93 81 30 31 32 33 34 35 36 37 38 39 40
78 72
78 76
78 74
78 70
78 79
78 66
78 65
78 73
76 17
79 67
79 69
79 77
79 71
79 68
79 75
69 85
17 13
17 1
17 53
13 12
13 4
4 6
4 19
4 0
6 7
7 5
1 2
1 16
1 8
1 3
53 55
53 58
55 61
55 51
55 63
2 18
2 15
18 10
15 11
58 50
58 64
58 60
58 52
50 56
56 59
56 57
56 54
63 62
85 96
85 99
85 91
3 14
3 20
14 9
96 95
96 90
99 97
99 86
91 92
91 94
95 84
97 93
20 27
20 29
20 26
20 24
92 89
92 83
89 80
89 87
29 23
29 30
26 21
26 25
23 28
23 22
80 98
80 81
94 88
83 82
30 31
31 32
32 33
33 34
34 35
35 36
36 37
37 38
38 39
39 40