28 79 1 30 99 24 97 98 29 50 64 26 62 82 8 51 86 87 20 85 49 90 21 88 47 44 7 48 41 63 5 40 42 74 89 6 46 81 38 16 75 70 45 73 18 80 57 4 96 92 12 59 22 94 11 68 60 67 43 14 71 37 15 61 76 54 23 91 25 69 39 95 0 35 13 10 19 72 9 84 58 83 65 17 66 3
28 79
28 1
1 30
1 29
30 99
30 50
99 24
24 97
24 98
97 26
97 62
98 64
29 82
50 8
50 86
50 44
8 51
8 49
8 13
8 19
51 90
51 74
86 87
86 20
86 47
20 85
85 41
85 63
49 38
49 70
90 21
21 88
21 89
88 81
88 45
88 73
47 7
44 6
7 48
7 46
48 94
41 5
63 12
63 59
5 40
5 42
40 68
40 25
42 60
42 67
42 76
74 16
74 57
74 96
89 92
46 43
46 91
81 18
38 4
38 71
16 75
70 15
70 54
73 66
18 80
80 83
57 10
4 37
4 39
92 22
12 61
59 11
59 35
94 23
11 58
68 14
14 69
15 72
76 17
54 9
23 95
25 0
35 3
13 65
19 84