0 34 33 25 20 74 10 26 73 76 27 8 3 11 22 28 23 54 53 7 12 13 2 21 86 31 29 55 30 32 18 16 17 24 19 9 85 75 5 1 79 88 98 15 56 6 37 49 50 94 57 58 14 81 70 77 39 40 47 4
0 34
0 33
0 25
0 20
20 74
20 10
20 26
20 73
20 27
20 8
20 3
20 11
20 22
20 28
20 23
20 7
20 12
20 13
20 2
20 21
20 31
20 29
20 30
20 32
20 18
20 16
20 17
20 24
20 19
20 1
20 15
20 6
74 76
10 54
10 53
10 9
10 14
26 86
26 85
26 5
26 4
73 75
27 88
8 49
8 50
3 39
3 40
11 55
22 77
23 79
54 56
7 47
12 57
12 58
2 37
30 94
32 98
18 70
24 81