51 64 97 40 49 78 58 22 30 1 47 2 53 11 39 7 42 3 91 12 99 34 96 14 89 59 24 70 66 43 4 92 50 86 18 82 35 20 48 23 62 41 88 67 52 37 6 28 38 5 73 46 25 68 54 85 27 33 31 36 98 71
51 64
51 97
51 2
51 67
64 40
64 53
97 11
97 62
40 49
40 58
40 88
40 5
40 33
49 78
49 35
78 18
58 22
22 30
22 1
22 47
22 91
22 12
22 66
53 38
11 39
11 7
11 99
11 34
11 48
7 42
7 3
42 43
42 86
42 37
42 6
42 25
3 96
3 4
3 27
12 70
12 23
12 73
99 59
34 24
34 50
96 14
96 89
14 82
14 85
59 36
70 20
70 46
43 28
4 92
4 52
18 98
35 71
20 68
23 41
6 54
28 31