0 23 36 82 68 86 66 80 84 74 94 71 93 76 63 95 70 72 92 96 73 67 79 88 89 85 62 97 83 77 87 78 81 90 61 64 99 69 65 54 75 91 98 12 56 28 32 57 1 19 10 21 37 59 34 25 39 43 44 48 18 8 16 29 60 52 6 3 50 41 14 26 17 15 55 42
0 23
0 36
0 82
0 68
0 86
0 66
0 80
0 84
0 74
0 94
0 71
0 93
0 76
0 63
0 95
0 70
0 72
0 92
0 96
0 73
0 67
0 79
0 88
0 89
0 85
0 62
0 97
0 83
0 77
0 87
0 78
0 81
0 90
0 61
0 64
0 99
0 69
0 65
0 75
0 91
0 98
23 54
82 32
68 12
86 39
66 10
80 29
84 34
94 50
71 16
93 48
76 21
70 15
79 28
88 42
89 43
85 37
62 3
97 55
77 25
87 41
78 26
90 44
64 6
99 59
69 14
65 8
54 56
54 57
54 1
54 19
56 18
56 60
19 52
19 17