4 39 38 71 37 15 72 70 50 81 61 12 63 85 62 31 2 94 23 95 96 53 9 91 32 33 18 52 8 51 36 22 87 54 79 64 20 83 80 35 73 16 75 45 29 41 49 93 47 92 1 5 30 6 44 40 43 58 78 34 3 7 25 28 42 66 13 19 11 86 89 0 46 55 97 17 59 60 56 82 84 21 88 27 24 77 76 90 48 26 74 10 65 98 99 57 68 14
4 39
4 38
4 37
39 45
39 29
39 41
38 71
38 91
71 15
71 50
71 61
71 31
37 25
15 72
15 70
72 81
70 94
70 53
50 8
81 18
61 12
61 85
61 83
12 63
12 62
63 58
85 20
31 2
31 36
31 87
2 32
2 33
94 23
94 73
23 95
23 96
95 80
95 35
53 9
53 64
9 52
9 54
91 22
91 47
33 55
18 79
8 51
8 49
51 78
36 34
36 3
22 93
22 92
79 89
79 27
64 13
20 86
83 19
83 56
73 16
16 75
45 6
29 1
41 5
41 66
49 97
93 48
47 7
47 74
1 30
1 28
5 40
5 42
6 44
6 43
44 98
58 11
78 17
78 77
7 46
25 0
42 68
13 65
19 82
19 84
11 59
11 60
89 21
0 26
46 57
97 24
17 76
56 10
21 88
21 90
24 99
68 14