0 13 38 8 14 22 64 68 53 45 69 46 50 57 60 62 63 40 4 51 58 55 48 42 47 43 7 44 79 67 52 49 54 65 61 56 97 66 59 30 41 25 75 6 11 36 23 24 71 32 27 2 12 16 21 10 5 20 29 35 15 17 1
0 13
0 38
0 8
0 64
0 68
0 53
0 45
0 69
0 46
0 50
0 57
0 60
0 62
0 63
0 40
0 51
0 58
0 55
0 48
0 42
0 47
0 43
0 44
0 67
0 52
0 49
0 54
0 65
0 61
0 56
0 66
0 59
0 41
13 4
13 7
13 79
38 97
8 14
8 75
14 22
64 32
68 36
50 15
57 23
60 27
62 29
40 2
4 30
4 25
4 6
4 71
51 16
55 21
48 12
42 5
47 10
79 1
67 35
52 17
54 20
30 11
25 24