43 84 42 85 83 49 48 44 93 80 75 74 35 94 46 76 95 96 79 57 38 39 56 73 69 92 97 64 77 70 40 81 7 20 16 15 54 72 52 29 91 37 55 98 68 41 67 58 78 59 53 47 90 14 66 17 4 22 71 8 25 18 10 63 13 24 87 28 27 33 1 2 26 34 45 65 60
43 84
43 42
43 44
84 85
84 83
84 49
84 93
49 48
49 60
93 80
93 35
93 94
93 92
80 75
80 79
80 81
75 74
75 76
74 73
74 54
74 25
35 34
94 46
94 95
94 71
46 64
46 47
46 45
76 77
95 96
96 97
79 57
79 38
79 7
79 78
57 56
57 16
38 39
38 37
38 98
39 70
39 40
56 55
56 22
73 69
73 72
69 10
92 91
97 59
64 63
64 65
77 52
70 20
40 41
40 24
7 8
16 15
16 68
16 17
15 14
72 29
52 28
52 26
91 90
68 67
68 4
67 58
67 53
67 66
17 18
25 33
25 1
63 13
24 87
28 27
1 2