18 80 81 77 79 95 17 76 55 59 64 11 23 83 94 96 19 84 82 52 10 57 56 9 78 63 60 58 13 74 12 38 66 65 89 75 62 33 21 34 27 47 7 46 50 8 49 39 54 53 48 2 32 26 4 51 0 43 37 31 99 24 98 6 36 73 44 68 69 45 90 16 88 25 61 14 70 93 86 72 40 5 85 3 91
18 80
18 81
18 79
80 77
80 95
80 55
81 59
77 17
79 89
95 23
95 83
17 76
17 78
76 75
76 62
55 52
55 10
55 33
59 64
59 11
59 63
64 13
64 74
11 60
11 58
23 94
23 96
83 19
94 34
19 84
19 82
52 9
52 47
10 57
10 56
57 27
57 49
56 50
56 39
56 26
9 54
9 53
78 91
63 12
60 85
58 38
58 93
58 40
13 66
13 65
12 61
38 72
65 86
89 21
33 2
33 68
21 90
21 88
34 3
27 43
47 7
7 46
7 48
50 8
8 51
49 99
39 4
53 37
48 69
48 70
2 32
2 31
26 0
26 36
51 73
0 25
43 6
99 24
24 98
6 44
6 45
73 16
69 14
40 5