8 78 14 23 79 92 50 26 64 9 3 0 60 52 62 31 54 33 88 93 80 96 71 32 66 82 74 75 42 2 90 16 59 89 63 85 81 24 73 25 11 39 76 83 94 12 58 46 40 95 98 36 30 53 38 97 67 51 87 10 7 56 72 84 49 77 48 69 57 43 4 41 37 68 6 99 65 13 45 28 47 17 29 1 86
8 78
8 14
8 23
8 1
78 79
78 64
79 92
79 54
92 50
92 26
92 60
92 88
50 9
50 62
50 31
9 3
9 0
60 52
54 33
54 45
88 93
88 32
88 87
93 80
93 82
93 11
93 94
93 99
80 96
80 75
80 97
80 43
96 71
96 66
96 49
71 74
71 59
71 73
71 46
32 63
32 25
32 53
66 90
82 12
74 2
74 39
74 76
75 42
75 81
2 16
90 89
90 83
90 84
16 24
16 56
63 85
63 67
63 4
63 41
63 37
63 29
81 95
81 57
73 98
73 36
73 68
25 51
11 6
83 28
12 58
58 40
46 38
40 7
40 17
36 30
38 48
51 72
51 65
87 10
87 69
72 13
49 77
69 86
13 47