0 63 64 83 27 99 75 22 1 98 97 8 9 41 96 23 86 95 40 20 94 72 46 89 24 82 88 69 10 47 73 93 13 42 14 6 74 85 45 61 2 15 7 80 55 71 44 39 90 43 79 12 87 56 60 5 81 33 49 48 91 11 70 62 66 57 4 17 37 92 84 21
0 63
0 99
0 75
0 1
63 64
63 27
64 83
99 98
99 20
99 80
75 22
98 97
98 8
98 23
97 96
97 86
8 9
8 41
8 7
9 82
9 88
41 40
41 69
96 95
96 61
23 24
86 13
86 85
86 87
95 94
95 72
95 6
40 62
20 55
20 21
94 46
94 89
94 93
72 73
72 71
46 10
46 47
46 45
89 90
82 66
69 70
10 11
47 49
73 42
73 74
73 37
93 92
13 14
13 2
13 12
42 43
14 15
14 48
14 91
6 5
74 81
85 79
85 17
45 44
45 33
61 60
2 4
44 39
39 84
12 56
56 57