0 34 77 43 86 17 54 80 20 71 6 11 88 45 49 32 75 91 63 97 68 2 25 51 26 66 41 60 28 38 15 58 65 69 36 39 94 8 23 52 84 47 79 73 31 59 37 14 57 64 29 95 50 92 4 76 33 22 56 19 82 85 96 24 83 5 48 42 30 53 55 35 62 27 98 16 90 61 99 72 3 40 9 81
0 34
34 77
34 71
34 68
34 60
34 8
77 43
43 86
43 17
43 6
86 52
17 54
54 80
54 20
54 11
54 88
54 91
54 28
20 63
6 49
6 32
11 45
45 2
45 19
45 82
32 75
32 66
75 41
75 38
91 65
63 97
63 26
63 37
68 25
2 36
25 51
25 59
25 62
51 94
51 14
26 69
66 29
66 92
41 15
41 4
60 23
38 64
15 58
58 84
58 95
58 24
65 39
65 31
65 22
65 99
69 35
36 79
36 73
39 76
23 57
84 47
84 50
73 30
31 5
59 85
59 96
37 3
57 83
64 27
64 98
92 55
76 33
22 56
96 53
24 61
5 48
5 42
42 16
53 90
55 81
35 72
35 9
3 40