38 0 14 4 22 60 27 75 15 40 42 45 50 8 56 58 54 61 66 62 57 43 59 55 67 64 41 47 44 39 65 48 49 46 52 63 94 53 51 37 30 70 10 7 16 84 19 79 5 12 9 6 29 28 32 17 26 23 25 24 96 1 31 34 76 36 35 3
38 0
0 14
0 60
0 40
0 42
0 45
0 50
0 8
0 56
0 58
0 54
0 61
0 66
0 62
0 57
0 43
0 59
0 55
0 67
0 64
0 41
0 47
0 44
0 39
0 65
0 48
0 49
0 46
0 52
0 63
0 53
0 51
14 4
14 22
14 27
14 75
4 15
4 94
4 70
22 79
60 30
27 84
75 1
15 76
40 5
42 7
45 10
50 17
8 37
8 96
56 25
58 28
54 23
61 31
66 36
62 32
57 26
55 24
64 34
41 6
47 12
44 9
65 35
30 19
30 29
10 16
16 3