0 44 15 53 9 64 57 47 60 59 24 82 87 71 92 74 4 89 98 86 7 94 84 79 81 91 90 99 88 76 83 58 37 80 75 78 85 93 95 77 96 50 97 30 14 42 40 17 21 1 13 29 18 10 2 49 16 3 73 27 6 36 5 12 70 11 28 25 48 66 32 23 45 8 20 35 38 61 62 65 33 67 26 63 46 52 55 68 22 54 56 51 31 69 72
0 44
0 92
0 74
0 4
0 89
0 98
0 86
0 7
0 94
0 84
0 79
0 81
0 91
0 90
0 99
0 88
0 76
0 83
0 80
0 75
0 78
0 85
0 93
0 95
0 77
0 96
0 97
44 15
44 53
15 9
15 64
15 60
15 87
53 50
53 14
9 82
9 71
64 57
64 47
64 59
57 24
24 52
24 55
92 21
74 1
4 58
4 37
4 30
89 17
98 29
7 42
84 11
79 6
81 8
91 20
90 18
99 33
88 16
83 10
75 2
78 5
85 12
93 23
95 25
50 40
50 3
97 28
30 27
14 73
40 13
40 36
17 49
17 70
17 32
21 65
1 45
13 67
29 35
29 61
10 48
10 66
10 62
3 63
73 46
27 54
6 26
5 38
28 56
28 51
25 68
38 22
63 31
22 69
22 72