17 78 77 95 76 74 27 56 10 55 57 67 53 79 18 90 73 21 88 59 11 48 25 80 9 16 0 26 7 46 93 89 47 40 85 60 58 98 14 52 81 43 69 24 38 4 54 44 68 41 97 99 36 75 37 30 33 22 92 20 6 31 2 66 39 5 91 83 82 86 62 3 1 51 70 49 29 94 28 87 64 63 15 23 35 19 13
17 78
17 77
17 76
78 95
78 74
77 27
77 64
95 23
76 56
56 10
56 67
10 55
10 57
55 53
55 79
55 25
57 90
57 73
57 48
57 93
67 98
67 14
67 52
53 9
53 43
53 36
79 18
18 80
18 81
90 21
90 40
73 16
73 38
21 88
21 89
88 59
88 85
59 11
11 60
11 58
48 7
48 44
48 33
25 0
25 30
9 54
16 75
0 26
7 46
7 47
93 22
40 5
40 94
85 20
85 51
60 31
60 70
98 24
98 86
14 69
14 68
52 66
43 28
43 63
69 41
69 82
24 97
24 99
38 4
4 37
4 39
44 6
44 83
68 35
99 62
36 3
37 49
30 1
22 92
22 91
20 87
31 2
66 13
82 19
1 29
70 15