36 37 34 17 35 41 55 77 76 75 49 90 46 70 4 40 38 39 73 42 71 66 48 47 72 24 11 89 25 32 33 12 26 99 98 1 8 0 59 44 58 45 67 88 23 14 20 13 74 65 2 22 64 30 31 92 97 21 15 91 18 87 86 60 9 83 63 82 62 68 57 53 27 85 10 81 5 84 3 28 80 93 43 79 54 56 50 69 29 61 16 7 52 51 96
36 37
36 34
36 35
36 55
36 77
36 46
37 17
37 38
34 70
35 41
41 40
41 42
55 54
55 56
77 76
76 75
76 49
49 90
49 4
38 39
38 73
38 32
38 18
39 11
73 71
73 24
73 89
73 74
71 66
71 72
71 59
71 45
66 48
66 99
66 67
66 65
48 47
48 20
47 88
72 1
72 8
72 44
24 25
24 23
11 12
11 26
11 64
11 10
32 33
32 86
12 92
26 27
99 98
98 97
1 0
1 2
8 9
8 7
0 57
0 53
59 58
59 14
59 60
67 22
67 68
88 87
14 13
14 15
13 30
13 61
2 63
2 50
22 21
30 31
92 91
92 80
92 93
97 96
15 16
9 83
9 82
83 62
83 5
83 84
83 3
82 81
68 69
27 85
27 28
28 29
80 79
93 43
50 52
52 51