96 98 66 2 6 22 30 14 12 46 26 54 62 15 47 13 3 27 31 23 11 55 29 21 53 20 24 51 19 59 57 61 58 17 52 87 60 91 49 28 56 25 39 95 37 36 44 32 83 89 48 33 90 40 78 88 4 97 70 18 65
96 98
98 66
66 2
2 6
2 3
6 22
6 70
22 30
22 54
30 14
30 26
14 12
14 46
14 15
14 78
12 13
46 47
26 27
26 24
26 58
26 90
26 18
54 62
27 31
27 11
27 91
31 23
31 29
31 95
23 55
23 21
23 87
55 51
55 39
29 28
21 53
21 20
21 17
53 61
53 52
53 37
20 4
24 88
51 19
51 59
51 49
59 57
57 56
17 25
52 60
52 36
52 48
87 83
25 89
36 44
36 32
32 33
32 40
33 97
97 65