0 16 15 35 91 98 84 89 72 81 71 74 78 83 96 88 75 97 73 80 76 85 87 82 79 92 69 95 94 68 99 90 93 70 77 86 47 10 23 33 31 8 17 41 52 9 49 28 7 26 18 3 32 14 37 22 42 4 39 5 1 2 48 20 30 36 40 29 11 13 27 64 46 62 63 6 54 51 53 67 55 34 43 56 24 25 19 57 44 38 12 65 66 61 50 60 21
0 16
0 91
0 98
0 84
0 89
0 72
0 81
0 71
0 74
0 78
0 83
0 96
0 88
0 75
0 97
0 73
0 80
0 76
0 85
0 87
0 82
0 79
0 92
0 69
0 95
0 94
0 68
0 99
0 90
0 93
0 70
0 77
0 86
16 15
16 35
35 52
91 33
98 47
84 23
89 31
72 5
81 18
71 4
74 8
78 13
83 22
96 41
88 30
75 9
97 42
73 7
80 17
76 10
85 26
87 28
82 20
79 14
92 36
69 2
95 40
94 39
68 1
99 48
93 37
70 3
77 11
86 27
47 49
10 29
23 32
8 25
41 62
41 63
41 6
41 34
49 44
28 67
7 55
7 19
7 57
26 64
32 54
32 51
32 53
37 43
42 46
39 56
64 38
46 12
63 24
67 50
34 61
24 65
25 60
57 66
66 21