24 11 5 12 25 51 26 52 2 0 6 14 1 4 9 10 20 41 21 42 83 84 44 90 3 7 16 19 43 85 22 46 87 13 40 8 18 34 70 89 81 27 86 56 45 38 33 67 15 31 63 32 66 37 64 17 69 36 74 75 77 35 72 29 30 61 93 76 73 92 94 88 91 39 78 82 65 59 80 53 54 68 55 28 58 79 62 60 71 23 48 49 99 50 97 57 47
24 11
24 49
24 50
11 5
11 23
5 12
5 2
12 25
12 26
25 51
25 52
26 53
26 54
2 0
2 6
0 1
6 14
6 13
14 29
14 30
1 4
1 3
4 9
4 10
9 20
9 19
10 21
10 22
20 41
20 42
41 83
41 84
21 44
21 43
42 85
42 86
44 90
44 89
3 7
3 8
7 16
7 15
16 34
16 33
19 40
19 39
43 87
43 88
22 46
22 45
46 93
46 94
13 27
13 28
40 81
40 82
8 18
8 17
18 38
18 37
34 70
34 69
27 56
27 55
45 92
45 91
38 77
38 78
33 67
33 68
15 31
15 32
31 63
31 64
32 66
32 65
37 75
37 76
17 36
17 35
36 74
36 73
35 72
35 71
29 59
29 60
30 61
30 62
39 80
39 79
28 58
28 57
23 48
23 47
48 97
49 99