12 61 62 74 70 15 87 72 71 20 85 39 86 44 93 4 6 35 40 5 38 37 3 42 41 34 92 22 98 26 36 82 84 95 19 23 68 47 43 45 80 94 91 24 0 54 96 83 14 7 73 59 69 67 50 48 51 11 27 28 31 32 79 46 60 16 64 75 10 56 55 97 99 9 18 77 58 25 2 8 63
12 61
12 62
12 63
61 74
62 70
70 15
70 87
15 72
15 71
87 20
87 39
87 44
72 28
72 64
71 77
20 85
20 86
85 93
39 4
39 35
39 40
86 80
44 6
93 75
4 38
4 37
4 10
6 43
6 45
35 3
35 26
40 5
40 92
40 98
5 42
5 41
38 82
38 95
38 68
37 47
3 34
3 36
42 84
92 22
22 91
98 24
98 51
26 0
36 54
82 19
82 59
82 50
95 23
95 73
19 83
23 94
23 96
68 14
47 7
47 79
24 97
24 99
0 27
0 25
54 9
96 31
96 32
96 60
14 69
14 67
7 48
7 46
73 16
59 11
50 8
11 58
31 2
79 18
10 56
10 55