46 22 17 52 70 28 67 38 73 91 8 40 80 1 14 4 45 82 10 51 87 11 68 2 97 89 81 79 44 36 34 77 64 83 88 7 95 62 35 6 0 61 65 26 42 55 53 3 92 5 60 98 58 31 71 20 13 48 84 41 47 76 37 69 86 32 74 29 25 66 96 30 18 99 56 94 57 24 85 21 63 49 19 9 27 12 59 93 23 43 75 33 54 16
46 22
46 17
17 52
52 70
70 28
70 99
28 67
67 38
67 8
38 73
73 91
91 40
8 4
8 10
40 80
40 1
80 14
14 74
4 45
4 65
45 82
82 31
10 51
10 89
51 87
87 11
87 97
11 68
11 88
68 2
68 44
2 36
2 61
97 34
89 81
89 77
81 79
81 35
79 64
44 95
44 0
36 83
36 60
34 7
77 41
77 47
64 62
64 6
83 5
88 86
7 48
7 29
95 71
95 13
62 26
6 84
6 32
0 53
0 98
61 76
26 42
42 55
42 57
55 25
55 56
53 3
3 92
3 37
92 58
5 18
60 20
71 69
71 19
41 63
47 94
76 24
76 9
37 30
69 12
32 85
74 66
66 96
30 21
18 16
99 93
56 49
56 23
21 27
19 59
12 43
23 33
43 75
33 54