26 0 25 48 7 59 46 47 70 11 88 69 40 33 53 92 22 63 21 91 2 31 68 5 32 15 44 52 9 72 90 89 14 27 60 58 12 61 64 73 66 62 54 41 99 42 75 71 67 84 80 79 6 87 97 13 16 1 51 35 74 39 93 82 8 4 37 56 38 19 45 49 57 50 83 81 65 96 28 30 18 24 95 85 98 20 43 23 77 10
26 0
26 48
0 25
0 27
25 75
25 84
25 51
25 35
48 7
48 59
48 70
48 92
48 63
48 44
7 46
7 47
7 1
59 11
46 88
46 69
46 53
47 40
47 33
47 68
70 15
70 52
11 60
11 58
88 21
69 14
40 5
33 2
33 64
53 73
53 66
92 22
22 91
22 93
63 12
21 90
21 89
2 31
2 32
31 97
31 96
68 79
5 41
5 42
32 99
32 87
15 72
15 71
44 6
52 9
52 80
9 54
90 77
14 67
27 39
27 45
27 57
12 61
12 62
64 13
64 81
54 82
99 24
99 85
42 95
75 16
75 56
84 19
79 18
6 43
87 20
13 65
16 74
1 28
1 30
51 8
39 4
8 49
8 50
4 37
4 38
56 10
19 83
96 23
24 98