0 80 79 86 82 84 18 40 9 75 34 76 65 20 43 25 74 58 26 60 42 41 38 62 52 91 4 35 90 30 13 37 70 61 57 92 31 54 23 36 71 39 77 63 8 5 46 68 55 53 10 29 6 83 66 3 12 49 78 48 73 81 51 67 24 44 47 28 85 14 2 50 11 45 16 17 21 56 22 27 69 1
0 80
0 79
0 84
0 61
80 75
80 76
80 43
80 13
79 86
79 90
79 51
86 82
86 18
82 62
82 35
84 25
18 40
18 38
18 91
18 81
40 9
40 31
9 4
9 50
75 34
75 58
75 37
75 68
34 65
34 60
34 36
76 57
76 92
76 66
65 20
65 41
20 42
20 54
20 39
43 74
43 78
25 52
74 24
58 26
26 27
42 70
41 23
41 71
41 8
38 44
62 30
91 11
35 49
61 12
61 48
57 28
54 77
54 6
23 29
39 55
77 63
77 53
63 3
8 5
8 46
8 22
46 10
68 67
53 69
29 83
66 47
66 56
49 16
78 14
48 73
73 45
67 1
24 85
47 21
85 2
14 17