0 7 33 76 82 30 58 94 53 65 69 80 35 25 63 64 5 50 96 61 57 9 14 10 12 92 77 38 93 39 70 28 59 6 11 15 36 72 45 31 86 68 47 41 37 88 79 99 3 27 20 75 71 98 83 26 56 23 84 89 13 17 49 29 22 42 91 1 46 55 62 18 40 74 2 24 54 8 67 66 85 52 43 95 34 87 16 78 97 32 19 48 21 4 90 60
0 7
0 33
0 76
0 19
76 82
76 1
82 30
30 58
30 94
30 63
30 64
58 53
94 83
94 42
53 65
53 69
53 57
65 80
65 35
65 5
69 25
80 12
35 28
25 50
25 77
25 11
63 15
63 26
63 22
5 61
5 59
50 96
50 39
50 79
50 89
96 10
96 70
96 23
61 6
61 86
61 75
57 9
57 14
57 99
57 17
14 47
10 92
12 36
12 41
92 84
77 38
77 88
38 93
38 52
93 37
93 67
93 66
70 56
70 29
28 97
59 45
59 31
59 68
59 27
6 72
11 21
15 71
15 98
36 13
36 74
45 3
86 62
47 46
88 48
99 49
3 20
3 55
27 4
75 18
56 40
56 85
13 91
13 95
49 2
91 43
91 90
1 8
40 32
2 24
2 54
52 34
52 87
52 78
87 16
87 60