37 21 55 97 23 86 94 27 65 57 80 58 3 18 10 69 82 44 54 52 61 25 42 28 14 16 71 36 56 89 39 33 96 92 8 59 0 63 72 12 51 85 1 83 9 31 60 2 6 49 7 35 87 41 88 62 19 53 22 79 26 45 68 4 81 11 30 46 20 32 67 29 66 64 76 50 47 34 75 13 84 90 43 77 98 78 74 48 73 24 15 70 17 5 40 38 95
37 21
37 55
37 97
37 86
37 83
37 9
37 31
37 7
21 41
21 88
21 62
97 23
97 49
97 26
23 87
23 46
86 94
86 57
94 27
94 80
27 65
65 52
65 71
65 1
80 58
80 82
80 0
58 3
58 18
58 10
58 42
3 28
3 8
10 69
10 61
10 25
10 12
82 44
82 54
54 16
52 85
61 14
42 39
42 33
42 96
42 59
42 72
42 45
28 92
14 68
14 84
16 36
71 89
71 22
71 78
36 56
89 77
39 63
33 67
33 43
96 6
8 79
8 20
8 5
59 60
0 32
0 74
72 90
12 51
51 29
51 66
83 17
31 53
31 76
60 2
49 35
7 19
7 11
41 4
41 24
19 81
19 30
53 50
22 64
68 70
46 15
67 13
67 73
64 98
50 47
50 34
50 75
13 48
13 95
77 38
17 40