27 0 26 25 76 45 17 6 44 43 30 67 1 29 28 35 69 75 55 98 24 78 88 14 97 99 10 77 16 74 73 84 96 36 3 62 12 58 63 23 94 61 11 19 70 82 59 83 95 34 68 21 60 51 53 80 79 89 57 56 9 90 15 40 38 52 41 72 48 18 8 54 86 46 5 4 92 7 39 71 42 49 50 81 20 47 93 22 66 37 91 87 13
27 0
0 26
0 25
26 55
26 98
25 76
25 45
25 69
25 88
76 17
76 75
45 6
45 30
45 67
17 78
17 77
6 44
6 43
44 35
30 1
67 14
1 29
1 28
69 36
75 16
75 84
75 96
75 58
55 10
55 53
98 24
24 97
24 99
78 83
78 80
78 79
88 21
97 40
10 57
10 56
77 51
16 74
16 73
74 62
74 34
73 94
84 19
96 23
96 70
36 3
36 38
62 12
12 63
12 61
58 11
63 68
23 95
94 52
61 41
11 59
11 60
19 82
70 15
21 89
21 90
51 8
53 9
53 48
53 93
80 18
80 42
56 46
9 54
90 86
90 66
15 72
15 71
40 5
38 4
48 7
18 81
8 49
8 50
54 92
54 37
86 20
4 39
92 22
7 47
20 87
22 91
66 13