43 65 38 42 24 25 22 17 21 86 37 0 46 44 18 20 10 60 52 9 23 71 74 63 39 80 35 36 53 76 95 75 73 1 79 13 85 50 54 57 61 70 49 78 48 47 87 68 5 41 94 84 14 2 33 32 66 99 91 40 27 77 69 3 6 34 92 19 88 83 58 55 4 64 67 56 93 81 98
43 65
43 42
43 24
43 0
43 44
43 39
43 80
43 48
43 91
65 38
65 37
65 73
65 54
65 5
65 66
38 86
24 25
25 22
25 17
25 67
22 21
22 23
17 18
17 41
21 20
86 81
37 46
37 76
37 95
0 1
44 53
44 47
18 14
20 10
20 52
10 60
10 9
60 71
52 3
9 74
74 63
39 58
80 35
35 36
35 79
35 85
35 34
36 75
36 87
53 57
53 61
76 77
73 84
1 2
79 13
79 50
85 70
85 6
85 92
85 19
50 49
50 78
54 55
78 88
48 68
68 33
68 27
68 69
41 94
41 40
94 93
84 83
33 32
66 99
99 98
3 4
19 64
55 56