89 1 5 58 33 17 14 77 99 73 65 52 16 12 20 19 51 21 11 70 15 22 69 4 31 2 93 34 76 0 3 28 72 59 79 48 41 7 90 45 42 9 98 10 57 75 27 44 6 82 23 8 13 30 18 67 37 81 66 78 92 46 97 43 35 62 38 83 91 47 55 56
89 1
1 5
1 17
1 52
1 69
1 7
1 42
1 10
5 58
5 14
5 16
5 19
5 51
5 22
5 41
5 30
58 33
33 12
17 0
14 77
14 99
14 78
77 73
77 57
99 65
99 8
65 13
12 20
12 31
12 76
20 21
20 2
19 67
21 11
21 70
21 4
11 15
11 34
69 90
69 9
4 93
4 18
4 56
0 3
0 28
0 72
0 23
0 66
3 59
3 48
3 75
3 43
28 79
28 6
28 38
28 83
72 98
59 82
90 45
9 97
98 27
27 44
27 37
27 35
27 62
37 81
37 92
37 46
37 91
37 55
46 47