21 90 84 19 83 82 33 92 2 31 32 67 88 22 89 45 91 93 62 6 43 95 58 44 23 12 25 11 55 53 99 94 0 27 80 63 61 24 96 39 50 26 60 10 98 59 4 9 86 97 56 65 38 37 52 54 8 18 51 13 71 72 74 57 36 64 66 75 85 20 49 16 78 79 77 3 35 81 47 15 17 34 40 70 29 73 76 5
21 90
21 88
21 89
90 84
90 92
84 19
84 33
19 83
19 82
82 67
33 2
92 22
92 45
2 31
2 32
22 91
22 93
45 62
45 6
45 95
45 58
62 12
62 25
62 80
6 43
6 44
95 23
58 11
58 55
58 53
58 99
44 39
44 50
23 94
23 96
12 63
12 61
25 0
11 60
11 59
55 26
55 10
53 9
53 86
99 24
0 27
27 74
80 18
80 78
24 98
24 97
96 47
39 4
39 71
39 72
50 8
60 75
60 35
10 56
10 57
98 77
59 65
59 36
4 38
4 37
9 52
9 54
86 20
97 85
65 13
38 40
52 34
8 51
8 49
18 79
18 81
13 64
13 66
71 15
74 16
36 3
85 29
16 73
78 17
15 70
17 76
40 5