26 0 25 27 87 56 10 55 57 47 7 84 46 48 54 9 97 62 81 52 53 19 32 78 83 40 18 79 12 61 2 82 65 73 17 24 63 16 13 98 5 80 60 44 69 74 29 75 42 41 33 99 70 20 66 64 31 71 51 72 15 86 14 6 11 30 58 76 45 77 50 1 37 91 85 8 49 59 96 28 89 36 90 4 34 22 92 93
26 0
26 87
0 25
0 27
25 56
25 47
27 70
87 20
56 10
10 55
10 57
57 96
47 7
47 84
47 54
47 97
47 81
47 32
7 46
7 48
84 19
46 62
48 40
54 9
54 78
9 52
9 53
97 24
62 12
62 65
62 73
81 18
19 83
19 82
32 2
32 44
32 64
78 17
78 50
83 30
40 5
40 60
18 79
18 80
79 71
79 51
12 61
12 63
61 98
61 69
2 33
2 31
65 13
65 72
73 16
73 29
17 76
17 77
24 99
16 74
16 75
13 66
98 36
5 42
5 41
80 58
60 11
60 37
60 91
44 6
44 85
44 49
69 14
74 86
29 28
33 90
66 89
51 8
72 15
6 45
11 59
30 1
30 34
37 4
91 22
22 92
22 93