1 29 28 50 8 26 0 27 25 95 93 42 22 43 91 6 44 92 23 96 94 86 20 65 30 59 36 74 13 87 49 3 85 64 66 5 40 16 41 47 34 73 83 7 48 35 72 11 51 67 55 57 10 60 98 46 78 19 58 15 14 84 76 38 33 4 68 39 31 45 2 32 75 17 88 24 70 71 97 61 69 82 77 37 89 21 90 81 99 18 79
1 29
1 28
1 30
29 59
29 36
28 50
28 26
28 86
28 65
50 8
50 74
8 51
26 0
0 27
0 25
27 95
27 93
25 42
95 23
93 22
93 43
42 5
22 91
22 92
43 6
6 44
23 96
23 94
96 89
86 20
86 49
20 87
20 85
65 13
30 83
30 72
59 11
36 3
36 47
36 34
36 73
74 16
13 64
13 66
87 31
3 35
85 39
85 45
64 57
66 55
5 40
5 41
16 75
47 7
47 67
34 76
34 38
83 98
83 19
7 48
7 46
48 78
48 84
35 33
72 15
11 60
11 58
51 81
67 14
55 10
98 24
98 77
46 88
46 61
78 17
19 82
15 70
15 71
14 68
14 69
38 4
4 37
31 2
2 32
88 21
24 97
24 99
21 90
81 18
18 79