5 2 0 6 1 11 12 13 14 23 24 3 4 25 7 8 9 10 15 16 17 18 19 20 21 22 37 26 27 30 51 77 50 78 75 76 28 29 36 33 34 49 48 74 73 72 71 42 45 32 60 61 98 95 96 66 65 31 40 44 56 88 87 63 64 39 43 55 54 85 86 83 84 97 62 99 38 53 35 52 82 81 79 80 57 89 90 46 67 68 47 69 70 41 58 59
5 2
5 11
5 12
2 0
2 6
0 1
6 13
6 14
1 3
1 4
11 23
11 24
24 25
3 7
3 8
4 9
4 10
25 37
25 26
25 27
7 15
7 16
8 17
8 18
9 19
9 20
10 21
10 22
37 30
37 51
37 50
26 28
26 29
27 31
30 36
51 77
51 78
50 75
50 76
28 33
28 32
29 34
29 35
36 49
36 48
33 42
33 43
34 45
34 44
49 74
49 73
48 72
48 71
42 60
42 61
45 66
45 65
32 40
32 41
60 95
60 96
61 98
61 97
31 39
31 38
40 56
40 57
44 63
44 64
56 88
56 87
39 55
39 54
43 62
55 85
55 86
54 83
54 84
62 99
38 53
38 52
53 82
53 81
35 46
35 47
52 79
52 80
57 89
57 90
46 67
46 68
47 69
47 70
41 58
41 59