49 48 47 46 45 51 44 43 50 52 42 40 60 53 41 30 70 20 80 61 10 81 90 91 82 92 11 0 31 12 21 54 13 93 83 1 14 5 62 94 84 39 59 95 55 22 29 69 58 96 85 2 32 71 79 19 97 4 6 56 57 18 38 9 89 28 68 17 88 99 16 8 98 15 87 86 63 67 27 37 7 3 23 73 33 78 26 66 64 36 24 77 65 25 72 35 74 34 76
49 48
49 39
49 59
48 47
47 46
46 45
45 51
45 44
51 50
51 52
44 43
43 42
50 40
50 60
52 53
40 41
40 30
60 70
60 61
53 54
30 20
30 31
70 80
70 71
20 10
20 21
80 81
80 90
80 73
61 62
10 11
10 0
81 82
90 91
91 92
82 83
92 93
11 12
0 1
31 22
31 32
12 13
54 55
13 14
93 94
83 84
1 2
14 5
5 4
5 6
62 63
94 95
84 85
39 29
39 38
59 69
59 58
95 96
55 56
22 23
29 19
29 28
69 79
69 68
58 57
96 97
2 3
32 33
71 72
79 89
79 78
19 18
19 9
18 17
38 37
9 8
89 88
89 99
28 27
68 67
17 16
88 87
99 98
99 86
16 15
8 7
63 64
67 66
27 26
37 36
23 24
73 74
26 25
66 77
66 65
36 35
77 76
35 34