26 0 27 25 96 23 95 94 84 41 19 49 8 51 50 83 82 38 35 3 36 5 60 34 55 11 59 10 68 30 57 4 14 71 56 1 69 88 58 29 44 15 6 28 91 76 90 21 73 22 66 74 48 72 7 17 77 45 61 93 70 47 78 43 67 46 16 87 92 13 63 75 12 52 80 89 65 64 62 99 37 42 18
26 0
0 27
0 25
27 96
96 23
96 49
23 95
23 94
95 84
95 41
84 19
84 38
84 35
41 5
19 83
19 82
49 8
8 51
8 50
82 60
82 55
82 68
38 4
35 3
35 88
3 36
3 34
36 62
60 11
55 10
55 30
55 71
11 59
11 58
59 90
59 73
10 57
10 56
68 14
30 1
30 91
57 76
57 74
4 37
14 69
71 44
71 15
56 66
56 48
1 29
1 28
29 61
44 6
44 89
15 72
15 70
6 45
6 43
28 67
91 22
76 17
76 87
90 21
22 93
22 92
66 13
74 16
48 7
48 80
72 63
7 47
7 46
17 77
17 78
77 52
45 65
61 99
61 42
16 75
13 64
63 12
80 18