3 2 70 55 7 25 83 42 9 56 19 16 14 27 50 31 15 32 96 72 0 18 29 20 60 59 17 76 64 13 86 69 57 45 36 21 49 22 80 78 1 82 4 54 8 6 40 48 5 39 12 65 61 77 67 81 94 10 11 41 23 95 34 91 28 26 71 84 98 68 88 90 38 37 92 33 51 24 62 97 79 73 43 52 93 87 35 63 46 30 53 75
3 2
3 13
3 36
3 21
2 70
2 55
2 7
2 19
2 32
2 0
7 25
7 42
7 9
7 15
25 83
42 56
9 16
9 14
9 18
19 96
14 27
14 50
14 31
31 60
31 59
15 20
15 76
15 57
32 72
32 64
72 78
0 17
0 1
0 4
18 29
18 51
29 33
20 45
17 86
17 39
64 69
69 73
45 81
45 87
45 46
36 80
21 49
21 22
21 61
49 65
49 77
22 28
1 82
1 8
1 6
1 40
1 48
1 5
4 54
4 12
4 94
4 11
4 23
54 95
8 71
6 34
5 10
39 41
12 92
65 67
67 93
10 91
11 38
11 24
41 53
23 26
23 37
91 98
28 43
28 52
28 30
26 84
26 68
71 90
84 97
68 88
37 62
37 79
24 35
35 63
46 75