10 56 57 55 88 21 90 30 89 94 95 51 8 70 50 1 71 49 65 38 68 15 29 28 13 64 31 72 37 2 4 33 40 32 66 44 46 75 77 23 80 39 5 27 14 6 43 0 62 42 35 59 26 12 7 41 61 16 69 45 47 96 25 73 84 18 17 19 36 67 79 82 97 81 3 83 54 34 76 24
10 56
10 57
10 55
57 88
88 21
88 30
88 94
88 95
21 90
21 89
30 51
30 70
30 1
30 65
89 67
94 77
94 84
94 36
95 23
95 80
51 8
51 71
8 50
8 49
70 68
70 75
50 38
1 29
1 28
71 15
49 31
49 72
49 37
65 13
38 4
68 14
29 44
29 25
13 64
13 66
64 34
31 2
31 40
31 46
31 27
2 33
2 32
4 39
33 35
40 5
40 62
66 59
44 6
44 47
46 7
75 16
77 17
77 97
23 96
80 18
80 54
5 42
5 41
27 0
14 69
6 43
6 45
0 26
62 12
12 61
16 73
84 19
18 79
18 81
17 76
19 82
19 83
36 3
97 24