0 2 55 72 98 64 76 84 97 80 70 81 95 85 68 69 79 89 90 82 86 91 61 93 78 63 66 67 65 83 99 74 73 96 94 75 62 87 71 25 88 28 92 51 77 9 54 23 12 20 42 38 6 40 58 32 39 7 22 43 10 29 30 24 36 14 11 35 34 15 8 26 31 53 3 44 5 19 41 18 33 1 59 17 27 49 4 60 13 21 50 46 48 37
0 2
0 55
0 72
0 98
0 64
0 76
0 84
0 97
0 80
0 70
0 81
0 95
0 85
0 68
0 69
0 79
0 89
0 90
0 82
0 86
0 91
0 61
0 93
0 78
0 63
0 66
0 67
0 65
0 83
0 99
0 74
0 73
0 96
0 94
0 75
0 62
0 87
0 71
0 88
0 92
0 77
2 28
55 25
55 9
72 14
98 43
64 6
76 20
97 42
80 24
70 12
95 40
85 30
68 10
69 11
89 34
90 35
82 26
86 31
91 36
93 38
78 22
63 5
66 8
65 7
83 27
99 44
74 18
73 17
96 41
94 39
25 51
25 54
25 23
88 33
28 15
92 37
51 32
77 21
9 58
12 29
42 49
38 19
38 1
6 3
7 59
22 53
43 60
11 50
15 13
31 4
59 48
49 46