24 69 35 74 59 55 89 87 46 1 86 43 70 10 37 19 47 8 76 44 73 51 0 29 6 3 2 75 7 11 58 72 18 41 40 53 82 80 67 77 9 52 39 14 64 5 56 30 48 12 13 16 25 4 83 27 65 57 66 79 28 88 54 84 71 38 15 61 49 31 50 26 17 32 20 33 22 81 34 42 85 62 68 78
24 69
24 35
35 74
74 59
74 46
74 1
59 55
59 89
89 87
1 86
1 43
86 70
86 37
86 29
70 10
70 47
70 8
70 51
70 5
10 19
10 0
19 73
19 56
19 4
47 82
47 17
8 76
8 53
76 44
76 64
73 41
51 40
51 80
51 67
0 6
0 3
0 2
0 11
0 14
0 12
0 15
6 61
3 72
3 52
2 75
2 9
2 83
2 27
75 7
7 58
11 32
58 39
58 25
72 18
72 57
18 30
18 49
18 42
41 50
40 77
53 28
82 34
67 48
14 79
14 88
14 38
30 13
12 68
13 16
25 65
83 66
66 22
79 54
79 71
54 84
71 31
38 62
15 85
49 33
50 26
50 20
20 81
33 78