0 1 89 90 91 95 94 96 13 93 92 32 60 59 58 33 52 55 31 61 37 57 38 67 56 18 15 5 68 17 19 83 82 66 16 69 50 49 14 36 62 29 20 4 84 81 39 3 21 44 63 80 79 53 43 34 6 11 70 40 35 78 2 10 12 7 28 30 65 71 9 46 27 23 97 51 26 48 85 54 75 24 64 42 22 41 47 74
0 1
0 89
89 90
90 91
90 95
95 94
95 96
94 93
94 52
96 13
96 97
93 92
93 60
92 32
32 33
32 31
60 59
60 61
59 58
59 37
58 57
58 67
33 55
33 34
52 53
55 54
31 28
61 18
61 62
37 38
37 36
57 56
57 15
38 5
38 39
67 68
67 66
56 50
18 17
18 19
15 16
15 14
5 4
5 6
68 69
68 9
17 44
19 83
19 20
83 82
83 84
82 29
82 81
66 79
66 65
69 70
50 49
50 51
14 43
36 35
62 63
62 75
29 30
20 21
20 46
4 3
84 85
81 80
39 40
3 2
63 48
63 64
79 78
53 23
43 42
6 11
6 7
11 10
11 12
70 71
35 47
12 41
28 27
27 26
23 24
23 22
75 74