15 70 71 72 94 23 95 96 34 86 3 20 80 18 29 81 79 42 1 28 44 6 45 5 66 13 87 40 59 99 43 38 85 36 30 64 65 53 84 41 55 35 69 88 92 14 21 68 89 37 76 67 24 73 90 39 97 11 4 17 93 16 22 27 49 8 25 10 61 77 9 19 91 62 0 51 50 75 31 83 12 57
15 70
15 71
15 72
70 94
70 34
70 86
71 69
71 88
94 23
94 80
94 29
23 95
23 96
95 28
95 44
95 99
96 59
34 3
86 20
86 92
3 36
3 35
20 85
80 18
80 42
80 66
18 81
18 79
29 1
29 38
81 87
42 5
1 30
44 6
6 45
6 43
45 31
5 40
5 41
66 13
66 53
66 84
13 64
13 65
87 27
40 55
59 37
59 11
99 24
85 77
64 49
65 25
53 9
84 19
55 10
55 61
35 97
69 14
69 76
69 73
69 39
88 21
92 22
92 62
14 68
14 67
21 89
21 90
68 93
76 17
73 16
39 4
16 75
22 91
27 0
49 8
8 51
8 50
10 57
61 12
19 83