57 83 86 12 24 67 73 3 95 38 45 70 60 74 99 41 8 27 78 89 6 96 39 47 91 87 11 79 65 93 55 1 16 53 17 22 76 82 2 9 98 71 37 7 25 51 23 36 32 88 44 77 0 52 94 5 31 97 49 4 61 58 66 84 75 72 19 34
57 83
57 9
57 25
57 34
83 86
86 12
86 65
86 31
12 24
12 38
24 67
67 73
67 3
67 95
67 60
67 16
73 94
3 70
3 99
3 41
3 8
3 19
95 5
38 45
38 53
45 17
45 0
70 97
60 74
60 27
60 89
60 51
74 78
74 96
74 87
99 47
99 91
41 1
8 44
27 6
27 11
27 36
89 39
6 32
96 71
39 88
91 55
91 98
11 79
11 37
11 7
11 23
79 49
79 4
79 75
65 93
65 82
93 22
93 76
76 2
9 72
71 77
37 61
7 66
36 52
61 58
66 84