0 11 30 7 54 55 63 67 57 43 58 42 73 52 44 47 68 69 72 48 1 65 53 62 51 66 70 50 45 64 56 49 59 60 61 46 22 71 2 19 27 17 21 83 88 86 79 85 75 93 87 80 76 91 96 90 92 74 82 99 78 98 77 97 89 24 81 38 84 95 94 15 25 36 3 5 14 39 26 29 8 10 33 35 13 4 40
0 11
0 7
0 54
0 55
0 63
0 67
0 57
0 43
0 58
0 42
0 73
0 52
0 44
0 47
0 68
0 69
0 72
0 48
0 65
0 53
0 62
0 51
0 66
0 70
0 50
0 45
0 64
0 56
0 49
0 59
0 60
0 61
0 46
0 71
11 30
7 1
54 15
55 19
63 27
43 2
73 40
52 13
44 3
69 35
1 22
1 17
1 83
1 88
1 86
1 79
1 85
1 75
1 93
1 87
1 80
1 76
1 91
1 96
1 90
1 92
1 74
1 82
1 99
1 78
1 98
1 77
1 97
1 89
1 81
1 84
1 95
1 94
65 29
62 26
70 36
22 21
2 25
27 4
17 38
21 24
75 5
80 14
76 8
98 39
77 10
38 33