98 97 99 96 95 93 92 91 94 90 89 88 87 86 85 84 83 82 81 80 78 79 77 75 76 74 73 72 71 69 70 68 67 66 65 64 63 62 61 60 59 57 56 58 54 55 53 52 51 50 49 48 47 46 45 44 43 42 41 40 39 38 37 36 35 34 33 32 31 30 29 28 27 26 24 25 23 22 21 20 19 18 17 16 15 14 13 12 11 9 10 8 7 6 5 4 3 2
98 97
98 99
97 96
96 95
95 93
95 94
93 92
92 91
91 90
90 89
89 88
89 87
87 86
86 85
86 84
84 83
83 82
83 81
81 80
80 78
80 79
78 77
77 75
77 76
75 74
74 73
74 72
72 71
71 69
71 70
69 68
68 67
68 66
66 65
65 64
64 63
63 62
62 61
62 60
60 59
59 57
59 58
57 56
56 54
56 55
54 53
53 52
53 51
51 50
50 49
50 48
48 47
47 46
47 45
45 44
44 43
44 42
42 41
41 40
41 39
39 38
38 37
38 36
36 35
35 34
35 33
33 32
32 31
32 30
30 29
29 28
29 27
27 26
26 24
26 25
24 23
23 22
23 21
21 20
20 19
20 18
18 17
17 16
17 15
15 14
14 13
14 12
12 11
11 9
11 10
9 8
8 7
7 6
6 5
5 4
5 3
3 2