4 0 18 41 49 3 65 71 85 54 74 58 72 62 51 57 78 80 75 67 82 83 68 63 81 60 77 79 59 70 76 69 84 53 50 64 56 66 61 73 55 52 29 38 24 86 48 34 5 35 31 45 20 43 8 32 40 15 39 46 16 6 22 13 26 17 12 44 11 28 27 47 37 25 19 30 36 21 14 7 1
4 0
4 29
4 86
0 18
0 65
0 71
0 85
0 54
0 74
0 58
0 72
0 62
0 51
0 57
0 78
0 80
0 75
0 67
0 82
0 83
0 68
0 63
0 81
0 60
0 77
0 79
0 59
0 70
0 76
0 69
0 84
0 53
0 50
0 64
0 56
0 66
0 61
0 73
0 55
0 52
18 41
18 49
18 38
41 3
49 5
3 6
65 24
71 31
85 48
54 8
74 34
58 13
72 32
57 12
78 39
75 35
67 26
83 46
68 27
63 22
81 44
60 16
77 37
79 40
59 15
70 30
76 36
53 7
56 11
66 25
61 17
24 45
24 20
24 43
34 28
35 19
45 21
8 47
6 14
22 1