31 32 58 71 72 35 55 48 59 60 23 11 24 74 6 10 50 77 68 7 75 45 76 64 40 73 25 41 46 87 36 67 12 34 9 61 86 63 28 85 69 84 38 49 51 5 70 62 54 47 53 88 20 8 22 57 4 44 39 18 13 27 42 26 65 56 30 37 52 66 33 78 19 29 17 43 80 1
31 32
31 58
31 51
31 30
32 80
58 71
58 35
58 6
58 57
71 72
71 74
71 70
72 23
72 45
72 73
72 67
72 88
72 18
35 55
35 48
55 56
48 59
48 47
48 53
48 29
59 60
59 42
23 11
23 24
23 7
23 64
23 22
11 10
11 77
11 75
11 25
11 12
24 50
24 68
24 40
24 87
6 34
6 5
10 9
10 66
50 86
50 49
77 76
77 78
68 28
68 69
7 20
7 8
45 46
45 44
45 13
64 63
64 65
40 41
40 39
25 26
41 36
46 27
87 61
34 33
9 84
9 38
61 62
86 85
38 54
38 37
5 4
53 52
20 19
44 43
18 17
13 1