0 20 24 11 2 3 62 75 10 66 82 79 76 86 56 73 71 67 90 61 81 87 58 65 85 64 84 70 88 59 63 60 91 72 77 83 89 80 74 57 69 78 68 45 42 17 16 9 5 31 30 44 39 99 14 46 13 35 49 54 27 34 25 50 47 12 33 48 21 43 7 23 52 19 41 6 28 55 4 8 18 51 36 92 37 26 15 29 53 98 38 1
0 20
0 62
0 75
0 10
0 66
0 82
0 79
0 76
0 86
0 56
0 73
0 71
0 67
0 90
0 61
0 81
0 87
0 58
0 65
0 85
0 64
0 84
0 70
0 88
0 59
0 63
0 60
0 91
0 72
0 77
0 83
0 89
0 80
0 74
0 57
0 69
0 78
0 68
20 24
20 11
20 3
24 2
2 92
75 34
10 17
10 99
66 16
82 45
79 42
76 35
86 49
73 30
71 25
61 9
81 44
87 50
58 5
65 14
85 48
64 13
84 47
70 23
88 51
60 8
72 27
83 46
89 52
74 31
78 41
42 39
42 54
42 43
17 12
17 33
9 36
9 98
9 1
5 7
44 55
46 19
46 6
46 28
46 4
13 21
35 26
12 15
48 18
48 37
23 38
41 29
37 53