30 35 34 32 36 29 33 39 50 28 31 38 49 57 42 48 47 46 58 8 6 7 14 9 13 15 5 2 10 3 11 0 16 18 20 21 19 1 22 4 45 44 23 24 25 27 12 26 17 43 37 41 40 72 59 56 51 74 71 60 52 54 70 76 55 61 87 75 53 63 62 69 73 64 86 88 82 66 68 83 67 84 89 81 65 77 85 80
30 35
30 34
30 29
30 33
30 28
30 31
35 36
35 39
35 50
34 32
39 38
50 49
50 42
50 72
28 8
38 41
38 40
49 57
49 48
57 58
48 47
47 46
47 56
47 51
58 59
8 6
8 7
8 14
8 9
6 5
14 13
14 15
9 19
13 2
13 10
13 16
10 3
3 11
3 0
3 4
11 18
11 20
11 21
0 1
20 22
19 45
19 44
1 12
22 23
45 43
44 37
23 24
23 27
23 26
24 25
12 17
72 74
72 71
56 60
51 52
51 55
74 76
71 70
60 61
52 54
52 53
54 64
70 69
70 73
76 87
76 75
61 63
61 62
87 86
87 88
75 82
69 66
69 68
73 77
64 65
86 67
88 89
82 83
82 81
83 84
84 85
81 80