21 0 2 13 57 18 46 64 28 69 4 1 41 3 43 52 72 55 24 9 17 27 15 29 40 25 68 44 70 66 61 26 67 51 31 60 8 14 62 11 35 56 38 39 53 63 22 34 50 33 42 10 54 74 30 65 58 48 16 6 5 37 45 20 59 71 73 7 49 47 36 23 12 32
21 0
21 66
21 31
21 39
21 53
21 22
21 33
0 2
0 18
0 41
0 43
0 40
0 35
2 13
2 57
2 70
13 46
57 64
18 4
18 3
64 28
64 1
64 61
64 26
28 69
28 51
28 11
69 38
69 30
4 25
4 16
41 52
41 72
41 15
3 48
3 45
43 68
43 6
52 55
52 27
52 29
52 8
52 14
52 34
72 24
72 9
24 17
24 62
24 74
17 60
27 50
40 58
40 37
68 44
70 63
26 67
67 42
31 5
8 65
11 56
35 10
35 20
39 54
63 59
63 73
22 7
42 23
30 12
65 71
6 47
6 32
5 36
45 49