28 1 29 30 47 7 48 46 57 40 5 42 41 78 10 51 8 17 31 49 50 77 2 26 76 32 33 27 99 70 88 72 56 59 55 0 97 58 11 25 15 80 45 6 53 24 21 44 69 84 93 65 73 22 14 67 43 18 38 90 91 89 4 37 19 52 81 71 98 79 54 39 9 75 3 83 66 60 82 13 68 34 35 36 92 87 64
28 1
1 29
1 30
29 93
29 73
30 47
47 7
47 57
47 40
7 48
7 46
7 3
48 51
46 78
46 26
57 10
57 72
57 59
40 5
40 27
40 55
5 42
5 41
41 58
78 17
78 31
10 56
51 8
51 97
8 49
8 50
17 77
17 76
31 2
49 65
77 70
77 88
77 80
77 45
2 32
2 33
26 99
26 53
76 84
76 38
32 37
33 69
27 0
99 24
70 15
88 21
88 91
0 25
58 11
15 71
80 18
45 6
6 44
6 43
53 75
53 87
21 90
21 89
44 54
69 14
84 19
84 66
93 22
65 13
22 92
14 67
14 68
18 81
18 79
38 4
38 52
38 98
4 39
19 83
19 82
81 60
54 9
3 34
3 35
3 36
13 64