68 36 42 13 85 44 80 91 48 88 76 25 16 87 14 1 20 29 38 98 0 6 74 90 77 94 27 71 46 82 37 95 17 2 15 33 62 49 81 52 39 89 28 41 12 65 75 47 4 99 84 35 97 11 51 24 54 59 43 31 18 64 53 69 67 5 96 7 30 63
68 36
68 42
68 13
42 85
42 44
42 33
44 80
44 88
44 76
44 38
44 98
44 2
44 15
80 91
80 0
80 94
80 95
80 28
80 75
91 48
91 14
91 30
48 25
48 53
88 46
88 37
88 43
76 87
76 20
76 6
76 90
76 97
76 11
25 16
25 17
25 47
16 27
16 41
16 67
87 1
87 74
87 24
87 96
1 7
20 29
20 71
20 39
98 77
98 81
6 35
6 31
77 52
77 12
94 62
71 59
46 82
46 64
37 5
95 89
17 63
33 49
81 65
52 4
39 18
12 99
75 54
99 84
99 69
11 51