78 82 38 97 20 98 57 67 15 86 29 30 11 32 94 42 53 52 74 41 4 17 23 36 68 37 95 63 59 72 90 87 45 1 69 7 25 55 24 77 51 44 76 46 5 49 39 6 43 22 83 28 31 0 81 9 80 21 85 33
78 82
78 38
78 67
78 15
78 29
78 46
78 85
38 97
38 57
38 86
38 68
38 25
38 22
97 20
97 32
97 42
97 95
97 51
97 44
20 98
20 94
20 7
20 24
98 53
98 52
98 41
98 36
98 59
98 87
57 49
67 11
29 30
29 39
32 37
94 4
94 23
42 5
53 74
53 69
74 63
74 72
4 17
17 31
23 0
37 76
95 6
63 90
63 28
59 45
72 1
72 43
87 55
69 33
24 77
5 83
43 21
0 81
0 80
81 9