31 67 58 9 85 63 43 25 64 66 49 75 36 12 82 99 54 37 89 6 13 40 19 10 98 27 46 94 92 0 51 2 79 20 17 80 32 14 7 21 47 44 93 28 8 74 69 88 84 35 57 76 3 56 91 68 50 15 11 97 42 22 45 18 77 29 41 90 96 52 83 78 53
31 67
31 58
31 9
31 63
58 25
9 85
85 64
63 43
64 66
64 49
64 29
66 75
66 12
66 37
49 19
75 36
75 82
75 99
36 27
36 18
82 40
82 90
99 54
99 98
54 89
54 77
37 97
89 6
89 13
89 41
19 10
19 46
19 94
19 92
19 68
10 0
10 79
46 91
94 69
92 51
92 2
92 17
92 96
0 20
0 8
0 50
0 45
51 47
51 93
2 76
17 80
17 7
80 32
80 21
32 14
32 44
32 88
14 28
14 74
14 84
47 15
47 42
44 35
44 57
28 56
28 78
8 3
84 52
76 11
68 83
97 22
90 53