2 4 8 9 17 16 32 33 64 80 65 88 81 66 67 92 34 35 89 82 69 68 83 36 37 39 38 43 40 42 41 70 71 46 44 45 47 0 21 20 18 19 22 23 10 11 93 90 85 84 91 73 51 50 86 87 78 60 61 79 76 56 57 62 63 74 52 53 75 54 55 25 30 31 28 26 72 77 59 58 49 27 48 29 12 15 14 24 13 5 6
2 4
4 8
4 9
8 17
8 16
16 32
16 33
33 64
64 80
80 65
80 88
65 34
65 35
88 81
88 92
81 66
81 67
66 36
66 37
67 39
67 38
92 89
92 0
89 82
89 83
82 69
82 68
69 43
69 42
68 40
68 41
83 70
83 71
36 18
39 19
40 20
42 21
70 44
70 45
71 46
71 47
46 23
45 22
0 93
21 10
22 11
10 5
93 90
93 91
90 85
90 84
85 74
85 75
84 73
84 72
91 86
91 87
73 51
73 50
51 25
86 76
86 77
87 78
87 79
78 60
78 61
60 30
79 62
79 63
76 56
76 57
56 28
63 31
74 52
74 53
52 26
75 54
75 55
54 27
25 12
31 15
28 14
26 13
72 49
72 48
77 59
77 58
59 29
48 24
12 6