14 13 12 11 21 31 41 15 51 16 17 18 28 4 38 5 3 48 6 24 2 1 0 10 20 30 25 7 8 9 19 23 29 22 58 39 26 32 27 40 61 68 49 37 42 78 71 88 59 87 57 81 69 86 82 52 47 50 83 67 79 85 89 99 98 77 97 76 84 96 34 62 60 72 75 70 33 35 95 73 80 90 91 92 74 43 36 93 46 53 94 63 56
14 13
14 15
14 4
14 25
13 12
12 11
11 21
21 31
31 41
41 51
41 52
15 16
15 5
15 24
51 61
51 50
16 17
17 18
18 28
28 38
4 3
38 48
5 6
3 2
48 58
48 57
6 7
24 23
24 34
2 1
1 0
0 10
10 20
20 30
30 40
25 26
7 8
8 9
9 19
19 29
23 22
29 39
22 32
58 68
58 59
39 49
26 27
32 42
27 37
61 71
68 78
37 47
78 88
71 81
88 87
59 69
87 86
57 67
57 56
81 82
69 79
86 85
82 83
52 62
50 60
67 77
79 89
85 84
89 99
99 98
98 97
77 76
97 96
76 75
96 95
34 33
34 35
62 72
60 70
72 73
70 80
33 43
35 36
95 94
73 74
80 90
90 91
91 92
92 93
43 53
36 46
53 63