45 52 72 49 53 54 66 80 46 48 44 55 43 50 41 64 40 68 25 24 15 14 11 10 12 13 16 9 8 6 7 28 5 27 39 4 38 3 0 31 1 37 29 2 32 30 26 33 18 34 23 17 19 20 21 22 35 36 77 76 75 60 58 78 42 63 57 59 62 71 74 47 67 70 69 56 79
45 52
45 72
45 49
45 54
45 66
45 46
49 53
66 80
46 48
46 44
48 74
48 47
44 55
44 41
55 43
55 63
43 50
43 62
50 42
41 64
41 40
64 76
40 68
40 25
68 77
68 75
25 24
24 15
15 14
15 16
14 11
14 10
14 13
11 12
10 9
9 8
9 28
8 6
6 7
6 5
6 39
7 27
28 38
5 4
27 31
39 0
4 3
4 29
3 1
31 32
31 30
1 37
1 2
37 33
29 26
32 34
26 18
33 35
18 23
18 17
18 19
19 20
20 21
20 22
35 36
75 60
75 78
60 58
60 57
60 71
58 59
57 56
59 67
59 79
62 70
62 69