29 39 66 74 6 63 43 15 96 16 20 36 52 2 25 99 37 12 21 4 61 51 67 8 48 98 11 9 40 70 31 1 17 28 35 41 33 3 42 24 62 7 58 14 69 27 73 92 68 45 53 18 49 56 71 13 82 78 80 83 0 89 64 22 90 84 23 88 60 38 50 85 54 91 77 10 65 46 57 93 75 79 76 94 95 81 34 5 72 19 86 47 30 32 59 87 55
29 39
29 66
29 6
29 15
29 2
29 78
39 96
66 74
66 43
66 20
74 52
74 68
6 63
63 16
43 13
96 27
96 82
16 25
16 37
16 67
16 9
20 36
25 99
25 48
25 14
25 18
99 12
99 21
99 7
99 45
37 51
37 58
37 49
12 61
12 22
21 4
61 8
61 11
51 50
8 35
8 71
8 83
48 98
48 31
98 40
11 80
9 62
9 69
9 53
40 70
40 17
40 60
70 1
70 41
70 33
31 73
17 28
17 56
35 24
41 42
33 3
3 92
24 23
62 76
7 5
58 10
58 65
69 64
27 89
27 85
92 86
68 79
45 84
53 38
82 0
80 57
89 54
89 32
89 59
64 75
22 90
22 55
84 88
38 77
38 93
85 91
85 94
54 46
54 34
77 95
77 72
93 47
75 87
95 81
34 19
47 30