35 3 34 36 97 53 31 24 33 94 83 2 85 9 57 23 95 10 52 56 55 54 73 19 39 98 62 99 30 75 16 74 32 84 4 96 27 42 50 20 68 82 12 8 43 37 38 0 5 60 1 51 6 49 41 40 59 88 63 86 87 93 22 45 44 26 81 61 28 29 21 11 14 72 48 92 65 13 69 67 25 64 91
35 3
35 97
35 53
35 33
35 94
35 83
35 85
3 34
3 36
34 95
34 62
36 30
36 75
97 31
97 24
53 9
53 57
24 98
24 99
33 2
33 42
33 50
94 23
83 73
83 19
83 39
2 32
85 20
9 52
9 54
57 10
23 96
10 56
10 55
52 43
73 27
73 68
19 84
19 82
39 4
62 12
62 93
30 1
30 61
75 16
75 88
16 74
74 60
74 59
32 48
84 92
84 65
4 37
4 38
96 26
27 0
42 5
50 8
20 86
20 87
68 14
68 72
12 63
8 51
8 49
43 6
43 81
0 25
5 41
5 40
60 11
1 28
1 29
6 45
6 44
88 21
63 64
93 22
22 91
14 69
14 67
65 13