0 34 36 30 55 37 70 50 49 46 64 45 66 72 53 58 69 17 73 59 67 48 43 63 71 54 57 56 44 62 51 68 47 74 27 52 60 65 61 97 9 7 14 4 6 35 88 8 18 39 10 26 96 40 29 25 2 19 23 11 1 38 33 15 12 81 5 16 31 41 21 76 24 85 42 79 78 20 22
0 34
0 36
0 30
0 55
0 37
0 70
0 50
0 49
0 46
0 64
0 45
0 66
0 72
0 53
0 58
0 69
0 73
0 59
0 67
0 48
0 63
0 71
0 54
0 57
0 56
0 44
0 62
0 51
0 68
0 47
0 74
0 52
0 60
0 65
0 61
34 17
34 43
30 97
55 14
50 8
49 7
64 29
45 2
72 39
58 18
17 27
17 9
17 6
17 35
17 88
59 19
43 4
71 38
57 16
56 15
44 1
47 5
27 96
60 21
61 24
9 40
9 81
7 33
7 79
14 10
14 26
14 85
4 23
4 11
4 76
6 25
6 78
35 12
8 22
18 41
25 20
2 31
23 42