88 8 86 22 72 99 87 28 26 56 93 29 97 33 64 53 2 4 84 23 83 71 91 57 89 67 36 39 17 63 98 80 10 6 25 54 41 90 13 79 62 61 75 11 74 9 55 96 1 66 68 85 38 21 35 48 81 95 94 46 32 42 49 12 34 92 76 60 24 5 45 20 40 82 73 37 0 65
88 8
88 86
86 22
86 66
22 72
72 99
99 87
99 62
87 28
87 26
87 56
87 29
87 55
26 93
26 17
56 80
56 9
93 97
93 2
93 84
97 33
97 64
97 83
97 24
33 53
33 4
33 71
33 67
33 42
64 57
53 23
53 90
53 12
4 41
84 63
84 68
23 91
23 79
23 45
83 92
71 89
71 36
71 85
71 95
91 39
91 98
91 61
57 46
89 25
89 96
67 10
67 6
67 54
17 73
17 0
63 35
98 21
6 75
25 13
41 1
41 38
13 11
13 40
11 74
9 32
9 60
9 37
96 94
68 48
38 34
38 65
48 81
48 76
95 49
49 82
92 20
24 5