30 78 71 47 61 54 55 98 43 40 18 75 76 73 92 2 12 9 27 33 7 22 74 28 41 79 17 94 19 46 60 56 32 14 1 91 44 96 42 84 89 36 93 26 34 50 0 51 3 23 8 80 45 95 70 82 35 86 11 21 62 37 77 65 48 63 31 4 53 85 69 15 49 25 97 72 83 39 6 68 24 87 52 81 57 59 10 16 67 13
30 78
30 54
78 71
78 47
78 61
54 55
54 18
54 75
54 37
54 4
55 98
55 2
55 42
98 43
98 40
43 73
43 21
40 52
18 77
75 76
75 12
75 80
76 92
76 9
76 45
76 16
92 33
92 7
92 36
92 50
2 62
2 85
9 27
9 19
27 22
27 74
27 41
27 56
7 3
22 79
22 65
74 28
74 60
28 17
28 89
41 14
41 26
79 94
79 84
17 46
17 34
17 68
94 1
94 6
94 81
19 96
19 23
19 95
19 10
60 91
60 44
56 32
56 0
14 51
91 93
91 70
44 57
96 82
96 15
96 72
84 67
36 11
50 48
0 59
51 13
23 8
23 25
45 31
82 35
82 86
82 97
11 63
37 24
65 39
63 53
63 49
31 69
49 83
72 87