0 3 1 2 60 61 63 64 57 56 59 58 55 5 90 11 9 89 8 85 7 86 88 87 62 20 6 28 77 27 25 29 26 79 75 22 23 21 82 24 91 66 69 94 67 68 92 93 19 74 42 65 96 76 12 34 73 83 80 81 78 84 53 10 13 14 70 18 16 17 47 72 48 44 4 45 49 40 46 41 43 37 71 35 95 97 30 31 32 99 52 98 33 54 15 51 39
0 3
0 1
1 2
1 60
60 61
60 63
63 64
63 11
64 57
64 62
57 56
57 55
56 59
56 90
59 58
55 5
5 9
5 8
5 6
90 91
90 94
90 19
11 12
11 53
9 89
89 85
89 28
8 7
8 96
85 86
85 88
86 77
88 87
87 20
62 74
62 42
20 22
20 23
6 34
28 27
28 25
77 79
77 76
25 29
29 26
26 75
75 78
22 21
23 73
21 82
21 24
82 83
82 84
91 66
66 69
66 65
69 67
94 92
67 68
68 35
92 93
19 18
74 70
74 72
74 44
42 43
96 95
96 97
96 99
12 10
34 30
34 31
34 32
73 15
83 80
80 81
53 52
53 51
10 13
10 14
14 54
70 47
70 71
18 16
16 17
47 48
48 4
48 45
44 40
45 49
45 46
49 33
40 41
43 37
35 39
99 98