3 9 15 2 48 96 90 97 99 83 81 20 29 98 89 85 87 95 86 19 93 91 64 84 92 82 22 88 51 94 70 47 69 74 67 80 73 77 66 79 65 75 28 76 72 71 78 68 21 37 5 24 16 7 59 17 41 1 56 26 57 43 11 0 23
3 9
3 15
3 2
3 48
3 96
3 90
3 97
3 99
3 83
3 81
3 29
3 98
3 89
3 85
3 87
3 95
3 86
3 93
3 91
3 64
3 84
3 92
3 82
3 88
3 94
9 20
9 51
15 19
15 70
15 37
2 22
2 47
2 69
2 74
2 67
2 80
2 73
2 77
2 66
2 79
2 65
2 75
2 28
2 76
2 72
2 71
2 78
2 68
48 1
90 16
97 23
99 26
83 7
20 17
20 41
20 57
29 0
19 5
19 56
22 21
22 24
22 59
22 43
69 11