9 54 52 53 29 89 62 12 90 63 61 99 21 97 24 60 98 88 79 48 7 83 19 84 11 36 59 38 32 58 18 46 80 47 77 82 81 51 30 49 1 2 3 66 8 28 4 39 50 78 73 17 76 91 71 68 13 37 0 33 56 14 74 42 5 35 34 75 31 43 6 15 27 45 44 16 26 25 72 70 67 22 10
9 54
9 52
9 53
54 29
54 89
54 62
52 33
52 56
53 42
29 1
62 12
62 90
62 97
62 79
62 48
12 63
12 61
12 0
90 99
90 21
61 36
99 60
99 98
99 83
99 84
21 88
97 24
97 32
60 11
98 38
88 49
79 18
79 77
48 7
48 68
7 46
7 47
83 19
83 51
83 28
19 82
84 78
11 59
11 58
36 3
36 73
36 91
59 66
38 4
32 2
58 30
58 75
18 80
18 81
46 74
77 17
77 71
77 27
81 43
81 67
51 8
2 31
3 35
3 34
66 13
8 50
4 39
4 37
73 16
17 76
91 22
71 15
68 14
0 26
0 25
56 10
42 5
43 6
6 45
6 44
15 72
15 70