57 92 12 53 20 4 26 46 68 42 77 84 29 85 96 72 99 25 36 75 19 59 49 91 87 15 76 33 45 17 5 16 41 88 79 34 6 31 23 62 58 67 70 3 60 18 43 24 11 27 14 65 74 80 69 30 95 1 22 54 93 21 32 2 73 83 71 40 64 90 98 13 39 61 28 51 50
57 92
57 31
57 18
92 12
92 20
92 4
92 59
92 13
12 53
12 17
12 88
53 41
53 22
20 73
4 26
4 46
4 85
4 36
4 54
26 68
26 42
46 77
46 84
46 25
46 5
46 65
68 33
68 24
68 95
42 72
77 29
77 83
77 39
84 75
84 76
29 19
85 96
85 23
96 61
72 99
72 62
72 32
36 80
75 49
75 91
59 45
59 90
59 98
91 87
91 15
15 14
76 16
33 6
33 93
45 79
45 34
17 2
17 51
5 1
41 58
41 67
41 70
88 11
31 3
31 60
23 30
67 43
70 50
43 74
43 28
11 27
80 69
22 40
22 64
93 21
2 71