0 74 37 14 17 18 24 58 31 19 97 96 76 60 55 79 78 81 64 71 49 53 69 54 67 68 83 63 65 82 62 77 52 61 59 72 57 73 66 56 70 51 80 75 50 35 43 8 16 42 20 30 48 41 44 10 2 11 7 23 33 46 9 27 45 40 38 21 12 4 47 98 28 32 13 26 1
0 74
0 37
0 60
0 55
0 79
0 78
0 81
0 64
0 71
0 49
0 53
0 69
0 54
0 67
0 68
0 83
0 63
0 65
0 82
0 62
0 77
0 52
0 61
0 59
0 72
0 57
0 73
0 66
0 56
0 70
0 51
0 80
0 75
0 50
74 35
37 14
37 76
14 17
14 18
14 24
14 58
14 96
17 31
17 19
17 97
18 98
96 1
60 16
55 11
79 42
78 41
81 44
64 21
71 30
49 2
53 8
69 28
54 10
67 26
68 27
65 23
82 45
77 40
52 7
72 32
57 13
73 33
56 12
50 4
35 43
35 20
35 48
43 9
8 38
16 46
11 47