47 94 24 64 83 12 80 32 69 51 44 23 85 16 11 91 76 71 70 87 20 99 53 17 96 37 7 36 10 28 14 6 34 86 42 98 43 40 41 74 52 0 61 84 60 58 46 90 65 77 50 62 33 79 2 4 48 63 30 13 38 22 97 78 95 39 56 25 75 27 49 72 29 93 55 82 54 73 15 68 19
47 94
94 24
94 64
24 83
83 12
12 80
12 32
32 69
32 44
32 23
32 0
69 51
69 91
69 10
69 98
69 40
69 52
69 82
51 85
51 74
44 55
23 97
85 16
85 77
16 11
16 28
16 34
16 61
91 76
91 71
76 70
76 96
76 37
71 87
71 20
71 22
71 78
70 2
87 53
87 62
87 33
87 95
20 99
99 17
53 50
17 7
17 73
96 36
36 48
10 86
10 79
10 72
28 14
28 6
28 65
6 46
34 58
86 42
86 41
98 43
40 90
40 25
41 27
52 75
0 56
61 84
61 60
90 30
90 13
90 38
65 49
77 39
2 4
4 63
48 93
13 29
39 15
56 19
49 68
82 54