7 33 13 26 32 59 21 53 12 5 68 9 91 23 4 73 45 0 80 17 96 10 42 70 30 64 66 52 50 63 85 8 69 18 93 41 81 34 49 36 46 27 3 54 76 14 60 82 95 24 55 97 43 37 61 88 16 6 67 62
7 33
33 13
33 26
33 32
26 59
26 21
26 53
59 60
21 5
53 12
5 68
68 9
68 91
68 23
68 17
9 49
91 73
91 52
23 4
23 96
4 69
73 45
73 64
73 50
73 41
45 0
45 70
45 63
0 80
0 10
0 42
0 30
0 88
80 66
80 76
17 18
96 85
96 8
10 97
10 37
10 67
42 27
64 3
64 16
52 36
63 81
63 34
18 93
41 14
34 54
49 46
36 95
36 24
36 43
76 82
14 6
95 55
37 61
88 62