33 1 2 29 0 77 8 34 80 54 84 89 85 53 67 63 59 56 69 57 83 81 88 73 86 71 61 62 55 66 68 70 72 87 60 21 82 76 90 65 64 10 79 75 74 78 58 7 26 37 42 43 50 44 51 46 40 52 41 47 35 49 45 36 17 39 48 38 6 3 23 18 22 9 5 4 13 14 24 28 19 25 31 20 12 32 15 94 11 30
33 1
1 2
1 0
1 54
1 53
1 67
1 63
1 59
1 56
1 69
1 57
1 71
1 61
1 62
1 55
1 66
1 68
1 70
1 60
1 65
1 64
1 58
2 29
2 77
2 8
2 34
2 80
2 84
2 89
2 85
2 83
2 81
2 88
2 73
2 86
2 72
2 87
2 82
2 76
2 90
2 79
2 75
2 74
2 78
29 10
0 7
0 37
0 42
0 43
0 50
0 44
0 51
0 46
0 40
0 52
0 41
0 47
0 35
0 49
0 45
0 36
0 39
0 48
0 38
8 21
8 26
80 13
54 3
84 23
89 30
85 25
67 24
63 18
56 5
69 28
57 6
71 31
62 14
21 9
65 22
10 94
79 12
7 17
26 19
44 20
52 32
17 4
39 11
18 15