89 1 73 64 47 10 82 4 22 8 79 60 34 77 45 37 15 51 55 88 81 40 71 13 92 78 9 46 11 84 68 65 52 70 74 56 14 36 87 96 80 21 12 50 38 43 95 86 42 0 26 6 31 97 62 59 32 83 53 29 33 57 72 18 17 98
89 1
89 64
89 79
89 60
1 73
64 47
64 10
47 82
47 4
10 87
4 22
22 8
22 34
22 86
34 77
34 55
34 40
34 71
34 9
77 45
45 37
45 51
37 15
37 70
37 0
15 81
15 74
15 56
51 88
88 84
88 52
88 36
81 68
81 38
40 13
40 46
71 92
71 78
71 11
71 42
13 33
92 6
92 62
92 59
9 65
9 31
46 18
68 14
68 95
52 26
70 80
74 57
56 21
56 12
87 96
80 43
21 50
95 53
86 97
86 72
42 32
97 29
62 83
18 17
17 98