27 25 53 5 4 47 97 93 23 78 86 88 62 51 45 38 17 58 29 75 76 50 40 3 2 16 31 81 73 33 98 63 94 74 9 12 71 7 18 34 95 57 49 79 69 11 0 8 41 37 70 80 84 90 59 66 87 15 61 85 55 72 28 1 32 35 22 19 89 60 52
27 25
27 47
27 88
27 38
27 75
25 53
25 5
25 94
53 23
53 86
53 74
5 4
5 97
4 32
97 93
23 78
23 51
23 98
23 71
78 45
78 17
78 58
86 62
86 33
88 72
88 22
51 76
45 16
45 55
17 29
58 40
58 3
58 31
58 73
58 8
75 35
76 50
50 63
50 1
40 81
3 2
3 69
3 85
2 57
2 11
31 9
31 41
81 7
73 12
73 18
73 95
98 61
9 34
9 66
18 49
18 80
95 79
57 0
69 59
69 87
11 19
0 84
41 37
41 28
37 70
37 60
84 90
84 89
59 15
60 52