0 1 2 3 4 98 97 96 6 7 8 95 99 93 92 91 5 9 11 12 13 90 94 88 87 86 10 14 16 17 18 85 89 83 82 81 15 19 21 22 23 80 84 78 77 76 20 24 26 27 28 75 79 73 72 71 25 29 31 32 33 70 74 68 67 66 30 34 36 37 38 65 69 63 62 61 35 39 41 42 43 60 64 58 57 56 40 44 46 47 48 55 59 53
0 1
1 2
1 4
1 98
2 3
3 6
98 97
98 95
98 99
97 96
96 93
6 7
6 5
6 9
7 8
8 11
93 92
93 90
93 94
92 91
91 88
11 12
11 10
11 14
12 13
13 16
88 87
88 85
88 89
87 86
86 83
16 17
16 15
16 19
17 18
18 21
83 82
83 80
83 84
82 81
81 78
21 22
21 20
21 24
22 23
23 26
78 77
78 75
78 79
77 76
76 73
26 27
26 25
26 29
27 28
28 31
73 72
73 70
73 74
72 71
71 68
31 32
31 30
31 34
32 33
33 36
68 67
68 65
68 69
67 66
66 63
36 37
36 35
36 39
37 38
38 41
63 62
63 60
63 64
62 61
61 58
41 42
41 40
41 44
42 43
43 46
58 57
58 55
58 59
57 56
56 53
46 47
47 48