6 24 85 27 84 77 92 14 86 17 66 18 13 16 15 47 12 61 19 35 32 88 5 20 43 52 78 80 97 53 59 33 58 41 90 99 11 56 7 8 9 4 10 22 28 3 25 64 23 2 0 34 21 62 48 37 68 83 29 40 73 31 46 49 26 60 93 1 74 44 36 54 96 63 81 57 45 50 94 75 39 65 98 82 72 79 76 91 30 55 95 70 67 42 38
6 24
6 7
6 8
6 9
6 10
6 22
24 85
24 27
85 84
27 28
84 77
84 92
84 66
77 14
77 86
14 17
14 13
14 15
17 18
17 36
66 78
66 80
18 16
18 19
13 34
16 47
16 12
16 61
16 5
15 32
15 88
15 29
47 53
12 11
61 35
19 20
20 43
43 52
43 59
52 56
78 97
78 33
78 94
53 73
33 58
33 41
33 90
33 99
33 25
33 40
41 42
56 74
8 38
9 4
4 3
4 2
28 62
3 0
3 21
3 31
25 64
25 23
25 45
64 68
64 83
23 48
23 46
23 26
2 1
48 37
48 65
68 70
40 44
46 49
46 60
46 93
26 30
60 63
44 54
44 96
44 81
44 57
36 55
54 39
63 67
57 75
45 50
39 82
65 98
65 72
65 91
72 79
72 76
55 95