0 57 31 40 20 18 43 64 17 25 11 50 3 99 26 4 91 89 97 75 85 74 87 94 82 81 88 76 95 84 90 92 79 93 98 96 77 78 86 83 80 2 27 1 13 19 14 16 9 24 58 23 21 10 22 8 34 70 12 62 6 29 52 7 41 15 56 32 71 69 60 51 37 46 47 39 66 28 48 72 67 35 49 36 61 68 38 42 45 30 59 44 53 54 33 5
0 57
0 97
0 75
0 85
0 74
0 87
0 94
0 82
0 81
0 88
0 76
0 95
0 84
0 90
0 92
0 79
0 93
0 98
0 96
0 77
0 78
0 86
0 83
0 80
57 31
57 26
31 40
31 18
31 99
40 20
40 43
40 64
40 17
40 25
20 91
18 89
43 11
43 50
25 3
3 4
4 36
4 61
4 45
97 27
75 2
85 14
74 1
87 16
94 23
81 9
84 13
90 19
92 21
79 7
93 22
98 29
78 6
86 15
80 8
2 24
2 58
1 62
1 52
1 41
13 34
13 70
13 32
19 12
16 60
16 51
16 37
9 46
24 10
58 47
58 39
58 28
23 56
10 42
8 66
8 48
8 35
34 67
70 71
70 69
12 72
29 38
32 59
71 49
71 68
37 30
72 5
67 53
61 44
45 54
44 33