28 1 29 30 60 11 64 46 47 59 58 7 32 48 2 33 53 99 52 61 9 54 31 71 13 65 50 27 35 15 94 73 0 72 91 92 93 63 24 26 12 16 22 66 8 70 23 84 19 75 25 74 98 85 3 86 77 76 82 17 83 20 97 95 67 62 51 41 37 43 69 78 34 36 14 49 79 96 21 4 80 18 39 40 81 68 90 10 38 5 87 42 6
28 1
1 29
1 30
29 60
30 36
30 80
60 11
60 64
60 46
60 47
11 59
11 58
64 13
46 39
47 7
47 32
47 53
47 99
47 52
7 48
7 10
32 2
32 71
32 27
32 73
48 61
48 50
2 33
2 31
2 21
33 35
33 94
33 91
53 93
99 92
99 24
52 9
61 63
61 26
61 12
9 54
31 66
71 15
71 84
13 65
50 8
50 67
27 0
27 98
27 85
35 3
15 72
15 70
94 23
73 16
73 86
0 25
72 77
72 76
91 22
91 37
63 41
24 97
12 62
16 75
16 74
66 43
8 51
8 49
70 69
23 95
23 96
84 19
84 79
19 82
19 83
75 40
75 90
25 78
25 42
85 20
3 34
77 17
20 87
97 38
67 14
41 5
37 4
43 6
14 68
79 18
18 81