26 0 25 27 34 3 35 36 43 70 40 68 14 69 67 5 87 89 99 41 21 90 77 88 20 83 55 10 57 62 48 24 75 7 56 92 19 84 86 85 82 58 95 17 65 46 12 47 76 16 54 9 59 78 50 32 97 42 98 53 22 11 91 61 6 79 74 23 94 60 52 73 8 18 13 66 2 63 64 72 93 81 49 51 80 15 44 31 33 28 96 71 45
26 0
26 44
0 25
0 27
27 34
27 70
27 72
34 3
34 43
3 35
3 36
35 40
35 68
43 6
40 5
40 41
68 14
68 87
68 89
14 69
14 67
14 15
69 77
69 92
67 99
67 90
5 42
87 20
87 83
87 75
89 21
89 55
89 62
89 48
99 24
21 88
77 17
88 65
88 50
88 32
20 86
20 85
83 19
83 58
83 95
55 10
10 57
10 56
62 12
48 7
48 79
24 98
75 16
75 59
7 46
7 47
92 22
19 84
19 82
84 54
84 97
86 52
58 11
95 23
17 76
17 78
65 91
65 13
12 61
12 63
47 28
16 74
16 73
54 9
9 53
50 8
32 2
22 93
11 60
6 45
79 18
23 94
23 96
8 49
8 51
18 81
18 80
13 66
13 64
2 31
2 33
15 71