7 6 10 9 11 13 4 12 21 16 17 14 5 18 3 2 1 0 20 19 23 33 22 35 41 44 34 30 15 25 26 24 32 31 8 45 39 38 36 40 46 43 54 37 42 48 51 47 27 49 50 52 55 53 28 29 56 59 61 58 57 65 64 63 60 62 66 68 67 73 72 77 71 88 89 85 70 87 99 98 86 76 97 69 79 78 81 84 91 82 90 93 83 96
7 6
7 8
6 10
6 9
6 5
10 11
10 13
11 15
13 4
13 12
13 21
13 14
4 3
12 16
12 18
21 17
21 20
21 23
18 30
18 32
3 2
3 1
2 0
20 19
19 33
19 22
33 35
33 34
35 41
41 44
41 40
44 45
44 43
44 54
34 39
34 36
15 25
15 27
25 26
25 24
32 31
45 46
45 48
45 51
39 38
39 42
38 37
46 47
51 49
27 28
27 29
49 50
50 52
52 55
52 53
52 61
55 56
55 59
59 58
59 65
61 63
58 57
58 60
65 64
65 67
63 62
60 66
66 68
67 73
73 72
73 77
72 69
77 71
77 88
77 79
71 70
88 89
88 85
88 87
89 99
89 86
85 84
70 76
99 98
99 97
86 91
76 81
97 96
79 78
79 82
91 90
82 83
90 93