0 14 27 1 29 91 9 13 81 64 10 54 2 20 96 73 50 16 3 75 52 70 36 69 21 57 17 79 59 34 6 80 56 78 88 53 31 62 49 30 4 67 46 38 32 48 42 65 11 71 39 55 8 45 93 18 7 37 86 51 97 74 26 33 58 44 25 90 5 19 60 28 40 77 23 82 12 15 89 63 85 83 22 41 43 87 95
0 9
0 27
14 3
27 46
1 59
1 3
1 54
1 52
29 55
29 56
29 91
9 15
9 12
13 3
81 89
81 74
64 7
10 12
2 46
2 32
2 48
2 70
2 49
2 42
2 69
2 67
20 96
96 34
96 19
96 23
73 37
50 5
16 25
3 18
75 56
70 28
36 19
69 55
21 30
57 71
17 42
79 4
34 5
6 5
6 80
80 8
78 30
88 5
53 4
31 87
31 71
62 65
62 41
30 89
30 43
4 11
4 33
67 83
46 33
38 22
48 89
48 39
65 5
11 77
45 12
93 7
93 90
18 5
7 12
7 5
37 97
86 33
51 25
97 82
26 19
58 12
44 90
25 40
25 85
90 22
5 60
28 95
82 87
12 85
63 87
85 87