0 12 48 84 19 24 47 90 53 43 21 73 8 31 33 14 61 4 86 81 38 74 10 50 13 29 3 11 62 69 55 15 52 95 76 82 23 40 67 58 27 49 77 16 51 34 71 89 68 96 66 37 87 41 36 44 70 75 46 92 88 72 97 59 26 45 64 56 5 30 32 28 63 42 54 22 20 7 98 78 93 60 35 39 91 17 18
0 43
0 38
12 50
48 62
84 49
84 54
84 5
84 40
19 29
24 44
24 4
24 87
47 43
47 3
90 56
53 60
53 3
53 68
53 93
43 64
43 28
21 42
73 40
73 92
73 36
8 10
8 39
8 89
31 14
31 55
31 32
33 15
14 37
61 66
61 5
61 15
4 16
4 60
4 70
86 87
81 78
81 91
38 55
74 78
50 39
13 44
29 71
11 72
11 88
62 7
62 77
69 88
15 45
15 51
52 40
95 5
95 64
95 58
76 20
82 75
82 37
23 41
23 35
23 30
67 56
58 91
27 89
77 93
16 56
51 72
51 98
34 91
71 78
71 59
96 88
96 35
96 26
36 22
46 17
46 98
97 20
56 63
42 93
54 39
20 91
39 18