8 50 51 90 21 88 89 47 81 7 48 18 80 45 73 49 74 86 46 20 87 92 85 16 75 62 22 6 57 94 43 79 96 91 93 77 44 59 12 30 1 83 97 24 99 38 11 70 10 66 98 61 23 41 63 95 5 60 19 28 84 40 42 58 4 78 13 17 27 55 56 25 64 29 65 35 26 32 53 0 2 71 82 15 37 54 69 3 34
8 50
8 51
8 49
50 30
51 90
90 21
90 47
21 88
21 89
88 81
88 45
88 73
89 74
89 92
89 62
47 7
47 86
81 18
7 48
7 46
48 94
18 80
18 79
80 83
45 6
73 66
73 98
49 38
49 70
74 16
74 57
74 96
86 20
86 87
46 43
46 61
20 85
92 22
92 77
85 41
85 63
16 75
75 59
75 58
62 12
62 97
22 91
22 93
6 44
57 10
94 23
94 60
43 32
79 28
79 78
96 25
77 17
77 53
59 11
59 35
30 1
1 29
83 19
83 27
97 24
97 26
24 99
38 4
38 71
70 15
70 54
10 55
10 56
66 13
98 64
23 95
41 5
5 40
5 42
19 84
19 82
4 37
78 69
13 65
25 0
35 3
32 2
3 34