26 0 27 25 96 23 95 94 84 41 19 49 8 50 51 82 83 38 35 3 36 5 60 55 34 11 59 68 10 30 57 4 14 71 56 1 69 88 58 44 29 15 6 91 28 90 76 73 21 66 22 74 48 72 7 17 77 61 45 70 93 47 78 43 67 16 46 87 92 13 63 75 12 80 52 89 65 62 64 37 99 42 18
26 0
0 27
0 25
27 96
96 23
96 49
23 95
23 94
95 84
95 41
84 19
84 38
84 35
41 5
19 82
19 83
49 8
8 50
8 51
82 60
82 55
82 68
38 4
35 3
35 88
3 36
3 34
36 62
60 11
55 10
55 30
55 71
11 59
11 58
59 90
59 73
68 14
10 57
10 56
30 1
30 91
57 76
57 74
4 37
14 69
71 44
71 15
56 66
56 48
1 29
1 28
44 6
44 89
29 61
15 72
15 70
6 45
6 43
91 22
28 67
90 21
76 17
76 87
66 13
22 93
22 92
74 16
48 7
48 80
72 63
7 47
7 46
17 77
17 78
77 52
61 99
61 42
45 65
16 75
13 64
63 12
80 18