20 83 80 77 6 65 63 70 2 40 49 31 36 46 47 14 68 61 43 73 60 75 62 85 89 72 51 57 71 97 56 23 87 95 99 7 1 12 76 11 4 9 59 67 64 84 27 13 39 42 94 30 16 45 35 44 92 82 5 28 53 8 86 98 0 69 15 41 48 10 90 88 32 81 54 26 34 58 37 96 93 91 33 3 29 38 55 18 52 19 21 78 24 79 22 17 50 25 74
20 83
20 80
20 40
20 49
20 14
83 77
83 65
83 70
77 6
65 63
70 2
40 31
40 36
40 46
49 79
31 47
31 68
31 61
31 73
46 84
47 60
68 43
68 75
68 67
61 85
61 89
61 95
43 62
73 27
62 13
85 72
85 51
85 23
72 57
72 99
72 11
51 71
51 87
57 7
71 97
71 56
23 1
23 12
23 76
23 42
23 30
95 9
95 28
1 4
1 39
1 45
1 44
12 92
12 82
11 35
9 59
9 8
59 53
67 64
84 22
27 16
39 94
39 5
39 69
42 86
94 41
35 26
44 98
44 81
92 0
92 10
82 15
82 34
8 96
8 91
98 19
0 3
69 48
15 58
48 90
48 78
10 88
10 54
10 33
88 32
88 38
88 18
32 52
32 21
81 37
81 93
96 24
3 29
3 17
38 55
21 50
22 25
17 74