17 77 78 76 95 56 10 55 57 67 53 79 18 73 90 21 88 59 11 25 48 9 80 7 46 16 89 93 40 85 60 58 47 38 4 0 74 44 43 98 26 14 52 81 69 75 24 54 37 68 41 97 99 36 33 22 92 20 6 30 27 31 39 66 2 5 83 82 91 51 70 86 49 62 1 3 29 94 87 61 15 28 45 64 63 35 19
17 77
17 78
17 76
77 64
78 95
76 56
56 10
56 67
10 55
10 57
55 53
55 79
55 25
57 73
57 90
57 48
57 93
67 98
67 14
67 52
53 9
53 36
79 18
18 80
18 81
73 16
73 38
90 21
90 40
21 88
21 89
88 59
88 85
59 11
11 60
11 58
25 0
25 30
48 7
48 44
48 33
9 54
7 46
7 47
16 74
16 75
93 22
40 5
40 94
85 20
85 51
60 31
60 70
47 43
38 4
4 37
4 39
0 26
0 27
44 6
44 83
43 28
43 63
98 24
98 86
14 69
14 68
52 66
69 41
69 82
24 97
24 99
37 49
68 35
99 62
36 3
22 92
22 91
20 87
30 1
27 61
31 2
31 45
82 19
70 15
1 29