43 65 38 24 42 25 22 17 21 37 86 0 46 20 10 52 60 18 9 23 71 44 74 80 35 39 36 76 53 95 75 73 1 79 13 85 50 57 61 54 70 49 78 48 47 87 68 5 84 41 94 14 2 33 32 66 99 91 27 77 40 63 69 3 6 19 92 34 88 58 83 55 4 67 64 93 56 81 98
43 65
43 24
43 42
43 0
43 44
43 80
43 39
43 48
43 91
65 38
65 37
65 73
65 54
65 5
65 66
38 86
24 25
25 22
25 17
25 67
22 21
22 23
17 18
17 41
21 20
37 46
37 76
37 95
86 81
0 1
20 10
20 52
10 60
10 9
52 3
60 71
18 14
9 74
44 53
44 47
74 63
80 35
35 36
35 79
35 85
35 34
39 58
36 75
36 87
76 77
53 57
53 61
73 84
1 2
79 13
79 50
85 70
85 6
85 19
85 92
50 49
50 78
54 55
78 88
48 68
68 33
68 27
68 69
84 83
41 94
41 40
94 93
33 32
66 99
99 98
3 4
19 64
55 56