0 44 15 9 64 57 47 60 59 53 24 87 82 92 71 4 74 89 98 7 86 84 94 79 81 90 91 88 99 37 58 76 83 75 80 78 85 93 95 77 96 97 50 14 30 42 40 21 17 1 13 29 18 10 2 16 49 3 73 6 27 5 36 12 70 11 28 25 48 32 66 23 45 8 20 35 38 61 62 33 65 67 26 63 46 52 55 68 22 54 56 51 31 69 72
0 44
0 92
0 4
0 74
0 89
0 98
0 7
0 86
0 84
0 94
0 79
0 81
0 90
0 91
0 88
0 99
0 76
0 83
0 75
0 80
0 78
0 85
0 93
0 95
0 77
0 96
0 97
44 15
44 53
15 9
15 64
15 60
15 87
9 82
9 71
64 57
64 47
64 59
57 24
53 50
53 14
24 52
24 55
92 21
4 37
4 58
4 30
74 1
89 17
98 29
7 42
84 11
79 6
81 8
90 18
91 20
88 16
99 33
83 10
75 2
78 5
85 12
93 23
95 25
97 28
50 40
50 3
14 73
30 27
40 13
40 36
21 65
17 49
17 70
17 32
1 45
13 67
29 35
29 61
10 48
10 66
10 62
3 63
73 46
6 26
27 54
5 38
28 56
28 51
25 68
38 22
63 31
22 69
22 72