4 0 18 41 49 65 71 85 54 58 74 72 62 51 57 78 80 67 75 82 83 63 68 60 81 77 79 70 59 69 76 53 84 50 64 56 66 61 73 52 55 29 3 38 24 86 48 5 34 31 35 20 45 8 43 32 40 39 15 46 16 22 6 13 26 12 17 44 11 27 28 37 47 25 19 30 36 21 14 7 1
4 0
4 29
4 86
0 18
0 65
0 71
0 85
0 54
0 58
0 74
0 72
0 62
0 51
0 57
0 78
0 80
0 67
0 75
0 82
0 83
0 63
0 68
0 60
0 81
0 77
0 79
0 70
0 59
0 69
0 76
0 53
0 84
0 50
0 64
0 56
0 66
0 61
0 73
0 52
0 55
18 41
18 49
18 38
41 3
49 5
65 24
71 31
85 48
54 8
58 13
74 34
72 32
57 12
78 39
67 26
75 35
83 46
63 22
68 27
60 16
81 44
77 37
79 40
70 30
59 15
76 36
53 7
56 11
66 25
61 17
3 6
24 20
24 45
24 43
34 28
35 19
45 21
8 47
22 1
6 14