28 1 29 44 6 43 45 47 7 84 19 82 83 78 26 59 81 94 18 66 11 75 79 13 64 77 80 23 58 60 16 65 73 36 95 17 96 88 97 3 21 70 86 53 34 54 42 74 76 57 24 90 99 52 30 38 9 25 56 89 10 48 0 91 46 55 27 35 92 68 5 15 62 51 8 4 50 20 98 40 85 87 22 12 61 63 93 31 39
28 1
1 29
29 44
29 25
44 6
44 47
44 84
6 43
6 45
43 78
45 26
47 7
47 91
7 48
7 46
84 19
84 94
19 82
19 83
19 15
82 59
83 81
26 0
26 62
59 66
59 11
59 75
81 18
81 36
81 53
94 77
94 23
94 88
18 79
18 80
66 13
11 58
11 60
75 16
75 70
75 86
79 74
13 64
13 65
77 17
77 97
80 54
23 95
23 96
60 55
16 73
73 42
36 3
95 38
17 76
96 52
88 21
88 57
88 30
88 56
97 24
3 34
3 35
21 90
21 89
70 68
86 20
54 92
42 5
24 99
24 98
90 40
52 9
30 51
38 4
38 50
25 87
56 10
0 27
91 22
91 63
46 31
62 12
51 8
4 39
20 85
22 93
12 61