0 4 31 22 48 24 26 23 28 9 90 21 20 10 69 2 70 11 78 94 8 3 17 93 73 45 5 32 82 63 7 53 50 40 13 51 37 59 35 30 52 33 58 25 84 54 83 39 36 55 27 88 34 60 12 43 61 41 85 42 62 56 89 98 67 87 96
0 4
4 31
4 22
4 9
31 48
22 24
22 26
24 10
26 23
26 28
23 21
23 69
23 2
28 20
9 90
9 3
9 93
90 11
90 78
90 94
10 70
11 8
11 45
11 63
11 53
78 73
78 32
8 7
3 17
3 5
3 40
17 13
45 82
32 50
32 59
32 30
32 39
63 60
63 98
50 51
50 25
13 12
51 37
51 56
37 35
37 52
37 33
37 41
35 84
52 58
52 54
52 55
33 36
58 42
84 83
84 88
54 27
54 85
83 89
39 34
27 43
27 61
60 67
41 62
85 87
98 96