16 15 17 14 24 13 5 12 4 0 6 7 23 11 1 3 8 22 2 9 21 18 10 20 19 49 48 47 31 30 32 46 25 39 26 33 45 38 40 29 27 34 74 41 73 44 37 72 56 28 35 55 57 42 71 50 64 51 58 36 70 63 65 54 52 59 69 62 66 53 60 43 68 61 67 99 98 97 81 80 82 96 75 89 76 83 95 88 90 79 77 84 94 87 91
16 15
16 17
15 14
15 24
17 18
14 13
14 5
13 12
13 4
5 0
5 6
12 11
4 3
0 1
6 7
6 23
7 8
23 22
11 10
1 2
8 9
8 21
21 20
18 49
10 19
49 48
48 47
48 31
47 46
31 30
31 32
30 25
30 39
32 26
32 33
46 45
25 29
39 38
39 40
26 27
33 34
45 44
38 37
40 74
40 41
29 28
34 35
74 73
41 42
73 72
73 56
37 36
72 71
56 55
56 57
55 50
55 64
57 51
57 58
42 43
71 70
50 54
64 63
64 65
51 52
58 59
70 69
63 62
65 66
65 99
54 53
59 60
69 68
62 61
62 67
99 98
98 97
98 81
97 96
81 80
81 82
80 75
80 89
82 76
82 83
96 95
75 79
89 88
89 90
76 77
83 84
95 94
88 87
90 91