29 34 35 41 28 22 52 23 17 21 16 50 56 53 63 51 15 54 58 11 10 4 5 27 49 3 9 46 47 39 48 40 20 8 14 57 38 44 32 37 36 42 43 30 24 25 31 95 26 13 12 96 19 33 18 91 92 6 97 0 1 45 7 87 2 84 83 80 88 55 79 60 75 61 62 98 94 64 67 93 90 71 86 68 65 89 66 74 78 82 85 81 77 69 76
29 34
29 35
29 22
29 50
29 51
34 41
35 28
41 52
41 46
41 40
28 27
22 23
22 17
22 21
17 16
21 15
16 11
50 56
56 53
56 63
63 60
51 54
15 20
54 58
54 49
58 57
58 75
11 10
11 4
10 5
4 3
4 9
9 8
9 14
46 47
46 39
46 45
47 48
39 38
38 44
38 32
44 37
44 95
32 26
37 36
37 42
37 43
36 30
30 24
24 25
24 31
95 96
26 13
26 33
13 12
12 19
12 18
12 6
96 91
91 92
91 87
92 97
6 0
6 1
6 7
7 2
87 84
87 55
84 83
83 80
80 88
80 79
60 61
61 62
61 64
62 98
98 94
98 74
94 93
64 67
64 68
67 71
93 90
90 86
90 89
86 82
68 65
68 69
65 66
74 78
82 85
82 81
81 77
77 76