0 7 33 76 82 30 58 94 53 65 69 35 80 63 64 5 25 50 96 57 61 9 14 12 10 77 38 92 93 39 70 11 28 88 37 59 79 6 36 15 72 47 45 86 31 41 68 99 3 27 20 71 98 83 26 75 56 23 84 89 13 17 49 42 22 29 91 1 46 62 55 18 40 74 2 24 54 66 67 85 8 52 43 95 34 87 16 97 78 48 32 19 21 4 60
0 7
0 33
0 76
0 19
76 82
76 1
82 30
30 58
30 94
30 63
30 64
58 53
94 83
94 42
53 65
53 69
53 57
65 35
65 80
65 5
69 25
80 12
63 15
63 26
63 22
5 61
5 59
25 50
25 77
25 11
50 96
50 39
50 79
50 89
96 10
96 70
96 23
57 9
57 14
57 99
57 17
61 6
61 86
61 75
14 47
12 36
12 41
10 92
77 38
77 28
77 88
38 93
38 52
92 84
93 37
93 66
93 67
70 56
70 29
11 21
28 97
88 48
59 45
59 31
59 68
59 27
6 72
36 13
36 74
15 71
15 98
47 46
45 3
86 62
99 49
3 20
3 55
27 4
75 18
56 40
56 85
13 91
13 95
49 2
91 43
1 8
40 32
2 24
2 54
52 34
52 87
52 78
87 16
87 60