31 0 7 1 34 43 44 42 54 32 41 40 51 36 37 49 29 48 55 46 50 38 52 39 56 45 47 35 53 3 67 80 71 68 69 61 66 58 62 63 74 70 72 75 76 60 73 64 10 15 19 59 65 33 77 98 11 57 9 99 17 16 24 5 20 13 23 14 27 2 8
31 0
0 7
0 1
0 34
0 43
0 44
0 42
0 54
0 32
0 41
0 40
0 51
0 36
0 37
0 49
0 48
0 55
0 46
0 50
0 38
0 52
0 39
0 56
0 45
0 47
0 35
0 53
0 33
0 57
7 29
7 80
1 3
1 67
1 71
1 68
1 69
1 61
1 66
1 58
1 62
1 63
1 74
1 70
1 72
1 75
1 76
1 60
1 73
1 64
1 59
1 65
34 5
43 15
44 16
42 14
54 27
32 2
41 13
51 24
3 10
3 19
3 77
3 98
3 9
3 99
67 17
71 23
69 20
10 11
15 8