0 1 34 2 20 11 73 5 74 13 44 3 9 24 31 23 76 7 27 10 15 8 19 17 29 4 18 12 25 75 39 33 14 30 52 81 82 36 51 6 43 16 28 26 40 22 88 21 42 64 49 38 50 55 56 69 62 60 80 35 94 32 41
0 1
0 34
0 2
0 20
0 17
0 33
0 30
0 16
1 36
1 35
2 38
20 11
20 73
20 5
20 74
20 13
20 3
20 9
20 24
20 31
20 23
20 7
20 27
20 10
20 15
20 8
20 19
20 29
20 4
20 18
20 12
20 25
20 6
20 22
20 21
20 32
11 55
11 56
73 75
5 44
5 43
5 28
74 76
13 14
13 60
44 42
3 39
3 26
3 40
9 52
9 51
24 81
24 82
23 80
27 88
15 64
8 49
8 50
18 69
14 62
30 94
43 41