41 22 59 56 38 39 1 76 2 30 17 3 23 77 58 53 73 61 16 92 79 94 19 97 90 9 15 52 64 67 93 72 83 13 29 51 32 28 44 82 60 31 95 35 50 63 11 62 99 98 48 5 25 96 26 54 21 87 68 81 49 37 69 86 20 75 7 14 91 57 27 40 8 88 12
41 22
41 59
59 56
59 38
56 39
39 1
39 76
39 30
39 37
1 2
1 3
1 92
1 9
1 69
76 82
2 17
2 77
30 13
17 97
17 87
3 23
3 72
23 60
23 81
23 75
77 58
77 53
77 79
77 40
58 73
58 94
58 62
53 61
53 16
53 83
61 15
61 52
79 19
79 8
94 90
94 64
94 51
19 14
90 31
90 35
9 67
9 28
52 93
52 91
64 32
64 95
93 86
72 44
13 29
32 54
44 57
31 50
31 88
95 63
95 11
95 99
35 98
35 5
50 21
63 68
11 48
99 20
98 96
48 25
96 26
87 49
81 7
91 27
27 12