27 0 26 25 89 21 88 35 90 3 36 81 18 83 34 93 91 79 80 97 63 44 99 39 22 19 24 64 82 50 12 6 4 41 38 98 73 74 16 43 45 52 47 28 84 13 9 62 5 8 7 61 56 92 46 57 75 54 10 77 55 37 66 48 17 65 49 76 72 51 87 70 42 53 40 32 1 15 31 30 78 2 71 96 20 68 85 67 14 94 86 33 29 60 23 95 69
27 0
27 32
0 26
0 25
25 89
89 21
89 35
21 88
21 90
35 3
35 81
35 83
35 97
90 93
90 76
3 36
3 34
36 39
81 18
81 91
81 63
81 44
18 79
18 80
18 15
83 99
83 19
83 74
34 41
91 22
79 64
79 52
80 50
63 12
44 6
99 24
99 47
39 4
39 28
22 92
19 82
19 84
24 98
64 13
82 73
82 61
50 8
12 62
6 43
6 45
4 38
4 37
41 5
98 51
98 70
73 16
73 57
73 54
73 77
74 87
74 30
16 75
45 56
45 96
52 9
47 7
28 1
84 72
13 66
13 65
9 53
5 42
5 40
8 49
7 46
7 48
57 10
10 55
77 17
77 31
48 67
17 78
87 20
87 68
53 33
32 2
32 60
1 29
15 71
30 94
71 95
96 23
20 85
20 86
67 14
14 69