38 0 14 4 22 60 27 75 15 40 42 45 50 8 56 54 58 61 66 57 62 43 59 55 67 41 64 44 47 39 65 48 49 46 52 63 94 51 53 30 37 70 10 7 16 84 19 79 5 9 12 6 29 28 32 17 26 25 23 96 24 1 31 76 34 36 35 21 3
38 0
0 14
0 60
0 40
0 42
0 45
0 50
0 8
0 56
0 54
0 58
0 61
0 66
0 57
0 62
0 43
0 59
0 55
0 67
0 41
0 64
0 44
0 47
0 39
0 65
0 48
0 49
0 46
0 52
0 63
0 51
0 53
14 4
14 22
14 27
14 75
4 15
4 94
4 70
22 79
60 30
27 84
75 1
15 76
40 5
42 7
45 10
50 17
8 37
8 96
56 25
54 23
58 28
61 31
66 36
57 26
62 32
55 24
41 6
64 34
44 9
47 12
65 35
52 21
30 19
30 29
10 16
16 3