11 58 59 60 29 1 28 86 30 47 20 61 12 42 5 46 85 62 63 38 7 4 77 17 76 37 78 39 64 32 97 98 24 95 13 34 66 44 99 93 74 65 55 52 6 43 87 2 57 72 23 31 91 92 22 80 88 10 56 40 41 67 48 16 45 9 73 53 81 68 21 3 25 90 94 84 15 26 14 54 0 33 75 18 79 82 35 51 27 69 70 96 89 36 19
11 58
11 59
11 60
58 86
58 61
58 42
58 46
59 29
59 47
60 65
29 1
29 38
29 32
1 28
1 30
28 93
28 43
86 20
30 74
30 52
47 92
47 80
20 85
20 87
61 12
12 62
12 63
42 5
42 88
5 40
5 41
46 7
46 67
85 68
63 53
38 4
38 77
38 97
7 48
4 37
4 39
77 17
77 64
77 98
17 76
17 78
76 95
37 44
39 55
39 31
64 13
64 34
64 72
32 2
32 57
97 24
97 91
24 99
95 23
13 66
34 3
66 69
44 6
44 84
93 22
74 16
74 90
52 9
52 81
52 25
52 26
6 45
87 33
57 10
72 15
23 94
23 96
92 82
92 51
80 18
88 21
10 56
16 73
16 75
9 54
68 14
21 89
3 36
15 70
26 0
54 35
0 27
18 79
82 19