14 81 46 44 47 53 80 83 24 12 22 84 95 94 79 28 23 99 17 82 36 21 98 6 88 16 52 62 7 41 8 61 32 75 0 54 31 77 87 29 51 35 19 90 15 11 43 5 20 39 49 48 59 63 4 60 72 3 57
14 81
14 46
14 53
14 80
14 28
14 35
14 63
81 44
46 47
46 83
46 24
44 99
44 41
44 11
47 94
47 17
47 16
53 79
80 82
80 62
80 43
83 23
24 12
24 22
24 84
12 95
22 6
84 61
95 36
79 54
28 77
28 39
28 49
28 60
23 88
23 75
17 21
17 98
17 52
82 7
6 32
6 87
88 8
88 0
16 3
62 90
62 15
41 31
41 19
8 29
8 51
8 72
35 5
35 20
90 57
15 48
43 59
20 4