0 42 13 46 94 35 81 78 96 74 90 85 12 88 99 70 87 67 77 66 68 73 98 75 93 72 50 82 91 80 95 65 62 71 97 76 89 79 86 69 53 83 84 92 32 6 9 37 40 23 64 29 38 27 30 3 14 16 19 43 36 17 10 31 28 2 1 56 44 5 33 18 21 20 15 26 51 22 25 49 4 24 59 61 47 41 7 48 8 58 45
0 42
0 13
0 46
0 94
0 35
0 81
0 78
0 96
0 74
0 90
0 85
0 88
0 99
0 70
0 87
0 67
0 77
0 66
0 68
0 73
0 98
0 75
0 93
0 72
0 82
0 91
0 80
0 95
0 65
0 71
0 97
0 76
0 89
0 79
0 86
0 69
0 83
0 84
0 92
42 50
42 62
13 12
94 37
35 53
81 23
78 20
96 40
74 16
90 32
85 27
12 64
88 30
99 43
87 29
67 3
77 19
66 2
68 5
73 14
75 17
93 36
50 6
50 9
82 24
91 33
80 22
95 38
65 1
71 10
97 41
76 18
89 31
79 21
86 28
83 25
84 26
32 56
32 44
32 49
6 61
9 4
37 15
29 51
38 47
30 7
16 48
16 58
43 59
10 8
31 45