68 42 36 44 80 91 48 25 16 88 76 14 87 20 1 38 29 98 0 6 74 90 77 94 27 46 82 85 71 95 37 2 17 15 62 13 33 81 49 39 52 28 89 12 65 75 41 4 99 47 84 11 51 97 35 24 54 43 59 31 18 53 64 67 69 96 5 30 7 32 63
68 42
68 36
68 13
68 32
42 44
42 85
42 33
44 80
44 88
44 76
44 38
44 98
44 2
44 15
80 91
80 0
80 94
80 95
80 28
80 75
91 48
91 14
91 30
48 25
48 53
25 16
25 17
25 47
16 27
16 41
16 67
88 46
88 37
88 43
76 87
76 20
76 6
76 90
76 11
76 97
87 1
87 74
87 24
87 96
20 29
20 71
20 39
1 7
98 77
98 81
6 35
6 31
77 52
77 12
94 62
46 82
46 64
71 59
95 89
37 5
17 63
33 49
81 65
39 18
52 4
12 99
75 54
99 84
99 69
11 51