97 24 98 99 31 2 75 32 16 33 92 58 64 63 74 37 83 73 22 13 91 11 93 30 60 56 66 62 59 85 12 51 65 35 4 80 61 53 9 19 18 54 20 78 82 8 50 43 49 41 1 88 79 72 86 36 68 10 44 84 6 57 52 38 55 81 87 3 39 28 29 5 21 67 46 70 15 69 17 40 90 23 95 14 89 25 96 42 34 27 77 7 45 76 48 94 71 0 47
97 24
97 56
97 62
97 54
97 78
97 36
24 98
24 99
24 7
98 31
98 58
98 63
98 37
99 35
99 82
31 2
31 75
31 64
31 85
2 32
2 33
2 23
75 16
75 92
32 83
16 74
16 73
92 22
92 51
58 11
64 13
63 12
74 30
74 43
74 88
37 4
37 68
83 80
83 53
83 19
73 41
22 91
22 93
13 66
13 65
11 60
11 59
30 1
30 28
60 25
56 10
59 42
85 20
12 61
51 8
65 69
35 44
35 3
4 38
4 39
80 18
80 72
80 67
80 70
53 9
53 57
9 52
19 84
18 79
18 81
54 96
20 86
20 87
78 17
8 50
8 49
43 6
41 5
1 29
88 21
72 15
86 46
86 76
68 14
68 27
68 94
10 55
6 45
3 34
39 48
5 40
21 90
21 89
15 71
17 77
23 95
27 0
7 47