0 1 2 3 4 5 6 8 9 11 12 13 16 17 18 19 20 21 23 24 26 27 32 34 35 36 49 54 55 56 58 62 63 22 53 44 14 38 66 83 29 94 42 69 92 40 59 72 74 75 76 99 47 77 78 80 81 98 46 93 41 89 90 97 45 60 25 48 87 33 7 31 61 50 51 37 30 10 43
0 90
0 89
0 22
0 81
0 14
0 74
0 87
0 62
0 72
0 83
0 98
0 97
1 25
2 63
2 40
3 44
3 48
4 38
5 7
5 25
5 66
6 29
6 25
8 42
8 31
9 10
9 61
9 69
11 40
11 51
12 59
13 30
16 45
17 38
17 75
18 7
18 76
19 47
20 50
20 77
21 40
21 78
23 53
23 80
24 51
24 43
24 33
26 46
27 29
32 41
34 59
34 14
35 44
35 47
35 37
36 25
49 60
54 14
55 25
56 48
56 60
58 33
58 46
22 53
53 44
44 31
14 38
94 42
92 40
99 47
93 41
41 48
45 60
25 50
7 61
7 31
37 30
10 43