32 33 34 37 38 41 42 45 46 49 50 53 54 57 58 61 62 65 66 69 70 73 74 77 78 81 82 85 86 89 90 93 94 0 3 39 40 4 21 6 8 9 52 10 12 15 63 14 16 18 20 22 24 26 29 91 92 30 2 75 76 28 27 87 31 95 96 7 48 44 5 23 80 51
32 3
32 10
32 4
33 0
34 0
37 39
38 40
41 4
42 44
45 6
46 48
49 8
50 52
53 10
54 10
57 12
58 12
61 63
61 14
62 14
65 16
66 16
69 18
70 18
73 75
74 76
77 22
78 80
81 24
82 24
85 87
85 26
86 26
89 91
90 92
90 28
93 30
94 96
94 30
0 15
3 39
3 40
4 7
4 22
21 75
21 76
21 6
6 14
6 23
8 16
9 51
9 12
9 52
10 16
10 12
12 2
12 18
15 63
15 29
20 27
20 29
24 26
29 91
29 92
29 2
30 5
2 31
27 87
31 95
31 96
7 48
44 5
23 80