0 1 2 3 4 6 7 8 12 13 15 17 18 20 23 9 48 27 10 36 14 30 31 32 35 29 5 40 22 19 38 42 25 43 44 21 59 24 47 51 50 52 54 55 57 60 75 70 69 74 77 79 83 84 86 89 91 95 96 97 99 98 16
0 9
0 36
0 10
0 29
0 31
1 21
1 55
1 48
1 50
1 54
1 43
1 59
2 22
2 24
2 75
2 27
2 74
3 10
3 22
3 44
3 89
3 91
4 5
4 21
4 79
4 25
4 14
4 95
4 98
4 99
6 22
6 30
7 24
7 96
8 19
8 97
8 47
8 32
12 14
12 35
12 83
13 5
13 16
13 69
13 84
15 19
15 52
17 38
17 24
17 86
18 10
20 9
20 57
23 25
23 60
23 77
14 51
14 70
40 22
22 19
19 16
42 25