0 35 36 37 38 41 42 45 46 49 50 53 54 57 58 61 62 65 66 69 70 73 74 77 78 81 82 85 86 89 90 93 94 97 98 33 34 2 4 6 8 10 12 14 17 67 16 18 20 22 24 26 29 91 92 30 32 1 23 79 80 28 21 75 11 56 31 51 9 25
0 34
0 33
0 29
35 33
36 1
36 34
37 2
38 2
41 4
42 4
45 6
46 6
49 51
49 8
50 8
53 10
54 56
54 10
57 12
58 12
61 14
62 14
65 67
66 16
69 18
70 18
73 75
73 20
74 20
77 22
77 79
78 80
78 22
81 24
82 24
85 26
86 26
89 91
90 92
93 30
94 30
97 32
98 32
2 12
2 14
2 28
4 18
6 31
6 21
6 8
10 20
12 18
17 67
17 22
16 32
18 25
18 1
20 26
24 32
26 23
29 91
29 92
30 23
32 1
1 23
23 79
21 75
11 56
51 9