0 1 2 3 5 7 12 13 14 17 24 37 38 39 43 44 51 52 53 54 55 56 57 58 59 70 71 73 74 80 81 82 85 88 90 95 96 25 30 26 6 27 34 35 40 28 47 68 89 62 15 66 16 78 45 97 72 4 50 8 93 22 91 94 9 10 87 83 75 18 19 20 21 23 31 36 60 11 61 48 46 76 98 33 49 29 84 32 42 65 69 77 67 99 92 79 63 64 86
0 26
0 25
0 27
1 28
1 30
1 29
2 32
2 31
2 33
3 34
3 35
3 36
5 42
5 40
7 48
7 46
7 47
12 61
12 63
12 62
13 66
13 64
13 65
14 68
14 69
14 67
17 76
17 78
17 77
24 99
24 97
24 98
37 4
38 4
38 45
39 4
43 6
43 34
44 6
51 8
51 98
52 91
53 9
54 9
54 84
54 98
55 10
55 89
56 10
57 10
58 11
58 83
59 11
59 75
70 15
70 87
71 15
73 16
74 16
80 18
80 94
81 18
82 19
85 20
88 21
88 65
90 21
90 67
95 23
95 83
96 23
30 94
6 45
27 34
35 40
35 68
28 31
89 21
89 62
15 72
16 75
50 8
8 49
93 22
22 91
22 92
91 65
94 23
87 20
87 83
83 19
18 79
19 84
20 86
60 11
46 76
69 77
67 99