3 6 10 14 18 22 26 30 34 38 42 46 50 54 58 62 66 70 74 78 82 86 90 94 98 1 2 5 7 8 9 12 13 11 17 16 20 23 27 29 31 33 36 39 41 40 43 45 48 51 53 97 93 92 89 83 80 75 71 69 68 64 60 72 56 57 96 84 87 88
3 1
6 8
10 12
10 9
14 11
14 17
18 16
18 20
22 20
22 23
26 27
26 23
30 31
34 33
34 36
38 39
38 41
42 40
42 41
46 45
50 48
54 56
54 53
54 57
58 56
62 64
62 60
66 68
66 64
70 68
74 75
74 71
74 72
78 80
78 75
82 80
82 83
82 84
86 83
86 89
90 87
90 88
90 92
94 93
98 1
98 2
98 96
1 97
2 5
5 7
7 8
8 9
12 13
13 11
17 16
27 29
29 31
31 33
36 39
40 43
43 45
45 48
48 51
51 53
93 92
93 96
71 69
69 68
60 57