32 33 34 37 38 41 42 45 46 49 50 53 54 57 58 61 62 65 66 69 70 73 74 77 78 81 82 85 86 89 90 93 94 0 2 4 6 8 10 12 14 16 18 20 23 79 22 24 26 28 30 5 43 35 1 25 84 39 3 40 31 96 44 56 11
32 2
32 23
33 35
33 0
34 0
37 39
38 40
38 2
41 43
42 4
42 44
45 6
46 6
49 8
50 8
53 10
54 10
54 56
57 12
58 12
61 14
62 14
65 16
66 16
69 18
70 18
73 20
74 20
77 79
78 22
81 24
82 84
85 26
86 26
89 28
90 28
93 30
94 96
0 30
2 5
4 25
6 18
6 20
8 25
12 28
12 3
14 5
16 23
20 3
20 31
20 26
23 79
22 28
24 5
5 43
5 44
35 1
1 25
25 84
25 11
39 3
3 40
31 96
56 11