0 35 36 37 38 41 42 45 46 49 50 53 54 57 58 61 62 65 66 69 70 73 74 77 78 81 82 85 86 89 90 93 94 97 98 33 1 8 2 4 6 10 12 14 16 18 20 22 24 26 28 30 32 5 44 7 48 15 63 47 39 3 40 29 92 91 31 95 23 79 80 56 11 68 17
0 30
35 33
35 1
36 1
37 39
38 40
38 2
41 4
42 44
45 47
45 6
46 48
49 8
50 8
53 10
54 56
54 10
57 12
58 12
61 63
62 14
65 16
66 68
66 16
69 18
70 18
73 20
74 20
77 79
77 22
78 22
81 24
82 24
85 26
86 26
89 28
89 91
90 92
93 95
93 30
94 30
97 32
98 32
1 30
1 5
8 2
8 22
2 7
4 5
4 24
4 14
6 18
6 29
10 23
12 14
14 29
16 22
18 20
22 28
26 3
28 15
30 23
30 17
32 11
5 44
7 48
15 63
39 3
3 40
29 91
29 92
31 95
23 80
56 11