0 2 3 5 7 8 11 12 14 17 19 22 23 28 29 30 37 38 39 43 44 45 53 54 56 57 64 65 66 70 73 74 75 79 80 81 85 98 99 27 9 91 96 31 26 35 40 36 46 25 50 82 59 61 10 55 69 52 71 77 16 95 1 4 6 62 15 72 13 51 84 94 93 88 32 48 47 41 24 58 78 18 34 68 92 87 83 20 42 76 97 86 60 63 89 21
0 27
0 26
0 25
2 31
2 32
3 34
3 35
3 36
5 40
5 42
5 41
7 48
7 46
7 47
8 51
8 50
11 59
11 58
11 60
12 61
12 62
14 69
14 68
17 76
17 77
17 78
19 84
19 82
19 83
22 92
22 91
23 95
23 94
23 96
28 1
28 72
29 1
30 1
37 4
38 4
38 82
39 4
39 87
43 6
43 50
44 6
45 6
53 9
54 9
54 36
54 27
56 10
56 88
57 10
57 27
64 13
64 72
65 13
66 13
70 15
70 62
70 87
73 16
74 61
74 16
74 27
75 16
79 18
80 18
80 94
81 18
85 20
85 93
98 24
98 51
99 24
9 52
96 31
40 92
25 50
10 55
55 69
71 77
71 94
71 15
15 72
84 42
88 21
47 41
24 97
58 78
87 20
20 86
63 89
89 21