1 2 3 4 5 7 8 9 11 16 18 19 24 25 26 27 43 44 45 55 57 61 62 63 64 66 67 68 71 77 78 86 90 91 92 93 28 99 33 30 34 36 89 37 41 83 84 47 14 54 40 60 29 73 80 20 87 69 70 75 96 23 95 35 72 6 76 12 74 42 13 15 17 21 88 22 32 38 31 49 81 0 56 10 79 98 65 48 39 51 94 82 97 46 50 58 85 52 53 59
1 30
1 29
1 28
2 32
2 33
2 31
3 35
3 36
3 34
4 39
4 37
4 38
5 42
5 41
5 40
7 47
7 46
7 48
8 50
8 51
8 49
9 52
9 54
9 53
11 58
11 59
11 60
16 73
16 74
16 75
18 79
18 81
18 80
19 83
19 82
19 84
24 99
24 98
24 97
25 0
25 56
26 0
26 87
27 0
27 70
43 95
44 6
44 85
45 6
55 10
57 10
61 12
61 98
62 12
62 46
62 65
63 12
64 42
66 89
66 13
67 14
68 30
71 15
77 42
77 17
78 17
86 74
86 88
86 20
90 21
91 22
91 59
92 22
93 22
93 95
30 34
89 21
37 60
84 47
47 54
14 69
40 60
29 73
80 58
20 85
20 87
69 70
70 15
96 23
23 95
23 94
72 15
76 17
74 42
42 31
13 65
21 88
56 10
79 51