1 2 3 4 5 7 8 9 11 14 15 16 21 22 25 26 27 44 45 55 61 62 63 64 66 77 78 79 81 82 83 84 85 86 87 94 96 98 99 29 34 19 32 28 91 93 58 38 40 30 47 49 52 48 69 71 51 73 41 90 36 0 6 43 18 80 17 76 12 59 92 20 72 24 33 53 37 46 50 60 68 70 67 31 97 65 10 56 57 13 95 23 39 42 89 74 54 75
1 28
1 29
1 30
2 32
2 33
2 31
3 34
3 36
4 39
4 37
4 38
5 40
5 42
5 41
7 47
7 46
7 48
8 50
8 49
8 51
9 52
9 54
9 53
11 60
11 59
11 58
14 69
14 67
14 68
15 72
15 70
15 71
16 73
16 74
16 75
21 89
21 90
22 92
22 93
22 91
25 0
26 0
26 36
27 0
27 43
27 57
44 6
44 97
45 6
55 52
55 10
61 12
61 42
62 12
63 12
64 59
66 13
77 80
77 17
78 17
79 18
81 18
82 19
83 19
84 19
84 46
85 20
86 20
86 65
87 72
94 23
94 34
96 23
98 24
99 24
99 49
29 34
93 58
58 38
58 40
38 72
48 69
48 60
51 73
41 90
6 43
18 80
80 95
17 76
53 37
50 56
68 65
31 97
65 13
10 57
10 56
95 23