0 1 2 3 6 7 8 9 11 13 15 20 22 24 26 30 36 37 49 58 59 60 67 71 12 88 25 56 54 46 81 66 64 77 14 75 51 99 83 50 80 47 89 32 94 61 44 73 16 33 29 53 38 92 74 48 27 93 57 41 90 4 19 10 65 96 17 78 79 43 72 5 45 23 39 76 40 95 35
0 12
1 38
2 88
3 46
6 65
6 14
7 74
7 99
7 17
8 80
8 43
8 75
8 61
9 99
11 93
11 72
11 27
13 80
15 12
15 47
20 94
22 47
24 96
26 54
26 16
30 61
36 73
36 95
37 32
49 16
58 73
59 33
60 10
60 35
67 92
71 75
12 56
12 81
12 88
88 25
25 51
56 54
56 44
54 46
81 66
66 64
64 77
77 14
99 79
83 50
83 96
50 76
47 96
89 74
89 32
89 19
32 94
61 65
44 73
73 33
73 41
33 90
29 53
29 38
53 48
53 41
53 27
38 92
92 4
93 57
57 39
19 96
10 23
17 78
78 5
79 45
45 23
76 40