0 2 4 6 8 12 14 16 18 20 22 24 26 28 30 32 34 37 41 44 47 49 52 56 59 62 68 71 73 82 84 91 95 1 51 87 5 55 90 7 98 93 39 99 79 42 96 61 72 86 81 27 29 89 31 94 36 35 40 48 23 50 60 76 75 97 92 3 11 10 46 63 43 21 33 57 13 53 58 19 38 17 69 83 70 77 15 78 88
0 1
0 55
2 11
2 3
4 57
4 5
6 7
6 90
8 7
12 93
12 13
14 13
14 15
16 79
18 96
18 17
20 21
20 72
22 72
24 81
24 23
26 27
28 29
28 27
30 31
32 94
32 33
34 35
37 36
41 40
44 75
44 94
47 48
49 23
49 48
52 51
56 27
59 60
62 93
62 46
68 93
71 97
73 97
73 72
82 92
82 78
84 87
84 11
91 90
91 39
91 55
95 94
95 92
95 60
51 87
87 88
87 5
87 86
87 99
90 99
90 38
98 93
93 63
93 83
93 94
39 40
39 36
99 89
99 42
99 79
79 19
42 96
96 27
61 40
86 81
89 31
94 53
94 57
36 35
50 60
76 75
97 58
11 10
63 43
43 77
53 58
17 69
69 70