0 2 3 4 5 7 8 9 13 15 16 17 18 28 29 30 43 44 45 55 58 59 61 62 68 69 82 83 84 85 86 88 89 90 91 93 94 96 98 99 27 32 33 35 24 97 38 25 42 26 48 50 47 52 65 66 72 20 75 78 19 79 64 60 1 6 87 12 21 53 76 37 63 41 54 31 71 73 77 57 23 95 70 14 22 36 34 81 67 74 80 56 10 11 39 46 51 40 49 92
0 27
0 26
0 25
2 33
2 32
2 31
3 34
3 36
4 37
4 39
4 38
5 41
5 42
5 40
7 48
7 47
7 46
8 50
8 51
8 49
9 54
9 52
9 53
13 65
13 64
13 66
15 72
15 71
15 70
16 73
16 75
16 74
17 77
17 78
17 76
18 79
18 81
18 80
28 1
29 1
29 60
30 1
30 36
43 6
43 66
44 6
44 56
45 6
55 10
58 72
58 11
59 11
59 78
61 48
61 63
61 12
62 12
62 95
68 14
69 14
69 70
82 19
82 40
83 19
83 26
84 19
85 20
86 20
86 75
88 21
88 95
89 21
90 21
91 22
93 22
94 23
96 23
98 24
98 27
99 47
99 92
27 65
32 47
33 35
24 97
97 38
25 78
50 67
47 53
20 87
75 40
60 11
37 57
63 41
23 95
14 67
22 92
80 56
56 10