0 3 5 7 9 11 12 14 19 21 24 26 27 30 31 34 35 37 42 44 46 49 52 56 58 62 65 69 70 74 77 78 80 83 84 86 90 95 97 2 10 6 4 13 20 15 25 18 32 33 39 38 41 45 51 50 55 59 61 63 67 73 72 68 76 79 82 88 85 89 91 99 96 23 22 43 57 60 66 81 64 71 87 93 94
0 2
3 2
3 4
5 6
7 6
9 6
11 10
12 4
12 13
12 18
14 13
19 20
19 33
19 22
19 18
21 13
24 25
24 22
26 25
27 15
30 18
31 32
34 39
34 33
35 41
35 33
37 38
42 43
42 39
44 41
44 45
46 45
49 50
49 51
52 55
52 50
52 61
56 55
58 57
58 59
62 63
62 64
65 64
65 68
65 67
69 72
70 76
70 71
74 76
77 71
77 73
77 88
77 79
78 79
80 82
83 82
84 81
86 87
86 91
90 93
90 91
95 96
97 99
97 96
10 6
10 13
15 25
25 23
18 32
39 38
45 51
55 59
61 63
67 73
73 72
68 66
76 81
79 82
88 89
85 87
85 89
89 99
60 66
93 94