32 33 34 37 38 41 42 45 46 49 50 53 54 57 58 61 62 65 66 69 70 73 74 77 78 81 82 85 86 89 90 93 94 0 2 4 6 8 10 12 14 16 18 20 22 24 27 87 26 28 30 31 96 5 44 17 68 21 76 7 47 25 83 23 79 88 59 13
32 27
32 8
33 0
34 0
37 2
38 2
41 4
42 44
42 4
45 6
45 47
46 6
49 8
50 8
53 10
54 10
57 59
57 12
58 12
61 14
62 14
65 16
66 68
69 18
70 18
73 20
74 76
74 20
77 79
77 22
78 22
81 83
82 24
85 87
86 88
89 28
90 28
93 30
94 96
0 6
2 30
2 5
4 16
4 25
6 21
8 24
10 25
12 17
12 27
14 16
18 27
20 28
20 31
22 31
27 87
27 88
26 21
26 25
28 13
31 96
5 44
5 23
17 68
21 76
7 47
25 83
59 13