0 1 2 3 4 6 7 8 9 11 12 13 14 15 16 19 21 25 27 28 30 31 35 41 37 96 49 73 33 50 82 45 52 53 74 43 55 56 57 59 60 17 64 47 68 69 71 78 84 85 86 88 89 90 91 5 94 95 39 23 99 20 40 97 44 26 46 10 36 34 48 22
0 74
0 37
0 60
0 55
0 78
0 64
0 49
0 69
0 68
0 82
0 59
0 57
1 5
1 96
1 89
1 99
1 86
1 95
1 94
1 85
2 44
2 40
2 84
3 33
3 26
4 23
4 36
4 50
6 36
6 45
6 88
7 34
7 52
8 53
8 20
8 90
9 10
9 43
9 91
11 47
12 36
12 56
13 45
14 37
14 17
15 22
16 23
16 46
19 17
19 20
21 33
25 47
27 20
28 47
28 39
30 40
30 46
30 71
31 17
35 43
35 20
35 48
41 44
73 33
17 97
47 5
39 34
99 20
40 10
44 26
48 22