0 1 2 3 4 5 6 7 8 12 14 19 52 53 54 55 56 57 58 59 60 64 66 70 71 73 75 76 77 79 85 87 88 89 91 96 97 99 26 30 25 90 21 31 16 35 74 13 38 27 24 42 45 48 50 93 22 92 62 9 69 82 10 11 72 18 80 81 98 20 95 23 28 46 39 32 36 65 44 49 63 29 94 84 47 15 17 33 40 61 78 34 41 68 37 43 86 83 67
0 26
0 25
0 27
1 30
1 28
1 29
2 31
2 33
3 34
3 35
3 36
4 38
4 39
4 37
5 41
5 40
5 42
6 44
6 43
6 45
7 48
7 46
8 49
8 50
12 63
12 62
12 61
14 69
14 67
14 68
19 84
19 83
19 82
52 90
52 9
53 9
54 9
55 10
55 94
56 10
56 28
57 10
57 48
57 65
58 11
58 30
59 11
60 11
64 13
66 74
66 13
70 15
71 15
71 80
73 16
73 25
75 95
76 17
77 17
77 31
79 18
85 39
85 20
85 32
87 20
87 98
88 21
89 21
89 31
91 22
91 47
96 86
96 84
96 23
96 62
97 24
97 27
99 24
99 42
90 21
16 74
13 65
45 83
50 40
93 22
22 92
92 62
82 68
72 15
18 80
18 81
80 98
20 86
95 23
23 94
65 33
17 78
34 41