0 2 4 6 8 11 13 15 17 19 20 22 24 26 28 32 34 37 40 42 44 46 49 51 53 55 57 60 62 64 66 68 71 73 75 78 81 83 85 87 89 90 92 94 96 98 1 10 12 14 5 7 16 9 21 23 27 29 30 31 50 45 47 48 39 38 36 35 41 43 52 54 59 58 61 63 69 67 70 80 77 76 79 82 84 86 91 93 95 97 3 18 88 99 56 25 65 72
0 10
0 1
2 1
2 3
4 5
6 5
6 7
8 7
11 10
11 12
13 12
13 14
15 16
15 27
17 16
17 18
19 18
19 9
19 29
20 10
20 30
20 21
22 31
22 21
22 23
24 23
24 25
26 27
28 29
32 31
34 35
37 38
37 36
40 41
40 30
40 50
42 41
42 43
44 43
44 45
46 45
46 47
49 48
49 39
49 59
51 45
51 52
53 52
53 54
55 54
55 56
57 58
57 56
60 50
60 70
60 61
62 61
62 63
64 63
64 65
66 77
66 67
66 65
68 69
71 70
71 72
73 72
75 76
78 79
81 80
81 82
83 82
83 84
85 84
85 86
87 86
87 88
89 79
89 88
89 99
90 91
92 91
92 93
94 93
94 95
96 95
96 97
98 97
98 99
14 5
29 39
47 48
39 38
36 35
59 69
69 79
77 76