1 5 7 10 13 14 17 19 21 23 25 27 29 31 34 37 40 43 45 46 48 50 52 53 55 58 60 63 65 67 70 72 74 78 80 83 85 88 90 91 93 94 96 97 99 4 3 9 12 15 16 20 22 24 26 30 33 35 39 42 44 47 38 51 54 56 59 61 62 69 71 73 76 77 79 82 84 87 89 92 95 98 6 8 18 28 49 64 66
1 3
1 4
5 4
5 6
7 9
7 6
7 8
10 12
10 8
13 12
14 12
14 15
14 16
17 15
19 16
19 20
21 20
21 22
23 22
23 24
25 24
25 26
27 28
27 24
29 30
29 26
31 33
31 30
34 35
34 33
37 35
37 38
37 39
40 39
40 42
43 42
43 44
45 44
46 44
46 47
48 47
48 51
48 49
50 38
52 51
53 51
53 54
55 54
55 56
58 56
58 59
60 61
60 59
60 62
63 61
63 64
65 64
65 66
67 66
67 69
70 69
70 71
72 71
72 73
74 73
74 76
78 79
78 77
80 82
80 79
83 84
83 82
85 84
85 87
88 89
88 87
90 89
90 92
91 92
93 92
94 95
94 92
96 98
97 98
97 95
99 98
16 18
76 77