0 3 5 6 9 10 12 15 17 18 20 23 24 27 29 30 33 34 36 39 40 43 45 46 48 51 53 54 57 58 60 63 65 66 68 71 72 75 77 78 80 83 85 86 89 90 92 95 96 99 1 4 2 8 25 26 14 16 21 31 97 50 32 37 41 44 49 55 59 56 52 62 98 64 69 73 67 93 81 87 76 7 74 22 19 82 35 61 70 79 13 38 11 47 91 88 42 84 28 94
0 1
0 16
3 2
3 7
5 4
6 2
6 22
6 70
9 1
9 73
10 74
10 8
12 14
12 13
15 14
17 25
17 21
18 82
18 50
20 21
20 4
23 31
23 55
23 21
23 87
24 25
24 88
27 31
27 11
27 26
27 91
29 31
29 28
30 14
30 22
30 26
33 32
33 97
33 41
34 38
34 35
34 50
36 44
36 32
36 52
39 37
39 55
40 32
40 42
43 35
45 37
46 14
46 47
48 52
51 19
51 59
51 55
51 49
53 21
53 61
53 52
54 62
54 22
57 59
57 56
58 56
60 52
63 62
65 97
65 67
66 2
66 98
66 82
68 76
68 69
68 64
71 69
72 74
75 67
77 79
77 93
78 14
78 94
80 81
80 88
83 87
85 69
86 70
89 25
89 73
89 93
90 26
90 74
92 76
92 84
92 93
95 31
96 98
99 97