0 1 2 3 4 5 7 9 10 14 15 16 20 21 24 32 33 34 38 39 40 27 6 41 42 43 45 61 31 47 52 17 50 51 65 36 56 22 48 11 62 63 53 18 67 60 30 69 70 71 72 74 76 82 19 80 81 87 25 83 12 86 91 29 94 95 99 26 35 13 28 23
0 27
0 60
0 67
0 63
0 50
0 51
0 56
0 45
0 42
0 53
0 40
1 12
1 69
1 83
1 70
1 74
1 80
1 81
1 99
1 91
1 87
1 76
2 6
3 6
3 41
4 18
4 71
5 28
5 30
5 43
5 11
5 72
7 29
7 13
7 31
9 31
10 19
10 47
14 23
14 17
15 35
15 50
16 19
16 25
20 36
20 17
21 22
21 26
21 12
24 11
24 86
32 29
32 62
33 13
33 36
33 94
34 18
34 95
38 26
39 30
6 25
6 35
61 31
52 17
65 36
48 11
18 19
18 82
30 26
25 29
28 23