0 1 2 3 4 5 6 7 12 13 14 21 22 23 31 33 35 40 42 44 45 46 48 55 66 70 78 79 81 83 24 38 32 91 41 76 36 94 96 16 63 29 30 86 72 59 73 68 61 95 67 20 39 77 60 65 52 8 90 19 10 53 37 50 88 43 98 27 89 84 69 25 58 87 49 93 92 82 71 56 80 17 62 99 97 28 64 9 54 57 18 34 75 85 11 51 47 74 26
0 32
1 24
1 77
1 8
2 89
2 88
3 39
3 91
4 94
5 19
6 52
6 18
7 28
7 76
12 36
12 97
12 25
12 93
13 94
14 47
14 51
21 19
22 29
23 90
23 30
23 11
31 25
33 53
33 95
35 56
40 68
40 72
42 50
44 52
45 56
46 17
46 72
46 64
48 37
48 74
55 67
66 86
70 19
78 20
78 43
79 99
79 84
81 59
83 93
38 61
32 73
91 50
41 27
76 29
76 62
36 27
36 73
94 90
96 18
96 60
16 89
63 29
29 64
29 60
30 37
30 98
86 95
72 59
72 67
59 53
73 28
73 84
61 90
20 64
20 57
20 82
39 19
39 84
77 60
60 10
65 53
52 71
90 92
50 87
50 88
89 58
89 80
89 54
84 47
84 75
69 56
69 57
25 34
87 26
49 92
92 47
56 9
75 85