2 3 5 6 7 8 11 13 16 17 20 21 22 30 31 33 38 39 40 42 43 46 47 50 51 52 53 54 55 56 60 63 64 65 68 71 72 73 74 75 76 77 4 79 80 81 83 9 86 87 27 96 28 91 97 58 1 32 0 14 19 93 25 26 84 12 85 15 24 10 66 69 98 34 61 35 62 67 41 44 45 48 49 29 23 18 70
2 4
2 26
2 97
2 91
2 93
2 84
2 96
2 80
2 79
3 10
3 19
3 1
3 77
3 98
3 9
5 4
5 14
5 19
6 79
6 35
7 0
7 29
8 15
8 12
8 81
11 10
11 28
11 83
13 9
16 24
16 86
17 18
17 28
17 87
17 45
20 27
21 28
21 70
22 23
30 24
30 18
31 1
33 4
38 9
39 10
40 0
42 0
43 15
43 0
46 0
47 19
50 0
51 0
52 0
53 26
54 0
55 0
56 29
60 4
63 1
64 1
65 15
68 1
71 1
72 1
73 25
74 1
75 27
76 29
4 27
28 25
58 1
1 0
1 67
1 69
1 66
1 61
1 62
32 0
0 34
0 44
0 41
0 49
0 48
85 15
15 23