2 3 4 5 7 9 11 12 14 16 21 23 24 28 29 30 33 34 38 39 41 43 45 46 47 49 51 52 55 56 59 60 62 64 66 67 68 70 73 76 77 79 80 83 8 82 1 20 17 86 88 65 71 95 96 25 78 0 10 13 92 19 94 22 27 32 31 18 35 26 6 36 48 54 15 72 42 50 63 53 74
2 1
2 17
2 10
2 92
2 86
2 94
2 80
2 82
3 25
3 31
3 79
3 35
4 18
4 8
5 8
5 6
7 19
9 20
11 13
11 17
11 27
11 26
12 22
12 0
14 32
14 63
14 15
14 88
16 32
16 65
21 1
21 48
23 26
23 71
24 31
24 95
24 72
24 50
28 8
29 17
29 53
30 25
30 54
33 32
33 20
33 78
34 0
34 1
38 0
39 0
41 0
43 13
45 0
46 18
47 19
49 0
51 25
52 0
55 0
56 32
59 6
60 1
62 13
64 15
66 17
67 1
68 20
70 22
73 27
76 1
77 1
83 8
1 74
96 25
25 19
0 32
0 6
0 36
0 42
31 18