0 1 2 4 5 8 10 11 12 13 14 16 18 24 29 40 45 51 53 55 59 64 65 67 76 80 82 88 92 97 98 74 6 56 60 7 36 49 63 23 62 81 46 77 26 28 68 83 33 25 42 47 86 52 73 48 3 31 54 37 58 87 93 75 61 21 90 38 17 27 34 50 30 84 99 69 35 39 89 95 43
0 74
0 68
1 21
1 6
2 60
4 36
5 74
8 23
10 81
11 38
11 39
11 49
12 77
13 60
13 56
14 34
14 26
16 28
16 69
18 25
24 30
24 28
29 99
40 23
40 46
40 58
45 50
51 86
53 39
53 52
55 3
59 31
59 54
64 75
64 36
64 17
65 54
67 37
76 58
80 93
82 50
82 75
88 61
92 61
92 68
92 42
92 89
97 74
97 7
98 84
74 47
60 90
7 36
7 90
36 21
49 63
63 23
62 34
62 81
62 28
81 35
46 77
26 31
68 83
83 33
33 25
25 84
47 86
52 73
73 48
48 3
37 27
37 34
87 93
87 38
38 35
17 27
50 95
99 39
69 43