1 2 7 8 9 10 11 12 13 14 31 32 33 34 35 36 37 38 39 40 41 42 43 44 45 46 47 48 49 50 51 52 53 54 55 56 57 58 59 60 61 62 0 3 4 5 6 15 16 17 18 19 20 21 22 23 24 25 26 27 28 29 30
1 4
1 0
1 3
2 0
2 6
2 5
7 3
7 16
7 15
8 18
8 3
8 17
9 4
9 20
9 19
10 4
10 21
10 22
11 24
11 5
11 23
12 5
12 25
12 26
13 27
13 6
13 28
14 6
14 29
14 30
31 15
32 15
33 16
34 16
35 17
36 17
37 18
38 18
39 19
40 19
41 20
42 20
43 21
44 21
45 22
46 22
47 23
48 23
49 24
50 24
51 25
52 25
53 26
54 26
55 27
56 27
57 28
58 28
59 29
60 29
61 30
62 30