0 2 3 4 6 7 8 9 11 15 18 19 20 21 27 28 29 34 40 47 50 52 55 57 58 59 75 79 83 86 94 99 80 76 82 45 73 64 91 68 23 41 14 70 85 96 90 63 81 56 17 65 5 42 54 36 89 95 39 77 26 10 37 88 62 97 67 35 22 43 49 92 46 93 33 24 60 84 78 25 61 87 38 32 71 66 98 53 12
0 45
0 80
0 10
0 42
2 65
2 35
2 82
3 64
4 23
6 14
6 37
6 38
7 35
7 33
8 96
9 68
9 49
11 90
11 92
15 56
15 78
18 93
18 17
19 65
20 65
20 22
21 26
21 5
27 42
28 87
28 54
29 84
34 54
34 63
34 24
34 17
40 89
40 78
47 14
47 84
50 73
52 96
52 36
55 95
55 39
55 71
57 77
58 23
59 26
75 37
79 62
79 25
83 97
83 25
86 14
94 35
94 67
94 60
99 60
80 66
76 82
45 73
45 70
73 91
73 64
64 85
91 68
68 5
23 96
41 14
85 96
90 78
63 81
36 95
36 24
89 39
39 77
39 84
26 33
26 53
10 97
37 61
37 98
88 62
22 43
49 46
33 32
53 12