0 2 4 6 8 10 12 14 16 18 21 23 25 27 29 31 33 35 37 39 41 43 45 47 49 51 53 55 58 61 63 66 68 70 72 74 77 79 81 83 85 87 89 91 93 95 97 99 1 3 5 7 9 11 13 20 19 17 22 24 28 30 78 34 36 38 76 42 57 56 44 46 48 50 32 54 60 65 64 69 73 80 84 86 90 96 98 15 67 40 62 75 26 59 52 94 92 82 88
0 1
2 1
2 3
4 3
4 5
4 20
4 57
4 90
6 5
6 7
8 7
8 9
8 98
10 11
10 9
12 13
12 11
14 13
14 15
16 15
16 17
18 17
18 19
21 20
21 22
23 28
23 22
23 24
23 96
25 24
25 26
27 26
29 28
29 30
29 76
31 60
31 48
31 30
31 32
33 32
33 34
35 34
35 36
37 36
37 38
39 38
39 40
41 40
41 42
43 42
43 44
45 65
45 56
45 44
45 46
47 46
49 48
49 50
51 50
51 52
53 52
55 54
58 57
58 59
61 60
61 62
63 62
63 64
66 65
68 96
70 69
72 69
72 1
72 73
74 73
74 75
77 76
79 78
81 80
81 82
83 82
83 84
85 9
85 86
87 86
87 88
89 84
91 90
91 92
93 56
93 94
95 94
97 96
99 1
78 34
34 80
76 67
32 54