0 3 6 7 10 13 14 16 18 20 22 24 27 28 30 32 34 36 38 40 42 44 46 48 50 53 55 58 60 63 64 66 68 70 72 74 77 78 80 82 84 86 88 90 92 94 96 98 2 1 5 9 12 15 17 19 23 25 26 29 31 33 35 37 39 41 43 45 47 49 52 57 59 62 65 67 69 73 75 76 79 81 83 85 87 89 91 93 95 97
0 1
0 9
3 2
6 1
7 5
10 9
10 12
13 12
13 17
14 15
14 12
16 15
18 17
18 19
20 19
22 19
22 23
24 25
24 23
27 25
27 29
28 26
30 29
30 31
32 33
32 31
34 35
34 33
36 37
36 35
38 39
38 37
40 39
40 41
42 41
42 43
44 45
44 43
46 47
46 45
48 49
48 47
50 52
50 49
50 59
53 52
55 57
55 52
58 57
60 59
60 62
63 62
63 67
64 65
64 62
66 65
68 67
68 69
70 69
72 69
72 73
74 75
74 73
77 75
77 79
78 76
80 79
80 81
82 83
82 81
84 85
84 83
86 87
86 85
88 89
88 87
90 89
90 91
92 91
92 93
94 95
94 93
96 97
96 95
98 97
2 1
2 5
25 26
75 76