0 1 2 3 4 5 6 10 12 13 14 15 17 18 21 22 24 25 28 29 33 36 37 38 39 41 42 44 45 52 55 59 61 62 66 68 78 80 92 9 50 79 8 74 85 63 60 49 96 93 11 67 87 7 40 58 23 73 30 72 16 88 32 77 83 54 48 75 69 86 56 26 47 71 46 90 89 82 19 84 81 64 31 51 53 57 94 91 35 34 98 95
0 9
0 60
1 8
2 16
2 74
2 75
3 9
4 63
5 48
6 11
10 87
12 58
12 82
13 47
13 72
13 23
14 8
15 49
17 40
18 30
21 72
22 19
22 58
24 16
25 32
25 51
28 69
28 35
29 63
33 54
36 30
36 73
37 84
38 46
38 48
39 74
41 63
42 75
44 86
45 54
52 60
55 56
55 34
59 71
61 47
62 48
66 90
66 96
68 73
78 8
78 79
80 93
80 96
92 79
92 50
92 26
9 50
50 31
8 23
74 71
85 63
63 32
63 67
49 77
96 71
93 88
93 82
93 11
67 87
87 69
87 64
7 40
40 58
73 98
73 71
72 51
16 56
88 32
32 53
77 83
83 90
54 90
54 91
48 57
75 81
69 86
86 84
71 46
90 89
81 95
57 94