1 2 3 4 5 6 12 14 15 16 17 21 22 25 26 27 46 47 48 49 50 51 52 53 56 57 58 59 60 64 65 80 82 87 97 98 99 30 11 33 28 38 39 36 37 42 45 63 68 93 91 70 74 77 78 90 0 7 8 92 9 10 83 66 13 19 20 29 24 31 35 32 61 40 44 95 69 88 89 72 73 23 96 62 54 55 79 18 94 85 34 43 41 67 81 84 76 71 75 86
1 30
1 28
2 31
2 33
2 32
3 36
3 35
3 34
4 37
4 39
4 38
5 40
5 41
5 42
6 43
6 45
6 44
12 62
12 61
14 67
14 68
14 69
15 71
15 70
16 73
16 74
16 75
17 77
17 78
17 76
21 89
21 88
21 90
22 92
22 91
22 93
25 0
26 0
26 42
27 0
27 86
46 7
47 7
47 85
48 7
48 91
49 8
49 71
50 8
51 8
52 9
53 75
53 9
56 10
56 91
57 10
58 11
58 30
59 11
60 55
64 61
64 13
65 13
80 18
80 74
82 19
82 94
87 20
87 95
97 24
98 83
98 24
99 24
99 93
99 29
28 38
39 36
42 81
45 63
70 74
78 90
9 54
10 55
83 19
66 13
19 84
20 86
31 35
31 44
35 95
61 40
95 23
89 72
23 96
23 94
79 18
18 81
41 67
84 76