1 3 6 8 10 12 15 17 20 23 25 27 29 31 35 37 39 43 46 51 55 59 61 66 68 70 75 78 94 97 99 2 7 92 91 96 95 9 74 67 82 22 90 16 21 62 63 24 28 30 88 19 86 60 85 54 65 64 98 87 11 52 81 80 93 47 48 40 79 33 34 58 57 42 14 18 32 41 50 49 38 84 77 69
1 2
3 65
6 74
6 7
6 2
8 87
10 9
10 57
12 64
15 16
15 90
17 52
17 16
20 21
20 95
20 86
23 24
23 64
25 24
27 28
27 80
29 28
31 88
31 93
35 30
37 88
39 40
39 38
43 62
46 47
51 60
55 14
55 54
55 42
59 30
59 60
61 60
66 90
68 7
70 96
70 69
75 33
75 74
78 79
78 62
78 77
94 95
97 42
97 11
97 58
99 98
7 63
92 91
91 62
91 96
96 95
95 9
74 67
67 82
22 90
22 21
62 19
62 63
63 93
24 81
88 87
86 60
85 84
85 54
65 64
64 98
81 80
80 48
80 79
93 50
47 48
48 40
48 49
40 41
33 34
33 32
18 32
84 77