0 1 2 3 4 5 6 7 9 10 11 12 14 15 19 20 21 24 25 26 28 31 33 35 38 46 52 56 57 58 66 72 75 77 91 93 95 53 74 80 40 44 68 87 51 8 92 13 62 64 29 98 61 76 69 16 90 71 60 37 30 42 55 67 45 82 23 89 81 17 63 27 43 86 99 83 36 73 79 97 34 18 39 65 70 49 41 88 94 47 59 78 32 85 48 50
0 53
0 98
0 44
1 40
2 68
2 36
3 92
3 53
3 37
4 45
4 8
5 83
5 18
6 64
7 34
7 48
9 16
10 51
10 89
10 8
11 68
11 87
11 88
12 43
12 23
14 80
14 74
14 86
15 90
15 39
15 49
19 59
20 60
20 41
20 85
21 30
21 27
21 94
24 76
25 55
25 65
26 42
26 62
28 70
28 67
31 82
33 23
33 50
35 81
38 67
38 73
46 17
52 70
52 17
56 49
57 63
58 92
58 29
66 74
72 27
72 50
72 59
75 43
77 89
91 40
91 73
93 39
93 99
95 44
95 13
80 40
80 60
44 68
87 51
87 97
8 67
62 64
64 79
29 69
98 61
61 76
69 71
16 90
90 78
37 30
42 55
45 82
89 81
81 79
63 41
86 99
83 36
97 34
94 47
32 85