0 35 36 37 38 41 42 45 46 49 50 53 54 57 58 61 62 65 66 69 70 73 74 77 78 81 82 85 86 89 90 93 94 97 98 33 34 2 4 6 8 10 12 14 16 18 20 22 24 26 28 30 32 1 13 60 15 64 27 88 31 96 29 91 40 3 19 71 72
0 33
0 34
35 1
36 1
36 34
37 2
38 40
41 4
42 4
45 6
46 6
49 8
50 8
53 10
54 10
57 12
58 60
61 14
62 64
65 16
66 16
69 71
70 18
70 72
73 20
74 20
77 22
78 22
81 24
82 24
85 26
86 88
86 26
89 91
89 28
90 28
93 30
94 96
97 32
98 32
2 30
4 19
4 13
4 12
4 24
4 29
6 10
8 12
8 20
8 16
10 30
14 13
14 26
18 3
22 26
22 30
26 32
1 13
1 15
1 31
13 60
15 64
27 88
31 96
29 91
40 3
19 72
19 71