0 2 5 7 9 11 14 16 18 20 22 24 26 28 30 33 37 39 41 43 46 49 53 56 58 62 64 66 70 72 74 78 85 87 92 96 98 1 4 99 8 75 36 35 13 63 65 19 23 27 29 45 44 50 54 55 81 83 82 71 97 95 79 86 59 12 15 47 94 89 3 76 57 61 48 67 73 91 6 93 60 42 40 10 69 17 38 68 88 31 34 32 90 80 84 51 52 21 77 25
0 63
0 99
0 75
0 1
2 13
2 4
5 6
7 19
7 68
9 8
9 88
11 35
11 12
14 13
14 15
16 65
16 17
18 19
18 50
20 55
20 21
22 75
24 23
24 89
26 3
26 61
28 76
30 29
33 71
33 45
33 34
37 29
37 38
39 44
39 84
41 8
41 40
43 42
43 44
46 94
46 10
46 47
49 50
49 4
53 54
56 12
56 91
56 57
58 59
58 81
62 21
62 40
64 63
64 83
66 82
66 67
66 31
70 71
70 69
72 95
72 73
74 73
74 81
74 90
78 77
78 54
78 79
85 79
87 12
87 52
92 59
92 25
96 95
96 97
98 97
98 99
98 8
36 35
13 86
13 12
63 27
45 44
50 38
54 76
55 60
81 82
81 80
71 79
97 86
95 94
15 6
94 89
94 93
57 32
61 60
48 67
73 42
17 84
51 21