0 1 3 5 7 8 9 11 13 17 24 31 32 33 37 38 39 43 45 55 56 57 62 63 67 68 69 71 72 73 74 75 82 83 85 87 88 89 90 91 92 95 27 48 29 25 42 60 36 26 61 4 50 78 77 54 64 97 76 2 41 46 81 10 12 22 93 14 94 15 47 16 19 20 21 23 35 40 28 30 6 86 84 49 58 52 59 66 44 80 96 99 53 65 79 18 70
0 27
0 25
1 28
1 30
1 29
3 35
3 36
5 42
5 40
5 41
7 48
7 46
7 47
8 50
8 49
9 52
9 54
9 53
11 58
11 60
11 59
13 66
13 65
13 64
17 78
17 77
24 99
24 97
31 2
31 44
32 2
32 76
33 2
37 4
37 61
38 4
39 4
43 6
43 46
43 86
45 6
55 10
56 10
56 81
56 93
57 10
62 12
62 48
63 12
67 14
68 14
68 30
69 14
69 76
71 15
72 15
72 26
73 16
73 96
74 16
74 49
75 16
75 46
82 19
83 19
83 86
85 20
87 20
88 21
89 21
89 80
90 21
91 22
91 48
92 22
95 23
25 78
25 42
25 97
60 36
36 84
26 61
61 12
50 53
77 54
64 59
41 66
81 18
22 93
94 23
15 70
20 86
23 96
6 44
80 18
79 18