0 1 2 5 7 9 13 16 17 23 24 25 28 30 32 36 39 40 46 47 50 51 52 55 57 59 63 66 67 73 74 77 79 83 84 86 87 89 94 96 3 4 8 11 15 12 20 22 26 27 34 33 35 42 45 48 49 53 54 61 60 62 69 72 75 78 76 82 85 88 91 92 31 29
0 3
1 4
2 3
5 8
7 8
7 4
7 3
7 12
9 15
13 12
16 20
16 11
17 12
17 22
23 20
23 26
24 22
24 27
25 26
25 29
28 31
28 27
30 35
30 34
30 31
30 29
32 33
36 35
39 34
39 42
40 45
40 35
46 42
46 48
47 49
47 45
50 48
50 53
51 54
52 53
55 54
57 61
57 53
57 54
57 62
59 60
63 62
66 69
66 61
67 72
73 75
73 69
74 76
74 72
77 78
79 76
79 82
83 82
84 85
86 85
86 91
86 82
87 92
87 82
87 88
89 88
94 91
96 92
11 15
34 33
61 60
75 78
78 82