0 2 3 4 5 7 13 14 15 16 18 19 20 21 22 23 27 29 30 32 33 36 37 38 39 40 41 42 43 47 49 50 52 53 54 55 57 63 64 65 66 68 69 70 71 72 73 75 76 77 79 80 82 83 84 85 87 88 89 90 91 92 93 95 96 97 99 1 9 17 24 28 48 44 31 51 59 67 74 86 78 98 94 81
0 1
2 1
3 9
4 9
5 1
7 1
7 9
13 9
14 9
15 17
16 17
18 17
19 17
20 17
21 17
22 24
23 24
27 28
29 48
30 31
32 44
33 44
36 24
36 28
36 44
36 48
37 48
38 48
39 48
40 31
41 31
42 44
43 44
47 44
49 48
50 51
52 51
53 59
54 59
55 51
57 51
57 59
63 59
64 59
65 67
66 67
68 67
69 78
70 67
71 67
72 74
73 74
75 86
76 86
77 78
79 98
80 81
82 94
83 94
84 86
85 86
87 98
88 98
89 98
90 81
91 81
92 94
93 94
95 94
96 86
97 94
99 98
9 17
17 24
48 51
44 31
59 67
67 74
74 86
86 94
86 78
86 98
94 81