0 2 4 6 8 11 13 15 17 22 24 31 34 36 41 46 62 80 84 99 12 58 10 9 71 5 93 78 79 48 47 54 74 85 16 88 60 59 30 50 51 68 94 95 29 1 98 75 65 82 55 32 89 39 33 21 38 69 81 56 67 66 52 53 45 77 37 76 83 28 87
0 12
2 65
4 75
6 10
6 5
8 79
11 10
13 58
13 12
13 48
15 37
17 16
22 65
24 38
31 32
31 30
34 68
36 60
36 37
36 81
41 95
46 45
46 51
62 29
62 77
80 54
80 74
80 67
84 38
84 76
84 67
84 98
99 98
58 10
10 9
9 93
9 71
93 94
78 82
78 79
78 94
79 52
48 47
48 54
48 88
47 60
54 55
74 66
74 28
85 16
16 76
60 59
60 50
51 69
51 68
94 95
95 65
1 98
98 83
75 39
55 87
32 39
32 33
89 56
89 69
33 21
21 38
56 67
52 53
77 76