0 1 3 5 6 7 10 14 18 19 20 23 26 28 39 40 42 43 52 59 61 66 75 80 93 9 94 21 64 51 24 37 33 12 92 22 8 62 32 89 53 78 50 74 4 49 70 91 71 15 25 90 72 2 96 99 29 83 47 60 69 65 38 56 88 67 11 82 13 30
0 33
0 78
1 64
1 50
3 94
5 51
5 94
5 22
6 51
6 91
7 24
7 72
10 37
10 56
14 2
14 13
18 38
19 21
19 64
20 21
20 96
23 8
26 32
28 83
28 89
39 12
39 92
40 53
42 96
42 30
42 38
42 78
43 71
43 99
52 50
59 25
59 90
59 74
61 53
61 89
61 22
61 32
66 49
75 70
80 60
93 71
9 94
94 21
94 99
64 29
92 72
8 32
62 32
53 70
50 15
74 83
4 49
49 29
15 82
90 72
90 2
96 88
96 65
29 67
47 11
60 30
69 65
56 67
11 82