0 1 2 3 4 5 6 7 9 10 12 13 14 16 20 22 23 24 25 26 27 28 30 32 33 36 37 40 51 52 53 54 57 62 63 65 66 71 73 84 18 70 74 46 86 21 75 78 79 59 58 72 68 82 64 87 77 8 88 95 38 89 90 34 94 42 61 39 11 35 41 83 17 47 56 85 19 15 29 67 55 43 31
0 68
0 77
0 79
0 86
0 35
0 90
0 75
0 74
0 89
0 94
0 73
0 78
0 82
0 83
0 85
1 15
2 70
3 11
3 8
4 34
4 46
5 21
5 43
6 67
6 75
6 17
6 59
7 18
7 29
9 64
10 19
12 72
13 68
14 58
16 15
20 64
20 47
22 31
22 87
23 8
24 11
24 88
25 70
26 38
27 59
28 43
28 90
28 56
30 46
30 70
32 8
33 34
36 43
36 41
36 38
37 38
40 42
51 61
52 39
53 11
54 35
54 55
57 59
62 41
63 15
63 68
65 47
66 19
66 56
71 19
84 18
18 70
59 29
59 58
58 72
68 42
68 61
8 67
95 38
38 31
39 19
17 47