0 1 3 4 5 8 10 11 13 14 17 18 31 32 33 43 44 46 47 48 52 53 54 61 70 72 75 82 83 85 86 89 90 91 93 94 95 96 98 26 30 27 36 62 12 58 42 35 50 57 34 64 63 67 77 81 6 45 74 16 73 29 59 79 9 15 84 19 28 22 56 38 92 51 20 68 2 21 76 78 7 99 55 37 40 49 66 69 80 39 97 24 88 23 41 60 65 87
0 26
0 27
1 28
1 30
1 29
3 35
3 36
3 34
4 37
4 38
4 39
5 42
5 40
8 49
8 51
8 50
10 56
10 57
11 58
11 59
11 60
13 66
13 64
13 65
14 68
14 69
14 67
17 77
17 76
17 78
18 79
18 80
31 2
32 2
32 57
33 87
43 6
44 6
44 40
46 7
47 7
48 7
48 79
48 74
52 9
52 81
53 62
53 9
54 35
54 9
61 12
70 15
70 49
72 15
75 16
82 19
82 92
83 19
85 20
86 20
86 58
89 21
89 79
90 21
91 22
91 55
93 22
93 56
94 23
95 23
95 45
96 23
98 77
30 74
27 36
62 12
12 63
42 88
57 99
34 64
64 77
63 67
77 38
6 45
45 84
74 16
16 73
29 59
84 19
22 92
38 97
92 51
51 41
20 87
21 88
99 24
97 24