0 1 2 3 4 5 7 10 13 14 15 16 27 28 29 31 32 39 45 47 49 50 56 59 60 63 66 68 70 78 81 85 88 89 90 97 99 12 95 38 41 17 26 93 65 52 33 24 77 18 67 71 25 69 9 53 23 75 6 87 42 91 84 72 22 86 48 62 98 21 96 94 57 79 51 19 64 36 83 80 11 35 54 40 37 82 44
0 77
0 12
1 41
2 93
3 52
3 19
4 33
5 24
7 18
10 67
13 25
13 11
14 69
15 9
16 23
27 6
28 87
29 87
31 51
32 9
39 91
45 75
47 18
49 95
49 82
50 19
56 80
56 87
56 9
59 95
60 95
60 9
63 84
66 86
68 48
70 12
78 65
78 94
81 48
85 71
88 86
89 71
89 25
89 6
90 41
97 33
97 64
97 93
97 83
99 72
99 87
99 62
12 95
12 69
95 21
38 65
38 41
17 26
26 93
26 87
93 84
65 52
33 53
33 71
24 62
77 18
67 6
67 54
71 36
9 37
53 23
23 91
75 6
75 48
6 42
91 98
72 22
22 86
48 35
96 94
96 11
57 64
57 79
79 51
40 37
82 44