0 1 2 3 5 7 9 11 12 13 14 15 16 20 23 25 27 29 33 34 35 38 42 43 45 47 63 22 50 18 41 49 53 67 26 56 57 58 6 59 60 65 24 64 66 68 4 73 74 75 81 44 54 8 90 10 88 91 30 21 92 48 17 94 96 97 98 86 99 28 19 32 46 40 39 37
0 18
0 4
0 65
0 54
0 74
0 58
0 57
0 67
0 68
0 81
1 22
1 6
1 48
1 88
1 92
1 98
1 97
1 94
1 90
1 96
2 10
2 19
2 50
3 41
3 8
3 6
5 46
5 49
5 10
7 39
7 53
9 26
9 30
11 32
11 56
12 21
12 44
13 30
13 40
13 91
14 6
15 28
15 59
16 17
16 60
20 24
23 10
23 64
25 37
25 66
27 46
29 4
33 30
33 73
34 28
34 37
35 19
35 32
35 75
38 18
42 44
43 24
45 24
45 21
47 8
63 22
18 41
18 49
6 21
4 86
21 40
48 17
17 39
99 28
28 39