0 1 2 3 4 5 7 9 11 12 14 15 19 21 23 24 27 32 34 36 37 13 79 40 47 10 42 46 30 48 8 50 53 55 57 25 60 64 66 68 54 20 94 35 16 39 28 71 72 74 76 78 80 83 18 84 85 86 87 92 31 95 96 99 29 6
0 13
0 8
0 64
0 53
0 46
0 50
1 16
1 78
1 95
1 83
1 80
1 85
2 35
2 20
2 31
2 40
3 10
3 28
3 99
4 30
4 25
4 13
4 6
4 71
5 6
5 72
5 42
7 13
7 74
9 35
9 76
11 30
11 18
11 39
12 29
12 48
14 8
15 18
19 20
19 84
21 29
21 55
23 25
23 57
23 86
24 25
24 87
27 39
27 60
32 31
34 28
34 35
34 66
36 10
36 68
37 20
37 96
13 79
47 10
54 20
94 35
16 39
39 28
92 31
31 29