0 1 3 4 5 6 7 9 12 13 14 15 16 17 18 19 21 23 26 27 28 29 32 34 35 39 48 49 53 56 57 88 36 86 33 64 24 41 37 66 67 25 70 71 72 74 75 93 44 76 78 54 77 20 81 82 91 42 22 87 89 96 97 50 11 58 30 38 59 31 52 55 60 47 61 40
0 24
0 67
0 70
0 25
0 82
0 81
0 75
0 89
0 96
0 91
0 93
0 87
0 78
0 88
0 72
0 66
0 74
0 71
1 36
3 33
3 44
4 44
4 64
5 37
5 42
6 37
7 31
7 52
9 11
9 58
12 44
13 61
14 38
14 59
15 41
16 55
16 40
16 59
17 31
17 20
18 22
18 44
19 40
19 76
21 52
23 54
26 20
27 30
27 38
28 11
28 82
29 22
32 24
34 50
35 24
39 47
48 30
49 50
49 55
53 37
56 60
56 11
57 58
88 36
86 33
24 54
24 41
41 37
37 30
77 20
20 59
42 22
97 50
60 47
61 40