0 2 5 9 11 14 16 18 24 27 28 29 33 35 41 45 47 49 51 52 55 57 59 62 65 66 71 72 74 75 76 79 81 85 86 89 92 1 3 4 32 19 23 8 34 40 36 17 15 26 37 42 39 48 50 38 7 58 60 63 64 69 84 73 67 70 78 83 82 93 91 21 25 13 43 95 10 54 61 80 77 94 46 56 53 87 90
0 32
0 34
2 1
2 3
5 60
5 7
5 4
5 8
9 8
11 36
14 15
14 40
16 17
16 15
18 19
18 26
18 23
24 25
24 23
27 26
27 17
28 26
29 26
29 43
33 34
35 38
35 37
35 46
41 42
45 42
47 39
47 48
47 46
49 50
49 48
51 93
51 50
52 38
52 53
55 58
55 54
57 56
57 58
59 63
59 61
62 58
65 67
66 67
71 70
72 67
72 73
72 78
74 83
74 87
75 69
75 84
76 77
79 78
79 70
79 80
79 95
81 82
81 77
85 87
86 84
89 90
92 95
92 91
3 4
4 21
32 19
23 21
40 36
36 37
42 43
7 58
60 61
63 64
64 69
84 73
83 82
83 90
25 13
13 10
80 77
80 94