0 2 3 6 7 10 11 12 17 18 21 22 28 29 30 37 38 39 41 42 49 50 51 52 53 65 66 67 70 73 74 75 83 84 95 96 98 99 1 32 26 55 57 35 25 62 45 27 77 78 46 58 80 88 92 44 4 5 8 9 59 61 15 16 19 90 23 24 89 34 31 48 81 54 56 64 13 33 82 40 72 69 47 97 36 71 63 85 79 94 93 60 91 14 68 76 20 87 86
0 27
0 25
0 26
2 31
2 33
2 32
3 34
3 35
3 36
6 44
6 45
7 48
7 46
7 47
10 56
10 55
11 60
11 59
11 58
12 63
12 61
17 76
17 78
17 77
18 79
18 80
18 81
21 90
21 88
22 91
22 92
22 93
28 1
28 32
29 1
29 68
29 85
30 81
37 4
37 54
38 4
39 4
39 44
41 5
42 5
49 8
49 31
50 8
51 8
52 9
53 9
53 86
53 58
65 13
65 59
66 13
66 40
67 14
67 82
67 61
70 15
70 76
73 16
74 16
74 27
75 16
83 19
84 19
84 90
95 23
96 23
98 24
99 24
26 55
55 58
57 35
62 45
78 47
92 90
5 40
9 54
15 72
15 71
19 82
23 94
24 97
89 34
89 64
89 72
64 13
69 14
97 85
85 20
85 79
94 93
14 68
20 86
20 87