0 2 3 5 6 8 10 11 12 14 15 17 19 20 24 26 32 33 36 43 48 50 52 57 60 65 70 83 89 94 80 44 61 86 45 88 37 76 81 30 95 69 98 77 91 25 87 42 68 22 55 64 78 16 67 82 31 21 34 99 51 46 49 9 1 62 54 63 72 18 85 35 71 59 41 93 79 4 39 74 28 75 56
0 80
0 61
2 82
3 45
5 37
6 35
6 76
8 30
10 69
11 51
12 99
12 77
12 21
14 91
15 39
15 72
15 41
17 63
17 25
19 99
20 76
20 71
20 39
24 86
24 78
26 98
32 68
33 49
33 42
36 68
43 49
48 91
48 25
50 22
52 4
52 77
57 78
60 9
65 81
70 21
83 93
83 30
89 95
89 69
89 30
94 62
80 91
80 44
44 88
44 76
44 42
44 98
86 45
88 46
37 77
76 87
81 98
81 22
69 99
69 28
69 54
98 77
25 16
87 1
42 68
42 85
68 74
55 64
64 62
64 78
64 46
16 67
82 46
31 34
21 79
21 34
21 9
51 54
54 75
18 39
71 59
75 56