0 2 5 7 10 11 15 19 20 21 25 26 30 35 38 40 42 45 47 50 56 58 60 64 65 67 71 74 76 80 84 85 91 92 95 1 63 57 55 8 4 48 46 13 18 16 9 89 88 87 49 33 81 83 82 61 62 75 29 93 94 66 69 68 39 70 44 14 54 59 32 31 98 99 90 22 78 12 23 73 28 6 34 86 77 96 97 53 52 24 72 43 37 41
0 1
2 1
2 4
5 55
5 9
5 8
7 8
7 6
10 13
10 14
10 12
11 12
11 63
11 53
15 73
19 18
19 48
20 87
20 22
20 23
21 82
21 22
21 24
25 29
25 28
26 29
26 75
30 34
35 39
35 37
38 39
40 41
40 44
42 75
42 62
45 49
45 48
45 46
47 48
47 70
50 39
56 59
56 57
56 90
58 59
58 55
60 61
60 63
64 57
64 63
65 68
67 68
67 69
71 70
74 70
74 62
74 72
76 77
80 81
80 83
84 41
84 83
85 86
85 89
85 88
91 66
91 94
91 90
92 93
92 94
95 96
95 99
4 48
18 16
9 89
88 87
49 33
33 81
33 32
83 82
75 78
66 69
44 43
14 54
32 34
31 98
31 34
98 99
99 97
23 73
86 77
53 52
43 37