0 1 2 3 4 5 6 7 9 10 11 13 16 17 18 19 25 26 28 29 30 31 32 34 35 39 41 43 44 52 55 60 74 12 66 61 76 14 69 70 86 27 89 21 63 73 75 78 80 81 87 88 36 91 98 42 77 15 64 97 45 48 99 58 59 8 51 38 49 24 33 20 54 23 53 56 50
0 61
0 66
0 74
0 63
0 76
0 97
0 81
0 91
0 88
0 77
0 75
1 8
1 12
2 51
2 15
3 61
3 36
4 14
4 33
5 20
5 69
6 54
6 70
7 27
7 53
7 56
9 21
9 53
10 63
11 24
11 73
13 24
16 23
16 38
16 78
17 14
17 23
18 49
18 36
18 80
19 33
25 33
25 59
25 20
25 63
26 45
26 61
28 50
28 87
29 59
30 21
30 59
30 89
31 36
32 20
34 42
35 12
39 64
41 56
43 58
43 48
44 20
44 99
52 58
55 59
60 64
86 27
98 42
42 23
15 64
64 38
45 48
59 54
8 51
49 24
56 50