0 1 2 3 4 5 6 7 9 10 13 14 15 16 17 18 20 21 22 23 26 27 29 30 31 38 44 45 47 49 52 57 63 66 73 75 78 79 81 89 90 92 93 98 80 94 65 33 42 59 60 58 86 37 41 67 48 74 50 34 64 19 32 88 82 54 83 8 69 12 51 53 71 77 97 39 72 28 95 96 46 85 36 87 61 24 55 35 25 68 56
0 32
0 74
1 65
2 60
3 58
3 28
4 41
5 48
6 96
7 19
9 88
9 37
10 69
10 58
10 61
13 67
13 48
13 95
14 61
14 42
14 71
15 24
15 46
16 36
16 54
17 41
18 58
20 8
21 37
21 41
22 64
22 71
23 97
23 87
23 46
26 67
27 65
27 94
29 51
30 19
30 12
30 83
31 53
38 77
44 82
45 42
47 50
49 35
49 97
52 65
52 85
57 86
63 39
66 51
66 77
73 67
75 50
75 74
78 71
79 8
81 19
81 64
89 71
89 59
90 72
92 28
93 95
98 74
98 64
80 58
80 94
80 82
94 86
33 42
33 67
42 39
42 96
42 72
59 60
86 37
37 55
37 97
50 34
50 53
50 68
82 54
54 25
8 28
12 51
36 56