0 1 2 5 6 8 9 10 11 12 13 14 17 19 21 22 23 24 25 27 28 29 31 34 36 37 41 42 43 46 47 50 58 59 60 74 75 78 79 81 44 15 83 84 85 53 40 89 4 30 54 92 38 93 94 95 97 98 76 3 63 72 55 7 56 73 64 66 62 61 65 32 20 70 49 18 57 51
0 44
0 92
0 74
0 4
0 89
0 98
0 7
0 84
0 79
0 81
0 76
1 3
2 66
2 75
5 38
5 78
6 20
8 49
8 18
9 15
10 66
10 62
10 61
10 83
11 18
12 70
12 85
13 40
14 73
14 53
17 49
17 70
17 32
19 54
21 65
22 72
22 38
23 63
23 93
24 57
24 55
24 94
25 61
25 65
25 95
27 30
27 54
28 56
28 51
28 97
29 61
29 32
31 63
34 72
36 40
36 32
37 4
41 55
42 7
43 56
46 73
47 64
50 40
50 53
50 3
58 4
59 64
60 15
44 15
44 53
15 64
4 30
38 62
3 63
64 57
65 51
20 70