0 3 4 6 8 9 11 12 14 17 18 20 25 29 30 32 33 35 45 49 57 58 64 73 86 56 27 76 92 7 54 22 79 94 19 23 36 75 41 74 28 59 5 78 61 38 13 82 63 71 10 81 84 15 96 91 60 44 51 52 47 55 98 46 42 85 43 83 2 62 80 65 97 53 31 1 34 50 69 70 66
0 56
0 59
3 7
4 54
6 63
6 65
8 23
9 27
9 76
9 19
11 63
11 36
12 75
14 51
14 41
17 28
17 46
17 34
18 54
20 5
25 61
25 23
25 81
29 13
30 78
32 56
33 92
35 82
45 31
45 36
49 83
49 63
57 52
57 71
58 81
64 80
73 79
73 50
86 82
56 27
27 22
27 74
27 41
76 92
76 75
92 7
54 55
54 75
22 79
79 94
94 1
94 42
19 96
19 23
74 28
5 38
78 71
78 61
61 13
38 13
82 97
82 96
82 70
63 53
10 81
81 31
84 91
15 96
15 47
91 60
60 44
44 51
55 98
55 2
98 43
85 2
2 62
62 80
53 66
31 69