2 3 4 8 9 10 13 14 15 20 25 26 27 28 30 40 41 43 44 46 48 58 59 60 63 73 74 77 80 81 89 92 93 96 99 33 35 32 39 31 49 54 90 21 88 56 34 64 67 72 0 85 51 1 5 6 7 47 62 42 97 16 75 11 12 36 61 52 24 94 22 66 86 23 95 65 18 79 78 83 19 84 17 76 91 38 50 70 68 71 37 29 82 55 53 45 98
2 33
2 31
2 32
3 34
3 36
3 35
4 39
4 38
4 37
8 51
8 50
8 49
9 52
9 53
9 54
10 56
10 55
13 64
13 66
13 65
14 68
14 67
15 71
20 85
20 86
25 0
25 85
26 0
26 45
26 62
27 0
28 1
30 51
30 88
30 70
40 31
40 5
41 5
43 6
43 78
44 29
44 6
44 47
46 7
48 7
58 11
58 97
59 82
59 66
59 11
59 75
60 11
63 12
73 16
73 42
74 98
77 94
77 17
80 18
80 95
81 18
81 83
81 36
89 90
92 22
92 54
93 22
93 61
96 23
96 52
99 24
31 49
49 72
90 21
21 88
51 71
1 29
5 42
6 45
7 47
62 12
97 24
16 75
12 61
24 98
94 23
22 91
23 95
18 79
83 19
19 84
19 82
17 76
38 50
70 68
70 55