0 11 12 13 14 15 16 17 19 22 24 26 27 28 29 30 31 32 33 34 35 37 39 41 42 43 44 46 47 48 50 61 63 65 67 69 72 74 76 78 80 81 91 1 2 71 3 4 6 7 9 18 21 23 57 25 36 40 45 60 62 64 66 68 73 75 77 79 90 38
0 71
0 1
0 2
0 4
0 6
0 7
0 9
0 18
11 1
12 2
13 3
14 4
15 6
16 7
17 9
19 18
19 21
22 23
22 21
24 23
26 25
26 36
27 25
28 25
29 25
30 25
31 25
32 25
33 25
34 25
35 25
37 36
37 38
39 40
39 38
41 40
42 40
43 40
44 71
44 40
44 45
46 45
47 45
48 45
50 57
50 25
50 60
61 60
61 62
63 62
63 64
65 64
65 66
67 66
67 68
69 68
72 71
72 73
74 73
74 75
76 75
76 77
78 77
78 79
80 79
81 90
81 60
91 90
71 3