0 4 5 8 10 15 17 20 21 22 23 32 36 40 41 46 48 52 54 63 67 68 78 82 84 86 95 27 33 9 12 7 2 42 29 26 19 96 13 1 93 90 85 25 55 91 87 59 58 11 77 6 72 97 80 18 34 88 16 3 69 45 37 30 89 51 70 62 28 14
0 9
0 27
4 11
4 33
5 88
5 6
5 18
5 7
5 34
8 80
10 12
15 9
17 42
20 96
21 30
22 90
23 96
32 2
36 19
40 25
41 62
46 33
46 27
46 2
48 2
48 89
52 1
54 1
63 87
67 2
67 62
68 72
78 30
78 28
82 87
82 97
84 2
86 33
95 28
9 12
12 7
12 45
12 58
12 85
7 93
2 70
2 42
2 69
29 55
29 91
26 19
19 96
96 34
13 1
1 59
1 3
93 90
85 87
85 25
25 16
25 51
55 69
11 77
6 80
6 72
97 37
18 3
3 14
30 89