0 1 2 3 5 7 9 10 11 13 16 17 18 20 21 22 25 26 27 31 32 44 45 51 52 55 56 57 59 86 40 29 66 14 63 96 53 67 68 69 70 64 12 54 71 74 75 76 79 30 48 89 90 92 47 95 97 98 43 23 38 34 36 99 4 28 8 42 49 6 39 41 35 50 24 15
0 29
0 55
0 59
0 66
0 64
0 69
0 86
0 56
0 57
0 92
0 63
0 89
0 68
0 90
1 99
1 43
1 97
2 28
3 12
3 4
3 98
5 6
5 8
5 59
5 42
7 48
7 40
7 24
9 43
10 14
11 23
13 53
13 15
16 49
16 67
17 43
18 43
18 38
18 69
18 30
20 40
20 70
21 54
22 39
22 71
25 50
25 53
25 35
25 41
25 74
26 38
26 34
26 36
26 75
27 34
27 76
31 30
32 48
44 47
44 50
45 36
45 41
51 47
52 6
52 95
86 40
14 35
96 53
12 41
12 23
12 54
79 30
28 8
42 49
6 39