0 2 3 4 5 6 8 9 10 12 13 15 17 18 19 21 22 29 31 39 42 50 52 54 55 64 68 69 74 76 84 87 99 91 7 37 61 72 88 16 43 14 89 27 36 40 94 70 57 78 63 53 85 24 71 48 79 77 90 93 38 80 65 59 58 20 32 67 82 41 75 11 81 45 95 1 34 96 97 33 26 62 25 60 44 47 98 92 30 83 28 49
0 91
0 85
2 59
2 61
3 72
4 96
4 16
4 79
4 11
5 43
6 27
6 81
8 72
8 24
9 44
10 58
12 58
12 38
13 36
13 33
15 57
17 95
17 47
17 34
18 97
19 78
21 63
22 53
29 89
31 32
31 85
31 30
39 71
42 48
42 92
42 26
50 85
52 7
52 94
52 88
52 37
54 80
54 61
54 37
55 53
64 72
68 79
69 36
69 32
69 40
74 24
74 67
74 57
74 45
76 82
84 53
84 67
87 90
99 41
91 7
37 78
37 63
61 93
43 62
43 58
14 89
89 27
89 82
40 75
94 70
70 57
57 48
57 77
85 90
24 71
77 41
90 60
93 38
80 65
59 20
82 60
75 11
11 1
81 44
45 83
45 25
45 95
97 30
44 98
92 49
92 28