32 33 34 37 38 41 42 45 46 49 50 53 54 57 58 61 62 65 66 69 70 73 74 77 78 81 82 85 86 89 90 93 94 0 2 4 6 8 10 12 14 16 18 20 22 24 26 29 91 28 30 13 59 23 79 7 47 17 67 15 63 64 55 11 27 88 92 83 25
32 12
33 0
34 0
37 2
38 2
41 4
42 4
45 47
46 6
49 8
50 8
53 55
53 10
54 10
57 59
57 12
58 12
61 14
62 64
65 67
66 16
69 18
70 18
73 20
74 20
77 79
77 22
78 22
81 83
81 24
82 24
85 26
86 88
86 26
89 91
90 92
93 30
94 30
0 24
0 30
0 8
0 23
2 20
4 20
4 14
6 23
8 15
8 20
10 30
12 27
16 30
18 23
22 28
26 17
29 91
29 92
29 7
30 7
13 59
13 23
23 79
7 47
7 17
17 67
15 63
15 64
55 11
83 25