0 2 3 4 5 6 7 8 11 13 21 28 29 30 52 53 55 56 57 61 63 68 69 70 71 72 73 74 75 76 77 83 84 87 92 93 94 95 97 99 25 39 31 27 64 36 62 41 26 44 91 22 46 50 20 86 59 49 89 67 1 38 9 10 12 14 15 37 82 19 23 45 24 32 34 33 40 43 81 88 85 18 80 47 96 42 48 35 51 60 16 17 79 58 90 65 78
0 25
0 26
0 27
2 32
2 31
2 33
3 36
3 34
3 35
4 37
4 39
4 38
5 40
5 42
5 41
6 44
6 45
6 43
7 46
7 48
7 47
8 49
8 50
8 51
11 58
11 59
11 60
13 65
13 64
21 88
21 89
21 90
28 1
28 34
29 32
29 1
30 1
30 67
52 9
52 27
53 9
55 10
55 78
56 10
56 80
57 10
57 62
61 51
63 12
63 39
68 14
68 86
69 14
70 15
71 15
71 81
71 47
72 15
73 44
73 16
74 16
74 37
75 16
76 17
77 17
83 19
84 19
87 20
87 91
92 22
93 22
93 43
94 23
95 23
97 24
97 45
99 24
99 81
25 39
64 36
36 45
41 58
26 82
91 22
50 81
20 86
20 85
86 59
49 89
82 19
23 96
81 18
18 79
18 80
96 51
17 78