0 2 3 5 7 9 12 15 18 28 29 35 42 44 45 49 51 55 71 73 76 79 81 34 4 90 56 46 26 98 8 23 68 72 92 52 50 99 33 70 65 78 67 75 91 83 40 84 6 1 14 39 10 74 24 48 69 64 53 47 66 11 36 58 94 25 19 62 30 41 85 77 97 86 82 27 17 20 96 38 93 80
0 46
0 34
2 11
2 53
3 56
5 8
7 23
9 92
9 52
9 17
12 52
15 98
15 20
18 99
28 85
29 78
29 77
35 84
42 8
44 69
45 91
45 47
49 14
51 40
55 6
71 1
71 77
73 10
76 80
76 82
76 74
79 96
79 24
81 69
34 23
34 83
34 4
4 68
90 56
56 64
26 98
98 8
98 67
98 66
8 27
68 72
68 50
92 74
50 33
50 93
50 99
99 14
33 70
65 78
78 85
67 75
75 38
75 91
40 64
84 6
6 58
6 62
6 36
1 30
1 86
1 19
14 24
14 39
39 10
39 58
10 82
74 38
48 69
48 27
64 62
53 94
53 47
36 25
58 85
30 97
30 41