0 1 2 5 6 7 8 9 10 11 15 18 19 20 21 23 24 26 30 35 36 42 43 47 49 59 60 62 63 73 74 82 88 93 33 90 38 56 29 13 57 92 31 32 69 51 85 16 28 76 91 71 99 17 44 22 77 39 84 61 54 68 96 98 87 53 81 4 66 95 27 40 79 41 86 64 94 14 55 65 75 70 37 78 52 48 46 12 83 67
0 56
1 38
2 4
2 70
5 39
6 28
6 46
7 17
8 54
9 22
10 44
10 86
10 79
11 16
15 39
18 56
19 67
19 56
20 71
20 99
21 66
23 32
24 94
24 83
26 54
30 90
35 55
35 68
36 96
36 48
36 52
42 86
42 61
43 98
47 94
49 68
49 65
59 81
60 61
62 87
63 4
73 68
74 78
82 54
88 66
88 75
93 48
33 90
33 95
90 40
90 13
90 38
56 29
29 13
29 57
57 92
92 31
31 68
32 69
32 44
32 12
69 51
69 91
51 85
85 16
16 28
28 14
76 70
76 91
76 96
91 71
71 87
99 17
22 84
77 39
77 75
84 61
54 52
54 78
96 37
98 65
98 86
87 53
81 83
27 41
41 86
64 94
75 52
12 83