0 2 4 6 9 11 14 16 18 20 22 24 26 28 31 33 35 37 39 41 43 45 47 49 52 54 57 59 61 63 65 67 71 73 79 81 83 86 1 3 13 15 84 12 17 19 72 23 46 27 58 34 40 44 50 78 51 38 48 87 64 82 85 5 10 88 7 25 68 55 53 62 60 32 80 56 8 66 77 29 21 36 42 69 74
0 1
2 1
2 3
4 5
6 34
6 5
6 58
9 84
9 38
9 10
11 23
11 10
11 77
11 25
11 12
14 15
14 13
16 78
16 15
18 17
18 19
20 19
20 7
22 21
22 36
24 23
24 50
24 68
24 40
26 27
28 68
28 29
31 32
31 58
31 51
33 34
35 55
35 48
35 58
37 38
39 40
41 40
41 36
43 44
43 42
45 46
45 72
45 44
45 13
47 48
49 50
49 56
52 53
54 38
54 53
57 56
59 48
59 60
61 87
61 62
61 60
63 62
63 64
65 66
65 78
67 72
71 58
71 72
73 72
79 78
81 82
81 80
83 82
86 85
1 13
84 85
84 80
72 23
23 7
46 27
50 74
5 88
68 69
62 8