0 1 5 7 10 13 16 20 24 28 29 33 39 43 45 46 50 57 61 63 67 73 76 78 81 88 90 91 96 98 95 92 83 68 59 49 40 41 26 14 9 6 3 2 32 25 18 12 30 22 31 77 79 72 64 54 44 36 70 62 52 82 75 74 66 47 69 71 87 86 80 93 89 4 17 21 34 27 35 38 48 51 58 42 84 8 23 37 19 53 60
0 98
1 2
5 4
7 12
7 8
7 4
10 14
13 14
13 18
16 23
16 22
20 21
20 14
20 26
20 19
24 31
28 21
29 22
29 30
29 38
29 37
33 26
33 25
33 34
33 41
39 30
39 49
39 31
39 48
43 52
43 53
45 44
46 47
50 40
50 51
57 47
61 51
63 54
67 59
73 74
73 80
76 77
76 75
76 83
78 77
78 79
78 71
81 80
88 83
88 92
90 84
90 89
91 92
96 93
96 92
98 95
95 92
92 87
68 75
68 59
68 60
59 49
49 40
40 41
41 42
41 32
14 9
9 6
9 8
6 3
3 2
77 69
77 70
79 72
72 64
64 54
54 44
44 36
62 52
52 51
82 75
75 74
74 66
66 58
47 38
87 86
93 89
17 23
21 27
34 35