0 1 2 3 7 9 10 12 16 17 18 21 23 24 31 32 45 48 51 57 60 73 53 22 54 82 75 6 14 76 58 71 84 93 47 29 5 40 74 92 90 42 78 50 96 94 46 56 8 44 36 99 95 13 97 88 35 11 68 28 81 98 69 30 91 61 43 49 86
0 53
1 6
2 76
2 92
2 11
2 96
2 56
3 75
7 35
7 29
9 58
9 81
10 71
10 61
12 93
16 44
17 54
17 22
18 71
18 14
18 43
21 40
23 68
23 36
24 99
24 30
31 92
31 97
32 90
45 84
48 42
48 13
51 50
57 97
60 96
60 88
73 94
53 22
22 84
54 82
54 88
82 75
82 94
75 95
75 69
75 30
6 46
6 99
76 58
58 78
71 90
71 11
84 93
47 29
29 5
29 30
5 40
74 94
42 91
42 28
78 50
94 49
94 98
8 88
8 44
11 68
30 91
91 86