1 2 3 4 7 8 16 18 21 22 24 25 27 40 41 42 43 44 45 53 55 57 58 59 60 61 63 64 66 67 68 70 72 76 77 83 94 28 48 78 17 31 39 36 49 30 74 35 81 89 29 96 56 93 47 99 37 26 0 5 6 38 54 9 73 10 23 95 85 11 34 65 13 87 14 71 15 32 33 51 82 19 12 52 79 20 80 50 91 97 98 90 84 88 62 92 86
1 28
1 29
2 32
2 31
3 36
3 35
3 34
4 38
4 39
4 37
7 47
7 48
8 49
8 50
8 51
16 73
16 74
18 81
18 80
18 79
21 89
21 88
21 90
22 91
22 93
22 92
24 99
24 97
24 98
25 89
25 0
27 0
27 32
40 5
41 5
42 5
42 65
42 62
43 6
44 6
44 82
45 6
45 56
53 9
53 33
55 10
55 93
57 10
58 11
59 11
59 95
60 11
61 12
63 12
64 79
64 13
66 13
67 14
67 49
68 71
70 15
72 15
76 17
77 17
77 31
83 99
83 88
94 23
94 30
28 48
28 39
78 17
39 36
35 81
81 91
29 96
96 23
56 93
93 90
26 0
54 9
54 73
9 52
73 82
23 95
95 85
95 71
85 20
65 13
87 20
71 15
82 19
19 84
12 62
20 86
80 50