2 3 5 7 9 12 16 21 25 30 34 38 42 45 49 50 54 57 59 60 65 71 74 75 77 80 84 85 88 92 33 10 19 37 32 11 29 87 69 82 96 53 56 55 61 20 52 78 63 18 94 24 23 62 99 26 67 89 14 36
2 33
3 20
3 19
5 32
7 11
9 82
9 33
12 23
12 29
16 11
21 19
25 69
30 82
34 10
34 19
38 96
42 32
45 82
49 89
50 69
54 52
54 62
57 96
59 37
60 32
65 33
71 53
74 10
75 56
77 55
80 96
84 10
85 55
88 37
92 56
33 37
33 10
33 56
10 96
19 26
37 32
32 11
32 53
11 87
11 29
87 18
87 69
69 61
53 78
53 14
55 63
55 36
55 14
55 99
20 52
94 24
94 67
24 89
26 67