0 1 2 3 4 5 7 8 9 10 11 12 15 16 17 18 19 20 27 30 37 40 43 44 47 51 52 64 66 71 83 91 96 21 93 87 32 50 81 26 24 97 73 34 60 82 49 39 46 59 68 61 63 55 77 56 88 13 90 58 75 23 53 35 6 22 28 79 86 65 41 78 84 72 62 99 29 54 48 36 57 80 38 98 94 14 74 45 69 67 42 95 85 89 76 70 33 92
0 82
0 32
0 21
0 26
1 13
1 93
1 34
1 87
1 75
2 87
2 6
2 78
3 54
3 80
4 87
5 24
5 69
5 14
7 42
8 97
9 88
9 93
9 53
10 74
10 85
11 63
11 65
11 60
12 98
12 24
15 58
16 68
16 49
17 23
18 90
19 53
20 59
20 35
27 84
27 98
30 48
37 57
37 42
40 35
40 63
43 77
44 41
44 68
47 89
47 93
51 58
52 26
64 21
66 55
71 73
83 77
83 72
91 46
96 56
21 93
93 97
87 28
32 50
50 60
50 81
50 55
81 99
24 28
73 34
34 56
60 46
39 79
59 67
59 33
61 56
61 38
63 62
90 58
90 72
90 70
58 29
75 23
35 95
6 22
28 79
28 45
86 65
65 41
65 74
72 94
54 48
54 57
48 36
98 76
94 92
94 67
42 95