32 33 34 37 38 41 42 45 46 49 50 53 54 57 58 61 62 65 66 69 70 73 74 77 78 81 82 85 86 89 90 93 94 0 2 4 6 7 48 8 11 55 10 12 15 63 64 16 18 20 22 24 26 28 30 5 44 9 51 52 56 25 83 29 91 14 40 3 17 68 84 31 96 47 27 92 60 13 23 80 79
32 30
33 0
34 0
37 2
38 40
38 2
41 4
42 44
45 47
46 48
49 51
49 8
50 8
53 55
54 56
57 12
58 60
61 63
61 14
62 64
65 16
66 16
66 68
69 18
70 18
73 20
74 20
77 22
77 79
78 80
81 83
82 24
85 26
86 26
89 91
90 92
93 30
94 96
0 12
0 25
0 11
2 26
4 20
4 9
4 10
4 17
6 5
6 31
7 48
7 47
7 11
8 18
11 56
11 55
12 27
15 63
15 64
18 29
20 25
20 13
22 24
22 9
26 23
26 14
28 5
30 25
5 44
5 14
9 51
9 52
25 84
25 83
29 92
29 91
40 3
17 68
31 96
60 13
23 79
23 80