0 1 2 4 5 6 7 8 12 14 15 16 17 19 20 21 22 23 24 25 28 29 32 34 36 38 39 43 45 53 57 62 65 66 42 50 9 68 88 30 71 10 13 73 94 37 74 75 77 78 79 80 81 82 83 86 87 90 49 93 95 76 18 99 89 31 35 33 61 59 58 55 3 11 26 44 48 51 64 47
0 13
0 42
0 94
0 81
0 35
0 78
0 74
0 90
0 99
0 88
0 87
0 77
0 66
0 68
0 75
0 82
0 80
1 18
1 65
2 11
2 3
4 9
5 33
6 61
6 50
7 30
8 10
8 33
12 13
12 64
14 47
14 51
14 73
15 37
15 64
16 48
16 58
17 30
17 44
19 48
20 26
21 44
21 79
22 58
23 33
24 30
25 58
25 83
28 26
28 11
28 86
29 51
29 31
32 44
32 49
34 49
36 61
36 18
36 93
38 47
38 95
39 18
39 10
43 59
43 30
45 31
45 55
53 35
57 18
62 42
42 50
50 9
30 3
71 10
76 18
89 31
33 55
61 59
61 58