0 1 2 3 5 6 7 8 9 10 11 12 13 14 16 17 18 20 21 22 26 28 29 30 33 36 39 45 47 49 50 53 56 59 61 64 65 68 74 75 76 90 19 72 78 79 80 81 82 83 84 85 87 88 57 31 40 92 93 58 98 37 77 4 44 71 43 34 67 94 23 32 54 62 69 70 66 42 41 52 24 46 15 25
0 57
0 75
0 85
0 74
0 87
0 94
0 82
0 81
0 88
0 76
0 92
0 79
0 98
0 77
1 62
1 52
1 41
2 24
2 58
2 75
3 4
3 25
5 72
6 71
6 78
7 72
7 23
8 66
8 62
8 80
9 46
9 15
10 24
11 43
11 83
12 72
12 19
13 34
13 70
13 84
13 32
14 19
16 41
16 37
17 40
18 31
20 40
21 52
22 37
22 93
26 57
28 58
29 69
29 62
30 37
33 44
36 4
39 58
45 54
45 4
47 58
49 71
50 43
53 67
56 23
56 69
59 32
61 4
61 44
64 40
65 54
68 71
90 19
57 31
31 40
40 43
40 25
4 46
71 70
71 15
34 67
69 70
66 42