0 1 2 3 4 6 12 14 18 21 22 26 27 28 29 31 36 44 45 46 54 61 75 77 79 85 19 67 8 99 90 84 95 39 34 92 53 49 89 43 58 52 71 64 5 24 37 83 94 47 59 7 72 81 97 68 38 48 69 57 51 96 13 16 25 9 74 91 20 42 93 65 55 35 10 63 17 70 86 66 80 33 82 62 30 88 98 23 56
0 95
1 71
1 64
2 7
3 99
3 20
4 57
4 93
6 63
6 39
12 38
12 86
14 62
14 39
14 94
18 95
18 30
18 51
18 25
21 52
22 23
26 37
27 95
27 52
28 88
29 69
29 89
29 17
31 95
31 58
36 57
36 10
44 69
45 43
46 69
46 98
46 7
46 53
54 35
54 74
61 59
61 43
75 47
77 42
79 19
85 59
85 56
19 65
67 52
67 49
67 8
99 13
99 52
90 89
84 59
95 39
95 92
34 47
34 65
92 68
92 43
58 48
52 5
52 38
52 57
52 69
64 5
64 83
5 88
5 96
24 96
37 91
37 55
37 9
37 16
47 69
7 72
72 91
81 42
81 69
97 69
97 82
69 80
57 35
74 23
42 70
42 33
35 66