0 1 3 4 6 7 10 11 14 15 19 20 21 26 31 32 35 43 44 48 49 51 52 54 56 62 66 68 70 71 81 84 93 17 57 91 34 29 78 27 41 12 36 23 8 22 18 92 60 95 30 63 61 24 96 88 64 83 69 50 73 85 90 42 28 76 98 37 97 79 99 53 89 45 67 39 46 72 77 82 33 13 94 80 40 55 2 16 47 38
0 17
1 85
1 96
1 29
1 50
3 34
4 76
6 77
6 72
7 22
7 78
10 29
11 27
14 41
15 36
19 61
19 42
20 92
21 95
26 76
31 98
32 72
35 67
35 57
43 61
43 94
43 47
44 97
44 24
48 88
48 46
49 16
49 45
49 37
49 88
51 64
51 99
51 72
52 78
54 36
54 83
56 85
56 41
56 28
62 24
66 29
68 88
70 63
70 92
71 98
81 50
84 98
84 76
93 24
17 57
17 23
91 34
91 55
34 12
29 27
78 80
41 79
12 53
12 36
36 45
23 8
23 60
23 33
8 73
22 18
22 39
18 92
60 95
95 97
95 13
95 28
30 63
63 28
96 88
69 98
69 50
50 38
73 40
85 90
79 99
53 89
82 33
94 2
2 16