0 1 2 3 4 5 7 8 9 10 12 13 14 15 18 20 21 22 24 26 30 35 38 40 41 42 43 45 47 48 53 56 60 61 67 68 69 70 71 72 73 74 75 76 97 46 78 79 16 81 82 57 66 83 96 63 85 88 64 95 93 37 87 28 50 98 99 84 23 32 94 39 25 34 31 33 58 59 54 44 19 11 52 51 27 49 29
0 16
0 98
0 84
0 72
0 81
0 71
0 74
0 78
0 83
0 88
0 75
0 97
0 73
0 82
1 31
1 68
2 54
2 69
3 11
3 70
4 54
5 31
7 28
7 19
7 57
8 52
8 25
8 34
9 39
10 29
10 76
12 46
13 27
13 51
14 31
14 33
14 79
15 16
18 32
20 33
21 66
21 59
22 37
22 23
24 63
26 64
26 31
26 85
30 11
35 52
35 16
38 64
38 58
40 27
40 39
40 95
41 63
41 34
41 96
42 46
42 37
43 37
45 50
47 49
47 98
48 51
48 99
53 32
56 39
60 25
61 34
67 28
67 50
57 66
93 37
37 52
87 28
28 29
23 32
32 54
32 51
94 39
58 59
44 19
44 49
19 11