0 1 2 4 5 6 7 8 9 10 12 13 15 16 17 18 19 20 21 22 24 25 26 29 32 34 35 38 39 41 44 46 47 51 55 56 59 63 65 66 72 73 75 76 80 83 88 89 91 93 94 70 68 64 71 87 40 82 49 77 85 54 23 58 11 52 27 69 78 14 36 60 37 31 48 81 90 79 74 57 95 42 45 67 96 92 50 86 43
0 70
0 58
0 54
1 87
1 40
2 64
2 68
4 40
5 82
6 40
7 49
8 85
9 23
9 14
9 79
10 11
12 69
13 78
13 57
15 14
16 36
17 71
17 64
18 60
19 81
20 36
20 58
20 52
21 69
21 27
22 64
22 78
22 82
24 90
25 79
26 43
26 74
29 42
29 23
32 87
34 58
35 37
38 95
39 37
39 31
41 45
44 67
46 87
46 71
46 86
47 40
51 14
55 31
55 50
55 48
56 42
59 77
63 64
65 23
66 96
72 42
73 74
75 78
75 60
76 79
80 92
83 52
83 27
88 50
89 77
91 82
93 57
94 86
70 49
70 68
64 77
82 96
49 67
77 85
54 23
58 11
58 92
11 74
36 37
36 90
48 81
57 95
42 45