0 1 3 4 67 6 69 8 11 13 17 19 52 21 54 23 29 36 82 47 42 12 65 61 40 49 74 68 10 83 30 16 9 92 64 93 39 94 31 7 2 84 87 81 22 32 20 59 91 89 28 55 90 78 76 48 72 80 56 50 27 62
0 36
1 36
1 74
3 47
3 2
4 12
4 9
67 49
67 87
6 22
69 12
8 16
11 9
11 39
13 92
17 39
17 92
19 42
52 94
52 62
21 10
21 68
21 48
21 72
54 42
54 76
23 10
23 50
29 2
82 47
47 32
47 30
42 12
42 90
12 28
65 61
65 30
61 40
40 49
49 80
74 68
74 83
83 30
30 16
16 78
64 93
93 59
93 39
39 56
94 84
31 7
7 2
84 87
81 22
81 91
22 89
20 59
59 27
89 56
28 55
28 48