0 1 2 4 6 7 9 10 12 14 19 21 23 29 33 36 39 42 43 44 51 80 81 85 93 96 99 45 38 3 41 86 65 76 11 79 27 83 57 71 77 66 84 48 53 62 60 89 58 61 8 25 13 74 67 24 35 69 52 15 16 32 82 92 18 28 37 30 54 34 98 91 95 26 20 22 88
0 45
1 41
2 76
2 16
4 18
4 79
6 27
6 8
6 32
7 11
7 66
9 57
10 77
10 69
12 86
12 24
14 48
14 30
19 3
21 62
23 11
23 25
29 62
33 41
36 52
36 27
39 89
39 88
42 48
43 52
44 8
51 54
80 25
81 92
85 13
93 65
93 22
93 76
96 74
96 71
99 91
99 3
45 38
38 3
38 53
3 67
3 41
3 8
86 83
86 65
65 82
11 79
11 37
11 27
27 60
83 57
57 34
71 77
66 84
84 48
62 32
60 74
60 89
58 61
58 54
61 13
61 37
13 15
67 24
67 95
35 69
32 92
18 28
54 20
98 91
26 20