3 6 11 13 15 16 19 25 26 27 35 36 37 38 40 41 43 46 50 53 54 56 57 58 62 63 66 68 71 72 77 81 82 83 85 89 90 91 92 94 95 96 97 98 99 4 10 24 84 14 5 18 0 1 60 23 61 17 48 8 39 44 78 33 20 45 47 52 28 64 55 65 67 2 12
3 0
3 4
6 24
6 8
6 4
6 10
11 10
13 14
15 14
16 18
16 47
16 12
16 61
16 5
19 20
19 18
25 64
25 23
25 33
26 45
26 23
27 24
27 28
35 61
36 55
36 17
37 48
38 8
40 44
40 33
41 33
43 20
43 52
46 60
46 65
50 45
53 47
54 44
54 39
56 52
57 44
58 33
62 28
63 1
63 60
63 67
66 78
66 84
68 64
71 55
72 65
77 14
77 84
81 44
82 39
83 64
85 24
85 84
89 67
90 33
91 65
92 84
94 78
95 55
96 44
97 78
98 65
99 33
4 2
14 17
18 17
0 1
23 48
78 33