32 33 34 37 38 41 42 45 46 49 50 53 54 57 58 61 62 65 66 69 70 73 74 77 78 81 82 85 86 89 90 93 94 0 2 4 6 8 10 13 59 60 28 14 16 18 20 22 24 26 30 3 40 7 47 21 12 36 1 25 84 29 91 19 71 15 63 55 11 56 27 88 67 17 68 72
32 28
33 0
34 36
34 0
37 2
38 40
41 4
42 4
45 47
46 6
49 8
50 8
53 55
53 10
54 10
54 56
57 59
57 12
58 12
61 14
62 14
65 16
65 67
66 68
69 71
69 18
70 72
70 18
73 20
74 20
77 22
78 22
81 24
82 84
82 24
85 26
86 26
86 88
89 91
89 28
90 28
93 30
94 30
0 21
0 3
0 7
2 29
2 8
4 19
6 22
10 15
13 59
13 60
13 27
14 18
18 1
18 25
20 30
20 19
22 26
24 17
30 11
3 40
7 47
12 1
36 1
25 29
25 84
29 91
19 71
15 63
11 56
27 88
67 17
17 68