1 2 3 4 6 9 10 11 12 14 16 19 25 26 27 40 41 42 46 50 64 66 70 71 72 76 77 78 79 80 86 87 91 92 94 97 98 99 7 47 33 28 36 29 81 18 37 48 44 52 30 93 55 59 90 21 89 61 68 56 75 83 35 0 5 8 49 13 17 85 20 22 31 39 32 60 96 43 23 62 74 84 88 15 24 45 34 82 54 65 57 53 51 58 38 67 95 69 73 63
1 28
1 30
1 29
2 31
2 32
2 33
3 36
3 34
3 35
4 37
4 38
4 39
6 43
6 45
6 44
9 52
9 54
9 53
10 56
10 55
10 57
11 59
11 60
11 58
12 61
12 62
12 63
14 68
14 67
14 69
16 74
16 75
16 73
19 83
19 84
25 0
25 75
26 0
26 48
27 0
40 47
40 5
41 5
42 5
42 95
42 49
46 7
46 88
46 69
50 8
64 13
64 81
66 13
66 53
70 48
71 89
71 15
72 15
76 17
76 56
77 17
78 93
78 17
79 18
79 83
80 18
86 20
87 20
87 32
91 22
91 31
92 22
94 23
97 24
97 43
98 24
98 39
99 32
99 24
7 48
7 47
47 33
36 29
81 18
48 59
90 21
21 89
21 88
89 61
56 75
8 51
8 49
13 65
85 20
96 23
23 95
34 82
82 54
53 73