0 1 6 8 9 11 12 15 17 18 21 24 25 34 35 36 37 40 42 52 76 77 80 83 4 3 47 2 16 5 75 20 90 67 49 14 74 93 61 46 19 54 89 69 10 58 71 7 59 87 72 92 32 30 60 43 50 39 53 78 48 66 95 29 63 73 33 23 85 57 13 45 31 22 41 84 38 79 94 51 27
0 54
0 4
0 20
1 2
6 75
8 3
8 53
9 93
11 39
11 67
12 84
15 74
17 93
18 61
21 46
24 95
24 19
25 69
25 39
34 47
35 7
36 71
36 30
37 3
37 49
37 7
40 38
40 7
42 4
52 20
76 59
76 16
77 89
77 20
80 19
83 78
83 73
83 87
3 47
47 61
47 2
47 32
2 43
2 92
2 72
16 66
16 5
16 23
16 93
5 75
5 74
75 29
75 72
75 33
20 87
90 49
90 67
49 14
93 95
46 41
46 60
19 13
69 22
10 58
10 51
58 94
72 48
72 45
30 60
60 84
50 39
53 85
48 63
66 31
29 73
63 94
57 13
22 41
84 79
51 27