0 2 3 4 6 7 8 9 10 12 14 15 20 22 23 27 28 30 31 33 37 42 47 49 63 65 66 69 74 76 78 80 84 85 95 24 35 93 90 50 91 53 18 26 87 64 89 67 36 39 77 43 81 62 29 1 92 51 52 38 83 16 54 55 82 34 99 58 97 70 25 57 59 13 44 56 40 68 60 61 32 46 86 11 19 48 5 73 75 41 96 72 79
0 24
2 91
3 18
4 87
4 32
4 60
6 99
6 89
7 19
7 67
8 5
8 99
8 54
9 25
9 36
10 11
10 43
12 26
12 53
14 81
15 92
20 24
20 51
20 81
20 82
22 19
23 62
27 70
28 29
30 92
30 91
31 35
31 79
31 38
33 48
33 70
33 64
37 59
42 26
47 13
47 1
49 52
63 26
63 44
63 46
63 87
63 57
65 52
66 39
66 77
66 55
69 38
74 75
76 58
78 54
80 51
84 55
85 67
95 82
24 35
35 93
93 62
93 90
93 55
90 50
50 91
18 25
18 43
26 64
26 58
64 56
64 68
67 55
39 41
77 43
81 52
29 57
1 92
92 34
83 16
16 54
16 59
16 75
54 72
34 99
99 40
97 13
59 96
13 56
60 61
61 86
73 75