0 1 2 3 4 8 9 10 11 12 13 14 17 20 28 30 35 41 43 44 45 47 48 50 54 68 69 82 98 18 26 40 96 6 91 89 23 72 29 90 93 27 5 39 60 22 25 33 97 34 86 58 32 49 83 36 64 38 61 42 24 52 59 79 37 66 53 77 67 65 75 71 74 92 94 21 62 46 80 57 63 19 16 7 73 85 70 87 95 55 76
0 18
1 24
1 26
1 61
2 21
2 42
2 96
3 91
4 59
4 23
8 29
8 34
9 19
9 90
10 39
10 73
10 85
11 53
11 93
12 77
12 60
12 32
13 39
14 46
17 71
17 27
17 61
20 57
20 25
28 67
28 18
30 33
35 74
35 75
41 97
43 95
43 58
43 60
43 80
43 72
44 75
45 46
47 62
47 91
48 86
48 74
48 63
48 46
50 32
54 36
68 97
68 25
69 64
82 76
82 85
98 38
98 7
18 72
18 22
40 96
6 64
6 91
91 52
91 92
91 38
89 23
29 79
90 37
93 49
93 27
27 5
5 39
60 21
25 33
25 55
97 65
34 86
86 94
86 77
83 36
83 75
83 52
24 79
24 66
52 59
79 65
79 37
66 70
75 16
87 95