0 2 3 4 5 6 9 10 12 13 15 16 17 18 19 21 22 28 30 31 32 33 37 38 39 45 47 49 50 55 59 60 72 76 77 79 81 82 89 90 91 95 74 61 65 68 75 44 78 64 54 24 85 66 43 48 14 46 27 96 80 69 23 42 11 84 26 86 87 36 58 97 35 93 52 57 34 41 83 29 63
0 74
0 44
0 78
2 65
3 75
4 46
4 44
5 66
6 48
9 48
10 34
10 26
10 14
12 46
13 80
15 24
16 42
17 83
17 96
17 57
17 80
18 48
19 23
21 11
22 84
28 29
30 66
31 24
31 85
32 26
33 75
37 75
38 86
38 63
39 87
45 36
47 58
49 69
50 54
55 52
55 36
55 24
59 75
59 29
60 96
72 36
76 23
77 42
79 84
79 44
81 97
82 68
82 65
89 48
90 35
90 27
90 11
90 52
90 54
90 14
91 96
95 83
74 61
74 86
61 65
61 87
65 93
68 75
44 43
78 64
64 54
54 69
85 66
85 58
43 48
27 96
27 41
69 23
69 97
23 42