0 2 3 4 5 6 8 9 11 12 13 14 15 16 17 19 20 21 22 23 24 25 26 27 28 29 33 44 71 72 73 74 75 77 79 80 82 83 84 85 86 88 89 90 91 92 93 94 95 96 97 98 99 34 43 54 45 60 57 40 32 41 68 51 48 63 69 35 46 58 47 42 38 64 65 59 53 66 39 76 1 36 50 52 37 30 31 55 56 62 61 10 67 7 81
0 34
2 36
2 45
3 40
3 37
4 30
5 48
5 42
5 31
6 32
6 43
8 45
9 35
11 45
11 54
12 46
13 56
14 48
15 58
15 41
16 42
17 54
17 43
19 56
20 54
20 63
21 55
22 56
22 65
23 57
23 60
24 61
24 50
24 67
25 51
25 68
26 69
26 63
27 53
27 64
28 65
29 66
33 76
44 1
44 10
44 7
71 34
72 35
72 46
73 36
73 30
74 40
75 32
75 41
77 34
77 43
79 36
80 54
82 56
83 57
83 40
83 46
84 47
84 58
84 50
85 48
85 59
86 43
88 54
89 46
89 55
90 53
91 54
92 55
93 56
94 51
95 52
95 58
96 53
96 59
96 62
97 63
98 64
98 55
99 56
34 68
32 66
35 1
38 64
64 30
65 39
65 31
39 76
55 81