0 4 6 7 11 12 13 15 22 24 26 27 28 31 34 36 40 42 44 47 49 52 55 58 60 62 64 66 68 71 73 74 75 78 80 83 85 87 3 10 5 1 14 20 23 8 30 35 9 19 45 43 39 46 50 51 57 56 61 54 70 69 72 76 77 82 81 84 48 38 37 32 63 65 67 86 88 89 79 59
0 3
0 1
4 3
6 9
6 5
6 8
7 8
11 3
11 20
12 1
13 10
13 14
15 14
22 20
22 23
24 23
26 23
27 23
28 30
28 8
31 38
31 37
34 32
34 30
36 35
40 43
42 46
44 19
47 46
47 48
47 56
47 51
49 50
49 57
52 54
52 51
55 61
58 59
58 57
60 56
60 61
62 63
64 63
64 65
66 69
66 65
68 86
68 69
71 70
71 56
71 72
73 70
74 72
75 82
75 76
78 77
78 79
80 81
80 79
83 82
83 84
85 84
85 89
87 76
87 86
87 88
3 10
14 8
30 35
35 39
35 50
9 19
19 45
43 46
39 38
57 48
61 63
82 81
67 86