0 2 3 5 7 8 10 11 13 15 17 19 21 23 25 26 28 30 32 33 36 41 42 43 45 47 51 56 58 61 63 65 67 68 69 71 74 76 78 80 1 4 39 6 9 16 14 29 18 20 24 37 38 27 31 35 40 44 55 50 46 48 49 53 75 60 57 59 79 62 64 66 70
0 1
2 1
3 1
3 4
5 4
5 6
7 6
7 27
8 6
8 9
10 14
11 14
13 14
15 14
15 16
15 24
17 18
19 20
19 18
21 20
23 18
25 24
25 40
26 29
26 18
28 38
28 9
30 31
32 31
33 37
33 35
36 35
41 64
41 40
41 44
42 50
43 50
43 55
45 49
45 66
47 48
51 53
56 57
56 53
58 60
58 59
61 59
61 70
63 55
65 79
67 59
68 40
68 75
69 62
71 60
74 48
76 64
78 75
80 66
1 37
4 29
39 6
39 16
27 31
44 55
44 46
46 48
49 53
75 60
60 57
59 79
62 70