32 33 34 37 38 41 42 45 46 49 50 53 54 57 58 61 62 65 66 69 70 73 74 77 78 81 82 85 86 89 90 93 94 0 2 4 6 8 10 12 14 16 18 20 21 76 23 79 22 24 26 28 30 31 95 5 43 39 3 40 7 47 48 44 15 63 13 60 96 19 72 11 87 27
32 30
33 0
34 0
37 39
38 40
38 2
41 43
42 4
42 44
45 47
46 48
46 6
49 8
50 8
53 10
54 10
57 12
58 60
58 12
61 63
62 14
65 16
66 16
69 18
70 72
70 18
73 20
74 76
77 79
78 22
81 24
82 24
85 26
86 26
89 28
90 28
93 95
94 96
0 18
4 7
6 22
6 15
8 13
8 14
10 26
10 12
12 19
16 5
18 11
18 21
18 3
20 24
20 30
21 76
23 79
23 24
24 5
26 15
28 27
28 7
31 95
31 5
31 96
5 44
5 43
39 3
3 40
7 48
7 47
15 63
13 60
19 72
87 27