0 2 4 8 9 12 13 15 18 19 22 23 26 29 31 33 35 37 42 44 46 48 50 53 54 57 62 66 68 73 78 1 3 6 5 55 51 75 17 77 30 61 69 58 56 70 76 60 67 32 34 36 52 43 71 72 59 11 65 79 63 10 14 47 28 74 41 64 20 38 24
0 6
0 3
0 17
2 5
2 77
2 1
4 3
8 6
8 11
9 6
12 5
12 65
13 28
13 5
15 10
15 75
18 79
18 41
19 30
19 14
19 20
22 38
23 76
26 1
29 30
31 32
33 34
35 30
35 36
37 36
37 38
42 41
42 43
44 52
46 17
48 47
48 72
50 51
50 55
53 56
53 74
53 52
54 60
54 55
54 58
57 56
57 70
57 59
62 63
62 64
62 65
62 59
66 71
66 67
66 64
68 70
73 56
78 67
78 79
78 32
6 55
51 75
77 30
30 34
61 69
69 71
58 56
70 76
71 72
38 24