0 1 3 4 5 6 7 10 11 13 17 21 24 68 70 71 73 74 75 77 78 79 80 8 12 29 30 31 36 14 34 45 25 42 26 28 2 38 16 39 18 19 41 20 48 50 60 23 53 55 58 15 56 57 59 22 62 90 82 83 97 69 87 9 65 66 67 72
0 8
0 45
0 38
0 39
0 36
0 42
0 34
0 28
1 12
1 16
1 62
1 57
3 9
3 15
3 2
3 48
3 90
3 97
3 83
3 29
3 87
4 16
4 30
5 19
5 31
5 50
6 12
6 18
6 82
7 8
10 23
10 14
11 14
11 53
13 14
17 25
17 14
17 55
17 72
21 22
21 58
24 26
24 22
68 8
70 2
71 16
73 2
74 2
75 20
77 2
78 23
79 2
80 2
8 12
12 26
45 25
2 22
2 69
2 67
2 66
2 65
19 15
19 56
41 20
20 9
60 23
59 22