0 1 2 4 5 6 7 8 9 14 15 22 82 83 84 86 87 88 89 90 92 93 27 28 30 20 10 38 17 40 19 33 44 23 39 18 13 29 3 42 21 45 24 47 48 49 50 60 52 11 53 77 26 67 74 73 65 66 70 69 16 63 75 97 94 12 95 96 98 78 79 81 85 91
0 20
0 13
0 27
0 42
0 28
0 30
0 44
0 29
1 53
1 3
1 60
2 11
2 73
2 74
2 66
2 47
2 75
2 69
2 67
2 65
2 63
4 12
4 26
4 97
4 48
4 96
4 94
5 24
5 10
5 49
6 17
7 19
7 12
7 50
8 21
8 33
8 95
9 23
14 10
14 70
14 21
15 18
15 16
15 11
22 13
22 91
22 19
82 10
83 11
84 13
86 16
87 17
88 18
89 19
90 21
92 23
93 24
20 10
10 23
38 17
17 3
17 21
40 19
19 18
39 18
3 81
3 79
3 85
3 78
45 24
52 11
11 98
77 26