0 2 4 6 8 10 12 14 16 18 20 22 24 26 29 32 34 36 38 41 44 47 49 53 55 58 61 63 65 71 73 75 77 83 85 88 90 93 96 99 1 17 68 25 33 31 30 84 43 15 13 19 57 56 74 72 37 42 48 67 62 87 52 28 97 98 3 11 79 66 54 45 46 64 89 5 7 69 39 70 40 95 94 80 76 9 27 35 51 50 92 91 21 23 86 82 60 59 81
0 1
2 1
2 19
4 68
4 5
4 3
6 30
8 28
8 9
10 69
12 13
14 13
14 15
14 51
16 15
16 68
16 57
16 17
18 17
18 19
20 70
20 21
22 21
22 23
24 87
24 82
24 89
26 25
29 72
32 33
32 31
34 37
36 72
38 39
38 79
38 37
38 98
41 40
44 43
47 48
49 48
49 84
49 60
53 67
55 54
55 56
58 67
58 81
61 62
63 13
63 62
65 87
65 66
71 28
73 69
73 72
75 74
75 80
75 76
77 52
77 76
83 84
83 11
85 84
85 97
85 86
88 87
90 91
93 80
93 35
93 94
93 92
96 95
96 97
96 69
99 23
1 25
68 67
25 33
33 45
31 30
84 43
43 42
57 79
57 56
67 66
52 28
28 27
97 59
79 80
79 7
46 94
46 64
39 70
39 40
95 94
51 50
92 91