1 3 5 7 9 11 13 15 17 19 21 23 27 31 33 36 38 40 42 44 47 49 51 53 56 58 62 65 68 71 74 78 80 84 93 95 97 99 2 8 83 72 73 39 59 14 0 37 66 48 46 18 67 22 24 85 63 30 32 43 50 52 76 77 70 92 94 64 6 10 61 60 4 28 29 75 35 41 82 81 96 20 25 86 79 26 69 12 91 34 90 16 54 55 98 57
1 0
1 2
1 72
3 4
3 83
5 83
5 6
7 6
9 83
9 82
9 10
11 12
11 26
13 14
13 30
15 14
15 16
17 37
19 18
21 22
21 20
21 75
23 24
27 85
27 28
31 30
33 32
36 37
36 34
36 35
36 55
38 39
38 73
40 41
40 57
42 41
44 72
47 48
47 46
49 76
49 90
51 52
53 52
53 54
53 86
56 55
58 59
62 83
62 61
65 14
68 69
68 67
71 66
71 73
71 72
71 70
74 75
78 79
80 79
80 81
80 92
84 85
84 83
93 43
93 92
93 94
95 96
97 64
97 96
99 98
99 66
99 59
2 63
8 72
73 24
59 14
59 60
66 48
46 18
67 22
24 25
63 64
32 86
50 52
76 77
76 75
70 92
70 34
92 91
92 12
28 29
35 41
82 81
91 90
54 55