0 2 3 5 6 7 8 9 10 11 12 13 14 17 20 21 22 24 25 29 32 33 34 39 45 47 48 51 53 61 62 92 57 66 67 31 68 69 70 95 42 75 38 71 72 86 15 73 76 97 46 78 79 4 30 87 49 98 59 60 89 36 37 28 18 63 50 44 23 58 55 41 16
0 30
0 4
0 75
0 98
0 97
0 87
0 67
0 68
0 69
0 86
0 79
2 57
2 28
3 44
3 37
3 66
5 28
6 31
7 37
8 16
8 58
9 55
9 63
9 70
10 42
11 59
11 15
11 28
12 23
12 49
12 71
13 41
13 72
14 15
17 18
17 73
20 38
20 75
21 76
21 16
22 46
24 44
24 78
25 50
25 18
29 4
32 30
33 15
34 36
39 49
39 92
39 57
45 18
45 49
47 23
48 4
48 63
51 59
53 60
53 31
61 57
61 31
62 36
62 58
62 55
95 42
42 60
46 50
49 37
89 36
18 63
55 41