1 3 4 38 9 13 78 49 18 52 87 26 28 30 11 99 89 21 2 27 23 22 33 12 92 64 86 37 15 90 66 35 24 48 42 74 0 65 45 54 73 95 50 19 51 62 43 41 80 81 6 77 93 57 44 75 88 29 40 96 79 36 5 46 53 85
1 22
1 44
3 23
3 65
3 27
4 21
38 19
38 23
9 92
9 81
9 45
13 86
13 95
78 50
49 90
18 64
52 85
52 46
52 0
87 24
26 96
26 35
26 77
26 88
28 48
28 99
30 57
30 24
11 99
99 89
99 15
89 21
21 24
21 2
2 27
2 0
23 74
23 42
22 66
22 33
33 12
33 6
12 77
12 92
12 37
92 62
64 79
64 54
15 90
35 24
35 80
24 75
54 73
54 43
54 29
73 95
73 88
50 6
19 51
41 80
77 93
29 40
79 36
36 5
46 53