0 1 3 4 5 6 9 10 12 14 15 17 18 19 20 23 26 27 30 31 37 38 39 41 43 44 45 46 60 64 65 67 68 86 87 90 94 92 33 82 35 8 61 99 21 89 59 96 29 63 16 54 95 81 66 74 56 25 34 24 32 97 47 42 84 88 79 22 85 91 70 40 98 48 7 58 55 93 36 75 11 80 57 53 62 13 69 77 72 51 50 28
0 82
1 70
3 33
3 92
4 21
5 79
5 59
6 63
6 29
9 62
9 69
9 16
9 53
10 81
12 99
12 61
14 62
15 29
17 28
17 40
18 57
19 34
20 36
20 66
23 24
26 97
27 96
27 89
30 47
31 48
37 51
37 16
38 77
38 53
38 93
38 88
39 29
39 96
41 42
41 35
41 70
43 66
43 13
44 72
44 79
45 84
46 54
60 91
64 69
64 75
64 7
65 58
67 16
68 36
86 92
87 75
90 22
90 54
94 57
94 85
94 55
33 70
82 96
82 56
35 24
35 8
8 61
61 11
99 25
99 21
89 54
29 66
63 16
16 25
54 85
54 34
95 81
95 77
66 74
32 47
32 97
47 93
84 88
85 50
85 91
70 40
40 98
98 48
58 62
93 72
80 57