1 2 3 4 5 7 11 12 13 17 18 19 25 26 27 44 50 51 52 53 54 56 57 68 69 70 71 73 75 86 88 89 92 28 34 32 29 37 36 42 30 48 65 58 35 62 66 90 76 81 84 0 8 49 43 6 67 16 74 85 20 87 38 33 64 14 72 80 21 91 22 93 39 31 60 63 78 95 79 61 82 10 15 94 9 55 59 77 98 83 40 23 96 46 47 99 24
1 28
1 29
1 30
2 32
2 33
2 31
3 35
3 34
3 36
4 38
4 39
4 37
5 42
5 40
7 47
7 46
7 48
11 58
11 60
11 59
12 61
12 63
12 62
13 65
13 64
13 66
17 76
17 77
18 81
18 79
18 80
19 82
19 83
19 84
25 43
26 0
27 49
27 0
44 6
44 99
50 8
51 8
51 85
51 28
52 9
53 9
53 74
54 9
54 96
54 87
56 10
57 10
57 33
68 14
68 64
69 14
69 98
70 15
70 83
71 15
73 16
73 33
75 16
86 95
88 21
89 21
89 78
92 22
28 34
32 42
37 84
48 67
58 94
90 21
90 76
8 49
43 6
67 14
67 31
16 74
85 20
20 87
87 72
72 15
80 47
91 22
22 93
93 59
60 78
95 23
61 55
10 55
94 23
98 24
23 96
99 24