0 2 3 8 9 10 11 12 13 14 15 32 33 34 35 36 37 38 39 40 41 42 43 44 45 46 47 48 49 50 51 52 53 54 55 56 57 58 59 60 61 62 63 80 81 82 83 84 85 86 87 92 89 69 21 5 93 90 73 25 6 88 64 16 67 19 70 22 74 26 91 76 28 79 31 65 66 68 71 72 75 77 78 1 4 7 17 18 20 23 24 27 29 30
0 92
0 93
2 4
2 1
3 6
8 17
8 4
9 19
10 21
10 5
11 22
12 25
12 24
13 27
13 6
14 28
14 29
15 31
15 7
32 64
32 16
33 64
34 65
35 65
35 17
36 66
36 18
37 66
38 67
39 67
39 19
40 68
40 20
41 68
42 69
42 21
43 69
44 70
45 70
45 22
46 71
47 71
47 23
48 72
48 24
49 72
50 73
51 73
51 25
52 74
52 26
53 74
54 75
54 27
55 75
56 76
56 28
57 76
58 77
59 77
59 29
60 78
60 30
61 78
62 79
63 79
63 31
80 65
80 64
80 88
81 66
81 67
81 88
82 69
82 68
82 89
83 89
83 70
83 71
84 90
84 73
85 90
85 74
85 75
86 91
86 76
87 91
87 78
87 79
92 89
92 88
93 90
93 91