0 1 2 3 4 5 8 10 11 13 15 19 23 43 44 45 46 47 48 52 53 54 61 62 63 68 73 74 77 80 85 87 88 89 91 92 93 25 58 60 28 27 83 35 36 31 34 37 22 40 82 21 90 49 26 9 55 84 65 59 72 94 6 7 67 12 14 16 76 17 86 20 32 29 42 39 30 50 56 96 57 81 66 51 33 78 64 95 38 24 98 75 41 71 99 69 18 70 79 97
0 27
0 26
0 25
1 30
1 28
1 29
2 33
2 32
2 31
3 34
3 35
3 36
4 37
4 39
4 38
5 42
5 40
5 41
8 50
8 49
8 51
10 55
10 57
10 56
11 60
11 58
11 59
13 65
13 64
15 71
15 72
19 83
19 82
19 84
23 94
23 95
23 96
43 6
43 31
44 6
45 6
46 7
46 65
47 7
47 76
47 29
48 7
52 9
53 9
53 35
54 9
61 12
62 12
63 12
63 69
68 14
73 16
73 86
74 16
77 17
77 50
80 90
80 18
85 20
87 20
88 21
89 21
89 84
91 22
91 67
92 22
93 22
93 99
93 40
60 28
27 83
83 35
36 31
34 37
21 90
72 32
94 99
67 14
14 69
16 75
76 17
17 78
86 20
86 57
29 42
56 95
81 18
81 70
66 33
24 98
24 97
24 99
41 71
18 79