32 33 34 37 38 41 42 45 46 49 50 53 54 57 58 61 62 65 66 69 70 73 74 77 78 81 82 85 86 89 90 93 94 0 2 4 6 8 10 12 14 16 18 20 21 76 22 25 83 24 27 87 26 29 91 92 30 28 39 3 11 55 5 40 15 59 13 60 23 80
32 4
32 29
32 27
32 18
33 0
34 0
37 39
38 40
38 2
41 4
42 4
45 6
46 6
49 8
50 8
53 55
53 10
54 10
57 59
57 12
58 60
58 12
61 14
62 14
65 16
66 16
69 18
70 18
73 20
74 76
77 22
78 80
81 83
82 24
85 26
86 26
89 91
89 28
90 92
90 28
93 30
94 30
0 6
2 5
6 30
6 24
8 3
8 15
10 25
10 28
10 20
12 30
12 28
14 21
14 15
16 3
16 23
21 5
21 76
21 26
22 13
22 15
25 83
27 87
29 91
39 3
11 55
59 13
23 80