0 1 2 3 4 5 6 8 11 12 14 16 18 19 25 26 28 29 31 32 34 36 37 38 39 43 44 61 9 56 20 84 47 58 59 60 10 17 65 66 85 48 68 71 76 35 83 46 78 41 74 89 52 75 70 23 79 42 80 81 92 24 93 94 95 97 99 13 21 50 55 7 54 33
0 20
0 75
0 10
0 66
0 76
0 71
0 85
0 70
0 59
0 60
1 93
1 92
1 97
1 94
1 99
1 95
2 56
2 24
2 92
3 20
4 47
4 7
4 46
4 23
5 7
5 58
5 41
6 55
6 46
8 35
8 33
11 20
12 17
12 54
14 21
14 65
16 13
16 66
18 48
18 35
19 46
19 68
25 50
26 35
28 46
29 41
31 42
31 74
32 52
34 50
36 9
36 33
37 48
38 23
39 42
43 23
43 42
43 80
44 55
44 52
44 81
61 9
20 24
84 47
10 17
17 33
83 46
78 41
89 52
79 42
42 54
13 21
21 50