0 2 4 6 8 10 12 15 17 19 21 23 25 27 29 31 33 35 37 39 41 43 51 53 55 57 59 61 63 65 67 1 3 5 7 9 11 13 14 16 18 20 22 24 26 28 45 44 42 40 38 36 34 32 50 52 69 68 66 64 62 60 58 56 54 30
0 1
0 69
2 3
2 1
4 3
4 5
6 5
6 7
8 9
8 7
10 11
10 9
12 11
12 13
15 45
15 50
15 16
15 14
17 18
17 16
19 18
19 20
21 22
21 20
23 24
23 22
25 24
25 26
27 26
27 28
29 28
29 30
31 32
31 30
33 34
33 32
35 36
35 34
37 38
37 36
39 40
39 38
41 40
43 42
43 44
51 50
51 52
53 54
53 52
55 56
55 54
57 56
57 58
59 60
59 58
61 60
63 64
63 62
65 66
65 64
67 66
67 68
13 14
45 44
69 68