1 3 5 7 8 13 14 17 19 21 23 24 26 30 32 34 35 36 38 39 41 44 46 47 51 54 55 58 60 63 64 65 67 69 72 75 2 4 6 18 10 12 16 20 22 25 28 29 33 37 40 43 48 50 42 45 52 57 56 61 70 76 71 59 11 31 68 27 73 62
1 2
3 18
3 2
3 4
5 6
7 6
7 11
8 12
8 10
8 6
13 12
14 10
17 71
17 18
19 16
19 20
21 22
21 20
23 22
23 25
24 25
26 28
30 22
30 29
30 31
32 27
32 29
32 33
34 33
35 33
36 37
36 33
38 37
38 40
39 42
39 40
41 43
44 43
46 50
46 43
47 48
47 45
51 52
54 56
54 31
55 57
58 61
58 57
58 59
60 61
60 73
63 76
64 76
65 68
67 70
69 70
72 71
75 59
4 6
16 11
25 28
48 50
50 52
42 45
57 56
70 76
76 62
76 68
73 62