0 2 6 8 10 12 14 16 18 20 22 24 25 27 31 33 35 37 39 41 43 45 47 50 52 56 58 60 62 64 66 68 70 72 74 75 77 81 83 85 87 89 91 93 95 97 99 1 5 7 9 4 13 15 17 21 23 49 48 30 32 26 46 44 38 40 73 55 57 51 71 69 63 65 98 80 82 76 96 94 88 90 3 11 19 34 29 42 28 36 59 54 67 53 61 84 79 92 78 86
0 1
0 5
0 4
2 1
2 9
2 3
6 5
6 23
6 7
8 7
8 21
10 9
10 19
10 11
12 13
12 17
12 11
14 5
14 15
16 15
18 17
18 49
20 21
22 23
24 23
25 30
25 26
25 29
27 26
27 34
27 28
31 48
31 30
31 32
33 46
33 32
35 44
35 34
35 36
37 38
37 42
37 36
39 30
39 40
41 40
43 44
45 46
47 48
50 55
50 51
50 54
52 51
52 59
52 53
56 73
56 55
56 57
58 71
58 57
60 69
60 59
60 61
62 63
62 67
62 61
64 55
64 65
66 65
68 69
70 71
72 73
74 40
74 73
75 80
75 76
75 79
77 76
77 84
77 78
81 98
81 80
81 82
83 96
83 82
85 94
85 84
85 86
87 88
87 92
87 86
89 80
89 90
91 90
93 94
95 96
97 98
99 65
99 98
49 48