0 2 4 6 8 10 12 14 16 18 20 22 26 28 30 32 34 36 39 44 46 48 50 53 55 57 59 61 65 69 71 73 76 1 3 63 21 70 7 75 11 15 19 25 27 29 33 35 38 43 47 49 52 56 64 68 51 74 5 54 62 77 17 23 37 31 58 9 41 45 24 67 13 42 60 66 72
0 1
0 15
0 49
0 35
2 1
4 3
4 5
6 7
6 5
8 7
8 52
8 9
10 11
10 9
12 11
14 15
14 13
16 15
18 19
18 17
20 19
20 9
22 23
22 38
22 21
22 42
26 27
26 25
26 60
28 27
28 29
28 37
30 31
32 31
32 33
34 33
34 35
36 56
36 35
39 38
44 45
44 43
46 45
46 47
48 49
48 47
50 51
50 75
53 54
55 56
55 54
57 58
59 64
59 60
61 60
61 62
65 51
65 66
69 68
69 70
69 74
71 70
73 72
73 74
76 77
63 21
21 41
21 77
70 7
75 74
25 38
27 33
68 77
51 58
23 24
67 66