0 2 3 4 6 9 10 13 17 21 22 23 24 25 27 29 32 34 36 41 42 45 47 49 50 51 56 58 60 64 70 84 97 98 99 57 37 53 69 55 66 78 95 1 68 65 26 87 86 38 5 48 88 59 62 52 54 75 71 85 80 82 20 92 43 35 90 91 31 30 94 39 96 7 18 73 8 33 14 63 76 40 16 93 81 74 89 77 44
0 78
0 68
2 90
2 92
2 30
2 5
3 18
3 7
3 8
4 69
6 7
6 66
6 33
6 20
6 73
9 95
10 92
13 68
17 65
21 26
21 59
21 43
21 92
22 48
22 40
23 52
23 86
24 1
24 65
25 82
25 78
27 38
27 62
29 39
29 5
32 77
32 95
34 1
34 71
36 48
36 81
36 75
41 88
42 94
42 44
45 59
47 62
47 8
49 52
50 95
50 78
51 91
51 26
51 69
56 14
56 54
58 75
60 75
64 26
64 73
70 85
84 87
84 86
84 53
84 5
97 90
98 82
98 63
98 43
99 89
57 37
57 53
57 85
55 87
66 1
95 88
1 54
65 94
85 93
85 16
85 40
80 33
43 35
91 31
39 96
76 93
81 74
74 89