0 2 4 6 8 9 13 15 18 20 22 23 24 30 31 32 34 35 36 39 40 44 47 48 50 51 52 54 59 61 63 65 67 70 72 74 75 77 78 79 80 82 85 86 87 88 91 93 97 1 3 14 5 16 27 28 10 11 25 33 41 43 46 56 57 58 69 49 45 60 71 84 64 62 53 66 76 98 89 68 81 83 94 92 38 55 21
0 1
0 10
2 1
2 3
4 3
4 14
6 5
8 27
9 28
9 38
13 3
15 14
15 25
15 16
18 27
20 10
20 21
22 11
22 21
23 14
24 25
24 33
30 41
31 41
32 33
32 41
34 43
35 25
35 46
36 27
39 49
40 41
44 45
44 53
47 38
47 56
48 57
48 58
50 41
50 60
51 41
52 41
52 43
54 55
54 64
59 49
59 69
61 62
63 53
65 66
67 98
67 56
67 57
67 66
67 68
70 71
72 71
72 84
74 84
74 64
75 76
77 76
78 89
79 68
80 81
80 71
82 81
82 83
85 94
86 76
87 98
88 89
88 98
91 92
93 94
93 83
97 98
14 5
16 27
46 45
58 69
60 71
71 62
66 76
66 55
83 92