0 1 2 3 4 6 8 9 10 12 17 18 19 20 21 22 23 29 30 34 37 39 43 46 40 31 83 47 60 13 15 55 7 54 56 67 26 59 74 36 76 38 63 64 71 32 73 75 77 79 82 86 87 90 51 11 92 50 91 94 99 16 14 35 24 44 28 42 49
0 40
0 67
0 76
0 77
0 73
0 74
0 55
0 71
0 59
0 64
0 54
1 31
1 51
1 86
1 90
1 92
2 47
2 16
3 15
3 87
4 7
6 11
6 7
6 32
8 50
8 56
9 13
9 15
9 91
10 26
10 24
10 13
10 50
12 14
12 94
17 36
17 16
17 14
17 99
18 7
19 38
20 40
21 35
21 42
21 63
22 38
23 49
29 31
30 32
34 42
37 49
37 75
39 44
43 49
43 38
43 79
46 50
46 35
46 82
40 31
83 47
60 13
13 14
7 24
7 44
76 38
51 11
44 28