0 2 4 6 9 11 13 15 17 19 21 23 25 27 29 31 33 35 37 39 41 43 45 47 49 51 53 55 57 59 61 63 65 67 69 71 73 75 78 80 83 85 87 89 91 93 95 97 99 1 3 8 7 10 12 14 16 64 62 60 20 22 5 68 70 26 30 28 32 34 36 40 42 92 90 46 50 52 54 58 72 77 76 82 81 84 88 94 98 24 18 66 38 79 86 56 74 96 44 48
0 1
0 8
2 1
4 5
4 3
4 88
6 64
6 7
9 8
11 10
11 12
13 14
13 12
15 16
15 14
17 16
19 20
21 20
21 22
23 24
23 18
23 22
25 26
27 26
27 28
29 28
31 1
31 32
31 30
33 34
33 32
35 36
35 34
37 38
37 36
39 38
41 40
41 82
41 42
43 42
45 44
45 90
47 46
47 48
49 50
49 48
51 42
51 52
51 50
53 52
53 54
55 56
55 54
57 58
57 56
59 58
61 72
61 62
61 60
63 64
63 62
65 66
67 68
67 77
69 70
69 68
71 70
71 72
71 26
73 72
75 74
75 76
78 77
80 81
80 79
83 82
83 84
85 84
85 86
87 88
89 90
89 88
91 92
91 90
93 92
93 94
95 96
95 94
97 96
99 98
99 72
8 7
10 92
60 20
60 66
32 84
90 50
77 76
82 81