32 33 34 37 38 41 42 45 46 49 50 53 54 57 58 61 62 65 66 69 70 73 74 77 78 81 82 85 86 89 90 93 94 0 2 4 5 44 6 8 10 12 14 16 18 20 22 24 26 28 30 43 13 59 60 35 1 27 88 21 15 64 51 9 7
32 8
33 35
33 0
34 0
37 2
38 2
41 43
42 44
42 4
45 6
46 6
49 8
50 8
53 10
54 10
57 59
57 12
58 60
58 12
61 14
62 64
62 14
65 16
66 16
69 18
70 18
73 20
74 20
77 22
78 22
81 24
82 24
85 26
86 88
89 28
90 28
93 30
94 30
0 18
0 13
2 27
4 28
4 10
5 44
5 43
5 14
6 26
8 22
8 28
8 21
8 7
12 20
12 27
14 30
16 13
18 21
20 9
20 24
26 7
13 59
35 1
27 88
15 64
51 9