1 2 3 4 6 7 8 10 11 16 17 19 24 25 26 27 40 41 42 52 54 61 66 67 68 70 71 72 79 80 88 90 91 92 95 30 58 59 33 75 73 36 39 96 43 47 28 83 51 56 84 78 60 99 74 13 65 0 29 9 53 5 62 12 14 15 89 21 23 31 55 86 35 32 97 98 38 18 81 48 57 45 49 34 77 63 50 20 85 22 37 69 44 76 64 93 46 94 87
1 30
1 28
1 29
2 31
2 32
2 33
3 35
3 34
3 36
4 39
4 37
4 38
6 43
6 45
6 44
7 48
7 46
7 47
8 50
8 51
8 49
10 57
10 55
10 56
11 59
11 58
11 60
16 75
16 74
16 73
17 76
17 78
17 77
19 83
19 84
24 97
24 98
24 99
25 0
25 74
25 57
26 0
26 94
27 0
40 65
40 5
41 5
42 5
52 9
54 9
54 29
61 12
61 36
66 13
66 59
66 69
67 14
68 14
70 15
71 15
71 77
72 15
72 75
79 18
79 77
80 18
88 21
90 99
90 62
90 21
91 22
92 22
92 74
95 23
30 58
73 36
96 23
43 81
83 99
60 99
74 46
13 64
13 65
9 53
62 12
12 63
14 69
89 21
23 94
86 20
86 35
35 49
32 97
98 38
18 81
20 87
20 85
22 93