0 2 4 7 9 12 14 16 19 21 23 26 28 30 32 34 36 38 42 44 49 51 54 56 59 67 70 72 76 79 88 90 95 1 3 78 8 39 48 43 24 25 17 18 50 35 85 22 68 27 33 31 65 69 66 73 37 89 52 20 10 55 13 15 61 53 99 98 6 60 46 91 29 97 11 74 63 81 71 94 41 40 77 64 80 84 83 86 62 57 58
0 1
2 3
2 1
4 3
7 6
9 74
9 10
9 39
12 97
14 18
16 15
19 64
19 85
21 20
21 22
23 22
26 68
28 27
30 31
30 62
32 33
32 55
32 31
34 15
34 46
36 35
38 65
38 86
42 43
44 53
49 50
51 52
54 55
56 55
56 3
59 66
67 68
67 41
70 85
72 98
76 37
76 77
79 13
79 50
79 35
88 78
88 89
88 8
90 91
95 37
95 91
95 29
3 52
78 50
78 77
48 68
43 65
43 24
24 25
25 22
25 17
17 18
35 80
35 85
85 6
68 33
68 27
68 69
31 11
65 37
69 66
66 99
73 84
37 46
52 20
20 10
10 60
61 53
53 57
53 86
99 98
60 71
91 83
29 97
74 63
63 81
94 41
41 40
84 83
57 58