0 1 2 3 6 9 10 11 13 15 19 20 22 26 39 46 51 57 62 67 84 93 44 61 18 70 40 90 68 29 74 45 7 16 14 63 88 41 83 42 36 95 82 87 78 91 56 28 33 34 59 48 96 76 77 25 49 37 73 98 94 52 58 66 89 72 8 50 47 38 85 86 32 27 4 17
0 44
1 18
1 58
1 25
2 76
2 40
3 45
6 74
9 73
10 14
10 98
11 88
13 41
15 47
19 83
20 52
20 61
22 95
26 82
26 37
26 7
39 29
39 74
39 42
46 56
51 34
51 85
57 59
62 96
67 89
84 89
84 77
93 87
44 61
44 90
18 87
18 48
18 77
70 40
70 72
90 68
68 29
68 28
68 14
74 49
45 16
7 16
63 4
63 59
88 8
88 95
41 4
41 32
83 59
42 66
42 36
36 95
82 17
87 78
78 91
78 94
91 56
56 38
33 34
34 27
34 58
48 96
77 17
37 73
58 66
72 8
50 47
47 86
47 17
32 27