0 35 36 37 38 41 42 45 46 49 50 53 54 57 58 61 62 65 66 69 70 73 74 77 78 81 82 85 86 89 90 93 94 97 98 33 34 2 32 4 6 8 10 12 14 16 19 71 18 20 22 24 27 87 88 28 30 1 5 44 11 56 15 63 26 39 3 29 91 92 9 51 47 7 31 95 96
0 12
35 33
35 1
36 34
36 1
37 2
37 39
38 2
41 4
42 44
42 4
45 47
45 6
46 6
49 51
49 8
50 8
53 10
54 56
54 10
57 12
58 12
61 63
62 14
65 16
66 16
69 71
70 18
73 20
74 20
77 22
78 22
81 24
82 24
85 87
86 88
86 26
89 91
89 28
90 92
90 28
93 95
93 30
94 96
97 32
98 32
2 19
2 29
32 4
32 10
32 22
4 9
4 18
6 24
10 11
12 5
14 22
16 31
19 22
19 31
19 71
18 7
20 28
27 88
27 87
28 1
30 15
30 26
5 44
15 63
39 3
29 92
9 51
47 7
31 95
31 96