0 1 2 3 4 6 8 9 10 12 14 16 22 24 25 27 28 29 30 34 39 41 42 47 49 50 51 52 55 57 66 79 82 84 89 93 33 68 26 46 5 92 17 80 69 31 60 21 87 91 15 54 76 48 64 88 11 67 43 74 23 75 70 59 45 81 37 73 7 97 32 40 77 56 90 95 20 44 53 71 62 72 99 58 83 85 96 61 65 36 13 86
0 93
1 5
2 71
2 17
2 95
3 31
4 26
4 46
4 92
4 85
6 33
6 87
8 37
8 60
9 13
10 21
12 92
12 53
12 17
14 15
16 76
16 23
22 40
22 64
24 68
25 46
27 11
27 62
27 60
27 97
28 61
28 43
29 77
30 23
30 74
30 81
34 45
34 65
34 86
39 74
39 56
39 5
41 58
41 67
41 70
41 53
42 72
42 26
47 23
49 75
50 70
51 17
52 43
55 69
57 92
66 48
79 45
82 83
82 90
84 75
84 46
89 37
93 21
93 33
93 80
68 26
46 77
92 20
92 59
80 69
80 48
80 36
31 60
87 91
91 15
91 75
54 76
48 64
88 11
88 58
67 43
43 74
59 45
73 97
73 7
7 90
32 40
90 44
72 99
58 13
85 96