0 1 2 3 5 6 7 11 13 14 15 19 24 30 34 38 41 43 44 52 53 61 66 69 77 80 83 93 9 31 67 10 92 8 51 94 17 45 49 64 75 99 54 89 32 47 95 72 29 68 84 21 63 87 58 85 25 27 36 76 35 28 56 90 98 62 65 42 16 37 82 40 12 74 23 81
0 8
0 10
1 63
1 87
2 92
2 27
3 8
3 68
5 16
6 89
7 17
7 40
11 45
11 76
13 89
14 32
14 28
14 74
14 84
15 47
19 10
19 94
19 49
24 17
30 72
34 95
34 65
34 72
38 29
38 56
41 89
43 63
44 32
44 35
52 42
52 84
53 90
53 25
61 29
66 64
66 75
66 12
66 37
69 94
77 54
80 17
80 32
80 21
83 68
93 51
9 85
9 31
31 67
31 58
31 63
92 51
92 17
51 47
45 95
45 84
49 64
64 85
75 36
75 82
75 99
99 54
99 98
54 89
63 23
58 25
25 81
28 56
62 65
16 37
82 40