32 33 34 37 38 41 42 45 46 49 50 53 54 57 58 61 62 65 66 69 70 73 74 77 78 81 82 85 86 89 90 93 94 0 2 4 6 8 10 12 14 17 67 16 18 20 23 79 80 24 26 28 30 36 1 3 22 39 40 31 95 48 7 21 51 9 52 55 11 76 29 60 13 15
32 20
33 0
34 36
37 2
37 39
38 40
41 4
42 4
45 6
46 48
46 6
49 51
49 8
50 8
53 55
53 10
54 10
57 12
58 60
58 12
61 14
62 14
65 67
66 16
69 18
70 18
73 20
74 20
77 79
78 80
81 24
82 24
85 26
86 26
89 28
90 28
93 95
93 30
94 30
0 20
0 17
0 4
4 6
4 31
8 3
8 21
10 21
12 29
12 3
14 23
14 18
17 67
16 15
16 21
18 13
20 1
20 11
23 80
23 79
24 15
26 9
26 22
26 28
36 1
3 39
3 40
31 95
48 7
21 76
51 9
9 52
55 11
60 13