0 1 2 34 4 36 6 7 66 10 12 17 23 27 29 73 65 20 28 62 43 50 94 58 83 76 61 37 3 48 57 63 47 56 59 89 90 51 53 98 21 92 38 52 68 78 45 67 82 72 95 14 13 46 25 60 80 91 84
0 29
1 57
1 63
2 28
34 45
4 53
36 56
36 62
36 98
6 83
6 82
7 76
7 92
7 45
7 82
66 46
66 50
66 37
10 76
12 61
12 78
12 91
17 84
17 37
23 90
27 68
27 14
29 62
29 73
29 94
29 3
73 65
20 28
28 90
28 38
62 43
62 95
43 76
50 21
50 60
58 83
83 57
76 25
61 80
37 38
48 78
57 59
63 47
59 89
51 14
51 13
53 21
53 52
53 72
21 92
52 68
45 67
60 91