0 1 2 3 4 5 6 8 9 11 12 13 14 15 16 17 19 22 23 24 31 32 34 36 37 38 42 43 48 50 52 59 62 63 70 74 7 71 46 90 28 73 55 76 78 57 21 99 41 80 88 26 82 89 27 69 51 86 87 93 98 67 61 97 65 60 56 47 45 68 25 44 39 53 64 10 49
0 57
0 55
0 61
0 87
0 76
0 88
0 98
0 93
0 74
0 70
0 89
0 97
0 99
0 78
1 39
1 45
2 7
3 47
3 71
4 46
5 28
6 68
6 73
8 10
8 55
9 25
9 76
11 67
12 21
13 53
13 41
14 21
14 56
15 44
15 80
16 26
17 64
17 82
19 27
19 46
19 69
19 28
22 51
23 53
23 86
24 45
31 7
32 39
34 67
36 49
37 10
38 67
38 49
38 98
42 55
43 51
48 60
50 21
52 46
59 41
62 56
62 65
63 47
63 53
7 46
46 25
46 45
90 28
28 41
57 21
26 65
27 44
69 51
65 60
47 64
45 68