2 3 4 5 7 8 9 15 22 23 26 27 35 37 39 40 47 62 63 64 75 80 87 96 1 46 13 29 19 31 36 65 48 83 81 85 73 0 56 97 69 78 54 74 67 44 53 24 84 77 92 91 49 43 59 93 25 33 42 6 82 95 70 55 51 10 45 34 12
2 1
3 13
4 36
4 43
4 29
5 48
7 25
7 70
8 82
8 31
9 33
15 45
22 67
23 48
26 85
26 51
27 31
35 65
37 24
39 77
39 97
40 46
47 53
47 78
62 19
63 92
64 49
75 67
80 44
87 48
87 6
96 83
96 12
1 19
46 83
46 13
46 29
46 69
29 93
29 42
19 65
31 44
36 24
65 74
48 91
48 74
83 81
81 55
81 85
73 0
73 54
56 97
97 25
69 78
78 10
54 93
67 53
67 92
44 59
84 93
84 77
91 42
91 49
43 59
93 33
6 95
51 34
10 45