0 2 4 5 6 10 13 14 15 17 21 23 28 29 30 34 35 36 46 47 48 49 50 51 52 59 60 63 74 75 79 81 83 85 87 92 93 97 98 99 25 77 33 39 27 96 95 41 45 76 57 65 69 44 71 26 24 88 61 1 55 3 84 78 37 80 7 8 19 82 11 18 91 22 32 31 89 40 16 38 9 54 53 73 62 12 56 72 94 64 68 42 90 86 20 66 70 67 58
0 27
0 26
0 25
2 33
2 32
2 31
4 37
4 39
4 38
5 40
5 42
5 41
6 44
6 45
10 55
10 57
10 56
13 64
13 65
13 66
14 69
14 68
14 67
15 71
15 72
15 70
17 77
17 78
17 76
21 90
21 88
21 89
23 95
23 96
23 94
28 1
28 67
29 1
30 1
30 55
34 3
35 3
36 3
36 62
46 7
47 7
48 7
48 56
49 8
50 8
51 8
51 53
52 9
52 77
59 11
60 11
60 82
63 12
63 72
63 80
74 16
75 16
75 33
79 62
81 18
83 19
85 20
87 20
87 76
92 22
92 88
93 22
97 24
97 26
98 24
98 88
99 24
99 80
99 61
25 39
27 96
95 84
95 41
45 65
76 57
44 71
71 55
84 19
37 32
80 18
19 82
11 58
91 22
16 73
9 54
9 53
62 12
86 20