1 2 3 97 34 6 40 12 13 14 18 22 88 89 58 27 61 43 78 35 95 26 7 50 47 15 41 86 60 36 51 31 28 29 77 8 64 30 33 76 85 68 4 73 79 20 57 10 16 54 75 48 24 66 80 25 44 65 90 92 38 67 74 55 91 23 72 17 5 83 94 21
1 78
2 33
2 43
3 26
3 76
97 8
34 47
6 10
6 4
6 20
6 55
40 41
40 25
12 95
12 29
12 91
13 57
13 60
13 38
14 80
14 21
14 10
18 75
22 95
22 94
88 28
89 31
89 83
89 48
58 77
58 65
27 64
27 66
27 28
61 31
43 50
78 35
35 95
35 79
26 44
7 30
7 36
47 80
15 60
86 60
36 51
36 68
36 24
51 31
31 28
28 65
29 77
29 74
8 64
64 25
30 67
33 76
76 4
85 68
73 79
20 57
10 66
16 54
54 24
54 75
75 90
92 38
23 5
23 72
72 17
5 83