0 2 3 5 9 12 15 16 24 26 27 29 36 38 40 45 48 49 52 56 57 59 61 65 67 69 73 74 75 77 79 82 83 87 88 89 92 93 95 7 8 4 11 10 6 13 20 21 22 17 31 33 30 32 39 46 47 34 41 50 51 54 58 63 60 64 68 62 98 94 90 86 81 76 37 44 96 91 84 80 14 35 28 53
0 7
0 6
2 8
2 7
3 4
5 10
9 8
9 4
9 14
12 13
12 6
15 21
15 20
16 17
24 31
24 30
26 13
26 31
26 33
26 32
27 33
29 34
29 35
29 22
29 50
29 51
36 37
36 30
38 32
38 39
40 46
45 46
48 47
49 54
52 41
56 63
56 53
56 50
57 58
59 60
61 62
61 64
61 60
65 68
67 64
69 68
73 76
74 98
75 58
77 76
77 81
79 80
82 81
82 86
83 84
83 80
87 91
87 84
88 80
89 90
92 91
93 90
93 94
95 44
95 96
4 11
11 10
20 14
21 22
22 17
39 46
46 47
34 41
51 54
54 58
63 60
64 68
62 98
98 94
90 86
37 44
96 91
35 28