0 2 4 6 8 10 12 14 16 18 20 22 24 26 28 30 32 34 36 38 40 42 44 46 48 50 52 54 57 89 91 93 95 97 1 3 5 58 27 29 56 33 88 90 92 99 98 96 7 9 11 13 15 17 19 21 23 25 31 35 37 39 41 43 45 47 49 51 53 94
0 1
2 1
2 3
4 3
4 5
4 58
6 5
6 7
8 7
8 9
10 9
10 11
12 11
12 13
14 13
14 15
16 15
16 17
18 17
18 19
20 19
20 21
22 21
22 23
24 23
24 25
26 25
26 27
28 27
28 29
30 29
30 31
32 33
32 31
34 33
34 35
36 35
36 37
38 37
38 39
40 39
40 41
42 41
42 43
44 43
44 45
46 45
46 47
48 47
48 49
50 49
50 51
52 51
52 53
54 53
57 58
57 56
57 88
89 90
89 99
89 88
91 90
91 92
93 92
93 94
95 96
95 94
97 98
97 96