0 1 2 3 4 5 6 7 8 10 11 12 14 16 17 19 20 21 22 24 26 30 37 38 41 43 46 49 50 51 52 54 55 56 63 65 69 73 78 93 94 97 75 28 45 40 61 66 85 48 39 35 62 34 59 79 44 13 29 77 84 88 83 98 80 68 32 92 60 90 91 70 99 96 81 64 33 42 27 86 67 82 89 57 36 53 9 23 58 76 31 87 25 95 71 18 74 15
0 33
0 75
1 34
1 59
2 62
2 35
3 13
3 29
4 64
5 9
5 23
6 18
6 71
7 80
7 68
8 32
8 68
10 42
10 27
11 66
11 85
12 53
12 36
14 61
14 40
16 79
16 44
17 29
17 77
19 83
19 98
20 28
20 45
21 96
21 81
22 87
22 25
24 35
24 39
26 76
26 31
30 33
30 42
37 96
37 99
38 57
38 89
41 95
41 71
43 70
43 99
46 48
46 85
49 91
49 90
50 58
50 23
51 83
51 88
52 60
52 92
54 74
54 18
55 86
55 27
56 82
56 67
63 57
63 36
65 88
65 84
69 60
69 90
73 64
73 81
78 15
93 61
93 66
94 77
94 84
97 91
97 70
75 28
45 40
48 39
62 34
59 79
44 13
98 80
32 92
86 67
82 89
53 9
58 76
31 87
25 95
74 15