49 16 45 37 36 88 96 1 85 29 27 56 10 50 48 79 90 11 25 83 58 57 41 99 42 17 28 69 66 68 33 74 20 92 18 75 53 89 12 34 3 98 38 54 9 2 97 95 13 94 39 15 22 7 65 8 14 63 0 30 23 59 40 31 21 44 60 5 32 51 64 87 70 19 82 35 55 73 91 86 6 43 61 46 67 24
49 16
49 45
49 37
49 88
49 9
49 97
49 5
16 2
45 36
45 39
37 65
37 32
37 24
36 15
88 96
88 48
88 68
88 20
88 53
96 1
96 79
96 42
96 8
1 85
1 29
1 50
1 83
1 57
1 33
1 75
85 56
85 90
85 87
29 27
29 10
29 69
29 66
29 74
29 6
27 11
27 55
56 28
10 25
10 58
10 59
10 40
50 38
48 46
79 41
79 99
90 67
83 54
57 17
57 35
41 14
99 51
42 19
17 0
28 63
69 98
33 82
20 92
92 18
92 70
18 22
53 89
53 12
12 34
34 3
34 91
98 31
2 94
97 95
97 44
95 13
95 21
95 60
94 43
22 7
8 23
8 73
63 30
0 86
51 64
43 61