79 4 96 16 11 1 75 40 69 36 32 13 31 72 8 24 74 67 71 57 86 64 70 15 48 94 45 0 83 25 95 77 52 42 7 91 10 43 58 80 54 61 84 37 88 53 17 41 78 49 92 12 93 65 19 63 76 38 2 98 3 85 21 62 90 55 22 99 26 29
79 4
4 96
4 16
4 11
11 1
11 75
75 40
75 72
40 69
69 36
69 32
36 13
32 31
72 8
72 64
72 0
72 43
72 3
8 24
24 74
24 71
74 67
74 57
74 86
74 45
67 84
67 98
57 70
57 15
57 48
57 77
57 10
57 12
70 94
15 49
48 42
48 80
94 52
94 37
45 83
45 25
45 95
45 90
0 85
95 17
77 41
77 76
77 62
52 7
52 88
42 26
7 91
10 58
80 54
80 65
80 29
54 61
61 93
61 2
84 53
37 78
37 63
53 55
53 22
41 99
78 19
49 92
93 38
63 21