65 50 12 97 37 46 16 7 18 51 61 0 98 66 29 4 26 74 84 75 62 86 30 33 88 52 19 92 59 56 2 24 21 35 72 44 63 68 6 82 70 9 93 8 42 22 10 94 28 81 27 5 85 71 78 23 48 69 39 47 67 40 73 49 99 34 3 45 14 17 83 53 13 57 32 11 90 58
65 50
65 97
50 12
97 37
97 46
97 7
37 16
37 51
46 18
7 47
18 61
18 0
18 88
18 56
18 10
61 4
0 98
0 62
0 2
0 21
98 66
98 29
66 22
66 40
29 26
29 86
26 74
26 33
74 84
74 75
74 30
74 42
75 52
75 53
62 24
86 70
86 67
52 19
52 63
52 68
19 92
19 59
19 72
19 9
19 71
92 17
59 35
59 44
56 78
56 69
2 94
35 45
35 90
72 82
72 8
72 32
44 6
63 14
63 83
68 93
68 85
68 57
9 27
8 28
8 81
8 11
42 23
42 34
10 48
28 5
85 13
23 99
23 3
48 39
39 73
47 49
90 58