95 96 97 94 93 92 82 81 70 69 71 64 72 76 73 74 63 65 77 62 66 75 61 67 78 60 68 12 11 80 79 35 36 37 85 89 34 33 38 39 40 41 42 84 88 83 90 91 86 43 56 46 47 48 49 50 51 52 53 54 55 57 58 59 87 32 31 0 30 44 29 28 45 27 1 2 3 4 5 6 26 25 24 23 22 7 8 9 21 20 19 18 10 17 16 15
95 96
95 97
95 94
94 93
94 92
92 82
82 81
81 70
70 69
70 71
69 64
71 72
64 63
64 65
72 76
72 73
76 77
73 74
74 75
63 62
65 66
77 78
62 61
66 67
61 60
61 80
67 68
60 35
68 12
12 11
80 79
35 36
35 34
36 37
37 85
37 38
85 89
89 56
34 33
33 32
38 39
38 84
39 40
39 83
40 41
40 90
41 42
42 43
84 88
84 87
83 86
90 91
91 0
43 44
56 46
56 47
56 48
56 49
56 50
56 51
56 52
56 53
56 54
56 55
56 57
56 58
56 59
32 31
31 30
0 45
0 1
30 29
29 28
28 27
27 26
1 2
2 3
3 4
4 5
5 6
6 7
26 25
25 24
24 23
23 22
22 21
7 8
8 9
9 10
21 20
20 19
19 18
18 17
17 16
16 15