8 49 50 51 71 83 15 19 82 98 84 64 60 94 61 55 76 24 13 65 40 12 62 5 32 66 41 67 17 77 78 14 63 99 23 10 93 57 11 47 56 7 22 97 59 58 92 68 90 96 95 52 69 91 70 48 30 46 85 35 2 31 42 9 72 21 89 45 88 18 80 79 0 26 87 27 29 25 74 81 6 3 36 53
8 49
8 50
8 51
49 71
49 83
71 15
83 19
83 98
83 64
83 60
15 70
15 72
19 82
19 84
19 18
19 0
82 94
98 24
84 76
84 67
84 63
64 61
64 13
60 55
60 93
60 11
94 23
94 52
61 40
61 12
61 32
55 10
55 47
76 17
24 99
24 97
13 65
13 66
40 5
12 62
5 41
5 42
32 2
67 14
17 77
17 78
78 90
14 68
14 69
63 45
99 29
23 96
23 95
10 57
10 56
93 22
93 30
11 59
11 58
47 7
47 85
47 35
7 48
7 46
22 92
22 91
90 21
95 87
52 9
70 74
35 3
2 31
9 53
21 89
21 88
45 6
18 80
18 79
18 81
0 26
0 27
0 25
3 36