2 1 0 15 49 35 75 25 41 63 21 26 27 28 38 24 23 33 60 29 37 22 39 34 32 59 61 31 16 14 70 36 48 43 5 47 62 50 71 56 40 69 68 51 74 11 7 77 76 12 3 4 58 73 64 10 65 44 13 42 8 72 6 20 9 17 55 67 46 45 19 52
2 1
2 3
1 0
1 62
1 71
1 77
0 15
0 49
0 35
0 75
0 25
0 41
0 63
0 70
15 16
15 14
15 43
15 5
15 47
49 48
49 64
35 36
75 50
75 74
75 11
75 76
25 26
25 38
25 24
41 40
41 42
63 21
21 6
21 20
21 9
26 27
26 60
27 28
27 33
28 29
28 37
38 22
38 39
24 23
33 34
33 32
60 59
60 61
32 31
16 17
14 13
70 69
70 7
36 56
48 67
43 44
47 46
50 51
56 55
69 68
51 58
51 65
74 73
11 12
11 10
7 8
3 4
73 72
44 45
8 52
20 19