2 1 0 31 8 9 7 3 4 5 88 87 89 67 6 86 64 63 90 50 68 69 70 77 76 71 78 66 75 72 61 73 74 62 60 26 99 98 25 27 33 20 21 34 65 59 79 24 23 28 32 22 19 18 29 97 58 80 35 81 36 84 57 96 85 37 51 91 42 45 92 10 93 52 49 41 40 43 82 44 53 83 11 94 46 47 48 39 30 17 54 12 95 38 16 15
2 1
1 0
1 31
0 8
0 3
8 9
8 7
3 4
4 5
4 88
5 67
5 6
88 87
88 89
87 86
89 90
67 68
67 77
67 66
6 64
64 63
90 50
90 91
90 45
50 51
50 49
68 69
69 70
70 71
77 76
77 78
76 75
71 72
71 26
78 79
66 65
75 74
72 61
72 73
72 99
72 33
61 62
61 60
60 20
60 34
60 59
26 25
26 27
99 98
98 97
25 24
27 28
33 32
20 21
20 19
21 22
34 35
59 58
79 80
24 23
23 18
28 29
32 84
18 17
29 30
97 96
58 57
80 81
35 36
36 37
84 85
37 38
51 42
51 52
91 92
42 41
42 43
45 44
45 46
92 10
92 93
10 11
93 94
52 53
41 40
41 82
40 39
82 83
53 54
11 12
94 95
46 47
47 48
17 16
16 15