30 1 28 29 34 32 2 38 92 22 31 33 93 91 82 46 7 48 47 87 96 43 20 98 81 18 86 25 19 84 27 23 26 79 50 0 99 71 6 8 80 15 24 85 49 70 72 44 97 73 95 56 69 14 51 45 94 88 21 89 60 68 39 10 75 59 52 55 61 16 62 11 74 90 67 37 35 36 57 42 9 53
30 1
1 28
1 29
28 34
29 32
29 38
32 2
32 92
2 31
2 33
92 22
92 82
92 46
92 96
22 93
22 91
93 43
93 98
93 81
91 87
91 25
91 27
82 19
82 26
82 75
46 7
7 48
7 47
87 20
96 23
43 6
43 95
20 86
81 18
81 50
81 99
81 71
81 85
18 79
18 80
86 59
25 0
25 39
19 84
27 52
23 94
79 69
50 8
50 73
50 60
99 24
71 15
6 44
6 45
8 49
8 51
80 56
80 88
15 70
15 72
24 97
85 55
49 89
49 61
70 62
97 37
73 16
56 10
69 14
69 42
14 68
14 67
51 35
45 36
88 21
21 90
60 11
10 57
52 9
16 74
9 53