29 40 30 77 35 2 5 12 19 36 1 65 62 63 64 59 71 66 69 61 68 57 58 54 56 60 55 53 70 50 74 52 51 73 6 67 44 76 0 72 8 78 75 11 48 47 23 4 13 7 9 3 28 15 10 34 79 32 17 26 22 18 37 14 16 21 31 25 46 49 43
29 40
29 30
30 77
30 35
30 19
30 34
77 2
35 36
2 5
2 1
5 12
5 4
5 13
12 65
12 11
12 7
19 14
36 37
1 26
65 62
65 71
62 63
62 64
62 59
63 68
59 57
59 58
71 66
71 69
71 72
69 61
69 22
57 70
58 54
58 56
54 60
54 55
56 53
56 73
60 67
55 50
55 6
53 74
53 52
70 76
50 51
52 44
51 75
6 0
6 8
6 9
67 78
44 43
76 23
0 3
0 17
72 48
78 79
78 32
75 15
48 47
47 46
23 21
23 25
13 28
15 10
79 18
32 31
14 16
46 49