67 53 64 86 72 51 21 27 71 84 82 28 16 41 54 44 38 73 62 47 2 29 12 80 66 35 55 31 78 34 18 7 99 48 11 60 68 61 76 19 52 1 8 74 46 70 20 97 58 77 59 94 14 65 45 83 15 17 32 42 88 4 6 49 91 56 63 98 89 0 13 39 36 5 79 90 69 22 9 96 92 3 30 50 87 40 81 93 37 43 24 23
67 53
67 64
67 15
67 42
67 4
67 56
53 17
64 86
64 72
64 82
64 49
86 21
86 84
72 51
72 97
21 27
21 71
21 89
27 6
71 98
82 28
82 41
82 44
82 38
28 16
28 54
16 80
41 7
54 73
54 35
54 59
44 29
44 12
38 34
38 46
38 77
73 62
73 47
62 55
47 2
2 66
2 3
29 36
12 48
12 70
12 22
80 78
80 68
66 20
55 31
31 11
34 18
34 99
18 19
18 1
18 8
7 79
99 61
99 87
48 69
11 60
68 5
61 76
19 52
52 50
1 65
8 74
8 58
8 30
46 94
70 96
20 13
97 45
97 83
97 88
59 9
94 14
14 90
65 40
65 23
45 81
15 32
15 39
17 43
4 92
6 63
49 91
49 0
39 37
79 93
9 24