11 58 59 29 60 1 28 30 86 20 47 7 38 61 12 46 85 42 5 63 62 87 32 4 77 17 76 78 37 39 64 97 24 98 13 95 34 66 99 44 93 74 65 55 52 6 43 2 57 48 92 80 22 88 40 10 56 91 72 23 31 41 45 16 3 9 73 81 67 53 21 68 25 90 94 84 15 26 0 54 75 18 14 79 82 51 33 35 27 69 70 19
11 58
11 59
11 60
58 86
58 61
58 46
58 42
59 29
59 47
29 1
29 38
29 32
60 65
1 28
1 30
28 93
28 43
30 74
30 52
86 20
20 85
20 87
47 7
47 92
47 80
7 48
38 4
38 77
38 97
61 12
12 63
12 62
46 67
85 68
42 5
42 88
5 40
5 41
63 53
87 33
32 2
32 57
4 37
4 39
77 17
77 64
77 98
17 76
17 78
76 95
37 44
39 55
39 31
64 13
64 34
64 72
97 24
97 91
24 99
13 66
95 23
34 3
66 69
44 6
44 84
93 22
74 16
74 90
52 9
52 81
52 25
52 26
6 45
57 10
48 79
92 82
92 51
80 18
88 21
10 56
72 15
23 94
16 73
16 75
9 54
68 14
15 70
26 0
0 27
54 35
82 19