0 36 32 42 18 6 31 51 87 98 38 92 93 89 91 99 69 95 94 70 79 7 64 77 72 88 90 78 71 60 34 82 65 84 97 83 74 75 68 96 73 58 85 80 86 81 25 76 43 35 16 30 53 39 14 41 3 1 20 40 23 13 5 21 24 26 10 8 2 44 11 33 29 46 9 55 22 17 12 19 63 37 48 67 28 4 45 66 57 47 54 61 52 59 62 49 56 50 15
0 36
0 32
0 87
0 98
0 38
0 92
0 89
0 91
0 99
0 69
0 95
0 94
0 70
0 79
0 77
0 72
0 88
0 90
0 78
0 71
0 34
0 82
0 84
0 97
0 83
0 74
0 75
0 68
0 96
0 73
0 85
0 80
0 86
0 81
0 76
36 42
36 18
36 6
36 31
36 51
36 93
51 60
51 43
87 30
38 7
38 64
38 65
38 25
92 35
69 2
95 39
70 5
64 58
77 13
78 14
60 16
34 53
82 20
84 22
97 41
74 9
75 10
68 1
96 40
73 8
85 23
80 17
86 26
81 19
25 24
76 11
43 3
35 21
35 33
30 44
39 55
20 29
20 46
40 37
23 12
26 63
8 48
44 61
11 45
33 67
9 66
22 57
12 28
12 47
19 4
28 54
4 50
57 52
57 59
57 62
54 56
52 49
59 15