1 3 5 7 9 11 13 15 17 19 21 23 25 27 29 31 33 35 37 39 41 43 45 47 49 51 53 55 57 59 61 63 65 67 69 71 73 75 77 79 81 83 85 87 89 91 93 95 97 99 2 4 6 8 10 12 14 16 18 20 22 24 26 28 30 32 34 36 38 40 42 44 46 48 50 52 54 56 58 60 62 64 66 68 70 72 74 76 78 80 82 84 86 88 90 92 94 96 98
1 2
3 2
3 4
5 6
5 4
7 8
7 6
9 10
9 8
11 10
11 12
13 14
13 12
15 16
15 14
17 18
17 16
19 20
19 18
21 20
21 22
23 24
23 22
25 24
25 26
27 26
27 28
29 28
29 30
31 30
31 32
33 32
33 34
35 36
35 34
37 38
37 36
39 40
39 38
41 42
41 40
43 42
43 44
45 44
45 46
47 46
47 48
49 50
49 48
51 52
51 50
53 54
53 52
55 54
55 56
57 56
57 58
59 60
59 58
61 60
61 62
63 62
63 64
65 64
65 66
67 68
67 66
69 68
69 70
71 70
71 72
73 72
73 74
75 74
75 76
77 76
77 78
79 78
79 80
81 82
81 80
83 84
83 82
85 86
85 84
87 88
87 86
89 90
89 88
91 90
91 92
93 92
93 94
95 96
95 94
97 98
97 96
99 98