31 1 0 7 34 43 44 54 42 32 41 51 40 37 36 29 49 55 48 46 50 52 38 39 56 47 45 53 3 67 71 35 69 68 66 61 62 58 74 63 72 70 76 75 60 73 64 10 19 80 65 59 15 77 33 98 11 9 57 17 99 24 16 20 5 23 13 27 14 8 2
31 1
1 0
1 3
1 67
1 71
1 69
1 68
1 66
1 61
1 62
1 58
1 74
1 63
1 72
1 70
1 76
1 75
1 60
1 73
1 64
1 65
1 59
0 7
0 34
0 43
0 44
0 54
0 42
0 32
0 41
0 51
0 40
0 37
0 36
0 49
0 55
0 48
0 46
0 50
0 52
0 38
0 39
0 56
0 47
0 45
0 53
0 35
0 33
0 57
7 29
7 80
34 5
43 15
44 16
54 27
42 14
32 2
41 13
51 24
3 10
3 19
3 77
3 98
3 9
3 99
67 17
71 23
69 20
10 11
15 8